#
# There is insufficient memory for the Java Runtime Environment to continue.
# Native memory allocation (malloc) failed to allocate 1045136 bytes for Chunk::new
# Possible reasons:
#   The system is out of physical RAM or swap space
#   The process is running with CompressedOops enabled, and the Java Heap may be blocking the growth of the native heap
# Possible solutions:
#   Reduce memory load on the system
#   Increase physical memory or swap space
#   Check if swap backing store is full
#   Decrease Java heap size (-Xmx/-Xms)
#   Decrease number of Java threads
#   Decrease Java thread stack sizes (-Xss)
#   Set larger code cache with -XX:ReservedCodeCacheSize=
#   JVM is running with Unscaled Compressed Oops mode in which the Java heap is
#     placed in the first 4GB address space. The Java Heap base address is the
#     maximum limit for the native heap growth. Please use -XX:HeapBaseMinAddress
#     to set the Java Heap base and to place the Java Heap above 4GB virtual address.
# This output file may be truncated or incomplete.
#
#  Out of Memory Error (arena.cpp:189), pid=8652, tid=8232
#
# JRE version: OpenJDK Runtime Environment Temurin-17.0.8+7 (17.0.8+7) (build 17.0.8+7)
# Java VM: OpenJDK 64-Bit Server VM Temurin-17.0.8+7 (17.0.8+7, mixed mode, sharing, tiered, compressed oops, compressed class ptrs, serial gc, windows-amd64)
# No core dump will be written. Minidumps are not enabled by default on client versions of Windows
#

---------------  S U M M A R Y ------------

Command Line: -XX:MaxMetaspaceSize=256m -XX:+UseSerialGC --add-opens=java.base/java.util=ALL-UNNAMED --add-opens=java.base/java.lang=ALL-UNNAMED --add-opens=java.base/java.lang.invoke=ALL-UNNAMED --add-opens=java.prefs/java.util.prefs=ALL-UNNAMED --add-exports=jdk.compiler/com.sun.tools.javac.api=ALL-UNNAMED --add-exports=jdk.compiler/com.sun.tools.javac.util=ALL-UNNAMED --add-opens=java.base/java.nio.charset=ALL-UNNAMED --add-opens=java.base/java.net=ALL-UNNAMED --add-opens=java.base/java.util.concurrent.atomic=ALL-UNNAMED -Xms256m -Xmx512m -Dfile.encoding=UTF-8 -Duser.country=KR -Duser.language=ko -Duser.variant -javaagent:C:\Users\jkhong\.gradle\wrapper\dists\gradle-8.10.2-bin\a04bxjujx95o3nb99gddekhwo\gradle-8.10.2\lib\agents\gradle-instrumentation-agent-8.10.2.jar org.gradle.launcher.daemon.bootstrap.GradleDaemon 8.10.2

Host: 11th Gen Intel(R) Core(TM) i7-1165G7 @ 2.80GHz, 8 cores, 15G,  Windows 11 , 64 bit Build 26100 (10.0.26100.4768)
Time: Tue Sep  2 12:04:08 2025  Windows 11 , 64 bit Build 26100 (10.0.26100.4768) elapsed time: 6812.679873 seconds (0d 1h 53m 32s)

---------------  T H R E A D  ---------------

Current thread (0x000001e6568ce230):  JavaThread "C2 CompilerThread0" daemon [_thread_in_native, id=8232, stack(0x0000005dea300000,0x0000005dea400000)]


Current CompileTask:
C2:6812680 17291       4       io.spring.gradle.dependencymanagement.org.apache.maven.model.building.DefaultModelBuilder::build (1080 bytes)

Stack: [0x0000005dea300000,0x0000005dea400000]
Native frames: (J=compiled Java code, j=interpreted, Vv=VM code, C=native code)
V  [jvm.dll+0x678b0a]
V  [jvm.dll+0x835e84]
V  [jvm.dll+0x83762e]
V  [jvm.dll+0x837c93]
V  [jvm.dll+0x24746f]
V  [jvm.dll+0xac20c]
V  [jvm.dll+0xac7dc]
V  [jvm.dll+0x2ae7af]
V  [jvm.dll+0x581427]
V  [jvm.dll+0x222602]
V  [jvm.dll+0x2229df]
V  [jvm.dll+0x21ba55]
V  [jvm.dll+0x218f0b]
V  [jvm.dll+0x1a534d]
V  [jvm.dll+0x228d8a]
V  [jvm.dll+0x226dcc]
V  [jvm.dll+0x7ec09b]
V  [jvm.dll+0x7e64ca]
V  [jvm.dll+0x677955]
C  [ucrtbase.dll+0x37b0]
C  [KERNEL32.DLL+0x2e8d7]
C  [ntdll.dll+0x3c34c]


---------------  P R O C E S S  ---------------

Threads class SMR info:
_java_thread_list=0x000001e605367de0, length=96, elements={
0x000001e6568402e0, 0x000001e6568b47a0, 0x000001e6568b8e00, 0x000001e66eda0940,
0x000001e66eda4630, 0x000001e66eda7c80, 0x000001e66edab1d0, 0x000001e6568ce230,
0x000001e6568cfe50, 0x000001e6568dad60, 0x000001e6568a1be0, 0x000001e67d0e9390,
0x000001e67ed3bf50, 0x000001e67eaf2bd0, 0x000001e67eaf21b0, 0x000001e67eaf1ca0,
0x000001e67efa0eb0, 0x000001e67ef9fa70, 0x000001e67efa09a0, 0x000001e67efa13c0,
0x000001e67efa0490, 0x000001e67efa18d0, 0x000001e67efa1de0, 0x000001e67efa2d10,
0x000001e67efa5fb0, 0x000001e67efa3220, 0x000001e67efa4b70, 0x000001e67efa5aa0,
0x000001e67efa2800, 0x000001e606a7eee0, 0x000001e67f521170, 0x000001e67f520750,
0x000001e6080fd6d0, 0x000001e67f51e8f0, 0x000001e6080fc7a0, 0x000001e6080fd1c0,
0x000001e6080feb10, 0x000001e6080fe600, 0x000001e6080fb870, 0x000001e6080fb360,
0x000001e6080fbd80, 0x000001e6080fccb0, 0x000001e6080ff020, 0x000001e6080fc290,
0x000001e6080ffa40, 0x000001e608100e80, 0x000001e6081027d0, 0x000001e6081022c0,
0x000001e6081018a0, 0x000001e6080ff530, 0x000001e608100460, 0x000001e608102ce0,
0x000001e6080fff50, 0x000001e608101db0, 0x000001e608100970, 0x000001e608101390,
0x000001e604602260, 0x000001e6045fefc0, 0x000001e6045ff4d0, 0x000001e604601330,
0x000001e6045ffef0, 0x000001e604601840, 0x000001e604601d50, 0x000001e6045feab0,
0x000001e604602770, 0x000001e604602c80, 0x000001e6045ff9e0, 0x000001e6046036a0,
0x000001e604603190, 0x000001e604603bb0, 0x000001e6046040c0, 0x000001e604600910,
0x000001e6046045d0, 0x000001e604604ff0, 0x000001e604604ae0, 0x000001e604606430,
0x000001e604605500, 0x000001e604605a10, 0x000001e604605f20, 0x000001e604c23a70,
0x000001e604c253c0, 0x000001e604c258d0, 0x000001e604c23f80, 0x000001e604c23050,
0x000001e604c262f0, 0x000001e604c26800, 0x000001e604c24490, 0x000001e604c26d10,
0x000001e604c23560, 0x000001e604c27730, 0x000001e604c27c40, 0x000001e604c28150,
0x000001e604c27220, 0x000001e604c249a0, 0x000001e604c25de0, 0x000001e604c28660
}

Java Threads: ( => current thread )
  0x000001e6568402e0 JavaThread "main" [_thread_blocked, id=3200, stack(0x0000005de9b00000,0x0000005de9c00000)]
  0x000001e6568b47a0 JavaThread "Reference Handler" daemon [_thread_blocked, id=28760, stack(0x0000005de9d00000,0x0000005de9e00000)]
  0x000001e6568b8e00 JavaThread "Finalizer" daemon [_thread_blocked, id=5664, stack(0x0000005de9e00000,0x0000005de9f00000)]
  0x000001e66eda0940 JavaThread "Signal Dispatcher" daemon [_thread_blocked, id=8136, stack(0x0000005de9f00000,0x0000005dea000000)]
  0x000001e66eda4630 JavaThread "Attach Listener" daemon [_thread_blocked, id=15212, stack(0x0000005dea000000,0x0000005dea100000)]
  0x000001e66eda7c80 JavaThread "Service Thread" daemon [_thread_blocked, id=19496, stack(0x0000005dea100000,0x0000005dea200000)]
  0x000001e66edab1d0 JavaThread "Monitor Deflation Thread" daemon [_thread_blocked, id=13560, stack(0x0000005dea200000,0x0000005dea300000)]
=>0x000001e6568ce230 JavaThread "C2 CompilerThread0" daemon [_thread_in_native, id=8232, stack(0x0000005dea300000,0x0000005dea400000)]
  0x000001e6568cfe50 JavaThread "C1 CompilerThread0" daemon [_thread_blocked, id=10524, stack(0x0000005dea400000,0x0000005dea500000)]
  0x000001e6568dad60 JavaThread "Sweeper thread" daemon [_thread_blocked, id=5520, stack(0x0000005dea500000,0x0000005dea600000)]
  0x000001e6568a1be0 JavaThread "Common-Cleaner" daemon [_thread_blocked, id=28920, stack(0x0000005dea600000,0x0000005dea700000)]
  0x000001e67d0e9390 JavaThread "Notification Thread" daemon [_thread_blocked, id=11660, stack(0x0000005dea700000,0x0000005dea800000)]
  0x000001e67ed3bf50 JavaThread "Daemon health stats" [_thread_blocked, id=8804, stack(0x0000005deab00000,0x0000005deac00000)]
  0x000001e67eaf2bd0 JavaThread "Incoming local TCP Connector on port 4967" [_thread_in_native, id=12436, stack(0x0000005dea900000,0x0000005deaa00000)]
  0x000001e67eaf21b0 JavaThread "Daemon periodic checks" [_thread_blocked, id=29764, stack(0x0000005deaa00000,0x0000005deab00000)]
  0x000001e67eaf1ca0 JavaThread "Cache worker for journal cache (C:\Users\jkhong\.gradle\caches\journal-1)" [_thread_blocked, id=25528, stack(0x0000005deb300000,0x0000005deb400000)]
  0x000001e67efa0eb0 JavaThread "File lock request listener" [_thread_in_native, id=35228, stack(0x0000005deb400000,0x0000005deb500000)]
  0x000001e67ef9fa70 JavaThread "Cache worker for file hash cache (C:\Users\jkhong\.gradle\caches\8.10.2\fileHashes)" [_thread_blocked, id=20772, stack(0x0000005deb500000,0x0000005deb600000)]
  0x000001e67efa09a0 JavaThread "File watcher server" daemon [_thread_in_native, id=5580, stack(0x0000005deba00000,0x0000005debb00000)]
  0x000001e67efa13c0 JavaThread "File watcher consumer" daemon [_thread_blocked, id=6188, stack(0x0000005debb00000,0x0000005debc00000)]
  0x000001e67efa0490 JavaThread "jar transforms" [_thread_blocked, id=4452, stack(0x0000005debc00000,0x0000005debd00000)]
  0x000001e67efa18d0 JavaThread "jar transforms Thread 2" [_thread_blocked, id=31664, stack(0x0000005debd00000,0x0000005debe00000)]
  0x000001e67efa1de0 JavaThread "jar transforms Thread 3" [_thread_blocked, id=29400, stack(0x0000005debe00000,0x0000005debf00000)]
  0x000001e67efa2d10 JavaThread "Cache worker for file content cache (C:\Users\jkhong\.gradle\caches\8.10.2\fileContent)" [_thread_blocked, id=4372, stack(0x0000005dec000000,0x0000005dec100000)]
  0x000001e67efa5fb0 JavaThread "jar transforms Thread 4" [_thread_blocked, id=19184, stack(0x0000005dec300000,0x0000005dec400000)]
  0x000001e67efa3220 JavaThread "jar transforms Thread 5" [_thread_blocked, id=34936, stack(0x0000005dec400000,0x0000005dec500000)]
  0x000001e67efa4b70 JavaThread "jar transforms Thread 6" [_thread_blocked, id=28892, stack(0x0000005dec500000,0x0000005dec600000)]
  0x000001e67efa5aa0 JavaThread "jar transforms Thread 7" [_thread_blocked, id=33764, stack(0x0000005dec600000,0x0000005dec700000)]
  0x000001e67efa2800 JavaThread "jar transforms Thread 8" [_thread_blocked, id=9120, stack(0x0000005dec700000,0x0000005dec800000)]
  0x000001e606a7eee0 JavaThread "Memory manager" [_thread_blocked, id=21368, stack(0x0000005dedd00000,0x0000005dede00000)]
  0x000001e67f521170 JavaThread "Daemon Thread 2" [_thread_blocked, id=34132, stack(0x0000005de9800000,0x0000005de9900000)]
  0x000001e67f520750 JavaThread "Daemon worker Thread 2" [_thread_in_native, id=12080, stack(0x0000005deac00000,0x0000005dead00000)]
  0x000001e6080fd6d0 JavaThread "VFS cleanup Thread 2" [_thread_blocked, id=32436, stack(0x0000005dead00000,0x0000005deae00000)]
  0x000001e67f51e8f0 JavaThread "included builds" [_thread_blocked, id=29832, stack(0x0000005df1600000,0x0000005df1700000)]
  0x000001e6080fc7a0 JavaThread "Handler for socket connection from /127.0.0.1:4967 to /127.0.0.1:8512" [_thread_in_native, id=28248, stack(0x0000005de9900000,0x0000005de9a00000)]
  0x000001e6080fd1c0 JavaThread "Cancel handler" [_thread_blocked, id=2196, stack(0x0000005de9a00000,0x0000005de9b00000)]
  0x000001e6080feb10 JavaThread "Asynchronous log dispatcher for DefaultDaemonConnection: socket connection from /127.0.0.1:4967 to /127.0.0.1:8512" [_thread_blocked, id=1692, stack(0x0000005deae00000,0x0000005deaf00000)]
  0x000001e6080fe600 JavaThread "Stdin handler" [_thread_blocked, id=35056, stack(0x0000005deaf00000,0x0000005deb000000)]
  0x000001e6080fb870 JavaThread "Daemon client event forwarder" [_thread_blocked, id=3876, stack(0x0000005deb000000,0x0000005deb100000)]
  0x000001e6080fb360 JavaThread "Cache worker for file hash cache (D:\ws2\BP_Sample14\.gradle\8.10.2\fileHashes)" [_thread_blocked, id=23476, stack(0x0000005deb100000,0x0000005deb200000)]
  0x000001e6080fbd80 JavaThread "Cache worker for Build Output Cleanup Cache (D:\ws2\BP_Sample14\.gradle\buildOutputCleanup)" [_thread_blocked, id=35796, stack(0x0000005deb200000,0x0000005deb300000)]
  0x000001e6080fccb0 JavaThread "Cache worker for checksums cache (D:\ws2\BP_Sample14\.gradle\8.10.2\checksums)" [_thread_blocked, id=29568, stack(0x0000005deb600000,0x0000005deb700000)]
  0x000001e6080ff020 JavaThread "Cache worker for cache directory md-rule (C:\Users\jkhong\.gradle\caches\8.10.2\md-rule)" [_thread_blocked, id=31792, stack(0x0000005deb700000,0x0000005deb800000)]
  0x000001e6080fc290 JavaThread "Cache worker for cache directory md-supplier (C:\Users\jkhong\.gradle\caches\8.10.2\md-supplier)" [_thread_blocked, id=14052, stack(0x0000005deb800000,0x0000005deb900000)]
  0x000001e6080ffa40 JavaThread "Unconstrained build operations" [_thread_blocked, id=9516, stack(0x0000005deb900000,0x0000005deba00000)]
  0x000001e608100e80 JavaThread "Unconstrained build operations Thread 2" [_thread_blocked, id=35108, stack(0x0000005debf00000,0x0000005dec000000)]
  0x000001e6081027d0 JavaThread "Unconstrained build operations Thread 3" [_thread_blocked, id=32400, stack(0x0000005dec100000,0x0000005dec200000)]
  0x000001e6081022c0 JavaThread "Unconstrained build operations Thread 4" [_thread_blocked, id=32492, stack(0x0000005dec200000,0x0000005dec300000)]
  0x000001e6081018a0 JavaThread "Unconstrained build operations Thread 5" [_thread_blocked, id=28060, stack(0x0000005dec800000,0x0000005dec900000)]
  0x000001e6080ff530 JavaThread "Unconstrained build operations Thread 6" [_thread_blocked, id=6792, stack(0x0000005dec900000,0x0000005deca00000)]
  0x000001e608100460 JavaThread "Unconstrained build operations Thread 7" [_thread_blocked, id=28880, stack(0x0000005deca00000,0x0000005decb00000)]
  0x000001e608102ce0 JavaThread "Unconstrained build operations Thread 8" [_thread_blocked, id=30200, stack(0x0000005decb00000,0x0000005decc00000)]
  0x000001e6080fff50 JavaThread "Unconstrained build operations Thread 9" [_thread_blocked, id=22032, stack(0x0000005decc00000,0x0000005decd00000)]
  0x000001e608101db0 JavaThread "Unconstrained build operations Thread 10" [_thread_blocked, id=9464, stack(0x0000005decd00000,0x0000005dece00000)]
  0x000001e608100970 JavaThread "Unconstrained build operations Thread 11" [_thread_blocked, id=13552, stack(0x0000005dece00000,0x0000005decf00000)]
  0x000001e608101390 JavaThread "Unconstrained build operations Thread 12" [_thread_blocked, id=31672, stack(0x0000005decf00000,0x0000005ded000000)]
  0x000001e604602260 JavaThread "Unconstrained build operations Thread 13" [_thread_blocked, id=31808, stack(0x0000005ded000000,0x0000005ded100000)]
  0x000001e6045fefc0 JavaThread "Unconstrained build operations Thread 14" [_thread_blocked, id=34604, stack(0x0000005ded100000,0x0000005ded200000)]
  0x000001e6045ff4d0 JavaThread "Unconstrained build operations Thread 15" [_thread_blocked, id=30992, stack(0x0000005ded200000,0x0000005ded300000)]
  0x000001e604601330 JavaThread "Unconstrained build operations Thread 16" [_thread_blocked, id=10548, stack(0x0000005ded300000,0x0000005ded400000)]
  0x000001e6045ffef0 JavaThread "Unconstrained build operations Thread 17" [_thread_blocked, id=34280, stack(0x0000005ded400000,0x0000005ded500000)]
  0x000001e604601840 JavaThread "Unconstrained build operations Thread 18" [_thread_blocked, id=29896, stack(0x0000005ded500000,0x0000005ded600000)]
  0x000001e604601d50 JavaThread "Unconstrained build operations Thread 19" [_thread_blocked, id=25296, stack(0x0000005ded600000,0x0000005ded700000)]
  0x000001e6045feab0 JavaThread "Unconstrained build operations Thread 20" [_thread_blocked, id=11320, stack(0x0000005ded700000,0x0000005ded800000)]
  0x000001e604602770 JavaThread "Unconstrained build operations Thread 21" [_thread_blocked, id=35728, stack(0x0000005ded800000,0x0000005ded900000)]
  0x000001e604602c80 JavaThread "Unconstrained build operations Thread 22" [_thread_blocked, id=21064, stack(0x0000005ded900000,0x0000005deda00000)]
  0x000001e6045ff9e0 JavaThread "Unconstrained build operations Thread 23" [_thread_blocked, id=23540, stack(0x0000005deda00000,0x0000005dedb00000)]
  0x000001e6046036a0 JavaThread "Unconstrained build operations Thread 24" [_thread_blocked, id=14060, stack(0x0000005dedb00000,0x0000005dedc00000)]
  0x000001e604603190 JavaThread "Unconstrained build operations Thread 25" [_thread_blocked, id=33292, stack(0x0000005dedc00000,0x0000005dedd00000)]
  0x000001e604603bb0 JavaThread "Unconstrained build operations Thread 26" [_thread_blocked, id=30124, stack(0x0000005dede00000,0x0000005dedf00000)]
  0x000001e6046040c0 JavaThread "Unconstrained build operations Thread 27" [_thread_blocked, id=33852, stack(0x0000005dedf00000,0x0000005dee000000)]
  0x000001e604600910 JavaThread "Unconstrained build operations Thread 28" [_thread_blocked, id=32840, stack(0x0000005dee000000,0x0000005dee100000)]
  0x000001e6046045d0 JavaThread "Unconstrained build operations Thread 29" [_thread_blocked, id=33224, stack(0x0000005dee100000,0x0000005dee200000)]
  0x000001e604604ff0 JavaThread "Unconstrained build operations Thread 30" [_thread_blocked, id=34836, stack(0x0000005dee200000,0x0000005dee300000)]
  0x000001e604604ae0 JavaThread "Unconstrained build operations Thread 31" [_thread_blocked, id=13896, stack(0x0000005dee300000,0x0000005dee400000)]
  0x000001e604606430 JavaThread "Unconstrained build operations Thread 32" [_thread_blocked, id=33272, stack(0x0000005dee400000,0x0000005dee500000)]
  0x000001e604605500 JavaThread "Unconstrained build operations Thread 33" [_thread_blocked, id=7220, stack(0x0000005dee500000,0x0000005dee600000)]
  0x000001e604605a10 JavaThread "Unconstrained build operations Thread 34" [_thread_blocked, id=34380, stack(0x0000005dee600000,0x0000005dee700000)]
  0x000001e604605f20 JavaThread "Unconstrained build operations Thread 35" [_thread_blocked, id=11384, stack(0x0000005dee700000,0x0000005dee800000)]
  0x000001e604c23a70 JavaThread "Unconstrained build operations Thread 36" [_thread_blocked, id=30588, stack(0x0000005dee800000,0x0000005dee900000)]
  0x000001e604c253c0 JavaThread "Unconstrained build operations Thread 37" [_thread_blocked, id=13920, stack(0x0000005dee900000,0x0000005deea00000)]
  0x000001e604c258d0 JavaThread "Unconstrained build operations Thread 38" [_thread_blocked, id=16308, stack(0x0000005deea00000,0x0000005deeb00000)]
  0x000001e604c23f80 JavaThread "Unconstrained build operations Thread 39" [_thread_blocked, id=19360, stack(0x0000005deeb00000,0x0000005deec00000)]
  0x000001e604c23050 JavaThread "Unconstrained build operations Thread 40" [_thread_blocked, id=31356, stack(0x0000005deec00000,0x0000005deed00000)]
  0x000001e604c262f0 JavaThread "Unconstrained build operations Thread 41" [_thread_blocked, id=32804, stack(0x0000005deed00000,0x0000005deee00000)]
  0x000001e604c26800 JavaThread "Unconstrained build operations Thread 42" [_thread_blocked, id=20160, stack(0x0000005deee00000,0x0000005deef00000)]
  0x000001e604c24490 JavaThread "Unconstrained build operations Thread 43" [_thread_blocked, id=32512, stack(0x0000005deef00000,0x0000005def000000)]
  0x000001e604c26d10 JavaThread "Unconstrained build operations Thread 44" [_thread_blocked, id=31736, stack(0x0000005def000000,0x0000005def100000)]
  0x000001e604c23560 JavaThread "Unconstrained build operations Thread 45" [_thread_blocked, id=35204, stack(0x0000005def100000,0x0000005def200000)]
  0x000001e604c27730 JavaThread "Unconstrained build operations Thread 46" [_thread_blocked, id=21892, stack(0x0000005def200000,0x0000005def300000)]
  0x000001e604c27c40 JavaThread "Unconstrained build operations Thread 47" [_thread_blocked, id=22556, stack(0x0000005def300000,0x0000005def400000)]
  0x000001e604c28150 JavaThread "Unconstrained build operations Thread 48" [_thread_blocked, id=13056, stack(0x0000005def400000,0x0000005def500000)]
  0x000001e604c27220 JavaThread "Unconstrained build operations Thread 49" [_thread_blocked, id=23460, stack(0x0000005def500000,0x0000005def600000)]
  0x000001e604c249a0 JavaThread "Unconstrained build operations Thread 50" [_thread_blocked, id=30164, stack(0x0000005def600000,0x0000005def700000)]
  0x000001e604c25de0 JavaThread "Unconstrained build operations Thread 51" [_thread_blocked, id=30252, stack(0x0000005def700000,0x0000005def800000)]
  0x000001e604c28660 JavaThread "Unconstrained build operations Thread 52" [_thread_blocked, id=30472, stack(0x0000005def800000,0x0000005def900000)]

Other Threads:
  0x000001e6568b0a40 VMThread "VM Thread" [stack: 0x0000005de9c00000,0x0000005de9d00000] [id=12320]
  0x000001e67d0e9870 WatcherThread [stack: 0x0000005dea800000,0x0000005dea900000] [id=28236]

Threads with active compile tasks:
C2 CompilerThread0  6814739 17291       4       io.spring.gradle.dependencymanagement.org.apache.maven.model.building.DefaultModelBuilder::build (1080 bytes)

VM state: not at safepoint (normal execution)

VM Mutex/Monitor currently owned by a thread: None

Heap address: 0x00000000e0000000, size: 512 MB, Compressed Oops mode: 32-bit

CDS archive(s) mapped at: [0x000001e66f000000-0x000001e66fbd0000-0x000001e66fbd0000), size 12386304, SharedBaseAddress: 0x000001e66f000000, ArchiveRelocationMode: 1.
Compressed class space mapped at: 0x000001e670000000-0x000001e67d000000, reserved size: 218103808
Narrow klass base: 0x000001e66f000000, Narrow klass shift: 0, Narrow klass range: 0x100000000

GC Precious Log:
 CPUs: 8 total, 8 available
 Memory: 16103M
 Large Page Support: Disabled
 NUMA Support: Disabled
 Compressed Oops: Enabled (32-bit)
 Heap Min Capacity: 256M
 Heap Initial Capacity: 256M
 Heap Max Capacity: 512M
 Pre-touch: Disabled

Heap:
 def new generation   total 79232K, used 31690K [0x00000000e0000000, 0x00000000e55f0000, 0x00000000eaaa0000)
  eden space 70464K,  42% used [0x00000000e0000000, 0x00000000e1d4d108, 0x00000000e44d0000)
  from space 8768K,  19% used [0x00000000e4d60000, 0x00000000e4f05780, 0x00000000e55f0000)
  to   space 8768K,   0% used [0x00000000e44d0000, 0x00000000e44d0000, 0x00000000e4d60000)
 tenured generation   total 174784K, used 113712K [0x00000000eaaa0000, 0x00000000f5550000, 0x0000000100000000)
   the space 174784K,  65% used [0x00000000eaaa0000, 0x00000000f19ac100, 0x00000000f19ac200, 0x00000000f5550000)
 Metaspace       used 72370K, committed 73344K, reserved 278528K
  class space    used 9828K, committed 10304K, reserved 212992K

Card table byte_map: [0x000001e66ead0000,0x000001e66ebe0000] _byte_map_base: 0x000001e66e3d0000

Polling page: 0x000001e6568e0000

Metaspace:

Usage:
  Non-class:     61.08 MB used.
      Class:      9.60 MB used.
       Both:     70.67 MB used.

Virtual space:
  Non-class space:       64.00 MB reserved,      61.56 MB ( 96%) committed,  1 nodes.
      Class space:      208.00 MB reserved,      10.06 MB (  5%) committed,  1 nodes.
             Both:      272.00 MB reserved,      71.62 MB ( 26%) committed. 

Chunk freelists:
   Non-Class:  2.29 MB
       Class:  5.87 MB
        Both:  8.16 MB

MaxMetaspaceSize: 256.00 MB
CompressedClassSpaceSize: 208.00 MB
Initial GC threshold: 21.00 MB
Current GC threshold: 118.25 MB
CDS: on
MetaspaceReclaimPolicy: balanced
 - commit_granule_bytes: 65536.
 - commit_granule_words: 8192.
 - virtual_space_node_default_size: 8388608.
 - enlarge_chunks_in_place: 1.
 - new_chunks_are_fully_committed: 0.
 - uncommit_free_chunks: 1.
 - use_allocation_guard: 0.
 - handle_deallocations: 1.


Internal statistics:

num_allocs_failed_limit: 9.
num_arena_births: 1560.
num_arena_deaths: 178.
num_vsnodes_births: 2.
num_vsnodes_deaths: 0.
num_space_committed: 1146.
num_space_uncommitted: 0.
num_chunks_returned_to_freelist: 230.
num_chunks_taken_from_freelist: 5048.
num_chunk_merges: 89.
num_chunk_splits: 2985.
num_chunks_enlarged: 1638.
num_inconsistent_stats: 0.

CodeHeap 'non-profiled nmethods': size=120000Kb used=14512Kb max_used=14512Kb free=105487Kb
 bounds [0x000001e6673b0000, 0x000001e6681e0000, 0x000001e66e8e0000]
CodeHeap 'profiled nmethods': size=120000Kb used=26110Kb max_used=26110Kb free=93889Kb
 bounds [0x000001e65f8e0000, 0x000001e661270000, 0x000001e666e10000]
CodeHeap 'non-nmethods': size=5760Kb used=2368Kb max_used=2439Kb free=3391Kb
 bounds [0x000001e666e10000, 0x000001e667080000, 0x000001e6673b0000]
 total_blobs=15226 nmethods=14344 adapters=794
 compilation: enabled
              stopped_count=0, restarted_count=0
 full_count=0

Compilation events (20 events):
Event: 6810.955 Thread 0x000001e6568ce230 nmethod 17281 0x000001e6681d8a90 code [0x000001e6681d8da0, 0x000001e6681da2f8]
Event: 6810.988 Thread 0x000001e6568cfe50 17282   !   3       java.io.ObjectStreamClass::invokeWriteReplace (73 bytes)
Event: 6810.989 Thread 0x000001e6568cfe50 nmethod 17282 0x000001e66125cc90 code [0x000001e66125cf20, 0x000001e66125db98]
Event: 6810.989 Thread 0x000001e6568cfe50 17283       3       java.io.ObjectOutputStream$ReplaceTable::assign (33 bytes)
Event: 6810.989 Thread 0x000001e6568cfe50 nmethod 17283 0x000001e66125e010 code [0x000001e66125e1e0, 0x000001e66125e598]
Event: 6810.991 Thread 0x000001e6568cfe50 17284       1       org.gradle.tooling.provider.model.internal.DefaultToolingModelBuilderRegistry$RegistrationImpl::getBuilder (5 bytes)
Event: 6810.991 Thread 0x000001e6568cfe50 nmethod 17284 0x000001e6681db510 code [0x000001e6681db6a0, 0x000001e6681db778]
Event: 6811.103 Thread 0x000001e6568cfe50 17285       3       org.gradle.api.internal.DefaultPolymorphicDomainObjectContainer::registerBinding (15 bytes)
Event: 6811.103 Thread 0x000001e6568cfe50 nmethod 17285 0x000001e66125e710 code [0x000001e66125e8e0, 0x000001e66125ecd8]
Event: 6811.103 Thread 0x000001e6568cfe50 17286       3       org.gradle.api.internal.DefaultPolymorphicDomainObjectContainer$2::<init> (28 bytes)
Event: 6811.103 Thread 0x000001e6568cfe50 nmethod 17286 0x000001e66125ee90 code [0x000001e66125f040, 0x000001e66125f228]
Event: 6811.103 Thread 0x000001e6568cfe50 17287       3       org.gradle.api.internal.artifacts.dsl.DefaultRepositoryHandler_Decorated::getMutationGuard (40 bytes)
Event: 6811.104 Thread 0x000001e6568cfe50 nmethod 17287 0x000001e66125f310 code [0x000001e66125f520, 0x000001e66125fb18]
Event: 6811.109 Thread 0x000001e6568cfe50 17288       3       org.gradle.api.internal.file.collections.DefaultConfigurableFileCollection$UnresolvedItemsCollector::<init> (41 bytes)
Event: 6811.109 Thread 0x000001e6568cfe50 nmethod 17288 0x000001e66125fd10 code [0x000001e66125ff00, 0x000001e661260238]
Event: 6811.111 Thread 0x000001e6568cfe50 17289       3       org.gradle.api.internal.file.AbstractOpaqueFileCollection::getFiles (5 bytes)
Event: 6811.111 Thread 0x000001e6568cfe50 nmethod 17289 0x000001e661260390 code [0x000001e661260540, 0x000001e661260708]
Event: 6811.116 Thread 0x000001e6568ce230 17290       4       org.gradle.api.internal.artifacts.ivyservice.modulecache.StringDeduplicatingDecoder::readByte (10 bytes)
Event: 6811.123 Thread 0x000001e6568ce230 nmethod 17290 0x000001e6681db810 code [0x000001e6681db9e0, 0x000001e6681dbec8]
Event: 6811.455 Thread 0x000001e6568ce230 17291       4       io.spring.gradle.dependencymanagement.org.apache.maven.model.building.DefaultModelBuilder::build (1080 bytes)

GC Heap History (20 events):
Event: 6759.899 GC heap before
{Heap before GC invocations=47 (full 4):
 def new generation   total 79232K, used 77097K [0x00000000e0000000, 0x00000000e55f0000, 0x00000000eaaa0000)
  eden space 70464K, 100% used [0x00000000e0000000, 0x00000000e44d0000, 0x00000000e44d0000)
  from space 8768K,  75% used [0x00000000e4d60000, 0x00000000e53da468, 0x00000000e55f0000)
  to   space 8768K,   0% used [0x00000000e44d0000, 0x00000000e44d0000, 0x00000000e4d60000)
 tenured generation   total 174784K, used 69027K [0x00000000eaaa0000, 0x00000000f5550000, 0x0000000100000000)
   the space 174784K,  39% used [0x00000000eaaa0000, 0x00000000eee08e30, 0x00000000eee09000, 0x00000000f5550000)
 Metaspace       used 71568K, committed 72704K, reserved 278528K
  class space    used 9716K, committed 10240K, reserved 212992K
}
Event: 6759.924 GC heap after
{Heap after GC invocations=48 (full 4):
 def new generation   total 79232K, used 4695K [0x00000000e0000000, 0x00000000e55f0000, 0x00000000eaaa0000)
  eden space 70464K,   0% used [0x00000000e0000000, 0x00000000e0000000, 0x00000000e44d0000)
  from space 8768K,  53% used [0x00000000e44d0000, 0x00000000e4965f40, 0x00000000e4d60000)
  to   space 8768K,   0% used [0x00000000e4d60000, 0x00000000e4d60000, 0x00000000e55f0000)
 tenured generation   total 174784K, used 75502K [0x00000000eaaa0000, 0x00000000f5550000, 0x0000000100000000)
   the space 174784K,  43% used [0x00000000eaaa0000, 0x00000000ef45bb40, 0x00000000ef45bc00, 0x00000000f5550000)
 Metaspace       used 71568K, committed 72704K, reserved 278528K
  class space    used 9716K, committed 10240K, reserved 212992K
}
Event: 6761.549 GC heap before
{Heap before GC invocations=48 (full 4):
 def new generation   total 79232K, used 75159K [0x00000000e0000000, 0x00000000e55f0000, 0x00000000eaaa0000)
  eden space 70464K, 100% used [0x00000000e0000000, 0x00000000e44d0000, 0x00000000e44d0000)
  from space 8768K,  53% used [0x00000000e44d0000, 0x00000000e4965f40, 0x00000000e4d60000)
  to   space 8768K,   0% used [0x00000000e4d60000, 0x00000000e4d60000, 0x00000000e55f0000)
 tenured generation   total 174784K, used 75502K [0x00000000eaaa0000, 0x00000000f5550000, 0x0000000100000000)
   the space 174784K,  43% used [0x00000000eaaa0000, 0x00000000ef45bb40, 0x00000000ef45bc00, 0x00000000f5550000)
 Metaspace       used 71650K, committed 72704K, reserved 278528K
  class space    used 9717K, committed 10240K, reserved 212992K
}
Event: 6761.580 GC heap after
{Heap after GC invocations=49 (full 4):
 def new generation   total 79232K, used 5414K [0x00000000e0000000, 0x00000000e55f0000, 0x00000000eaaa0000)
  eden space 70464K,   0% used [0x00000000e0000000, 0x00000000e0000000, 0x00000000e44d0000)
  from space 8768K,  61% used [0x00000000e4d60000, 0x00000000e52a98c0, 0x00000000e55f0000)
  to   space 8768K,   0% used [0x00000000e44d0000, 0x00000000e44d0000, 0x00000000e4d60000)
 tenured generation   total 174784K, used 79696K [0x00000000eaaa0000, 0x00000000f5550000, 0x0000000100000000)
   the space 174784K,  45% used [0x00000000eaaa0000, 0x00000000ef874340, 0x00000000ef874400, 0x00000000f5550000)
 Metaspace       used 71650K, committed 72704K, reserved 278528K
  class space    used 9717K, committed 10240K, reserved 212992K
}
Event: 6762.471 GC heap before
{Heap before GC invocations=49 (full 4):
 def new generation   total 79232K, used 75878K [0x00000000e0000000, 0x00000000e55f0000, 0x00000000eaaa0000)
  eden space 70464K, 100% used [0x00000000e0000000, 0x00000000e44d0000, 0x00000000e44d0000)
  from space 8768K,  61% used [0x00000000e4d60000, 0x00000000e52a98c0, 0x00000000e55f0000)
  to   space 8768K,   0% used [0x00000000e44d0000, 0x00000000e44d0000, 0x00000000e4d60000)
 tenured generation   total 174784K, used 79696K [0x00000000eaaa0000, 0x00000000f5550000, 0x0000000100000000)
   the space 174784K,  45% used [0x00000000eaaa0000, 0x00000000ef874340, 0x00000000ef874400, 0x00000000f5550000)
 Metaspace       used 71652K, committed 72704K, reserved 278528K
  class space    used 9717K, committed 10240K, reserved 212992K
}
Event: 6762.504 GC heap after
{Heap after GC invocations=50 (full 4):
 def new generation   total 79232K, used 8067K [0x00000000e0000000, 0x00000000e55f0000, 0x00000000eaaa0000)
  eden space 70464K,   0% used [0x00000000e0000000, 0x00000000e0000000, 0x00000000e44d0000)
  from space 8768K,  92% used [0x00000000e44d0000, 0x00000000e4cb0ce0, 0x00000000e4d60000)
  to   space 8768K,   0% used [0x00000000e4d60000, 0x00000000e4d60000, 0x00000000e55f0000)
 tenured generation   total 174784K, used 83888K [0x00000000eaaa0000, 0x00000000f5550000, 0x0000000100000000)
   the space 174784K,  47% used [0x00000000eaaa0000, 0x00000000efc8c1f0, 0x00000000efc8c200, 0x00000000f5550000)
 Metaspace       used 71652K, committed 72704K, reserved 278528K
  class space    used 9717K, committed 10240K, reserved 212992K
}
Event: 6763.524 GC heap before
{Heap before GC invocations=50 (full 4):
 def new generation   total 79232K, used 78531K [0x00000000e0000000, 0x00000000e55f0000, 0x00000000eaaa0000)
  eden space 70464K, 100% used [0x00000000e0000000, 0x00000000e44d0000, 0x00000000e44d0000)
  from space 8768K,  92% used [0x00000000e44d0000, 0x00000000e4cb0ce0, 0x00000000e4d60000)
  to   space 8768K,   0% used [0x00000000e4d60000, 0x00000000e4d60000, 0x00000000e55f0000)
 tenured generation   total 174784K, used 83888K [0x00000000eaaa0000, 0x00000000f5550000, 0x0000000100000000)
   the space 174784K,  47% used [0x00000000eaaa0000, 0x00000000efc8c1f0, 0x00000000efc8c200, 0x00000000f5550000)
 Metaspace       used 71652K, committed 72704K, reserved 278528K
  class space    used 9717K, committed 10240K, reserved 212992K
}
Event: 6763.564 GC heap after
{Heap after GC invocations=51 (full 4):
 def new generation   total 79232K, used 6025K [0x00000000e0000000, 0x00000000e55f0000, 0x00000000eaaa0000)
  eden space 70464K,   0% used [0x00000000e0000000, 0x00000000e0000000, 0x00000000e44d0000)
  from space 8768K,  68% used [0x00000000e4d60000, 0x00000000e53426a0, 0x00000000e55f0000)
  to   space 8768K,   0% used [0x00000000e44d0000, 0x00000000e44d0000, 0x00000000e4d60000)
 tenured generation   total 174784K, used 91165K [0x00000000eaaa0000, 0x00000000f5550000, 0x0000000100000000)
   the space 174784K,  52% used [0x00000000eaaa0000, 0x00000000f03a7770, 0x00000000f03a7800, 0x00000000f5550000)
 Metaspace       used 71652K, committed 72704K, reserved 278528K
  class space    used 9717K, committed 10240K, reserved 212992K
}
Event: 6801.590 GC heap before
{Heap before GC invocations=51 (full 4):
 def new generation   total 79232K, used 76489K [0x00000000e0000000, 0x00000000e55f0000, 0x00000000eaaa0000)
  eden space 70464K, 100% used [0x00000000e0000000, 0x00000000e44d0000, 0x00000000e44d0000)
  from space 8768K,  68% used [0x00000000e4d60000, 0x00000000e53426a0, 0x00000000e55f0000)
  to   space 8768K,   0% used [0x00000000e44d0000, 0x00000000e44d0000, 0x00000000e4d60000)
 tenured generation   total 174784K, used 91165K [0x00000000eaaa0000, 0x00000000f5550000, 0x0000000100000000)
   the space 174784K,  52% used [0x00000000eaaa0000, 0x00000000f03a7770, 0x00000000f03a7800, 0x00000000f5550000)
 Metaspace       used 71671K, committed 72704K, reserved 278528K
  class space    used 9717K, committed 10240K, reserved 212992K
}
Event: 6801.623 GC heap after
{Heap after GC invocations=52 (full 4):
 def new generation   total 79232K, used 4399K [0x00000000e0000000, 0x00000000e55f0000, 0x00000000eaaa0000)
  eden space 70464K,   0% used [0x00000000e0000000, 0x00000000e0000000, 0x00000000e44d0000)
  from space 8768K,  50% used [0x00000000e44d0000, 0x00000000e491bc88, 0x00000000e4d60000)
  to   space 8768K,   0% used [0x00000000e4d60000, 0x00000000e4d60000, 0x00000000e55f0000)
 tenured generation   total 174784K, used 96399K [0x00000000eaaa0000, 0x00000000f5550000, 0x0000000100000000)
   the space 174784K,  55% used [0x00000000eaaa0000, 0x00000000f08c3f08, 0x00000000f08c4000, 0x00000000f5550000)
 Metaspace       used 71671K, committed 72704K, reserved 278528K
  class space    used 9717K, committed 10240K, reserved 212992K
}
Event: 6803.328 GC heap before
{Heap before GC invocations=52 (full 4):
 def new generation   total 79232K, used 74863K [0x00000000e0000000, 0x00000000e55f0000, 0x00000000eaaa0000)
  eden space 70464K, 100% used [0x00000000e0000000, 0x00000000e44d0000, 0x00000000e44d0000)
  from space 8768K,  50% used [0x00000000e44d0000, 0x00000000e491bc88, 0x00000000e4d60000)
  to   space 8768K,   0% used [0x00000000e4d60000, 0x00000000e4d60000, 0x00000000e55f0000)
 tenured generation   total 174784K, used 96399K [0x00000000eaaa0000, 0x00000000f5550000, 0x0000000100000000)
   the space 174784K,  55% used [0x00000000eaaa0000, 0x00000000f08c3f08, 0x00000000f08c4000, 0x00000000f5550000)
 Metaspace       used 72163K, committed 73088K, reserved 278528K
  class space    used 9803K, committed 10240K, reserved 212992K
}
Event: 6803.355 GC heap after
{Heap after GC invocations=53 (full 4):
 def new generation   total 79232K, used 4818K [0x00000000e0000000, 0x00000000e55f0000, 0x00000000eaaa0000)
  eden space 70464K,   0% used [0x00000000e0000000, 0x00000000e0000000, 0x00000000e44d0000)
  from space 8768K,  54% used [0x00000000e4d60000, 0x00000000e5214b20, 0x00000000e55f0000)
  to   space 8768K,   0% used [0x00000000e44d0000, 0x00000000e44d0000, 0x00000000e4d60000)
 tenured generation   total 174784K, used 100425K [0x00000000eaaa0000, 0x00000000f5550000, 0x0000000100000000)
   the space 174784K,  57% used [0x00000000eaaa0000, 0x00000000f0cb26f8, 0x00000000f0cb2800, 0x00000000f5550000)
 Metaspace       used 72163K, committed 73088K, reserved 278528K
  class space    used 9803K, committed 10240K, reserved 212992K
}
Event: 6804.545 GC heap before
{Heap before GC invocations=53 (full 4):
 def new generation   total 79232K, used 75282K [0x00000000e0000000, 0x00000000e55f0000, 0x00000000eaaa0000)
  eden space 70464K, 100% used [0x00000000e0000000, 0x00000000e44d0000, 0x00000000e44d0000)
  from space 8768K,  54% used [0x00000000e4d60000, 0x00000000e5214b20, 0x00000000e55f0000)
  to   space 8768K,   0% used [0x00000000e44d0000, 0x00000000e44d0000, 0x00000000e4d60000)
 tenured generation   total 174784K, used 100425K [0x00000000eaaa0000, 0x00000000f5550000, 0x0000000100000000)
   the space 174784K,  57% used [0x00000000eaaa0000, 0x00000000f0cb26f8, 0x00000000f0cb2800, 0x00000000f5550000)
 Metaspace       used 72163K, committed 73088K, reserved 278528K
  class space    used 9803K, committed 10240K, reserved 212992K
}
Event: 6804.580 GC heap after
{Heap after GC invocations=54 (full 4):
 def new generation   total 79232K, used 7667K [0x00000000e0000000, 0x00000000e55f0000, 0x00000000eaaa0000)
  eden space 70464K,   0% used [0x00000000e0000000, 0x00000000e0000000, 0x00000000e44d0000)
  from space 8768K,  87% used [0x00000000e44d0000, 0x00000000e4c4cf50, 0x00000000e4d60000)
  to   space 8768K,   0% used [0x00000000e4d60000, 0x00000000e4d60000, 0x00000000e55f0000)
 tenured generation   total 174784K, used 105054K [0x00000000eaaa0000, 0x00000000f5550000, 0x0000000100000000)
   the space 174784K,  60% used [0x00000000eaaa0000, 0x00000000f1137b08, 0x00000000f1137c00, 0x00000000f5550000)
 Metaspace       used 72163K, committed 73088K, reserved 278528K
  class space    used 9803K, committed 10240K, reserved 212992K
}
Event: 6805.704 GC heap before
{Heap before GC invocations=54 (full 4):
 def new generation   total 79232K, used 78131K [0x00000000e0000000, 0x00000000e55f0000, 0x00000000eaaa0000)
  eden space 70464K, 100% used [0x00000000e0000000, 0x00000000e44d0000, 0x00000000e44d0000)
  from space 8768K,  87% used [0x00000000e44d0000, 0x00000000e4c4cf50, 0x00000000e4d60000)
  to   space 8768K,   0% used [0x00000000e4d60000, 0x00000000e4d60000, 0x00000000e55f0000)
 tenured generation   total 174784K, used 105054K [0x00000000eaaa0000, 0x00000000f5550000, 0x0000000100000000)
   the space 174784K,  60% used [0x00000000eaaa0000, 0x00000000f1137b08, 0x00000000f1137c00, 0x00000000f5550000)
 Metaspace       used 72163K, committed 73088K, reserved 278528K
  class space    used 9803K, committed 10240K, reserved 212992K
}
Event: 6805.718 GC heap after
{Heap after GC invocations=55 (full 4):
 def new generation   total 79232K, used 2500K [0x00000000e0000000, 0x00000000e55f0000, 0x00000000eaaa0000)
  eden space 70464K,   0% used [0x00000000e0000000, 0x00000000e0000000, 0x00000000e44d0000)
  from space 8768K,  28% used [0x00000000e4d60000, 0x00000000e4fd1198, 0x00000000e55f0000)
  to   space 8768K,   0% used [0x00000000e44d0000, 0x00000000e44d0000, 0x00000000e4d60000)
 tenured generation   total 174784K, used 108047K [0x00000000eaaa0000, 0x00000000f5550000, 0x0000000100000000)
   the space 174784K,  61% used [0x00000000eaaa0000, 0x00000000f1423c98, 0x00000000f1423e00, 0x00000000f5550000)
 Metaspace       used 72163K, committed 73088K, reserved 278528K
  class space    used 9803K, committed 10240K, reserved 212992K
}
Event: 6808.414 GC heap before
{Heap before GC invocations=55 (full 4):
 def new generation   total 79232K, used 72964K [0x00000000e0000000, 0x00000000e55f0000, 0x00000000eaaa0000)
  eden space 70464K, 100% used [0x00000000e0000000, 0x00000000e44d0000, 0x00000000e44d0000)
  from space 8768K,  28% used [0x00000000e4d60000, 0x00000000e4fd1198, 0x00000000e55f0000)
  to   space 8768K,   0% used [0x00000000e44d0000, 0x00000000e44d0000, 0x00000000e4d60000)
 tenured generation   total 174784K, used 108047K [0x00000000eaaa0000, 0x00000000f5550000, 0x0000000100000000)
   the space 174784K,  61% used [0x00000000eaaa0000, 0x00000000f1423c98, 0x00000000f1423e00, 0x00000000f5550000)
 Metaspace       used 72316K, committed 73280K, reserved 278528K
  class space    used 9827K, committed 10304K, reserved 212992K
}
Event: 6808.436 GC heap after
{Heap after GC invocations=56 (full 4):
 def new generation   total 79232K, used 6929K [0x00000000e0000000, 0x00000000e55f0000, 0x00000000eaaa0000)
  eden space 70464K,   0% used [0x00000000e0000000, 0x00000000e0000000, 0x00000000e44d0000)
  from space 8768K,  79% used [0x00000000e44d0000, 0x00000000e4b94698, 0x00000000e4d60000)
  to   space 8768K,   0% used [0x00000000e4d60000, 0x00000000e4d60000, 0x00000000e55f0000)
 tenured generation   total 174784K, used 108047K [0x00000000eaaa0000, 0x00000000f5550000, 0x0000000100000000)
   the space 174784K,  61% used [0x00000000eaaa0000, 0x00000000f1423c98, 0x00000000f1423e00, 0x00000000f5550000)
 Metaspace       used 72316K, committed 73280K, reserved 278528K
  class space    used 9827K, committed 10304K, reserved 212992K
}
Event: 6810.745 GC heap before
{Heap before GC invocations=56 (full 4):
 def new generation   total 79232K, used 77393K [0x00000000e0000000, 0x00000000e55f0000, 0x00000000eaaa0000)
  eden space 70464K, 100% used [0x00000000e0000000, 0x00000000e44d0000, 0x00000000e44d0000)
  from space 8768K,  79% used [0x00000000e44d0000, 0x00000000e4b94698, 0x00000000e4d60000)
  to   space 8768K,   0% used [0x00000000e4d60000, 0x00000000e4d60000, 0x00000000e55f0000)
 tenured generation   total 174784K, used 108047K [0x00000000eaaa0000, 0x00000000f5550000, 0x0000000100000000)
   the space 174784K,  61% used [0x00000000eaaa0000, 0x00000000f1423c98, 0x00000000f1423e00, 0x00000000f5550000)
 Metaspace       used 72364K, committed 73344K, reserved 278528K
  class space    used 9827K, committed 10304K, reserved 212992K
}
Event: 6810.770 GC heap after
{Heap after GC invocations=57 (full 4):
 def new generation   total 79232K, used 1685K [0x00000000e0000000, 0x00000000e55f0000, 0x00000000eaaa0000)
  eden space 70464K,   0% used [0x00000000e0000000, 0x00000000e0000000, 0x00000000e44d0000)
  from space 8768K,  19% used [0x00000000e4d60000, 0x00000000e4f05780, 0x00000000e55f0000)
  to   space 8768K,   0% used [0x00000000e44d0000, 0x00000000e44d0000, 0x00000000e4d60000)
 tenured generation   total 174784K, used 113712K [0x00000000eaaa0000, 0x00000000f5550000, 0x0000000100000000)
   the space 174784K,  65% used [0x00000000eaaa0000, 0x00000000f19ac100, 0x00000000f19ac200, 0x00000000f5550000)
 Metaspace       used 72364K, committed 73344K, reserved 278528K
  class space    used 9827K, committed 10304K, reserved 212992K
}

Dll operation events (14 events):
Event: 0.023 Loaded shared library C:\Program Files\Eclipse Adoptium\jdk-17.0.8.7-hotspot\bin\java.dll
Event: 0.034 Loaded shared library C:\Program Files\Eclipse Adoptium\jdk-17.0.8.7-hotspot\bin\jsvml.dll
Event: 0.071 Loaded shared library C:\Program Files\Eclipse Adoptium\jdk-17.0.8.7-hotspot\bin\zip.dll
Event: 0.075 Loaded shared library C:\Program Files\Eclipse Adoptium\jdk-17.0.8.7-hotspot\bin\instrument.dll
Event: 0.079 Loaded shared library C:\Program Files\Eclipse Adoptium\jdk-17.0.8.7-hotspot\bin\net.dll
Event: 0.080 Loaded shared library C:\Program Files\Eclipse Adoptium\jdk-17.0.8.7-hotspot\bin\nio.dll
Event: 0.082 Loaded shared library C:\Program Files\Eclipse Adoptium\jdk-17.0.8.7-hotspot\bin\zip.dll
Event: 0.275 Loaded shared library C:\Program Files\Eclipse Adoptium\jdk-17.0.8.7-hotspot\bin\jimage.dll
Event: 0.393 Loaded shared library C:\Program Files\Eclipse Adoptium\jdk-17.0.8.7-hotspot\bin\verify.dll
Event: 0.478 Loaded shared library C:\Users\jkhong\.gradle\native\c067742578af261105cb4f569cf0c3c89f3d7b1fecec35dd04571415982c5e48\windows-amd64\native-platform.dll
Event: 0.484 Loaded shared library C:\Users\jkhong\.gradle\native\100fb08df4bc3b14c8652ba06237920a3bd2aa13389f12d3474272988ae205f9\windows-amd64\native-platform-file-events.dll
Event: 1.197 Loaded shared library C:\Program Files\Eclipse Adoptium\jdk-17.0.8.7-hotspot\bin\management.dll
Event: 1.199 Loaded shared library C:\Program Files\Eclipse Adoptium\jdk-17.0.8.7-hotspot\bin\management_ext.dll
Event: 3.611 Loaded shared library C:\Program Files\Eclipse Adoptium\jdk-17.0.8.7-hotspot\bin\sunmscapi.dll

Deoptimization events (20 events):
Event: 6804.841 Thread 0x000001e67f520750 Uncommon trap: trap_request=0xffffffc6 fr.pc=0x000001e668191494 relative=0x00000000000049d4
Event: 6804.841 Thread 0x000001e67f520750 Uncommon trap: reason=bimorphic_or_optimized_type_check action=maybe_recompile pc=0x000001e668191494 method=java.util.regex.Matcher.search(I)Z @ 121 c2
Event: 6804.841 Thread 0x000001e67f520750 DEOPT PACKING pc=0x000001e668191494 sp=0x0000005deacf9950
Event: 6804.842 Thread 0x000001e67f520750 DEOPT UNPACKING pc=0x000001e666e69ea3 sp=0x0000005deacf9780 mode 2
Event: 6804.847 Thread 0x000001e67f520750 Uncommon trap: trap_request=0xffffffc6 fr.pc=0x000001e668191494 relative=0x00000000000049d4
Event: 6804.847 Thread 0x000001e67f520750 Uncommon trap: reason=bimorphic_or_optimized_type_check action=maybe_recompile pc=0x000001e668191494 method=java.util.regex.Matcher.search(I)Z @ 121 c2
Event: 6804.847 Thread 0x000001e67f520750 DEOPT PACKING pc=0x000001e668191494 sp=0x0000005deacf9950
Event: 6804.847 Thread 0x000001e67f520750 DEOPT UNPACKING pc=0x000001e666e69ea3 sp=0x0000005deacf9780 mode 2
Event: 6804.851 Thread 0x000001e67f520750 Uncommon trap: trap_request=0xffffffc6 fr.pc=0x000001e668191494 relative=0x00000000000049d4
Event: 6804.851 Thread 0x000001e67f520750 Uncommon trap: reason=bimorphic_or_optimized_type_check action=maybe_recompile pc=0x000001e668191494 method=java.util.regex.Matcher.search(I)Z @ 121 c2
Event: 6804.851 Thread 0x000001e67f520750 DEOPT PACKING pc=0x000001e668191494 sp=0x0000005deacf9620
Event: 6804.851 Thread 0x000001e67f520750 DEOPT UNPACKING pc=0x000001e666e69ea3 sp=0x0000005deacf9450 mode 2
Event: 6804.963 Thread 0x000001e67f520750 DEOPT PACKING pc=0x000001e660e6da77 sp=0x0000005deacf8040
Event: 6804.963 Thread 0x000001e67f520750 DEOPT UNPACKING pc=0x000001e666e6a9e3 sp=0x0000005deacf73c8 mode 0
Event: 6806.480 Thread 0x000001e67f520750 Uncommon trap: trap_request=0xffffffd6 fr.pc=0x000001e6680f1784 relative=0x0000000000001c84
Event: 6806.480 Thread 0x000001e67f520750 Uncommon trap: reason=array_check action=maybe_recompile pc=0x000001e6680f1784 method=java.util.ComparableTimSort.binarySort([Ljava/lang/Object;III)V @ 215 c2
Event: 6806.480 Thread 0x000001e67f520750 DEOPT PACKING pc=0x000001e6680f1784 sp=0x0000005deacfb8a0
Event: 6806.480 Thread 0x000001e67f520750 DEOPT UNPACKING pc=0x000001e666e69ea3 sp=0x0000005deacfb910 mode 2
Event: 6806.487 Thread 0x000001e67f520750 DEOPT PACKING pc=0x000001e66077539d sp=0x0000005deacfaea0
Event: 6806.487 Thread 0x000001e67f520750 DEOPT UNPACKING pc=0x000001e666e6a9e3 sp=0x0000005deacfa348 mode 0

Classes unloaded (20 events):
Event: 6752.505 Thread 0x000001e6568b0a40 Unloading class 0x000001e6701eec00 'java/lang/invoke/LambdaForm$MH+0x000001e6701eec00'
Event: 6752.505 Thread 0x000001e6568b0a40 Unloading class 0x000001e6701ee800 'java/lang/invoke/LambdaForm$MH+0x000001e6701ee800'
Event: 6752.505 Thread 0x000001e6568b0a40 Unloading class 0x000001e6701ee400 'java/lang/invoke/LambdaForm$MH+0x000001e6701ee400'
Event: 6752.505 Thread 0x000001e6568b0a40 Unloading class 0x000001e6701ee000 'java/lang/invoke/LambdaForm$MH+0x000001e6701ee000'
Event: 6752.505 Thread 0x000001e6568b0a40 Unloading class 0x000001e6701edc00 'java/lang/invoke/LambdaForm$MH+0x000001e6701edc00'
Event: 6752.505 Thread 0x000001e6568b0a40 Unloading class 0x000001e6701ed800 'java/lang/invoke/LambdaForm$MH+0x000001e6701ed800'
Event: 6752.505 Thread 0x000001e6568b0a40 Unloading class 0x000001e6701ec800 'java/lang/invoke/LambdaForm$MH+0x000001e6701ec800'
Event: 6752.505 Thread 0x000001e6568b0a40 Unloading class 0x000001e6701ec400 'java/lang/invoke/LambdaForm$BMH+0x000001e6701ec400'
Event: 6752.505 Thread 0x000001e6568b0a40 Unloading class 0x000001e670118800 'java/lang/invoke/LambdaForm$DMH+0x000001e670118800'
Event: 6752.505 Thread 0x000001e6568b0a40 Unloading class 0x000001e670118000 'java/lang/invoke/LambdaForm$DMH+0x000001e670118000'
Event: 6752.505 Thread 0x000001e6568b0a40 Unloading class 0x000001e6700e6000 'java/lang/invoke/LambdaForm$MH+0x000001e6700e6000'
Event: 6752.505 Thread 0x000001e6568b0a40 Unloading class 0x000001e6700e5800 'java/lang/invoke/LambdaForm$MH+0x000001e6700e5800'
Event: 6752.505 Thread 0x000001e6568b0a40 Unloading class 0x000001e6700e5400 'java/lang/invoke/LambdaForm$MH+0x000001e6700e5400'
Event: 6752.505 Thread 0x000001e6568b0a40 Unloading class 0x000001e6700e5000 'java/lang/invoke/LambdaForm$MH+0x000001e6700e5000'
Event: 6752.505 Thread 0x000001e6568b0a40 Unloading class 0x000001e6700e4c00 'java/lang/invoke/LambdaForm$MH+0x000001e6700e4c00'
Event: 6752.505 Thread 0x000001e6568b0a40 Unloading class 0x000001e6700e4400 'java/lang/invoke/LambdaForm$MH+0x000001e6700e4400'
Event: 6752.505 Thread 0x000001e6568b0a40 Unloading class 0x000001e670038400 'java/lang/invoke/LambdaForm$DMH+0x000001e670038400'
Event: 6752.505 Thread 0x000001e6568b0a40 Unloading class 0x000001e67002e800 'java/lang/invoke/LambdaForm$MH+0x000001e67002e800'
Event: 6752.505 Thread 0x000001e6568b0a40 Unloading class 0x000001e67002e400 'java/lang/invoke/LambdaForm$MH+0x000001e67002e400'
Event: 6752.505 Thread 0x000001e6568b0a40 Unloading class 0x000001e67002c000 'java/lang/invoke/LambdaForm$MH+0x000001e67002c000'

Classes redefined (0 events):
No events

Internal exceptions (20 events):
Event: 6801.936 Thread 0x000001e67f520750 Exception <a 'sun/nio/fs/WindowsException'{0x00000000e087ba88}> (0x00000000e087ba88) 
thrown [s\src\hotspot\share\prims\jni.cpp, line 516]
Event: 6801.937 Thread 0x000001e67f520750 Exception <a 'sun/nio/fs/WindowsException'{0x00000000e087d1d0}> (0x00000000e087d1d0) 
thrown [s\src\hotspot\share\prims\jni.cpp, line 516]
Event: 6801.938 Thread 0x000001e67f520750 Exception <a 'sun/nio/fs/WindowsException'{0x00000000e087e908}> (0x00000000e087e908) 
thrown [s\src\hotspot\share\prims\jni.cpp, line 516]
Event: 6802.209 Thread 0x000001e67f520750 Exception <a 'java/lang/NoClassDefFoundError'{0x00000000e102d0a0}: org/jetbrains/kotlin/gradle/plugin/KotlinPluginWrapper> (0x00000000e102d0a0) 
thrown [s\src\hotspot\share\oops\constantPool.cpp, line 835]
Event: 6802.209 Thread 0x000001e67f520750 Exception <a 'java/lang/NoClassDefFoundError'{0x00000000e102f6e8}: org/graalvm/buildtools/gradle/NativeImagePlugin> (0x00000000e102f6e8) 
thrown [s\src\hotspot\share\oops\constantPool.cpp, line 835]
Event: 6802.209 Thread 0x000001e67f520750 Exception <a 'java/lang/NoClassDefFoundError'{0x00000000e1031d20}: org/cyclonedx/gradle/CycloneDxPlugin> (0x00000000e1031d20) 
thrown [s\src\hotspot\share\oops\constantPool.cpp, line 835]
Event: 6808.226 Thread 0x000001e67f520750 Exception <a 'sun/nio/fs/WindowsException'{0x00000000e3cca168}> (0x00000000e3cca168) 
thrown [s\src\hotspot\share\prims\jni.cpp, line 516]
Event: 6808.227 Thread 0x000001e67f520750 Exception <a 'sun/nio/fs/WindowsException'{0x00000000e3ccb608}> (0x00000000e3ccb608) 
thrown [s\src\hotspot\share\prims\jni.cpp, line 516]
Event: 6808.228 Thread 0x000001e67f520750 Exception <a 'sun/nio/fs/WindowsException'{0x00000000e3cccaa8}> (0x00000000e3cccaa8) 
thrown [s\src\hotspot\share\prims\jni.cpp, line 516]
Event: 6808.229 Thread 0x000001e67f520750 Exception <a 'sun/nio/fs/WindowsException'{0x00000000e3ccdf38}> (0x00000000e3ccdf38) 
thrown [s\src\hotspot\share\prims\jni.cpp, line 516]
Event: 6808.409 Thread 0x000001e67f520750 Exception <a 'java/lang/NoClassDefFoundError'{0x00000000e4347e90}: org/jetbrains/kotlin/gradle/plugin/KotlinPluginWrapper> (0x00000000e4347e90) 
thrown [s\src\hotspot\share\oops\constantPool.cpp, line 835]
Event: 6808.409 Thread 0x000001e67f520750 Exception <a 'java/lang/NoClassDefFoundError'{0x00000000e434a4d8}: org/graalvm/buildtools/gradle/NativeImagePlugin> (0x00000000e434a4d8) 
thrown [s\src\hotspot\share\oops\constantPool.cpp, line 835]
Event: 6808.409 Thread 0x000001e67f520750 Exception <a 'java/lang/NoClassDefFoundError'{0x00000000e434cb10}: org/cyclonedx/gradle/CycloneDxPlugin> (0x00000000e434cb10) 
thrown [s\src\hotspot\share\oops\constantPool.cpp, line 835]
Event: 6810.415 Thread 0x000001e67f520750 Exception <a 'sun/nio/fs/WindowsException'{0x00000000e31b65c0}> (0x00000000e31b65c0) 
thrown [s\src\hotspot\share\prims\jni.cpp, line 516]
Event: 6810.416 Thread 0x000001e67f520750 Exception <a 'sun/nio/fs/WindowsException'{0x00000000e31b7d08}> (0x00000000e31b7d08) 
thrown [s\src\hotspot\share\prims\jni.cpp, line 516]
Event: 6810.417 Thread 0x000001e67f520750 Exception <a 'sun/nio/fs/WindowsException'{0x00000000e31b9450}> (0x00000000e31b9450) 
thrown [s\src\hotspot\share\prims\jni.cpp, line 516]
Event: 6810.418 Thread 0x000001e67f520750 Exception <a 'sun/nio/fs/WindowsException'{0x00000000e31bab88}> (0x00000000e31bab88) 
thrown [s\src\hotspot\share\prims\jni.cpp, line 516]
Event: 6810.679 Thread 0x000001e67f520750 Exception <a 'java/lang/NoClassDefFoundError'{0x00000000e3897ca8}: org/jetbrains/kotlin/gradle/plugin/KotlinPluginWrapper> (0x00000000e3897ca8) 
thrown [s\src\hotspot\share\oops\constantPool.cpp, line 835]
Event: 6810.679 Thread 0x000001e67f520750 Exception <a 'java/lang/NoClassDefFoundError'{0x00000000e389a2f0}: org/graalvm/buildtools/gradle/NativeImagePlugin> (0x00000000e389a2f0) 
thrown [s\src\hotspot\share\oops\constantPool.cpp, line 835]
Event: 6810.679 Thread 0x000001e67f520750 Exception <a 'java/lang/NoClassDefFoundError'{0x00000000e389c928}: org/cyclonedx/gradle/CycloneDxPlugin> (0x00000000e389c928) 
thrown [s\src\hotspot\share\oops\constantPool.cpp, line 835]

VM Operations (20 events):
Event: 6803.355 Executing VM operation: GenCollectForAllocation done
Event: 6804.360 Executing VM operation: Cleanup
Event: 6804.361 Executing VM operation: Cleanup done
Event: 6804.545 Executing VM operation: GenCollectForAllocation
Event: 6804.603 Executing VM operation: GenCollectForAllocation done
Event: 6805.618 Executing VM operation: Cleanup
Event: 6805.624 Executing VM operation: Cleanup done
Event: 6805.704 Executing VM operation: GenCollectForAllocation
Event: 6805.718 Executing VM operation: GenCollectForAllocation done
Event: 6806.726 Executing VM operation: Cleanup
Event: 6806.726 Executing VM operation: Cleanup done
Event: 6808.414 Executing VM operation: GenCollectForAllocation
Event: 6808.453 Executing VM operation: GenCollectForAllocation done
Event: 6809.457 Executing VM operation: Cleanup
Event: 6809.457 Executing VM operation: Cleanup done
Event: 6810.468 Executing VM operation: Cleanup
Event: 6810.484 Executing VM operation: Cleanup done
Event: 6810.745 Executing VM operation: GenCollectForAllocation
Event: 6810.789 Executing VM operation: GenCollectForAllocation done
Event: 6811.800 Executing VM operation: Cleanup

Events (20 events):
Event: 6811.300 Thread 0x000001e6045ff9e0 Thread added: 0x000001e6045ff9e0
Event: 6811.314 Thread 0x000001e6046036a0 Thread added: 0x000001e6046036a0
Event: 6811.320 Thread 0x000001e604603190 Thread added: 0x000001e604603190
Event: 6811.367 Thread 0x000001e604603bb0 Thread added: 0x000001e604603bb0
Event: 6811.375 Thread 0x000001e6046040c0 Thread added: 0x000001e6046040c0
Event: 6811.384 Thread 0x000001e604600910 Thread added: 0x000001e604600910
Event: 6811.390 Thread 0x000001e6046045d0 Thread added: 0x000001e6046045d0
Event: 6811.439 Thread 0x000001e604604ff0 Thread added: 0x000001e604604ff0
Event: 6811.446 Thread 0x000001e604604ae0 Thread added: 0x000001e604604ae0
Event: 6811.454 Thread 0x000001e604606430 Thread added: 0x000001e604606430
Event: 6811.526 Thread 0x000001e604605500 Thread added: 0x000001e604605500
Event: 6811.576 Thread 0x000001e604605a10 Thread added: 0x000001e604605a10
Event: 6811.584 Thread 0x000001e604605f20 Thread added: 0x000001e604605f20
Event: 6811.589 Thread 0x000001e604c23a70 Thread added: 0x000001e604c23a70
Event: 6811.596 Thread 0x000001e604c253c0 Thread added: 0x000001e604c253c0
Event: 6811.602 Thread 0x000001e604c258d0 Thread added: 0x000001e604c258d0
Event: 6811.645 Thread 0x000001e604c23f80 Thread added: 0x000001e604c23f80
Event: 6811.653 Thread 0x000001e604c23050 Thread added: 0x000001e604c23050
Event: 6811.657 Thread 0x000001e604c262f0 Thread added: 0x000001e604c262f0
Event: 6811.663 Thread 0x000001e604c26800 Thread added: 0x000001e604c26800


Dynamic libraries:
0x00007ff6d3cb0000 - 0x00007ff6d3cbe000 	C:\Program Files\Eclipse Adoptium\jdk-17.0.8.7-hotspot\bin\java.exe
0x00007fff9e620000 - 0x00007fff9e887000 	C:\WINDOWS\SYSTEM32\ntdll.dll
0x00007fff9d830000 - 0x00007fff9d8f9000 	C:\WINDOWS\System32\KERNEL32.DLL
0x00007fff9bdd0000 - 0x00007fff9c1c0000 	C:\WINDOWS\System32\KERNELBASE.dll
0x00007fff98220000 - 0x00007fff982be000 	C:\WINDOWS\SYSTEM32\apphelp.dll
0x00007fff9c260000 - 0x00007fff9c3ab000 	C:\WINDOWS\System32\ucrtbase.dll
0x00007fff814a0000 - 0x00007fff814b7000 	C:\Program Files\Eclipse Adoptium\jdk-17.0.8.7-hotspot\bin\jli.dll
0x00007fff80f60000 - 0x00007fff80f79000 	C:\Program Files\Eclipse Adoptium\jdk-17.0.8.7-hotspot\bin\VCRUNTIME140.dll
0x00007fff9cb50000 - 0x00007fff9cd15000 	C:\WINDOWS\System32\USER32.dll
0x00007fff9bda0000 - 0x00007fff9bdc7000 	C:\WINDOWS\System32\win32u.dll
0x00007fff9d7a0000 - 0x00007fff9d7cb000 	C:\WINDOWS\System32\GDI32.dll
0x00007fff9b750000 - 0x00007fff9b888000 	C:\WINDOWS\System32\gdi32full.dll
0x00007fff9ba10000 - 0x00007fff9bab3000 	C:\WINDOWS\System32\msvcp_win.dll
0x00007fff81ab0000 - 0x00007fff81d4a000 	C:\WINDOWS\WinSxS\amd64_microsoft.windows.common-controls_6595b64144ccf1df_6.0.26100.4768_none_3e0c112ce331287c\COMCTL32.dll
0x00007fff9c460000 - 0x00007fff9c509000 	C:\WINDOWS\System32\msvcrt.dll
0x00007fff9dfe0000 - 0x00007fff9e00f000 	C:\WINDOWS\System32\IMM32.DLL
0x00007fff803a0000 - 0x00007fff803ac000 	C:\Program Files\Eclipse Adoptium\jdk-17.0.8.7-hotspot\bin\vcruntime140_1.dll
0x00007fff673b0000 - 0x00007fff67441000 	C:\Program Files\Eclipse Adoptium\jdk-17.0.8.7-hotspot\bin\msvcp140.dll
0x00007fff10c70000 - 0x00007fff118bc000 	C:\Program Files\Eclipse Adoptium\jdk-17.0.8.7-hotspot\bin\server\jvm.dll
0x00007fff9e520000 - 0x00007fff9e5d4000 	C:\WINDOWS\System32\ADVAPI32.dll
0x00007fff9d5c0000 - 0x00007fff9d666000 	C:\WINDOWS\System32\sechost.dll
0x00007fff9d670000 - 0x00007fff9d788000 	C:\WINDOWS\System32\RPCRT4.dll
0x00007fff9b5b0000 - 0x00007fff9b60e000 	C:\WINDOWS\SYSTEM32\POWRPROF.dll
0x00007fff7f310000 - 0x00007fff7f31a000 	C:\WINDOWS\SYSTEM32\WSOCK32.dll
0x00007fff88dd0000 - 0x00007fff88ddb000 	C:\WINDOWS\SYSTEM32\VERSION.dll
0x00007fff9cdb0000 - 0x00007fff9ce24000 	C:\WINDOWS\System32\WS2_32.dll
0x00007fff8fc50000 - 0x00007fff8fc85000 	C:\WINDOWS\SYSTEM32\WINMM.dll
0x00007fff9b590000 - 0x00007fff9b5a4000 	C:\WINDOWS\SYSTEM32\UMPDC.dll
0x00007fff9a4d0000 - 0x00007fff9a4eb000 	C:\WINDOWS\SYSTEM32\kernel.appcore.dll
0x00007fff80370000 - 0x00007fff8037a000 	C:\Program Files\Eclipse Adoptium\jdk-17.0.8.7-hotspot\bin\jimage.dll
0x00007fff98680000 - 0x00007fff988c1000 	C:\WINDOWS\SYSTEM32\DBGHELP.DLL
0x00007fff9e190000 - 0x00007fff9e515000 	C:\WINDOWS\System32\combase.dll
0x00007fff9de80000 - 0x00007fff9df60000 	C:\WINDOWS\System32\OLEAUT32.dll
0x00007fff68a80000 - 0x00007fff68ac3000 	C:\WINDOWS\SYSTEM32\dbgcore.DLL
0x00007fff9bd00000 - 0x00007fff9bd99000 	C:\WINDOWS\System32\bcryptPrimitives.dll
0x00007fff80360000 - 0x00007fff8036e000 	C:\Program Files\Eclipse Adoptium\jdk-17.0.8.7-hotspot\bin\instrument.dll
0x00007fff6f5c0000 - 0x00007fff6f5e5000 	C:\Program Files\Eclipse Adoptium\jdk-17.0.8.7-hotspot\bin\java.dll
0x00007fff57bc0000 - 0x00007fff57c96000 	C:\Program Files\Eclipse Adoptium\jdk-17.0.8.7-hotspot\bin\jsvml.dll
0x00007fff9ce70000 - 0x00007fff9d5bd000 	C:\WINDOWS\System32\SHELL32.dll
0x00007fff9bac0000 - 0x00007fff9bc33000 	C:\WINDOWS\System32\wintypes.dll
0x00007fff99350000 - 0x00007fff99bb0000 	C:\WINDOWS\SYSTEM32\windows.storage.dll
0x00007fff9dd30000 - 0x00007fff9de25000 	C:\WINDOWS\System32\SHCORE.dll
0x00007fff9df70000 - 0x00007fff9dfda000 	C:\WINDOWS\System32\shlwapi.dll
0x00007fff9b670000 - 0x00007fff9b699000 	C:\WINDOWS\SYSTEM32\profapi.dll
0x00007fff6f2b0000 - 0x00007fff6f2c8000 	C:\Program Files\Eclipse Adoptium\jdk-17.0.8.7-hotspot\bin\zip.dll
0x00007fff6b140000 - 0x00007fff6b159000 	C:\Program Files\Eclipse Adoptium\jdk-17.0.8.7-hotspot\bin\net.dll
0x00007fff89f20000 - 0x00007fff8a03e000 	C:\WINDOWS\SYSTEM32\WINHTTP.dll
0x00007fff9aa60000 - 0x00007fff9aacb000 	C:\WINDOWS\system32\mswsock.dll
0x00007fff6ae70000 - 0x00007fff6ae85000 	C:\Program Files\Eclipse Adoptium\jdk-17.0.8.7-hotspot\bin\nio.dll
0x00007fff80350000 - 0x00007fff80360000 	C:\Program Files\Eclipse Adoptium\jdk-17.0.8.7-hotspot\bin\verify.dll
0x00007fff811f0000 - 0x00007fff81217000 	C:\Users\jkhong\.gradle\native\c067742578af261105cb4f569cf0c3c89f3d7b1fecec35dd04571415982c5e48\windows-amd64\native-platform.dll
0x00007fff62be0000 - 0x00007fff62d24000 	C:\Users\jkhong\.gradle\native\100fb08df4bc3b14c8652ba06237920a3bd2aa13389f12d3474272988ae205f9\windows-amd64\native-platform-file-events.dll
0x00007fff80290000 - 0x00007fff80299000 	C:\Program Files\Eclipse Adoptium\jdk-17.0.8.7-hotspot\bin\management.dll
0x00007fff6f5b0000 - 0x00007fff6f5bb000 	C:\Program Files\Eclipse Adoptium\jdk-17.0.8.7-hotspot\bin\management_ext.dll
0x00007fff9d790000 - 0x00007fff9d798000 	C:\WINDOWS\System32\PSAPI.DLL
0x00007fff9ad20000 - 0x00007fff9ad3b000 	C:\WINDOWS\SYSTEM32\CRYPTSP.dll
0x00007fff9a430000 - 0x00007fff9a46b000 	C:\WINDOWS\system32\rsaenh.dll
0x00007fff9ab00000 - 0x00007fff9ab2b000 	C:\WINDOWS\SYSTEM32\USERENV.dll
0x00007fff9b640000 - 0x00007fff9b666000 	C:\WINDOWS\SYSTEM32\bcrypt.dll
0x00007fff9ad40000 - 0x00007fff9ad4c000 	C:\WINDOWS\SYSTEM32\CRYPTBASE.dll
0x00007fff99f90000 - 0x00007fff99fc3000 	C:\WINDOWS\SYSTEM32\IPHLPAPI.DLL
0x00007fff9cda0000 - 0x00007fff9cdaa000 	C:\WINDOWS\System32\NSI.dll
0x00007fff8a180000 - 0x00007fff8a19f000 	C:\WINDOWS\SYSTEM32\dhcpcsvc6.DLL
0x00007fff8a0c0000 - 0x00007fff8a0e5000 	C:\WINDOWS\SYSTEM32\dhcpcsvc.DLL
0x00007fff9a080000 - 0x00007fff9a1a6000 	C:\WINDOWS\SYSTEM32\DNSAPI.dll
0x00007fff6f450000 - 0x00007fff6f45e000 	C:\Program Files\Eclipse Adoptium\jdk-17.0.8.7-hotspot\bin\sunmscapi.dll
0x00007fff9b890000 - 0x00007fff9ba07000 	C:\WINDOWS\System32\CRYPT32.dll
0x00007fff9af40000 - 0x00007fff9af70000 	C:\WINDOWS\SYSTEM32\ncrypt.dll
0x00007fff9aef0000 - 0x00007fff9af2f000 	C:\WINDOWS\SYSTEM32\NTASN1.dll
0x00007fff5e1d0000 - 0x00007fff5e1d8000 	C:\WINDOWS\system32\wshunix.dll

dbghelp: loaded successfully - version: 4.0.5 - missing functions: none
symbol engine: initialized successfully - sym options: 0x614 - pdb path: .;C:\Program Files\Eclipse Adoptium\jdk-17.0.8.7-hotspot\bin;C:\WINDOWS\SYSTEM32;C:\WINDOWS\WinSxS\amd64_microsoft.windows.common-controls_6595b64144ccf1df_6.0.26100.4768_none_3e0c112ce331287c;C:\Program Files\Eclipse Adoptium\jdk-17.0.8.7-hotspot\bin\server;C:\Users\jkhong\.gradle\native\c067742578af261105cb4f569cf0c3c89f3d7b1fecec35dd04571415982c5e48\windows-amd64;C:\Users\jkhong\.gradle\native\100fb08df4bc3b14c8652ba06237920a3bd2aa13389f12d3474272988ae205f9\windows-amd64

VM Arguments:
jvm_args: -XX:MaxMetaspaceSize=256m -XX:+UseSerialGC --add-opens=java.base/java.util=ALL-UNNAMED --add-opens=java.base/java.lang=ALL-UNNAMED --add-opens=java.base/java.lang.invoke=ALL-UNNAMED --add-opens=java.prefs/java.util.prefs=ALL-UNNAMED --add-exports=jdk.compiler/com.sun.tools.javac.api=ALL-UNNAMED --add-exports=jdk.compiler/com.sun.tools.javac.util=ALL-UNNAMED --add-opens=java.base/java.nio.charset=ALL-UNNAMED --add-opens=java.base/java.net=ALL-UNNAMED --add-opens=java.base/java.util.concurrent.atomic=ALL-UNNAMED -Xms256m -Xmx512m -Dfile.encoding=UTF-8 -Duser.country=KR -Duser.language=ko -Duser.variant -javaagent:C:\Users\jkhong\.gradle\wrapper\dists\gradle-8.10.2-bin\a04bxjujx95o3nb99gddekhwo\gradle-8.10.2\lib\agents\gradle-instrumentation-agent-8.10.2.jar 
java_command: org.gradle.launcher.daemon.bootstrap.GradleDaemon 8.10.2
java_class_path (initial): C:\Users\jkhong\.gradle\wrapper\dists\gradle-8.10.2-bin\a04bxjujx95o3nb99gddekhwo\gradle-8.10.2\lib\gradle-daemon-main-8.10.2.jar
Launcher Type: SUN_STANDARD

[Global flags]
     intx CICompilerCount                          = 4                                         {product} {ergonomic}
   size_t CompressedClassSpaceSize                 = 218103808                                 {product} {ergonomic}
   size_t InitialHeapSize                          = 268435456                                 {product} {command line}
   size_t MaxHeapSize                              = 536870912                                 {product} {command line}
   size_t MaxMetaspaceSize                         = 268435456                                 {product} {command line}
   size_t MaxNewSize                               = 178913280                                 {product} {ergonomic}
   size_t MinHeapDeltaBytes                        = 196608                                    {product} {ergonomic}
   size_t MinHeapSize                              = 268435456                                 {product} {command line}
   size_t NewSize                                  = 89456640                                  {product} {ergonomic}
    uintx NonNMethodCodeHeapSize                   = 5839372                                {pd product} {ergonomic}
    uintx NonProfiledCodeHeapSize                  = 122909434                              {pd product} {ergonomic}
   size_t OldSize                                  = 178978816                                 {product} {ergonomic}
    uintx ProfiledCodeHeapSize                     = 122909434                              {pd product} {ergonomic}
    uintx ReservedCodeCacheSize                    = 251658240                              {pd product} {ergonomic}
     bool SegmentedCodeCache                       = true                                      {product} {ergonomic}
   size_t SoftMaxHeapSize                          = 536870912                              {manageable} {ergonomic}
     bool UseCompressedClassPointers               = true                           {product lp64_product} {ergonomic}
     bool UseCompressedOops                        = true                           {product lp64_product} {ergonomic}
     bool UseLargePagesIndividualAllocation        = false                                  {pd product} {ergonomic}
     bool UseSerialGC                              = true                                      {product} {command line}

Logging:
Log output configuration:
 #0: stdout all=warning uptime,level,tags
 #1: stderr all=off uptime,level,tags

Environment Variables:
JAVA_HOME=C:\Program Files\Eclipse Adoptium\jdk-17.0.8.7-hotspot
PATH=c:\Dev_Tools\cursor\resources\app\bin;C:\Python312\Scripts\;C:\Python312\;C:\Program Files\Eclipse Adoptium\jdk-17.0.8.7-hotspot\bin;C:\Program Files (x86)\VMware\VMware Player\bin\;C:\Program Files\AdoptOpenJDK\jdk-8.0.292.10-hotspot\bin;C:\Program Files\AdoptOpenJDK\jdk-11.0.11.9-hotspot\bin;C:\WINDOWS\system32;C:\WINDOWS;C:\WINDOWS\System32\Wbem;C:\WINDOWS\System32\WindowsPowerShell\v1.0\;C:\WINDOWS\System32\OpenSSH\;C:\Program Files (x86)\Microsoft SQL Server\150\DTS\Binn\;C:\Program Files\Azure Data Studio\bin;C:\Program Files (x86)\CrSSL\bin;C:\Program Files\Git\cmd;C:\Program Files\dotnet\;C:\Program Files\nodejs\;C:\ProgramData\chocolatey\bin;C:\Dev_Tools\gradle-8.9\bin;C:\Users\jkhong\AppData\Local\Microsoft\WindowsApps;C:\Program Files\Bandizip\;C:\Program Files\JetBrains\IntelliJ IDEA Community Edition 2023.1.1\bin;;C:\Users\jkhong\AppData\Roaming\npm;C:\Program Files\GitHub CLI\;C:\WINDOWS\system32;C:\WINDOWS;C:\WINDOWS\System32\Wbem;C:\WINDOWS\System32\WindowsPowerShell\v1.0\;C:\WINDOWS\System32\OpenSSH\;C:\Users\jkhong\.jbang\bin;C:\Users\jkhong\AppData\Local\Programs\Microsoft VS Code\bin;D:\Dev_Tools\apache-maven-3.9.6\bin;C:\Users\jkhong\.dotnet\tools;C:\Users\jkhong\AppData\Local\Programs\Kiro\bin
USERNAME=jkhong
OS=Windows_NT
PROCESSOR_IDENTIFIER=Intel64 Family 6 Model 140 Stepping 1, GenuineIntel
TMP=C:\Users\jkhong\AppData\Local\Temp
TEMP=C:\Users\jkhong\AppData\Local\Temp



---------------  S Y S T E M  ---------------

OS:
 Windows 11 , 64 bit Build 26100 (10.0.26100.4768)
OS uptime: 1 days 0:34 hours

CPU: total 8 (initial active 8) (4 cores per cpu, 2 threads per core) family 6 model 140 stepping 1 microcode 0xbc, cx8, cmov, fxsr, ht, mmx, 3dnowpref, sse, sse2, sse3, ssse3, sse4.1, sse4.2, popcnt, lzcnt, tsc, tscinvbit, avx, avx2, aes, erms, clmul, bmi1, bmi2, adx, avx512f, avx512dq, avx512cd, avx512bw, avx512vl, sha, fma, vzeroupper, avx512_vpopcntdq, avx512_vpclmulqdq, avx512_vaes, avx512_vnni, clflush, clflushopt, clwb, avx512_vbmi2, avx512_vbmi
Processor Information for all 8 processors :
  Max Mhz: 2803, Current Mhz: 1201, Mhz Limit: 1177

Memory: 4k page, system-wide physical 16103M (3461M free)
TotalPageFile size 18151M (AvailPageFile size 2M)
current process WorkingSet (physical memory assigned to process): 495M, peak: 497M
current process commit charge ("private bytes"): 503M, peak: 506M

vm_info: OpenJDK 64-Bit Server VM (17.0.8+7) for windows-amd64 JRE (17.0.8+7), built on Jul 18 2023 21:02:32 by "admin" with MS VC++ 16.7 (VS2019)

END.
