#
# There is insufficient memory for the Java Runtime Environment to continue.
# Native memory allocation (malloc) failed to allocate 1048592 bytes for Chunk::new
# Possible reasons:
#   The system is out of physical RAM or swap space
#   The process is running with CompressedOops enabled, and the Java Heap may be blocking the growth of the native heap
# Possible solutions:
#   Reduce memory load on the system
#   Increase physical memory or swap space
#   Check if swap backing store is full
#   Decrease Java heap size (-Xmx/-Xms)
#   Decrease number of Java threads
#   Decrease Java thread stack sizes (-Xss)
#   Set larger code cache with -XX:ReservedCodeCacheSize=
#   JVM is running with Unscaled Compressed Oops mode in which the Java heap is
#     placed in the first 4GB address space. The Java Heap base address is the
#     maximum limit for the native heap growth. Please use -XX:HeapBaseMinAddress
#     to set the Java Heap base and to place the Java Heap above 4GB virtual address.
# This output file may be truncated or incomplete.
#
#  Out of Memory Error (arena.cpp:189), pid=26468, tid=17312
#
# JRE version: OpenJDK Runtime Environment Temurin-17.0.8+7 (17.0.8+7) (build 17.0.8+7)
# Java VM: OpenJDK 64-Bit Server VM Temurin-17.0.8+7 (17.0.8+7, mixed mode, sharing, tiered, compressed oops, compressed class ptrs, serial gc, windows-amd64)
# No core dump will be written. Minidumps are not enabled by default on client versions of Windows
#

---------------  S U M M A R Y ------------

Command Line: -XX:MaxMetaspaceSize=256m -XX:+UseSerialGC --add-opens=java.base/java.util=ALL-UNNAMED --add-opens=java.base/java.lang=ALL-UNNAMED --add-opens=java.base/java.lang.invoke=ALL-UNNAMED --add-opens=java.prefs/java.util.prefs=ALL-UNNAMED --add-exports=jdk.compiler/com.sun.tools.javac.api=ALL-UNNAMED --add-exports=jdk.compiler/com.sun.tools.javac.util=ALL-UNNAMED --add-opens=java.base/java.nio.charset=ALL-UNNAMED --add-opens=java.base/java.net=ALL-UNNAMED --add-opens=java.base/java.util.concurrent.atomic=ALL-UNNAMED -Xms256m -Xmx512m -Dfile.encoding=UTF-8 -Duser.country=KR -Duser.language=ko -Duser.variant -javaagent:C:\Users\jkhong\.gradle\wrapper\dists\gradle-8.10.2-bin\a04bxjujx95o3nb99gddekhwo\gradle-8.10.2\lib\agents\gradle-instrumentation-agent-8.10.2.jar org.gradle.launcher.daemon.bootstrap.GradleDaemon 8.10.2

Host: 11th Gen Intel(R) Core(TM) i7-1165G7 @ 2.80GHz, 8 cores, 15G,  Windows 11 , 64 bit Build 26100 (10.0.26100.4768)
Time: Fri Aug 29 15:26:13 2025  Windows 11 , 64 bit Build 26100 (10.0.26100.4768) elapsed time: 16.124826 seconds (0d 0h 0m 16s)

---------------  T H R E A D  ---------------

Current thread (0x00000215cc192b10):  JavaThread "C2 CompilerThread0" daemon [_thread_in_native, id=17312, stack(0x0000003789100000,0x0000003789200000)]


Current CompileTask:
C2:  16125 2500   !   4       java.net.URLClassLoader::findClass (47 bytes)

Stack: [0x0000003789100000,0x0000003789200000]
Native frames: (J=compiled Java code, j=interpreted, Vv=VM code, C=native code)
V  [jvm.dll+0x678b0a]
V  [jvm.dll+0x835e84]
V  [jvm.dll+0x83762e]
V  [jvm.dll+0x837c93]
V  [jvm.dll+0x24746f]
V  [jvm.dll+0xac20c]
V  [jvm.dll+0xac7dc]
V  [jvm.dll+0xac31b]
V  [jvm.dll+0x657219]
V  [jvm.dll+0x7a52c]
V  [jvm.dll+0x60b728]
V  [jvm.dll+0x6097e4]
V  [jvm.dll+0x219a68]
V  [jvm.dll+0x219011]
V  [jvm.dll+0x1a534d]
V  [jvm.dll+0x228d8a]
V  [jvm.dll+0x226dcc]
V  [jvm.dll+0x7ec09b]
V  [jvm.dll+0x7e64ca]
V  [jvm.dll+0x677955]
C  [ucrtbase.dll+0x37b0]
C  [KERNEL32.DLL+0x2e8d7]
C  [ntdll.dll+0x3c34c]


---------------  P R O C E S S  ---------------

Threads class SMR info:
_java_thread_list=0x00000215f6724320, length=26, elements={
0x00000215cc100190, 0x00000215cc173130, 0x00000215cc1768f0, 0x00000215cbd1e700,
0x00000215cbd1f0d0, 0x00000215cbd20eb0, 0x00000215cbd26bb0, 0x00000215cc192b10,
0x00000215cc1947e0, 0x00000215cc19e060, 0x00000215cc160970, 0x00000215e2cb7800,
0x00000215f662c440, 0x00000215f675e0b0, 0x00000215f6760420, 0x00000215f675e5c0,
0x00000215f675d690, 0x00000215f675ead0, 0x00000215f675efe0, 0x00000215f675f4f0,
0x00000215f675fa00, 0x00000215f675ff10, 0x00000215f5afc900, 0x00000215f6760930,
0x00000215f675d180, 0x00000215f675dba0
}

Java Threads: ( => current thread )
  0x00000215cc100190 JavaThread "main" [_thread_blocked, id=14776, stack(0x0000003788900000,0x0000003788a00000)]
  0x00000215cc173130 JavaThread "Reference Handler" daemon [_thread_blocked, id=19064, stack(0x0000003788b00000,0x0000003788c00000)]
  0x00000215cc1768f0 JavaThread "Finalizer" daemon [_thread_blocked, id=29936, stack(0x0000003788c00000,0x0000003788d00000)]
  0x00000215cbd1e700 JavaThread "Signal Dispatcher" daemon [_thread_blocked, id=9664, stack(0x0000003788d00000,0x0000003788e00000)]
  0x00000215cbd1f0d0 JavaThread "Attach Listener" daemon [_thread_blocked, id=12764, stack(0x0000003788e00000,0x0000003788f00000)]
  0x00000215cbd20eb0 JavaThread "Service Thread" daemon [_thread_blocked, id=2988, stack(0x0000003788f00000,0x0000003789000000)]
  0x00000215cbd26bb0 JavaThread "Monitor Deflation Thread" daemon [_thread_blocked, id=20020, stack(0x0000003789000000,0x0000003789100000)]
=>0x00000215cc192b10 JavaThread "C2 CompilerThread0" daemon [_thread_in_native, id=17312, stack(0x0000003789100000,0x0000003789200000)]
  0x00000215cc1947e0 JavaThread "C1 CompilerThread0" daemon [_thread_blocked, id=21648, stack(0x0000003789200000,0x0000003789300000)]
  0x00000215cc19e060 JavaThread "Sweeper thread" daemon [_thread_blocked, id=25320, stack(0x0000003789300000,0x0000003789400000)]
  0x00000215cc160970 JavaThread "Common-Cleaner" daemon [_thread_blocked, id=3420, stack(0x0000003789400000,0x0000003789500000)]
  0x00000215e2cb7800 JavaThread "Notification Thread" daemon [_thread_blocked, id=2220, stack(0x0000003789500000,0x0000003789600000)]
  0x00000215f662c440 JavaThread "Daemon health stats" [_thread_blocked, id=35964, stack(0x0000003789800000,0x0000003789900000)]
  0x00000215f675e0b0 JavaThread "Incoming local TCP Connector on port 14458" [_thread_in_native, id=34664, stack(0x0000003789700000,0x0000003789800000)]
  0x00000215f6760420 JavaThread "Daemon periodic checks" [_thread_blocked, id=27604, stack(0x0000003789900000,0x0000003789a00000)]
  0x00000215f675e5c0 JavaThread "Daemon" [_thread_blocked, id=34756, stack(0x0000003789a00000,0x0000003789b00000)]
  0x00000215f675d690 JavaThread "Handler for socket connection from /127.0.0.1:14458 to /127.0.0.1:14459" [_thread_in_native, id=32304, stack(0x0000003789b00000,0x0000003789c00000)]
  0x00000215f675ead0 JavaThread "Cancel handler" [_thread_blocked, id=32448, stack(0x0000003789c00000,0x0000003789d00000)]
  0x00000215f675efe0 JavaThread "Daemon worker" [_thread_in_Java, id=34884, stack(0x0000003789d00000,0x0000003789e00000)]
  0x00000215f675f4f0 JavaThread "Asynchronous log dispatcher for DefaultDaemonConnection: socket connection from /127.0.0.1:14458 to /127.0.0.1:14459" [_thread_blocked, id=4520, stack(0x0000003789e00000,0x0000003789f00000)]
  0x00000215f675fa00 JavaThread "Stdin handler" [_thread_blocked, id=33008, stack(0x0000003789f00000,0x000000378a000000)]
  0x00000215f675ff10 JavaThread "Daemon client event forwarder" [_thread_blocked, id=19792, stack(0x000000378a000000,0x000000378a100000)]
  0x00000215f5afc900 JavaThread "C2 CompilerThread1" daemon [_thread_in_native, id=29872, stack(0x000000378a100000,0x000000378a200000)]
  0x00000215f6760930 JavaThread "Cache worker for journal cache (C:\Users\jkhong\.gradle\caches\journal-1)" [_thread_blocked, id=28820, stack(0x000000378a200000,0x000000378a300000)]
  0x00000215f675d180 JavaThread "File lock request listener" [_thread_in_native, id=25332, stack(0x000000378a300000,0x000000378a400000)]
  0x00000215f675dba0 JavaThread "Cache worker for file hash cache (C:\Users\jkhong\.gradle\caches\8.10.2\fileHashes)" [_thread_blocked, id=30836, stack(0x000000378a400000,0x000000378a500000)]

Other Threads:
  0x00000215cc16f510 VMThread "VM Thread" [stack: 0x0000003788a00000,0x0000003788b00000] [id=8940]
  0x00000215e2c49590 WatcherThread [stack: 0x0000003789600000,0x0000003789700000] [id=7220]

Threads with active compile tasks:
C2 CompilerThread0    16240 2500   !   4       java.net.URLClassLoader::findClass (47 bytes)
C2 CompilerThread1    16240 2504       4       jdk.internal.reflect.ClassFileAssembler::emitByte (11 bytes)

VM state: not at safepoint (normal execution)

VM Mutex/Monitor currently owned by a thread: None

Heap address: 0x00000000e0000000, size: 512 MB, Compressed Oops mode: 32-bit

CDS archive(s) mapped at: [0x00000215e3000000-0x00000215e3bd0000-0x00000215e3bd0000), size 12386304, SharedBaseAddress: 0x00000215e3000000, ArchiveRelocationMode: 1.
Compressed class space mapped at: 0x00000215e4000000-0x00000215f1000000, reserved size: 218103808
Narrow klass base: 0x00000215e3000000, Narrow klass shift: 0, Narrow klass range: 0x100000000

GC Precious Log:
 CPUs: 8 total, 8 available
 Memory: 16103M
 Large Page Support: Disabled
 NUMA Support: Disabled
 Compressed Oops: Enabled (32-bit)
 Heap Min Capacity: 256M
 Heap Initial Capacity: 256M
 Heap Max Capacity: 512M
 Pre-touch: Disabled

Heap:
 def new generation   total 78656K, used 51715K [0x00000000e0000000, 0x00000000e5550000, 0x00000000eaaa0000)
  eden space 69952K,  62% used [0x00000000e0000000, 0x00000000e2a7f7d0, 0x00000000e4450000)
  from space 8704K,  94% used [0x00000000e4450000, 0x00000000e4c51788, 0x00000000e4cd0000)
  to   space 8704K,   0% used [0x00000000e4cd0000, 0x00000000e4cd0000, 0x00000000e5550000)
 tenured generation   total 174784K, used 10815K [0x00000000eaaa0000, 0x00000000f5550000, 0x0000000100000000)
   the space 174784K,   6% used [0x00000000eaaa0000, 0x00000000eb52fd08, 0x00000000eb52fe00, 0x00000000f5550000)
 Metaspace       used 17681K, committed 18048K, reserved 278528K
  class space    used 2515K, committed 2688K, reserved 212992K

Card table byte_map: [0x00000215cba80000,0x00000215cbb90000] _byte_map_base: 0x00000215cb380000

Polling page: 0x00000215ca020000

Metaspace:

Usage:
  Non-class:     14.81 MB used.
      Class:      2.46 MB used.
       Both:     17.27 MB used.

Virtual space:
  Non-class space:       64.00 MB reserved,      15.00 MB ( 23%) committed,  1 nodes.
      Class space:      208.00 MB reserved,       2.62 MB (  1%) committed,  1 nodes.
             Both:      272.00 MB reserved,      17.62 MB (  6%) committed. 

Chunk freelists:
   Non-Class:  672.00 KB
       Class:  13.42 MB
        Both:  14.08 MB

MaxMetaspaceSize: 256.00 MB
CompressedClassSpaceSize: 208.00 MB
Initial GC threshold: 21.00 MB
Current GC threshold: 21.00 MB
CDS: on
MetaspaceReclaimPolicy: balanced
 - commit_granule_bytes: 65536.
 - commit_granule_words: 8192.
 - virtual_space_node_default_size: 8388608.
 - enlarge_chunks_in_place: 1.
 - new_chunks_are_fully_committed: 0.
 - uncommit_free_chunks: 1.
 - use_allocation_guard: 0.
 - handle_deallocations: 1.


Internal statistics:

num_allocs_failed_limit: 0.
num_arena_births: 228.
num_arena_deaths: 0.
num_vsnodes_births: 2.
num_vsnodes_deaths: 0.
num_space_committed: 282.
num_space_uncommitted: 0.
num_chunks_returned_to_freelist: 0.
num_chunks_taken_from_freelist: 823.
num_chunk_merges: 0.
num_chunk_splits: 537.
num_chunks_enlarged: 388.
num_inconsistent_stats: 0.

CodeHeap 'non-profiled nmethods': size=120000Kb used=1258Kb max_used=1258Kb free=118741Kb
 bounds [0x00000215db6a0000, 0x00000215db910000, 0x00000215e2bd0000]
CodeHeap 'profiled nmethods': size=120000Kb used=5125Kb max_used=5125Kb free=114874Kb
 bounds [0x00000215d3bd0000, 0x00000215d40e0000, 0x00000215db100000]
CodeHeap 'non-nmethods': size=5760Kb used=1242Kb max_used=1297Kb free=4517Kb
 bounds [0x00000215db100000, 0x00000215db370000, 0x00000215db6a0000]
 total_blobs=3097 nmethods=2556 adapters=455
 compilation: enabled
              stopped_count=0, restarted_count=0
 full_count=0

Compilation events (20 events):
Event: 12.086 Thread 0x00000215cc1947e0 nmethod 2538 0x00000215d40ca910 code [0x00000215d40caac0, 0x00000215d40cac88]
Event: 12.087 Thread 0x00000215cc1947e0 2539   !   3       jdk.internal.reflect.GeneratedConstructorAccessor2::newInstance (53 bytes)
Event: 12.087 Thread 0x00000215cc1947e0 nmethod 2539 0x00000215d40cad90 code [0x00000215d40cafc0, 0x00000215d40cb828]
Event: 12.087 Thread 0x00000215cc1947e0 2540   !   3       sun.reflect.annotation.AnnotationParser::parseClassValue (56 bytes)
Event: 12.088 Thread 0x00000215cc1947e0 nmethod 2540 0x00000215d40cbc90 code [0x00000215d40cbec0, 0x00000215d40cc468]
Event: 12.088 Thread 0x00000215cc1947e0 2541       3       jdk.internal.reflect.Reflection::isSubclassOf (21 bytes)
Event: 12.088 Thread 0x00000215cc1947e0 nmethod 2541 0x00000215d40cc710 code [0x00000215d40cc8c0, 0x00000215d40ccb08]
Event: 12.088 Thread 0x00000215cc1947e0 2543       3       java.lang.ClassLoader::getClassLoader (11 bytes)
Event: 12.089 Thread 0x00000215cc1947e0 nmethod 2543 0x00000215d40ccc10 code [0x00000215d40ccda0, 0x00000215d40ccf18]
Event: 12.089 Thread 0x00000215cc1947e0 2542       3       java.lang.Class::forName (15 bytes)
Event: 12.089 Thread 0x00000215cc1947e0 nmethod 2542 0x00000215d40cd010 code [0x00000215d40cd1c0, 0x00000215d40cd3d8]
Event: 12.090 Thread 0x00000215cc1947e0 2545       3       org.gradle.internal.service.DefaultServiceRegistry::isEqualToAnyType (41 bytes)
Event: 12.090 Thread 0x00000215cc1947e0 nmethod 2545 0x00000215d40cd510 code [0x00000215d40cd700, 0x00000215d40cdd58]
Event: 12.090 Thread 0x00000215cc1947e0 2544       3       org.gradle.internal.service.DefaultServiceRegistry::access$2100 (6 bytes)
Event: 12.090 Thread 0x00000215cc1947e0 nmethod 2544 0x00000215d40cdf10 code [0x00000215d40ce0a0, 0x00000215d40ce1a8]
Event: 12.092 Thread 0x00000215cc1947e0 2546       3       java.util.regex.Pattern$TreeInfo::reset (21 bytes)
Event: 12.092 Thread 0x00000215cc1947e0 nmethod 2546 0x00000215d40ce290 code [0x00000215d40ce420, 0x00000215d40ce538]
Event: 12.092 Thread 0x00000215cc1947e0 2547       3       java.util.TreeMap::leftOf (13 bytes)
Event: 12.092 Thread 0x00000215cc1947e0 nmethod 2547 0x00000215d40ce610 code [0x00000215d40ce7a0, 0x00000215d40ce918]
Event: 12.146 Thread 0x00000215cc1947e0 2548       3       java.util.concurrent.locks.ReentrantLock::unlock (10 bytes)

GC Heap History (4 events):
Event: 6.407 GC heap before
{Heap before GC invocations=0 (full 0):
 def new generation   total 78656K, used 69952K [0x00000000e0000000, 0x00000000e5550000, 0x00000000eaaa0000)
  eden space 69952K, 100% used [0x00000000e0000000, 0x00000000e4450000, 0x00000000e4450000)
  from space 8704K,   0% used [0x00000000e4450000, 0x00000000e4450000, 0x00000000e4cd0000)
  to   space 8704K,   0% used [0x00000000e4cd0000, 0x00000000e4cd0000, 0x00000000e5550000)
 tenured generation   total 174784K, used 0K [0x00000000eaaa0000, 0x00000000f5550000, 0x0000000100000000)
   the space 174784K,   0% used [0x00000000eaaa0000, 0x00000000eaaa0000, 0x00000000eaaa0200, 0x00000000f5550000)
 Metaspace       used 4404K, committed 4608K, reserved 278528K
  class space    used 547K, committed 640K, reserved 212992K
}
Event: 6.418 GC heap after
{Heap after GC invocations=1 (full 0):
 def new generation   total 78656K, used 8703K [0x00000000e0000000, 0x00000000e5550000, 0x00000000eaaa0000)
  eden space 69952K,   0% used [0x00000000e0000000, 0x00000000e0000000, 0x00000000e4450000)
  from space 8704K,  99% used [0x00000000e4cd0000, 0x00000000e554fff8, 0x00000000e5550000)
  to   space 8704K,   0% used [0x00000000e4450000, 0x00000000e4450000, 0x00000000e4cd0000)
 tenured generation   total 174784K, used 2231K [0x00000000eaaa0000, 0x00000000f5550000, 0x0000000100000000)
   the space 174784K,   1% used [0x00000000eaaa0000, 0x00000000eaccdef8, 0x00000000eacce000, 0x00000000f5550000)
 Metaspace       used 4404K, committed 4608K, reserved 278528K
  class space    used 547K, committed 640K, reserved 212992K
}
Event: 11.314 GC heap before
{Heap before GC invocations=1 (full 0):
 def new generation   total 78656K, used 78655K [0x00000000e0000000, 0x00000000e5550000, 0x00000000eaaa0000)
  eden space 69952K, 100% used [0x00000000e0000000, 0x00000000e4450000, 0x00000000e4450000)
  from space 8704K,  99% used [0x00000000e4cd0000, 0x00000000e554fff8, 0x00000000e5550000)
  to   space 8704K,   0% used [0x00000000e4450000, 0x00000000e4450000, 0x00000000e4cd0000)
 tenured generation   total 174784K, used 2231K [0x00000000eaaa0000, 0x00000000f5550000, 0x0000000100000000)
   the space 174784K,   1% used [0x00000000eaaa0000, 0x00000000eaccdef8, 0x00000000eacce000, 0x00000000f5550000)
 Metaspace       used 11483K, committed 11712K, reserved 278528K
  class space    used 1527K, committed 1600K, reserved 212992K
}
Event: 11.332 GC heap after
{Heap after GC invocations=2 (full 0):
 def new generation   total 78656K, used 8197K [0x00000000e0000000, 0x00000000e5550000, 0x00000000eaaa0000)
  eden space 69952K,   0% used [0x00000000e0000000, 0x00000000e0000000, 0x00000000e4450000)
  from space 8704K,  94% used [0x00000000e4450000, 0x00000000e4c51788, 0x00000000e4cd0000)
  to   space 8704K,   0% used [0x00000000e4cd0000, 0x00000000e4cd0000, 0x00000000e5550000)
 tenured generation   total 174784K, used 10815K [0x00000000eaaa0000, 0x00000000f5550000, 0x0000000100000000)
   the space 174784K,   6% used [0x00000000eaaa0000, 0x00000000eb52fd08, 0x00000000eb52fe00, 0x00000000f5550000)
 Metaspace       used 11483K, committed 11712K, reserved 278528K
  class space    used 1527K, committed 1600K, reserved 212992K
}

Dll operation events (14 events):
Event: 0.018 Loaded shared library C:\Program Files\Eclipse Adoptium\jdk-17.0.8.7-hotspot\bin\java.dll
Event: 0.036 Loaded shared library C:\Program Files\Eclipse Adoptium\jdk-17.0.8.7-hotspot\bin\jsvml.dll
Event: 0.095 Loaded shared library C:\Program Files\Eclipse Adoptium\jdk-17.0.8.7-hotspot\bin\zip.dll
Event: 0.102 Loaded shared library C:\Program Files\Eclipse Adoptium\jdk-17.0.8.7-hotspot\bin\instrument.dll
Event: 0.107 Loaded shared library C:\Program Files\Eclipse Adoptium\jdk-17.0.8.7-hotspot\bin\net.dll
Event: 0.111 Loaded shared library C:\Program Files\Eclipse Adoptium\jdk-17.0.8.7-hotspot\bin\nio.dll
Event: 0.114 Loaded shared library C:\Program Files\Eclipse Adoptium\jdk-17.0.8.7-hotspot\bin\zip.dll
Event: 0.460 Loaded shared library C:\Program Files\Eclipse Adoptium\jdk-17.0.8.7-hotspot\bin\jimage.dll
Event: 2.618 Loaded shared library C:\Program Files\Eclipse Adoptium\jdk-17.0.8.7-hotspot\bin\verify.dll
Event: 5.775 Loaded shared library C:\Users\jkhong\.gradle\native\c067742578af261105cb4f569cf0c3c89f3d7b1fecec35dd04571415982c5e48\windows-amd64\native-platform.dll
Event: 5.788 Loaded shared library C:\Users\jkhong\.gradle\native\100fb08df4bc3b14c8652ba06237920a3bd2aa13389f12d3474272988ae205f9\windows-amd64\native-platform-file-events.dll
Event: 6.951 Loaded shared library C:\Program Files\Eclipse Adoptium\jdk-17.0.8.7-hotspot\bin\management.dll
Event: 6.953 Loaded shared library C:\Program Files\Eclipse Adoptium\jdk-17.0.8.7-hotspot\bin\management_ext.dll
Event: 11.096 Loaded shared library C:\Program Files\Eclipse Adoptium\jdk-17.0.8.7-hotspot\bin\sunmscapi.dll

Deoptimization events (20 events):
Event: 11.407 Thread 0x00000215f675efe0 DEOPT PACKING pc=0x00000215db73fc38 sp=0x0000003789dfb280
Event: 11.407 Thread 0x00000215f675efe0 DEOPT UNPACKING pc=0x00000215db159ea3 sp=0x0000003789dfb1f8 mode 2
Event: 11.703 Thread 0x00000215f675efe0 Uncommon trap: trap_request=0xffffff45 fr.pc=0x00000215db6bcd10 relative=0x0000000000000170
Event: 11.703 Thread 0x00000215f675efe0 Uncommon trap: reason=unstable_if action=reinterpret pc=0x00000215db6bcd10 method=java.util.regex.Matcher.reset()Ljava/util/regex/Matcher; @ 47 c2
Event: 11.703 Thread 0x00000215f675efe0 DEOPT PACKING pc=0x00000215db6bcd10 sp=0x0000003789dfa410
Event: 11.703 Thread 0x00000215f675efe0 DEOPT UNPACKING pc=0x00000215db159ea3 sp=0x0000003789dfa3a0 mode 2
Event: 11.708 Thread 0x00000215f675efe0 DEOPT PACKING pc=0x00000215d3cb15bd sp=0x0000003789dfa0d0
Event: 11.708 Thread 0x00000215f675efe0 DEOPT UNPACKING pc=0x00000215db15a9e3 sp=0x0000003789df9568 mode 0
Event: 11.735 Thread 0x00000215f675efe0 Uncommon trap: trap_request=0xffffff45 fr.pc=0x00000215db78def4 relative=0x0000000000000074
Event: 11.735 Thread 0x00000215f675efe0 Uncommon trap: reason=unstable_if action=reinterpret pc=0x00000215db78def4 method=jdk.internal.misc.Unsafe.convEndian(ZI)I @ 4 c2
Event: 11.735 Thread 0x00000215f675efe0 DEOPT PACKING pc=0x00000215db78def4 sp=0x0000003789dfa740
Event: 11.735 Thread 0x00000215f675efe0 DEOPT UNPACKING pc=0x00000215db159ea3 sp=0x0000003789dfa648 mode 2
Event: 11.762 Thread 0x00000215f675efe0 Uncommon trap: trap_request=0xffffff45 fr.pc=0x00000215db6c1324 relative=0x00000000000009c4
Event: 11.762 Thread 0x00000215f675efe0 Uncommon trap: reason=unstable_if action=reinterpret pc=0x00000215db6c1324 method=java.io.WinNTFileSystem.resolve(Ljava/lang/String;Ljava/lang/String;)Ljava/lang/String; @ 19 c2
Event: 11.762 Thread 0x00000215f675efe0 DEOPT PACKING pc=0x00000215db6c1324 sp=0x0000003789dfacb0
Event: 11.762 Thread 0x00000215f675efe0 DEOPT UNPACKING pc=0x00000215db159ea3 sp=0x0000003789dfac48 mode 2
Event: 11.763 Thread 0x00000215f675efe0 Uncommon trap: trap_request=0xffffff45 fr.pc=0x00000215db738368 relative=0x0000000000000548
Event: 11.763 Thread 0x00000215f675efe0 Uncommon trap: reason=unstable_if action=reinterpret pc=0x00000215db738368 method=java.io.File.getName()Ljava/lang/String; @ 16 c2
Event: 11.763 Thread 0x00000215f675efe0 DEOPT PACKING pc=0x00000215db738368 sp=0x0000003789dfac50
Event: 11.763 Thread 0x00000215f675efe0 DEOPT UNPACKING pc=0x00000215db159ea3 sp=0x0000003789dfac20 mode 2

Classes unloaded (0 events):
No events

Classes redefined (0 events):
No events

Internal exceptions (20 events):
Event: 11.369 Thread 0x00000215f675efe0 Exception <a 'java/lang/NoSuchMethodError'{0x00000000e02ee500}: 'void java.lang.invoke.DirectMethodHandle$Holder.invokeStatic(java.lang.Object, java.lang.Object)'> (0x00000000e02ee500) 
thrown [s\src\hotspot\share\interpreter\linkResolver.cpp, line 759]
Event: 11.413 Thread 0x00000215f675efe0 Exception <a 'java/lang/NoSuchMethodError'{0x00000000e057aac0}: 'int java.lang.invoke.DirectMethodHandle$Holder.invokeVirtual(java.lang.Object, java.lang.Object, java.lang.Object)'> (0x00000000e057aac0) 
thrown [s\src\hotspot\share\interpreter\linkResolver.cpp, line 759]
Event: 11.466 Thread 0x00000215f675efe0 Exception <a 'java/lang/NoSuchMethodError'{0x00000000e080e878}: 'java.lang.Object java.lang.invoke.DirectMethodHandle$Holder.newInvokeSpecial(java.lang.Object, java.lang.Object, java.lang.Object, java.lang.Object, java.lang.Object, java.lang.Object)'> (0x00000000e080e878) 
thrown [s\src\hotspot\share\interpreter\linkResolver.cpp, line 759]
Event: 11.469 Thread 0x00000215f675efe0 Exception <a 'java/lang/NoSuchMethodError'{0x00000000e0826fe0}: 'void java.lang.invoke.DirectMethodHandle$Holder.invokeSpecial(java.lang.Object, java.lang.Object, java.lang.Object, java.lang.Object, java.lang.Object)'> (0x00000000e0826fe0) 
thrown [s\src\hotspot\share\interpreter\linkResolver.cpp, line 759]
Event: 11.471 Thread 0x00000215f675efe0 Exception <a 'java/lang/NoSuchMethodError'{0x00000000e083aa10}: 'void java.lang.invoke.DirectMethodHandle$Holder.invokeStaticInit(java.lang.Object, java.lang.Object)'> (0x00000000e083aa10) 
thrown [s\src\hotspot\share\interpreter\linkResolver.cpp, line 759]
Event: 11.535 Thread 0x00000215f675efe0 Exception <a 'java/lang/NoSuchMethodError'{0x00000000e0b108e0}: 'void java.lang.invoke.DelegatingMethodHandle$Holder.reinvoke_L(java.lang.Object, java.lang.Object, java.lang.Object, java.lang.Object, java.lang.Object, java.lang.Object, java.lang.Object, java.lang.Object, java.lang.Object, java.lang.Object)'> (0x00000000e0b108e0) 
thrown [s\src\hotspot\share\interpreter\linkResolver.cpp, line 759]
Event: 11.536 Thread 0x00000215f675efe0 Exception <a 'java/lang/NoSuchMethodError'{0x00000000e0b18e90}: 'java.lang.Object java.lang.invoke.DirectMethodHandle$Holder.invokeSpecial(java.lang.Object, java.lang.Object, java.lang.Object, java.lang.Object, java.lang.Object, java.lang.Object, java.lang.Object, java.lang.Object, java.lang.Object, java.lang.Object)'> (0x00000000e0b18e90) 
thrown [s\src\hotspot\share\interpreter\linkResolver.cpp, line 759]
Event: 11.536 Thread 0x00000215f675efe0 Exception <a 'java/lang/NoSuchMethodError'{0x00000000e0b1d760}: 'java.lang.Object java.lang.invoke.Invokers$Holder.invoker(java.lang.Object, java.lang.Object, java.lang.Object, java.lang.Object, java.lang.Object, java.lang.Object, java.lang.Object, java.lang.Object, java.lang.Object, java.lang.Object)'> (0x00000000e0b1d760) 
thrown [s\src\hotspot\share\interpreter\linkResolver.cpp, line 759]
Event: 11.537 Thread 0x00000215f675efe0 Exception <a 'java/lang/NoSuchMethodError'{0x00000000e0b23368}: 'java.lang.Object java.lang.invoke.DirectMethodHandle$Holder.invokeSpecial(java.lang.Object, java.lang.Object, java.lang.Object, java.lang.Object, java.lang.Object, java.lang.Object, java.lang.Object, java.lang.Object, java.lang.Object, java.lang.Object, java.lang.Object)'> (0x00000000e0b23368) 
thrown [s\src\hotspot\share\interpreter\linkResolver.cpp, line 759]
Event: 11.684 Thread 0x00000215f675efe0 Exception <a 'java/lang/NoSuchMethodError'{0x00000000e1262da0}: 'java.lang.Object java.lang.invoke.DirectMethodHandle$Holder.newInvokeSpecial(java.lang.Object, java.lang.Object, int)'> (0x00000000e1262da0) 
thrown [s\src\hotspot\share\interpreter\linkResolver.cpp, line 759]
Event: 11.796 Thread 0x00000215f675efe0 Exception <a 'java/lang/NoSuchMethodError'{0x00000000e182fc78}: 'int java.lang.invoke.DirectMethodHandle$Holder.invokeSpecialIFC(java.lang.Object, java.lang.Object, java.lang.Object, java.lang.Object)'> (0x00000000e182fc78) 
thrown [s\src\hotspot\share\interpreter\linkResolver.cpp, line 759]
Event: 11.797 Thread 0x00000215f675efe0 Exception <a 'java/lang/NoSuchMethodError'{0x00000000e183ee10}: 'java.lang.Object java.lang.invoke.DirectMethodHandle$Holder.invokeInterface(java.lang.Object, java.lang.Object, java.lang.Object)'> (0x00000000e183ee10) 
thrown [s\src\hotspot\share\interpreter\linkResolver.cpp, line 759]
Event: 11.797 Thread 0x00000215f675efe0 Exception <a 'java/lang/IncompatibleClassChangeError'{0x00000000e1842cd0}: Found class java.lang.Object, but interface was expected> (0x00000000e1842cd0) 
thrown [s\src\hotspot\share\interpreter\linkResolver.cpp, line 826]
Event: 11.826 Thread 0x00000215f675efe0 Exception <a 'java/lang/NoSuchMethodError'{0x00000000e1a32c00}: 'int java.lang.invoke.DirectMethodHandle$Holder.invokeStatic(java.lang.Object, java.lang.Object, java.lang.Object, java.lang.Object)'> (0x00000000e1a32c00) 
thrown [s\src\hotspot\share\interpreter\linkResolver.cpp, line 759]
Event: 11.826 Thread 0x00000215f675efe0 Exception <a 'java/lang/NoSuchMethodError'{0x00000000e1a36ad0}: 'java.lang.Object java.lang.invoke.Invokers$Holder.invokeExact_MT(java.lang.Object, java.lang.Object, java.lang.Object, java.lang.Object, java.lang.Object, java.lang.Object)'> (0x00000000e1a36ad0) 
thrown [s\src\hotspot\share\interpreter\linkResolver.cpp, line 759]
Event: 11.872 Thread 0x00000215f675efe0 Exception <a 'java/lang/IncompatibleClassChangeError'{0x00000000e1d4e808}: Found class java.lang.Object, but interface was expected> (0x00000000e1d4e808) 
thrown [s\src\hotspot\share\interpreter\linkResolver.cpp, line 826]
Event: 11.920 Thread 0x00000215f675ff10 Exception <a 'java/lang/NoSuchMethodError'{0x00000000e0074f80}: static Lorg/gradle/internal/build/event/types/DefaultOperationStartedProgressEvent;.<clinit>()V> (0x00000000e0074f80) 
thrown [s\src\hotspot\share\prims\jni.cpp, line 1107]
Event: 11.920 Thread 0x00000215f675ff10 Exception <a 'java/lang/NoSuchMethodError'{0x00000000e0076508}: static Lorg/gradle/internal/build/event/types/AbstractProgressEvent;.<clinit>()V> (0x00000000e0076508) 
thrown [s\src\hotspot\share\prims\jni.cpp, line 1107]
Event: 11.921 Thread 0x00000215f675ff10 Exception <a 'java/lang/NoSuchMethodError'{0x00000000e007f230}: static Lorg/gradle/internal/build/event/types/DefaultOperationDescriptor;.<clinit>()V> (0x00000000e007f230) 
thrown [s\src\hotspot\share\prims\jni.cpp, line 1107]
Event: 11.924 Thread 0x00000215f675ff10 Exception <a 'java/lang/NoSuchMethodError'{0x00000000e0094ba8}: static Lorg/gradle/internal/operations/OperationIdentifier;.<clinit>()V> (0x00000000e0094ba8) 
thrown [s\src\hotspot\share\prims\jni.cpp, line 1107]

VM Operations (20 events):
Event: 7.035 Executing VM operation: HandshakeAllThreads done
Event: 7.231 Executing VM operation: HandshakeAllThreads
Event: 7.231 Executing VM operation: HandshakeAllThreads done
Event: 8.237 Executing VM operation: Cleanup
Event: 8.237 Executing VM operation: Cleanup done
Event: 9.239 Executing VM operation: Cleanup
Event: 9.239 Executing VM operation: Cleanup done
Event: 10.240 Executing VM operation: Cleanup
Event: 10.240 Executing VM operation: Cleanup done
Event: 11.022 Executing VM operation: HandshakeAllThreads
Event: 11.022 Executing VM operation: HandshakeAllThreads done
Event: 11.100 Executing VM operation: HandshakeAllThreads
Event: 11.100 Executing VM operation: HandshakeAllThreads done
Event: 11.313 Executing VM operation: GenCollectForAllocation
Event: 11.332 Executing VM operation: GenCollectForAllocation done
Event: 11.857 Executing VM operation: HandshakeAllThreads
Event: 11.857 Executing VM operation: HandshakeAllThreads done
Event: 11.858 Executing VM operation: HandshakeAllThreads
Event: 11.858 Executing VM operation: HandshakeAllThreads done
Event: 12.864 Executing VM operation: Cleanup

Events (20 events):
Event: 11.798 loading class java/util/stream/ReduceOps$1ReducingSink
Event: 11.798 loading class java/util/stream/ReduceOps$1ReducingSink done
Event: 11.886 loading class java/util/Collections$2
Event: 11.886 loading class java/util/Collections$2 done
Event: 11.918 loading class java/io/ObjectOutputStream$BlockDataOutputStream
Event: 11.918 loading class java/io/ObjectOutputStream$BlockDataOutputStream done
Event: 11.918 loading class java/io/ObjectOutputStream$HandleTable
Event: 11.918 loading class java/io/ObjectOutputStream$HandleTable done
Event: 11.918 loading class java/io/ObjectOutputStream$ReplaceTable
Event: 11.918 loading class java/io/ObjectOutputStream$ReplaceTable done
Event: 11.922 loading class java/io/UnsupportedEncodingException
Event: 11.922 loading class java/io/UnsupportedEncodingException done
Event: 11.922 loading class java/nio/charset/CharacterCodingException
Event: 11.922 loading class java/nio/charset/CharacterCodingException done
Event: 11.988 loading class java/util/function/LongFunction
Event: 11.988 loading class java/util/function/LongFunction done
Event: 12.056 loading class java/security/InvalidKeyException
Event: 12.056 loading class java/security/KeyException
Event: 12.056 loading class java/security/KeyException done
Event: 12.056 loading class java/security/InvalidKeyException done


Dynamic libraries:
0x00007ff66cb60000 - 0x00007ff66cb6e000 	C:\Program Files\Eclipse Adoptium\jdk-17.0.8.7-hotspot\bin\java.exe
0x00007ffc5fc60000 - 0x00007ffc5fec7000 	C:\WINDOWS\SYSTEM32\ntdll.dll
0x00007ffc5e3b0000 - 0x00007ffc5e479000 	C:\WINDOWS\System32\KERNEL32.DLL
0x00007ffc5d540000 - 0x00007ffc5d930000 	C:\WINDOWS\System32\KERNELBASE.dll
0x00007ffc56710000 - 0x00007ffc567ae000 	C:\WINDOWS\SYSTEM32\apphelp.dll
0x00007ffc5cf70000 - 0x00007ffc5d0bb000 	C:\WINDOWS\System32\ucrtbase.dll
0x00007ffc454d0000 - 0x00007ffc454e7000 	C:\Program Files\Eclipse Adoptium\jdk-17.0.8.7-hotspot\bin\jli.dll
0x00007ffc44860000 - 0x00007ffc44879000 	C:\Program Files\Eclipse Adoptium\jdk-17.0.8.7-hotspot\bin\VCRUNTIME140.dll
0x00007ffc5e180000 - 0x00007ffc5e345000 	C:\WINDOWS\System32\USER32.dll
0x00007ffc5d510000 - 0x00007ffc5d537000 	C:\WINDOWS\System32\win32u.dll
0x00007ffc5f6e0000 - 0x00007ffc5f70b000 	C:\WINDOWS\System32\GDI32.dll
0x00007ffc5ce30000 - 0x00007ffc5cf68000 	C:\WINDOWS\System32\gdi32full.dll
0x00007ffc5d940000 - 0x00007ffc5d9e3000 	C:\WINDOWS\System32\msvcp_win.dll
0x00007ffc44a20000 - 0x00007ffc44cba000 	C:\WINDOWS\WinSxS\amd64_microsoft.windows.common-controls_6595b64144ccf1df_6.0.26100.4768_none_3e0c112ce331287c\COMCTL32.dll
0x00007ffc5f8d0000 - 0x00007ffc5f979000 	C:\WINDOWS\System32\msvcrt.dll
0x00007ffc5f890000 - 0x00007ffc5f8bf000 	C:\WINDOWS\System32\IMM32.DLL
0x00007ffc563f0000 - 0x00007ffc563fc000 	C:\Program Files\Eclipse Adoptium\jdk-17.0.8.7-hotspot\bin\vcruntime140_1.dll
0x00007ffc43f50000 - 0x00007ffc43fe1000 	C:\Program Files\Eclipse Adoptium\jdk-17.0.8.7-hotspot\bin\msvcp140.dll
0x00007ffbee6c0000 - 0x00007ffbef30c000 	C:\Program Files\Eclipse Adoptium\jdk-17.0.8.7-hotspot\bin\server\jvm.dll
0x00007ffc5d9f0000 - 0x00007ffc5daa4000 	C:\WINDOWS\System32\ADVAPI32.dll
0x00007ffc5f980000 - 0x00007ffc5fa26000 	C:\WINDOWS\System32\sechost.dll
0x00007ffc5e060000 - 0x00007ffc5e178000 	C:\WINDOWS\System32\RPCRT4.dll
0x00007ffc5cb40000 - 0x00007ffc5cb9e000 	C:\WINDOWS\SYSTEM32\POWRPROF.dll
0x00007ffc41660000 - 0x00007ffc4166a000 	C:\WINDOWS\SYSTEM32\WSOCK32.dll
0x00007ffc4a1a0000 - 0x00007ffc4a1ab000 	C:\WINDOWS\SYSTEM32\VERSION.dll
0x00007ffc5f810000 - 0x00007ffc5f884000 	C:\WINDOWS\System32\WS2_32.dll
0x00007ffc51850000 - 0x00007ffc51885000 	C:\WINDOWS\SYSTEM32\WINMM.dll
0x00007ffc5cb20000 - 0x00007ffc5cb34000 	C:\WINDOWS\SYSTEM32\UMPDC.dll
0x00007ffc5bb10000 - 0x00007ffc5bb2b000 	C:\WINDOWS\SYSTEM32\kernel.appcore.dll
0x00007ffc4a1b0000 - 0x00007ffc4a1ba000 	C:\Program Files\Eclipse Adoptium\jdk-17.0.8.7-hotspot\bin\jimage.dll
0x00007ffc5a480000 - 0x00007ffc5a6c1000 	C:\WINDOWS\SYSTEM32\DBGHELP.DLL
0x00007ffc5dab0000 - 0x00007ffc5de35000 	C:\WINDOWS\System32\combase.dll
0x00007ffc5fa30000 - 0x00007ffc5fb10000 	C:\WINDOWS\System32\OLEAUT32.dll
0x00007ffc22c30000 - 0x00007ffc22c73000 	C:\WINDOWS\SYSTEM32\dbgcore.DLL
0x00007ffc5cd90000 - 0x00007ffc5ce29000 	C:\WINDOWS\System32\bcryptPrimitives.dll
0x00007ffc345f0000 - 0x00007ffc345fe000 	C:\Program Files\Eclipse Adoptium\jdk-17.0.8.7-hotspot\bin\instrument.dll
0x00007ffc44830000 - 0x00007ffc44855000 	C:\Program Files\Eclipse Adoptium\jdk-17.0.8.7-hotspot\bin\java.dll
0x00007ffc2e920000 - 0x00007ffc2e9f6000 	C:\Program Files\Eclipse Adoptium\jdk-17.0.8.7-hotspot\bin\jsvml.dll
0x00007ffc5ef00000 - 0x00007ffc5f64d000 	C:\WINDOWS\System32\SHELL32.dll
0x00007ffc5d150000 - 0x00007ffc5d2c3000 	C:\WINDOWS\System32\wintypes.dll
0x00007ffc5a990000 - 0x00007ffc5b1f0000 	C:\WINDOWS\SYSTEM32\windows.storage.dll
0x00007ffc5fb20000 - 0x00007ffc5fc15000 	C:\WINDOWS\System32\SHCORE.dll
0x00007ffc5e790000 - 0x00007ffc5e7fa000 	C:\WINDOWS\System32\shlwapi.dll
0x00007ffc5ccb0000 - 0x00007ffc5ccd9000 	C:\WINDOWS\SYSTEM32\profapi.dll
0x00007ffc44740000 - 0x00007ffc44758000 	C:\Program Files\Eclipse Adoptium\jdk-17.0.8.7-hotspot\bin\zip.dll
0x00007ffc447f0000 - 0x00007ffc44809000 	C:\Program Files\Eclipse Adoptium\jdk-17.0.8.7-hotspot\bin\net.dll
0x00007ffc4b580000 - 0x00007ffc4b69e000 	C:\WINDOWS\SYSTEM32\WINHTTP.dll
0x00007ffc5c0a0000 - 0x00007ffc5c10b000 	C:\WINDOWS\system32\mswsock.dll
0x00007ffc44760000 - 0x00007ffc44775000 	C:\Program Files\Eclipse Adoptium\jdk-17.0.8.7-hotspot\bin\nio.dll
0x00007ffc44820000 - 0x00007ffc44830000 	C:\Program Files\Eclipse Adoptium\jdk-17.0.8.7-hotspot\bin\verify.dll
0x00007ffc46540000 - 0x00007ffc46567000 	C:\Users\jkhong\.gradle\native\c067742578af261105cb4f569cf0c3c89f3d7b1fecec35dd04571415982c5e48\windows-amd64\native-platform.dll
0x00007ffbe8130000 - 0x00007ffbe8274000 	C:\Users\jkhong\.gradle\native\100fb08df4bc3b14c8652ba06237920a3bd2aa13389f12d3474272988ae205f9\windows-amd64\native-platform-file-events.dll
0x00007ffc46570000 - 0x00007ffc46579000 	C:\Program Files\Eclipse Adoptium\jdk-17.0.8.7-hotspot\bin\management.dll
0x00007ffc46400000 - 0x00007ffc4640b000 	C:\Program Files\Eclipse Adoptium\jdk-17.0.8.7-hotspot\bin\management_ext.dll
0x00007ffc5e500000 - 0x00007ffc5e508000 	C:\WINDOWS\System32\PSAPI.DLL
0x00007ffc5c360000 - 0x00007ffc5c37b000 	C:\WINDOWS\SYSTEM32\CRYPTSP.dll
0x00007ffc5ba70000 - 0x00007ffc5baab000 	C:\WINDOWS\system32\rsaenh.dll
0x00007ffc5c140000 - 0x00007ffc5c16b000 	C:\WINDOWS\SYSTEM32\USERENV.dll
0x00007ffc5cc80000 - 0x00007ffc5cca6000 	C:\WINDOWS\SYSTEM32\bcrypt.dll
0x00007ffc5c380000 - 0x00007ffc5c38c000 	C:\WINDOWS\SYSTEM32\CRYPTBASE.dll
0x00007ffc5b680000 - 0x00007ffc5b6b3000 	C:\WINDOWS\SYSTEM32\IPHLPAPI.DLL
0x00007ffc5eef0000 - 0x00007ffc5eefa000 	C:\WINDOWS\System32\NSI.dll
0x00007ffc4b7b0000 - 0x00007ffc4b7cf000 	C:\WINDOWS\SYSTEM32\dhcpcsvc6.DLL
0x00007ffc4b6b0000 - 0x00007ffc4b6d5000 	C:\WINDOWS\SYSTEM32\dhcpcsvc.DLL
0x00007ffc5b6c0000 - 0x00007ffc5b7e6000 	C:\WINDOWS\SYSTEM32\DNSAPI.dll
0x00007ffc463a0000 - 0x00007ffc463ae000 	C:\Program Files\Eclipse Adoptium\jdk-17.0.8.7-hotspot\bin\sunmscapi.dll
0x00007ffc5d2d0000 - 0x00007ffc5d447000 	C:\WINDOWS\System32\CRYPT32.dll
0x00007ffc5c580000 - 0x00007ffc5c5b0000 	C:\WINDOWS\SYSTEM32\ncrypt.dll
0x00007ffc5c530000 - 0x00007ffc5c56f000 	C:\WINDOWS\SYSTEM32\NTASN1.dll
0x00007ffbd4b40000 - 0x00007ffbd4b48000 	C:\WINDOWS\system32\wshunix.dll

dbghelp: loaded successfully - version: 4.0.5 - missing functions: none
symbol engine: initialized successfully - sym options: 0x614 - pdb path: .;C:\Program Files\Eclipse Adoptium\jdk-17.0.8.7-hotspot\bin;C:\WINDOWS\SYSTEM32;C:\WINDOWS\WinSxS\amd64_microsoft.windows.common-controls_6595b64144ccf1df_6.0.26100.4768_none_3e0c112ce331287c;C:\Program Files\Eclipse Adoptium\jdk-17.0.8.7-hotspot\bin\server;C:\Users\jkhong\.gradle\native\c067742578af261105cb4f569cf0c3c89f3d7b1fecec35dd04571415982c5e48\windows-amd64;C:\Users\jkhong\.gradle\native\100fb08df4bc3b14c8652ba06237920a3bd2aa13389f12d3474272988ae205f9\windows-amd64

VM Arguments:
jvm_args: -XX:MaxMetaspaceSize=256m -XX:+UseSerialGC --add-opens=java.base/java.util=ALL-UNNAMED --add-opens=java.base/java.lang=ALL-UNNAMED --add-opens=java.base/java.lang.invoke=ALL-UNNAMED --add-opens=java.prefs/java.util.prefs=ALL-UNNAMED --add-exports=jdk.compiler/com.sun.tools.javac.api=ALL-UNNAMED --add-exports=jdk.compiler/com.sun.tools.javac.util=ALL-UNNAMED --add-opens=java.base/java.nio.charset=ALL-UNNAMED --add-opens=java.base/java.net=ALL-UNNAMED --add-opens=java.base/java.util.concurrent.atomic=ALL-UNNAMED -Xms256m -Xmx512m -Dfile.encoding=UTF-8 -Duser.country=KR -Duser.language=ko -Duser.variant -javaagent:C:\Users\jkhong\.gradle\wrapper\dists\gradle-8.10.2-bin\a04bxjujx95o3nb99gddekhwo\gradle-8.10.2\lib\agents\gradle-instrumentation-agent-8.10.2.jar 
java_command: org.gradle.launcher.daemon.bootstrap.GradleDaemon 8.10.2
java_class_path (initial): C:\Users\jkhong\.gradle\wrapper\dists\gradle-8.10.2-bin\a04bxjujx95o3nb99gddekhwo\gradle-8.10.2\lib\gradle-daemon-main-8.10.2.jar
Launcher Type: SUN_STANDARD

[Global flags]
     intx CICompilerCount                          = 4                                         {product} {ergonomic}
   size_t CompressedClassSpaceSize                 = 218103808                                 {product} {ergonomic}
   size_t InitialHeapSize                          = 268435456                                 {product} {command line}
   size_t MaxHeapSize                              = 536870912                                 {product} {command line}
   size_t MaxMetaspaceSize                         = 268435456                                 {product} {command line}
   size_t MaxNewSize                               = 178913280                                 {product} {ergonomic}
   size_t MinHeapDeltaBytes                        = 196608                                    {product} {ergonomic}
   size_t MinHeapSize                              = 268435456                                 {product} {command line}
   size_t NewSize                                  = 89456640                                  {product} {ergonomic}
    uintx NonNMethodCodeHeapSize                   = 5839372                                {pd product} {ergonomic}
    uintx NonProfiledCodeHeapSize                  = 122909434                              {pd product} {ergonomic}
   size_t OldSize                                  = 178978816                                 {product} {ergonomic}
    uintx ProfiledCodeHeapSize                     = 122909434                              {pd product} {ergonomic}
    uintx ReservedCodeCacheSize                    = 251658240                              {pd product} {ergonomic}
     bool SegmentedCodeCache                       = true                                      {product} {ergonomic}
   size_t SoftMaxHeapSize                          = 536870912                              {manageable} {ergonomic}
     bool UseCompressedClassPointers               = true                           {product lp64_product} {ergonomic}
     bool UseCompressedOops                        = true                           {product lp64_product} {ergonomic}
     bool UseLargePagesIndividualAllocation        = false                                  {pd product} {ergonomic}
     bool UseSerialGC                              = true                                      {product} {command line}

Logging:
Log output configuration:
 #0: stdout all=warning uptime,level,tags
 #1: stderr all=off uptime,level,tags

Environment Variables:
JAVA_HOME=C:\Program Files\Eclipse Adoptium\jdk-17.0.8.7-hotspot
PATH=c:\Dev_Tools\cursor\resources\app\bin;C:\Python312\Scripts\;C:\Python312\;C:\Program Files\Eclipse Adoptium\jdk-17.0.8.7-hotspot\bin;C:\Program Files (x86)\VMware\VMware Player\bin\;C:\Program Files\AdoptOpenJDK\jdk-8.0.292.10-hotspot\bin;C:\Program Files\AdoptOpenJDK\jdk-11.0.11.9-hotspot\bin;C:\WINDOWS\system32;C:\WINDOWS;C:\WINDOWS\System32\Wbem;C:\WINDOWS\System32\WindowsPowerShell\v1.0\;C:\WINDOWS\System32\OpenSSH\;C:\Program Files (x86)\Microsoft SQL Server\150\DTS\Binn\;C:\Program Files\Azure Data Studio\bin;C:\Program Files (x86)\CrSSL\bin;C:\Program Files\Git\cmd;C:\Program Files\dotnet\;C:\Program Files\nodejs\;C:\ProgramData\chocolatey\bin;C:\Dev_Tools\gradle-8.9\bin;C:\Users\jkhong\AppData\Local\Microsoft\WindowsApps;C:\Program Files\Bandizip\;C:\Program Files\JetBrains\IntelliJ IDEA Community Edition 2023.1.1\bin;;C:\Users\jkhong\AppData\Roaming\npm;C:\Program Files\GitHub CLI\;C:\WINDOWS\system32;C:\WINDOWS;C:\WINDOWS\System32\Wbem;C:\WINDOWS\System32\WindowsPowerShell\v1.0\;C:\WINDOWS\System32\OpenSSH\;C:\Users\jkhong\.jbang\bin;C:\Users\jkhong\AppData\Local\Programs\Microsoft VS Code\bin;D:\Dev_Tools\apache-maven-3.9.6\bin;C:\Users\jkhong\.dotnet\tools;C:\Users\jkhong\AppData\Local\Programs\Kiro\bin
USERNAME=jkhong
OS=Windows_NT
PROCESSOR_IDENTIFIER=Intel64 Family 6 Model 140 Stepping 1, GenuineIntel
TMP=C:\Users\jkhong\AppData\Local\Temp
TEMP=C:\Users\jkhong\AppData\Local\Temp



---------------  S Y S T E M  ---------------

OS:
 Windows 11 , 64 bit Build 26100 (10.0.26100.4768)
OS uptime: 1 days 6:12 hours

CPU: total 8 (initial active 8) (4 cores per cpu, 2 threads per core) family 6 model 140 stepping 1 microcode 0xbc, cx8, cmov, fxsr, ht, mmx, 3dnowpref, sse, sse2, sse3, ssse3, sse4.1, sse4.2, popcnt, lzcnt, tsc, tscinvbit, avx, avx2, aes, erms, clmul, bmi1, bmi2, adx, avx512f, avx512dq, avx512cd, avx512bw, avx512vl, sha, fma, vzeroupper, avx512_vpopcntdq, avx512_vpclmulqdq, avx512_vaes, avx512_vnni, clflush, clflushopt, clwb, avx512_vbmi2, avx512_vbmi
Processor Information for all 8 processors :
  Max Mhz: 2803, Current Mhz: 1201, Mhz Limit: 1177

Memory: 4k page, system-wide physical 16103M (4675M free)
TotalPageFile size 18151M (AvailPageFile size 379M)
current process WorkingSet (physical memory assigned to process): 223M, peak: 227M
current process commit charge ("private bytes"): 375M, peak: 378M

vm_info: OpenJDK 64-Bit Server VM (17.0.8+7) for windows-amd64 JRE (17.0.8+7), built on Jul 18 2023 21:02:32 by "admin" with MS VC++ 16.7 (VS2019)

END.
