#
# There is insufficient memory for the Java Runtime Environment to continue.
# Native memory allocation (malloc) failed to allocate 1057376 bytes. Error detail: Chunk::new
# Possible reasons:
#   The system is out of physical RAM or swap space
#   This process is running with CompressedOops enabled, and the Java Heap may be blocking the growth of the native heap
# Possible solutions:
#   Reduce memory load on the system
#   Increase physical memory or swap space
#   Check if swap backing store is full
#   Decrease Java heap size (-Xmx/-Xms)
#   Decrease number of Java threads
#   Decrease Java thread stack sizes (-Xss)
#   Set larger code cache with -XX:ReservedCodeCacheSize=
#   JVM is running with Unscaled Compressed Oops mode in which the Java heap is
#     placed in the first 4GB address space. The Java Heap base address is the
#     maximum limit for the native heap growth. Please use -XX:HeapBaseMinAddress
#     to set the Java Heap base and to place the Java Heap above 4GB virtual address.
# This output file may be truncated or incomplete.
#
#  Out of Memory Error (arena.cpp:168), pid=23548, tid=34180
#
# JRE version: OpenJDK Runtime Environment Temurin-21.0.8+9 (21.0.8+9) (build 21.0.8+9-LTS)
# Java VM: OpenJDK 64-Bit Server VM Temurin-21.0.8+9 (21.0.8+9-LTS, mixed mode, sharing, tiered, compressed oops, compressed class ptrs, parallel gc, windows-amd64)
# No core dump will be written. Minidumps are not enabled by default on client versions of Windows
#

---------------  S U M M A R Y ------------

Command Line: --add-modules=ALL-SYSTEM --add-opens=java.base/java.util=ALL-UNNAMED --add-opens=java.base/java.lang=ALL-UNNAMED --add-opens=java.base/sun.nio.fs=ALL-UNNAMED -Declipse.application=org.eclipse.jdt.ls.core.id1 -Dosgi.bundles.defaultStartLevel=4 -Declipse.product=org.eclipse.jdt.ls.core.product -Djava.import.generatesMetadataFilesAtProjectRoot=false -DDetectVMInstallationsJob.disabled=true -Dfile.encoding=utf8 -XX:+UseParallelGC -XX:GCTimeRatio=4 -XX:AdaptiveSizePolicyWeight=90 -Dsun.zip.disableMemoryMapping=true -Xmx2G -Xms100m -Xlog:disable -javaagent:c:\Users\jkhong\.vscode\extensions\redhat.java-1.44.0-win32-x64\lombok\lombok-1.18.39-4050.jar -XX:+HeapDumpOnOutOfMemoryError -XX:HeapDumpPath=c:\Users\jkhong\AppData\Roaming\Code\User\workspaceStorage\490a220237a72c4506f0462ee91a1d7a\redhat.java -Daether.dependencyCollector.impl=bf c:\Users\jkhong\.vscode\extensions\redhat.java-1.44.0-win32-x64\server\plugins\org.eclipse.equinox.launcher_1.7.0.v20250519-0528.jar -configuration c:\Users\jkhong\AppData\Roaming\Code\User\globalStorage\redhat.java\1.44.0\config_win -data c:\Users\jkhong\AppData\Roaming\Code\User\workspaceStorage\490a220237a72c4506f0462ee91a1d7a\redhat.java\jdt_ws --pipe=\\.\pipe\lsp-dc561cfbdab3b8cfe23e0eaa3bb1b471-sock

Host: 11th Gen Intel(R) Core(TM) i7-1165G7 @ 2.80GHz, 8 cores, 15G,  Windows 11 , 64 bit Build 26100 (10.0.26100.4768)
Time: Tue Sep  2 12:04:09 2025 elapsed time: 46.094940 seconds (0d 0h 0m 46s)

---------------  T H R E A D  ---------------

Current thread (0x000001c173eb6610):  JavaThread "C2 CompilerThread0" daemon [_thread_in_native, id=34180, stack(0x0000006842100000,0x0000006842200000) (1024K)]


Current CompileTask:
C2:46095 11586   !   4       org.eclipse.jdt.internal.core.util.DeduplicationUtil::intern (149 bytes)

Stack: [0x0000006842100000,0x0000006842200000]
Native frames: (J=compiled Java code, j=interpreted, Vv=VM code, C=native code)
V  [jvm.dll+0x6d2449]
V  [jvm.dll+0x8ae341]
V  [jvm.dll+0x8b08be]
V  [jvm.dll+0x8b0fa3]
V  [jvm.dll+0x280c96]
V  [jvm.dll+0xc581d]
V  [jvm.dll+0xc5d53]
V  [jvm.dll+0x2f539d]
V  [jvm.dll+0x5fa00a]
V  [jvm.dll+0x252092]
V  [jvm.dll+0x25244f]
V  [jvm.dll+0x24ad14]
V  [jvm.dll+0x2483a4]
V  [jvm.dll+0x1c89ee]
V  [jvm.dll+0x257d4d]
V  [jvm.dll+0x2562ea]
V  [jvm.dll+0x3f2d16]
V  [jvm.dll+0x857e6b]
V  [jvm.dll+0x6d0b0d]
C  [ucrtbase.dll+0x37b0]
C  [KERNEL32.DLL+0x2e8d7]
C  [ntdll.dll+0x3c34c]


---------------  P R O C E S S  ---------------

Threads class SMR info:
_java_thread_list=0x000001c15515b2f0, length=83, elements={
0x000001c171b51a40, 0x000001c173e9cf10, 0x000001c173e9f290, 0x000001c173ea4e70,
0x000001c173ea5b60, 0x000001c173eaaeb0, 0x000001c173eb1b50, 0x000001c173eb6610,
0x000001c173eb95a0, 0x000001c17d218ef0, 0x000001c17d3229c0, 0x000001c17d70f510,
0x000001c17dc66220, 0x000001c17db64180, 0x000001c17de76f00, 0x000001c17e21d2c0,
0x000001c17e1eceb0, 0x000001c17e033b00, 0x000001c17e035bd0, 0x000001c17e036260,
0x000001c17e034190, 0x000001c17e034820, 0x000001c17e3b41a0, 0x000001c17e3b4830,
0x000001c17e3b4ec0, 0x000001c17e3b2760, 0x000001c17e3b6270, 0x000001c17e3b2df0,
0x000001c17e3b6900, 0x000001c17e3b5550, 0x000001c17e3b3480, 0x000001c17e3b7cb0,
0x000001c17e3b7620, 0x000001c17e3b9d80, 0x000001c17e3b8340, 0x000001c17e3b6f90,
0x000001c17e3b89d0, 0x000001c17e3b9060, 0x000001c17e3b96f0, 0x000001c17e033470,
0x000001c155002ef0, 0x000001c155002860, 0x000001c1550014b0, 0x000001c155003580,
0x000001c155000790, 0x000001c1550042a0, 0x000001c155004930, 0x000001c155004fc0,
0x000001c155001b40, 0x000001c155005650, 0x000001c155006a00, 0x000001c155007090,
0x000001c155006370, 0x000001c155005ce0, 0x000001c155007720, 0x000001c17e035540,
0x000001c17e674540, 0x000001c17e673190, 0x000001c17e671de0, 0x000001c17e675260,
0x000001c17e6758f0, 0x000001c17e672470, 0x000001c17e675f80, 0x000001c17e672b00,
0x000001c17e678050, 0x000001c17e678d70, 0x000001c17e676ca0, 0x000001c1605cae90,
0x000001c1605cb520, 0x000001c1605c80a0, 0x000001c1605cbbb0, 0x000001c1605c8730,
0x000001c1605cc240, 0x000001c1605ca800, 0x000001c1605c8dc0, 0x000001c1605ca170,
0x000001c1605ccf60, 0x000001c1605cd5f0, 0x000001c1605ce9a0, 0x000001c1605cf6c0,
0x000001c1605cdc80, 0x000001c1575cb770, 0x000001c1605d9080
}

Java Threads: ( => current thread )
  0x000001c171b51a40 JavaThread "main"                              [_thread_blocked, id=33488, stack(0x0000006841700000,0x0000006841800000) (1024K)]
  0x000001c173e9cf10 JavaThread "Reference Handler"          daemon [_thread_blocked, id=10264, stack(0x0000006841b00000,0x0000006841c00000) (1024K)]
  0x000001c173e9f290 JavaThread "Finalizer"                  daemon [_thread_blocked, id=31748, stack(0x0000006841c00000,0x0000006841d00000) (1024K)]
  0x000001c173ea4e70 JavaThread "Signal Dispatcher"          daemon [_thread_blocked, id=31324, stack(0x0000006841d00000,0x0000006841e00000) (1024K)]
  0x000001c173ea5b60 JavaThread "Attach Listener"            daemon [_thread_blocked, id=31332, stack(0x0000006841e00000,0x0000006841f00000) (1024K)]
  0x000001c173eaaeb0 JavaThread "Service Thread"             daemon [_thread_blocked, id=30796, stack(0x0000006841f00000,0x0000006842000000) (1024K)]
  0x000001c173eb1b50 JavaThread "Monitor Deflation Thread"   daemon [_thread_blocked, id=4324, stack(0x0000006842000000,0x0000006842100000) (1024K)]
=>0x000001c173eb6610 JavaThread "C2 CompilerThread0"         daemon [_thread_in_native, id=34180, stack(0x0000006842100000,0x0000006842200000) (1024K)]
  0x000001c173eb95a0 JavaThread "C1 CompilerThread0"         daemon [_thread_blocked, id=3976, stack(0x0000006842200000,0x0000006842300000) (1024K)]
  0x000001c17d218ef0 JavaThread "Common-Cleaner"             daemon [_thread_blocked, id=2576, stack(0x0000006842300000,0x0000006842400000) (1024K)]
  0x000001c17d3229c0 JavaThread "Notification Thread"        daemon [_thread_blocked, id=30480, stack(0x0000006842400000,0x0000006842500000) (1024K)]
  0x000001c17d70f510 JavaThread "Active Thread: Equinox Container: ddef60c6-c48b-43cc-b3a6-933156d28f70"        [_thread_blocked, id=35284, stack(0x0000006842500000,0x0000006842600000) (1024K)]
  0x000001c17dc66220 JavaThread "Refresh Thread: Equinox Container: ddef60c6-c48b-43cc-b3a6-933156d28f70" daemon [_thread_blocked, id=28960, stack(0x0000006842d00000,0x0000006842e00000) (1024K)]
  0x000001c17db64180 JavaThread "Framework Event Dispatcher: Equinox Container: ddef60c6-c48b-43cc-b3a6-933156d28f70" daemon [_thread_blocked, id=31620, stack(0x0000006842e00000,0x0000006842f00000) (1024K)]
  0x000001c17de76f00 JavaThread "Start Level: Equinox Container: ddef60c6-c48b-43cc-b3a6-933156d28f70" daemon [_thread_blocked, id=20128, stack(0x0000006842f00000,0x0000006843000000) (1024K)]
  0x000001c17e21d2c0 JavaThread "Bundle File Closer"         daemon [_thread_blocked, id=28820, stack(0x0000006843100000,0x0000006843200000) (1024K)]
  0x000001c17e1eceb0 JavaThread "SCR Component Actor"        daemon [_thread_blocked, id=4872, stack(0x0000006843000000,0x0000006843100000) (1024K)]
  0x000001c17e033b00 JavaThread "Worker-JM"                         [_thread_blocked, id=35828, stack(0x0000006843300000,0x0000006843400000) (1024K)]
  0x000001c17e035bd0 JavaThread "JNA Cleaner"                daemon [_thread_blocked, id=28368, stack(0x0000006843500000,0x0000006843600000) (1024K)]
  0x000001c17e036260 JavaThread "Worker-0"                          [_thread_blocked, id=31852, stack(0x0000006843600000,0x0000006843700000) (1024K)]
  0x000001c17e034190 JavaThread "Worker-1"                          [_thread_blocked, id=13316, stack(0x0000006843700000,0x0000006843800000) (1024K)]
  0x000001c17e034820 JavaThread "Worker-2"                          [_thread_blocked, id=19148, stack(0x0000006843800000,0x0000006843900000) (1024K)]
  0x000001c17e3b41a0 JavaThread "Worker-3: Initialize workspace"        [_thread_blocked, id=4380, stack(0x0000006843400000,0x0000006843500000) (1024K)]
  0x000001c17e3b4830 JavaThread "Java indexing"              daemon [_thread_blocked, id=10652, stack(0x0000006843b00000,0x0000006843c00000) (1024K)]
  0x000001c17e3b4ec0 JavaThread "Worker-4: Publish Diagnostics"        [_thread_in_vm, id=33188, stack(0x0000006843c00000,0x0000006843d00000) (1024K)]
  0x000001c17e3b2760 JavaThread "Worker-5"                          [_thread_blocked, id=28436, stack(0x0000006843a00000,0x0000006843b00000) (1024K)]
  0x000001c17e3b6270 JavaThread "Worker-6"                          [_thread_blocked, id=35272, stack(0x0000006844000000,0x0000006844100000) (1024K)]
  0x000001c17e3b2df0 JavaThread "Worker-7: Synchronize Gradle projects with workspace"        [_thread_blocked, id=34892, stack(0x0000006844100000,0x0000006844200000) (1024K)]
  0x000001c17e3b6900 JavaThread "Thread-2"                   daemon [_thread_in_native, id=4316, stack(0x0000006844200000,0x0000006844300000) (1024K)]
  0x000001c17e3b5550 JavaThread "Thread-3"                   daemon [_thread_in_native, id=10512, stack(0x0000006844300000,0x0000006844400000) (1024K)]
  0x000001c17e3b3480 JavaThread "Thread-4"                   daemon [_thread_in_native, id=17616, stack(0x0000006844400000,0x0000006844500000) (1024K)]
  0x000001c17e3b7cb0 JavaThread "Thread-5"                   daemon [_thread_in_native, id=29856, stack(0x0000006844500000,0x0000006844600000) (1024K)]
  0x000001c17e3b7620 JavaThread "Thread-6"                   daemon [_thread_in_native, id=27160, stack(0x0000006844600000,0x0000006844700000) (1024K)]
  0x000001c17e3b9d80 JavaThread "Thread-7"                   daemon [_thread_in_native, id=12004, stack(0x0000006844700000,0x0000006844800000) (1024K)]
  0x000001c17e3b8340 JavaThread "Thread-8"                   daemon [_thread_in_native, id=31344, stack(0x0000006844800000,0x0000006844900000) (1024K)]
  0x000001c17e3b6f90 JavaThread "Thread-9"                   daemon [_thread_in_native, id=33160, stack(0x0000006844900000,0x0000006844a00000) (1024K)]
  0x000001c17e3b89d0 JavaThread "Thread-10"                  daemon [_thread_in_native, id=5508, stack(0x0000006844a00000,0x0000006844b00000) (1024K)]
  0x000001c17e3b9060 JavaThread "pool-2-thread-1"                   [_thread_blocked, id=11016, stack(0x0000006844b00000,0x0000006844c00000) (1024K)]
  0x000001c17e3b96f0 JavaThread "Worker-8"                          [_thread_blocked, id=32720, stack(0x0000006844d00000,0x0000006844e00000) (1024K)]
  0x000001c17e033470 JavaThread "Timer-0"                           [_thread_blocked, id=26148, stack(0x0000006844e00000,0x0000006844f00000) (1024K)]
  0x000001c155002ef0 JavaThread "Timer-1"                           [_thread_blocked, id=34012, stack(0x0000006844f00000,0x0000006845000000) (1024K)]
  0x000001c155002860 JavaThread "WorkspaceEventsHandler"            [_thread_blocked, id=15508, stack(0x0000006845100000,0x0000006845200000) (1024K)]
  0x000001c1550014b0 JavaThread "pool-1-thread-1"                   [_thread_blocked, id=25584, stack(0x0000006845200000,0x0000006845300000) (1024K)]
  0x000001c155003580 JavaThread "LocalFile Deleter"          daemon [_thread_blocked, id=30496, stack(0x0000006843200000,0x0000006843300000) (1024K)]
  0x000001c155000790 JavaThread "LocalFile Deleter"          daemon [_thread_blocked, id=25876, stack(0x0000006845300000,0x0000006845400000) (1024K)]
  0x000001c1550042a0 JavaThread "LocalFile Deleter"          daemon [_thread_blocked, id=9916, stack(0x0000006845400000,0x0000006845500000) (1024K)]
  0x000001c155004930 JavaThread "LocalFile Deleter"          daemon [_thread_blocked, id=35772, stack(0x0000006845500000,0x0000006845600000) (1024K)]
  0x000001c155004fc0 JavaThread "LocalFile Deleter"          daemon [_thread_blocked, id=34948, stack(0x0000006845600000,0x0000006845700000) (1024K)]
  0x000001c155001b40 JavaThread "LocalFile Deleter"          daemon [_thread_blocked, id=30864, stack(0x0000006845700000,0x0000006845800000) (1024K)]
  0x000001c155005650 JavaThread "LocalFile Deleter"          daemon [_thread_blocked, id=29304, stack(0x0000006845800000,0x0000006845900000) (1024K)]
  0x000001c155006a00 JavaThread "LocalFile Deleter"          daemon [_thread_blocked, id=34600, stack(0x0000006845900000,0x0000006845a00000) (1024K)]
  0x000001c155007090 JavaThread "Compiler Source File Reader" daemon [_thread_blocked, id=32864, stack(0x0000006845a00000,0x0000006845b00000) (1024K)]
  0x000001c155006370 JavaThread "Compiler Source File Reader" daemon [_thread_blocked, id=28168, stack(0x0000006845b00000,0x0000006845c00000) (1024K)]
  0x000001c155005ce0 JavaThread "Compiler Source File Reader" daemon [_thread_blocked, id=35328, stack(0x0000006845c00000,0x0000006845d00000) (1024K)]
  0x000001c155007720 JavaThread "Compiler Source File Reader" daemon [_thread_blocked, id=20020, stack(0x0000006845d00000,0x0000006845e00000) (1024K)]
  0x000001c17e035540 JavaThread "Compiler Source File Reader" daemon [_thread_blocked, id=18708, stack(0x0000006845e00000,0x0000006845f00000) (1024K)]
  0x000001c17e674540 JavaThread "Compiler Source File Reader" daemon [_thread_blocked, id=35496, stack(0x0000006845f00000,0x0000006846000000) (1024K)]
  0x000001c17e673190 JavaThread "Compiler Processing Task"   daemon [_thread_blocked, id=7784, stack(0x0000006846000000,0x0000006846100000) (1024K)]
  0x000001c17e671de0 JavaThread "Compiler Class File Writer" daemon [_thread_blocked, id=10248, stack(0x0000006846100000,0x0000006846200000) (1024K)]
  0x000001c17e675260 JavaThread "Compiler Class File Writer" daemon [_thread_blocked, id=9832, stack(0x0000006846200000,0x0000006846300000) (1024K)]
  0x000001c17e6758f0 JavaThread "Compiler Class File Writer" daemon [_thread_blocked, id=32532, stack(0x0000006846300000,0x0000006846400000) (1024K)]
  0x000001c17e672470 JavaThread "Compiler Class File Writer" daemon [_thread_blocked, id=26828, stack(0x0000006846400000,0x0000006846500000) (1024K)]
  0x000001c17e675f80 JavaThread "Compiler Class File Writer" daemon [_thread_blocked, id=20180, stack(0x0000006846500000,0x0000006846600000) (1024K)]
  0x000001c17e672b00 JavaThread "Compiler Class File Writer" daemon [_thread_blocked, id=33748, stack(0x0000006846600000,0x0000006846700000) (1024K)]
  0x000001c17e678050 JavaThread "Timer-2"                           [_thread_blocked, id=32272, stack(0x0000006846700000,0x0000006846800000) (1024K)]
  0x000001c17e678d70 JavaThread "Exec process"                      [_thread_blocked, id=18584, stack(0x0000006844c00000,0x0000006844d00000) (1024K)]
  0x000001c17e676ca0 JavaThread "Exec process Thread 2"             [_thread_blocked, id=17032, stack(0x0000006846900000,0x0000006846a00000) (1024K)]
  0x000001c1605cae90 JavaThread "Exec process Thread 3"             [_thread_blocked, id=30836, stack(0x0000006846a00000,0x0000006846b00000) (1024K)]
  0x000001c1605cb520 JavaThread "Timer-3"                           [_thread_blocked, id=19516, stack(0x0000006843900000,0x0000006843a00000) (1024K)]
  0x000001c1605c80a0 JavaThread "Timer-4"                           [_thread_blocked, id=30240, stack(0x0000006845000000,0x0000006845100000) (1024K)]
  0x000001c1605cbbb0 JavaThread "Timer-5"                           [_thread_blocked, id=21104, stack(0x0000006846800000,0x0000006846900000) (1024K)]
  0x000001c1605c8730 JavaThread "Timer-6"                           [_thread_blocked, id=14300, stack(0x0000006846c00000,0x0000006846d00000) (1024K)]
  0x000001c1605cc240 JavaThread "Timer-7"                           [_thread_blocked, id=28632, stack(0x0000006846d00000,0x0000006846e00000) (1024K)]
  0x000001c1605ca800 JavaThread "ForkJoinPool.commonPool-worker-1" daemon [_thread_blocked, id=5308, stack(0x0000006847100000,0x0000006847200000) (1024K)]
  0x000001c1605c8dc0 JavaThread "Timer-8"                           [_thread_blocked, id=14020, stack(0x0000006846b00000,0x0000006846c00000) (1024K)]
  0x000001c1605ca170 JavaThread "Timer-9"                           [_thread_blocked, id=19132, stack(0x0000006846e00000,0x0000006846f00000) (1024K)]
  0x000001c1605ccf60 JavaThread "Timer-10"                          [_thread_blocked, id=33168, stack(0x0000006846f00000,0x0000006847000000) (1024K)]
  0x000001c1605cd5f0 JavaThread "Timer-11"                          [_thread_blocked, id=13612, stack(0x0000006847300000,0x0000006847400000) (1024K)]
  0x000001c1605ce9a0 JavaThread "Timer-12"                          [_thread_blocked, id=14304, stack(0x0000006847200000,0x0000006847300000) (1024K)]
  0x000001c1605cf6c0 JavaThread "Connection worker"                 [_thread_in_native, id=21680, stack(0x0000006847400000,0x0000006847500000) (1024K)]
  0x000001c1605cdc80 JavaThread "pool-5-thread-1"                   [_thread_blocked, id=33552, stack(0x0000006847500000,0x0000006847600000) (1024K)]
  0x000001c1575cb770 JavaThread "C2 CompilerThread1"         daemon [_thread_in_native, id=35528, stack(0x0000006847600000,0x0000006847700000) (1024K)]
  0x000001c1605d9080 JavaThread "C2 CompilerThread2"         daemon [_thread_in_native, id=33564, stack(0x0000006847700000,0x0000006847800000) (1024K)]
Total: 83

Other Threads:
  0x000001c173e93ba0 VMThread "VM Thread"                           [id=28420, stack(0x0000006841a00000,0x0000006841b00000) (1024K)]
  0x000001c173f98d70 WatcherThread "VM Periodic Task Thread"        [id=12284, stack(0x0000006841900000,0x0000006841a00000) (1024K)]
  0x000001c173f49640 WorkerThread "GC Thread#0"                     [id=35744, stack(0x0000006841800000,0x0000006841900000) (1024K)]
  0x000001c17d9f11e0 WorkerThread "GC Thread#1"                     [id=14720, stack(0x0000006842600000,0x0000006842700000) (1024K)]
  0x000001c17d850fc0 WorkerThread "GC Thread#2"                     [id=13292, stack(0x0000006842700000,0x0000006842800000) (1024K)]
  0x000001c17d851360 WorkerThread "GC Thread#3"                     [id=13396, stack(0x0000006842800000,0x0000006842900000) (1024K)]
  0x000001c17dc34020 WorkerThread "GC Thread#4"                     [id=29732, stack(0x0000006842900000,0x0000006842a00000) (1024K)]
  0x000001c17dc343c0 WorkerThread "GC Thread#5"                     [id=9104, stack(0x0000006842a00000,0x0000006842b00000) (1024K)]
  0x000001c17dd4e560 WorkerThread "GC Thread#6"                     [id=28560, stack(0x0000006842b00000,0x0000006842c00000) (1024K)]
  0x000001c17dc65930 WorkerThread "GC Thread#7"                     [id=6304, stack(0x0000006842c00000,0x0000006842d00000) (1024K)]
Total: 10

Threads with active compile tasks:
C2 CompilerThread0  47030 11586   !   4       org.eclipse.jdt.internal.core.util.DeduplicationUtil::intern (149 bytes)
C2 CompilerThread1  47030 11589       4       org.eclipse.jdt.internal.core.JarPackageFragmentRoot::initRawPackageInfo (292 bytes)
C2 CompilerThread2  47031 11602       4       java.util.zip.ZipFile$Source::initCEN (612 bytes)
Total: 3

VM state: not at safepoint (normal execution)

VM Mutex/Monitor currently owned by a thread: None

Heap address: 0x0000000080000000, size: 2048 MB, Compressed Oops mode: 32-bit

CDS archive(s) mapped at: [0x000001c10f000000-0x000001c10fba0000-0x000001c10fba0000), size 12189696, SharedBaseAddress: 0x000001c10f000000, ArchiveRelocationMode: 1.
Compressed class space mapped at: 0x000001c110000000-0x000001c150000000, reserved size: 1073741824
Narrow klass base: 0x000001c10f000000, Narrow klass shift: 0, Narrow klass range: 0x100000000

GC Precious Log:
 CardTable entry size: 512
 CPUs: 8 total, 8 available
 Memory: 16103M
 Large Page Support: Disabled
 NUMA Support: Disabled
 Compressed Oops: Enabled (32-bit)
 Alignments: Space 512K, Generation 512K, Heap 2M
 Heap Min Capacity: 100M
 Heap Initial Capacity: 100M
 Heap Max Capacity: 2G
 Pre-touch: Disabled
 Parallel Workers: 8

Heap:
 PSYoungGen      total 5120K, used 3230K [0x00000000d5580000, 0x00000000d5c80000, 0x0000000100000000)
  eden space 4608K, 67% used [0x00000000d5580000,0x00000000d58878c8,0x00000000d5a00000)
  from space 512K, 25% used [0x00000000d5b80000,0x00000000d5ba0000,0x00000000d5c00000)
  to   space 512K, 0% used [0x00000000d5c00000,0x00000000d5c00000,0x00000000d5c80000)
 ParOldGen       total 434176K, used 433812K [0x0000000080000000, 0x000000009a800000, 0x00000000d5580000)
  object space 434176K, 99% used [0x0000000080000000,0x000000009a7a5028,0x000000009a800000)
 Metaspace       used 79153K, committed 80768K, reserved 1179648K
  class space    used 9576K, committed 10304K, reserved 1048576K

Card table byte_map: [0x000001c1738c0000,0x000001c173cd0000] _byte_map_base: 0x000001c1734c0000

Marking Bits: (ParMarkBitMap*) 0x00007fff1257a340
 Begin Bits: [0x000001c1773c0000, 0x000001c1793c0000)
 End Bits:   [0x000001c1793c0000, 0x000001c17b3c0000)

Polling page: 0x000001c171da0000

Metaspace:

Usage:
  Non-class:     67.95 MB used.
      Class:      9.35 MB used.
       Both:     77.30 MB used.

Virtual space:
  Non-class space:      128.00 MB reserved,      68.81 MB ( 54%) committed,  2 nodes.
      Class space:        1.00 GB reserved,      10.06 MB ( <1%) committed,  1 nodes.
             Both:        1.12 GB reserved,      78.88 MB (  7%) committed. 

Chunk freelists:
   Non-Class:  10.38 MB
       Class:  5.91 MB
        Both:  16.28 MB

MaxMetaspaceSize: unlimited
CompressedClassSpaceSize: 1.00 GB
Initial GC threshold: 21.00 MB
Current GC threshold: 97.31 MB
CDS: on
 - commit_granule_bytes: 65536.
 - commit_granule_words: 8192.
 - virtual_space_node_default_size: 8388608.
 - enlarge_chunks_in_place: 1.
 - use_allocation_guard: 0.


Internal statistics:

num_allocs_failed_limit: 9.
num_arena_births: 1502.
num_arena_deaths: 22.
num_vsnodes_births: 3.
num_vsnodes_deaths: 0.
num_space_committed: 1262.
num_space_uncommitted: 0.
num_chunks_returned_to_freelist: 33.
num_chunks_taken_from_freelist: 5371.
num_chunk_merges: 16.
num_chunk_splits: 3226.
num_chunks_enlarged: 1714.
num_inconsistent_stats: 0.

CodeHeap 'non-profiled nmethods': size=120000Kb used=10297Kb max_used=10297Kb free=109702Kb
 bounds [0x000001c107ad0000, 0x000001c1084e0000, 0x000001c10f000000]
CodeHeap 'profiled nmethods': size=120000Kb used=24613Kb max_used=24613Kb free=95386Kb
 bounds [0x000001c100000000, 0x000001c101810000, 0x000001c107530000]
CodeHeap 'non-nmethods': size=5760Kb used=1459Kb max_used=1514Kb free=4300Kb
 bounds [0x000001c107530000, 0x000001c1077a0000, 0x000001c107ad0000]
CodeCache: size=245760Kb, used=36369Kb, max_used=36424Kb, free=209388Kb
 total_blobs=11520, nmethods=10752, adapters=673, full_count=0
Compilation: enabled, stopped_count=0, restarted_count=0

Compilation events (20 events):
Event: 43.902 Thread 0x000001c173eb95a0 nmethod 11585 0x000001c101805910 code [0x000001c101805aa0, 0x000001c101805b98]
Event: 43.903 Thread 0x000001c173eb95a0 11582       3       java.text.MessageFormat::format (12 bytes)
Event: 43.903 Thread 0x000001c173eb95a0 nmethod 11582 0x000001c101805c10 code [0x000001c101805dc0, 0x000001c101805ff8]
Event: 43.903 Thread 0x000001c173eb95a0 11588       1       java.net.URI::getRawPath (5 bytes)
Event: 43.903 Thread 0x000001c173eb95a0 nmethod 11588 0x000001c1084d9b90 code [0x000001c1084d9d20, 0x000001c1084d9de8]
Event: 43.925 Thread 0x000001c173eb95a0 11590       1       org.eclipse.jdt.internal.core.util.WeakHashSet$HashableWeakReference::hashCode (5 bytes)
Event: 43.925 Thread 0x000001c173eb95a0 nmethod 11590 0x000001c1084d9e90 code [0x000001c1084da020, 0x000001c1084da0e8]
Event: 43.934 Thread 0x000001c173eb95a0 11592       3       java.text.MessageFormat::format (15 bytes)
Event: 43.934 Thread 0x000001c173eb95a0 nmethod 11592 0x000001c101806110 code [0x000001c1018062c0, 0x000001c101806498]
Event: 43.950 Thread 0x000001c173eb95a0 11596       3       org.eclipse.jdt.internal.core.util.Util::equalArraysOrNull (72 bytes)
Event: 43.951 Thread 0x000001c173eb95a0 nmethod 11596 0x000001c101806590 code [0x000001c101806780, 0x000001c101806c80]
Event: 43.951 Thread 0x000001c1575cb770 11594       4       java.util.ArrayList::equalsRange (85 bytes)
Event: 43.990 Thread 0x000001c1575cb770 nmethod 11594 0x000001c1084da190 code [0x000001c1084da3e0, 0x000001c1084daf80]
Event: 43.990 Thread 0x000001c1575cb770 11589       4       org.eclipse.jdt.internal.core.JarPackageFragmentRoot::initRawPackageInfo (292 bytes)
Event: 44.017 Thread 0x000001c173eb95a0 11598       3       java.text.AttributedCharacterIterator$Attribute::equals (6 bytes)
Event: 44.018 Thread 0x000001c173eb95a0 nmethod 11598 0x000001c101806e10 code [0x000001c101806fc0, 0x000001c101807180]
Event: 44.018 Thread 0x000001c173eb95a0 11600       3       org.eclipse.core.runtime.Status::<init> (48 bytes)
Event: 44.028 Thread 0x000001c173eb95a0 nmethod 11600 0x000001c101807210 code [0x000001c101807440, 0x000001c101807e48]
Event: 44.156 Thread 0x000001c173eb95a0 11601       3       org.gradle.internal.logging.sink.GroupingProgressLogEventGenerator$OperationState::maybeFlushOutput (1 bytes)
Event: 45.068 Thread 0x000001c173eb95a0 nmethod 11601 0x000001c101808190 code [0x000001c101808320, 0x000001c101808428]

GC Heap History (20 events):
Event: 42.392 GC heap before
{Heap before GC invocations=351 (full 3):
 PSYoungGen      total 6656K, used 4864K [0x00000000d5580000, 0x00000000d5d00000, 0x0000000100000000)
  eden space 4608K, 100% used [0x00000000d5580000,0x00000000d5a00000,0x00000000d5a00000)
  from space 2048K, 12% used [0x00000000d5a00000,0x00000000d5a40000,0x00000000d5c00000)
  to   space 1024K, 0% used [0x00000000d5c00000,0x00000000d5c00000,0x00000000d5d00000)
 ParOldGen       total 432128K, used 431753K [0x0000000080000000, 0x000000009a600000, 0x00000000d5580000)
  object space 432128K, 99% used [0x0000000080000000,0x000000009a5a25b8,0x000000009a600000)
 Metaspace       used 78465K, committed 80064K, reserved 1179648K
  class space    used 9506K, committed 10176K, reserved 1048576K
}
Event: 42.394 GC heap after
{Heap after GC invocations=351 (full 3):
 PSYoungGen      total 5120K, used 320K [0x00000000d5580000, 0x00000000d5c80000, 0x0000000100000000)
  eden space 4608K, 0% used [0x00000000d5580000,0x00000000d5580000,0x00000000d5a00000)
  from space 512K, 62% used [0x00000000d5c00000,0x00000000d5c50000,0x00000000d5c80000)
  to   space 512K, 0% used [0x00000000d5b80000,0x00000000d5b80000,0x00000000d5c00000)
 ParOldGen       total 432128K, used 431833K [0x0000000080000000, 0x000000009a600000, 0x00000000d5580000)
  object space 432128K, 99% used [0x0000000080000000,0x000000009a5b65b8,0x000000009a600000)
 Metaspace       used 78465K, committed 80064K, reserved 1179648K
  class space    used 9506K, committed 10176K, reserved 1048576K
}
Event: 42.595 GC heap before
{Heap before GC invocations=352 (full 3):
 PSYoungGen      total 5120K, used 4927K [0x00000000d5580000, 0x00000000d5c80000, 0x0000000100000000)
  eden space 4608K, 99% used [0x00000000d5580000,0x00000000d59fffe8,0x00000000d5a00000)
  from space 512K, 62% used [0x00000000d5c00000,0x00000000d5c50000,0x00000000d5c80000)
  to   space 512K, 0% used [0x00000000d5b80000,0x00000000d5b80000,0x00000000d5c00000)
 ParOldGen       total 432128K, used 431833K [0x0000000080000000, 0x000000009a600000, 0x00000000d5580000)
  object space 432128K, 99% used [0x0000000080000000,0x000000009a5b65b8,0x000000009a600000)
 Metaspace       used 78740K, committed 80320K, reserved 1179648K
  class space    used 9540K, committed 10240K, reserved 1048576K
}
Event: 42.596 GC heap after
{Heap after GC invocations=352 (full 3):
 PSYoungGen      total 5120K, used 435K [0x00000000d5580000, 0x00000000d5c80000, 0x0000000100000000)
  eden space 4608K, 0% used [0x00000000d5580000,0x00000000d5580000,0x00000000d5a00000)
  from space 512K, 85% used [0x00000000d5b80000,0x00000000d5becd40,0x00000000d5c00000)
  to   space 512K, 0% used [0x00000000d5c00000,0x00000000d5c00000,0x00000000d5c80000)
 ParOldGen       total 432128K, used 431989K [0x0000000080000000, 0x000000009a600000, 0x00000000d5580000)
  object space 432128K, 99% used [0x0000000080000000,0x000000009a5dd778,0x000000009a600000)
 Metaspace       used 78740K, committed 80320K, reserved 1179648K
  class space    used 9540K, committed 10240K, reserved 1048576K
}
Event: 42.831 GC heap before
{Heap before GC invocations=353 (full 3):
 PSYoungGen      total 5120K, used 5043K [0x00000000d5580000, 0x00000000d5c80000, 0x0000000100000000)
  eden space 4608K, 100% used [0x00000000d5580000,0x00000000d5a00000,0x00000000d5a00000)
  from space 512K, 85% used [0x00000000d5b80000,0x00000000d5becd40,0x00000000d5c00000)
  to   space 512K, 0% used [0x00000000d5c00000,0x00000000d5c00000,0x00000000d5c80000)
 ParOldGen       total 432128K, used 431989K [0x0000000080000000, 0x000000009a600000, 0x00000000d5580000)
  object space 432128K, 99% used [0x0000000080000000,0x000000009a5dd778,0x000000009a600000)
 Metaspace       used 78937K, committed 80512K, reserved 1179648K
  class space    used 9558K, committed 10240K, reserved 1048576K
}
Event: 42.833 GC heap after
{Heap after GC invocations=353 (full 3):
 PSYoungGen      total 5120K, used 272K [0x00000000d5580000, 0x00000000d5c80000, 0x0000000100000000)
  eden space 4608K, 0% used [0x00000000d5580000,0x00000000d5580000,0x00000000d5a00000)
  from space 512K, 53% used [0x00000000d5c00000,0x00000000d5c44010,0x00000000d5c80000)
  to   space 512K, 0% used [0x00000000d5b80000,0x00000000d5b80000,0x00000000d5c00000)
 ParOldGen       total 432640K, used 432225K [0x0000000080000000, 0x000000009a680000, 0x00000000d5580000)
  object space 432640K, 99% used [0x0000000080000000,0x000000009a618468,0x000000009a680000)
 Metaspace       used 78937K, committed 80512K, reserved 1179648K
  class space    used 9558K, committed 10240K, reserved 1048576K
}
Event: 42.896 GC heap before
{Heap before GC invocations=354 (full 3):
 PSYoungGen      total 5120K, used 4880K [0x00000000d5580000, 0x00000000d5c80000, 0x0000000100000000)
  eden space 4608K, 100% used [0x00000000d5580000,0x00000000d5a00000,0x00000000d5a00000)
  from space 512K, 53% used [0x00000000d5c00000,0x00000000d5c44010,0x00000000d5c80000)
  to   space 512K, 0% used [0x00000000d5b80000,0x00000000d5b80000,0x00000000d5c00000)
 ParOldGen       total 432640K, used 432225K [0x0000000080000000, 0x000000009a680000, 0x00000000d5580000)
  object space 432640K, 99% used [0x0000000080000000,0x000000009a618468,0x000000009a680000)
 Metaspace       used 78937K, committed 80512K, reserved 1179648K
  class space    used 9558K, committed 10240K, reserved 1048576K
}
Event: 42.897 GC heap after
{Heap after GC invocations=354 (full 3):
 PSYoungGen      total 5120K, used 192K [0x00000000d5580000, 0x00000000d5c80000, 0x0000000100000000)
  eden space 4608K, 0% used [0x00000000d5580000,0x00000000d5580000,0x00000000d5a00000)
  from space 512K, 37% used [0x00000000d5b80000,0x00000000d5bb0000,0x00000000d5c00000)
  to   space 512K, 0% used [0x00000000d5c00000,0x00000000d5c00000,0x00000000d5c80000)
 ParOldGen       total 432640K, used 432321K [0x0000000080000000, 0x000000009a680000, 0x00000000d5580000)
  object space 432640K, 99% used [0x0000000080000000,0x000000009a630488,0x000000009a680000)
 Metaspace       used 78937K, committed 80512K, reserved 1179648K
  class space    used 9558K, committed 10240K, reserved 1048576K
}
Event: 43.692 GC heap before
{Heap before GC invocations=355 (full 3):
 PSYoungGen      total 5120K, used 4800K [0x00000000d5580000, 0x00000000d5c80000, 0x0000000100000000)
  eden space 4608K, 100% used [0x00000000d5580000,0x00000000d5a00000,0x00000000d5a00000)
  from space 512K, 37% used [0x00000000d5b80000,0x00000000d5bb0000,0x00000000d5c00000)
  to   space 512K, 0% used [0x00000000d5c00000,0x00000000d5c00000,0x00000000d5c80000)
 ParOldGen       total 432640K, used 432321K [0x0000000080000000, 0x000000009a680000, 0x00000000d5580000)
  object space 432640K, 99% used [0x0000000080000000,0x000000009a630488,0x000000009a680000)
 Metaspace       used 79085K, committed 80768K, reserved 1179648K
  class space    used 9571K, committed 10304K, reserved 1048576K
}
Event: 43.694 GC heap after
{Heap after GC invocations=355 (full 3):
 PSYoungGen      total 5120K, used 480K [0x00000000d5580000, 0x00000000d5c80000, 0x0000000100000000)
  eden space 4608K, 0% used [0x00000000d5580000,0x00000000d5580000,0x00000000d5a00000)
  from space 512K, 93% used [0x00000000d5c00000,0x00000000d5c78020,0x00000000d5c80000)
  to   space 1024K, 0% used [0x00000000d5a80000,0x00000000d5a80000,0x00000000d5b80000)
 ParOldGen       total 432640K, used 432329K [0x0000000080000000, 0x000000009a680000, 0x00000000d5580000)
  object space 432640K, 99% used [0x0000000080000000,0x000000009a632488,0x000000009a680000)
 Metaspace       used 79085K, committed 80768K, reserved 1179648K
  class space    used 9571K, committed 10304K, reserved 1048576K
}
Event: 43.831 GC heap before
{Heap before GC invocations=356 (full 3):
 PSYoungGen      total 5120K, used 5088K [0x00000000d5580000, 0x00000000d5c80000, 0x0000000100000000)
  eden space 4608K, 100% used [0x00000000d5580000,0x00000000d5a00000,0x00000000d5a00000)
  from space 512K, 93% used [0x00000000d5c00000,0x00000000d5c78020,0x00000000d5c80000)
  to   space 1024K, 0% used [0x00000000d5a80000,0x00000000d5a80000,0x00000000d5b80000)
 ParOldGen       total 432640K, used 432329K [0x0000000080000000, 0x000000009a680000, 0x00000000d5580000)
  object space 432640K, 99% used [0x0000000080000000,0x000000009a632488,0x000000009a680000)
 Metaspace       used 79137K, committed 80768K, reserved 1179648K
  class space    used 9574K, committed 10304K, reserved 1048576K
}
Event: 43.843 GC heap after
{Heap after GC invocations=356 (full 3):
 PSYoungGen      total 5632K, used 421K [0x00000000d5580000, 0x00000000d5c80000, 0x0000000100000000)
  eden space 4608K, 0% used [0x00000000d5580000,0x00000000d5580000,0x00000000d5a00000)
  from space 1024K, 41% used [0x00000000d5a80000,0x00000000d5ae9758,0x00000000d5b80000)
  to   space 512K, 0% used [0x00000000d5c00000,0x00000000d5c00000,0x00000000d5c80000)
 ParOldGen       total 432640K, used 432625K [0x0000000080000000, 0x000000009a680000, 0x00000000d5580000)
  object space 432640K, 99% used [0x0000000080000000,0x000000009a67c4a8,0x000000009a680000)
 Metaspace       used 79137K, committed 80768K, reserved 1179648K
  class space    used 9574K, committed 10304K, reserved 1048576K
}
Event: 43.887 GC heap before
{Heap before GC invocations=357 (full 3):
 PSYoungGen      total 5632K, used 5029K [0x00000000d5580000, 0x00000000d5c80000, 0x0000000100000000)
  eden space 4608K, 100% used [0x00000000d5580000,0x00000000d5a00000,0x00000000d5a00000)
  from space 1024K, 41% used [0x00000000d5a80000,0x00000000d5ae9758,0x00000000d5b80000)
  to   space 512K, 0% used [0x00000000d5c00000,0x00000000d5c00000,0x00000000d5c80000)
 ParOldGen       total 432640K, used 432625K [0x0000000080000000, 0x000000009a680000, 0x00000000d5580000)
  object space 432640K, 99% used [0x0000000080000000,0x000000009a67c4a8,0x000000009a680000)
 Metaspace       used 79138K, committed 80768K, reserved 1179648K
  class space    used 9574K, committed 10304K, reserved 1048576K
}
Event: 43.889 GC heap after
{Heap after GC invocations=357 (full 3):
 PSYoungGen      total 5120K, used 265K [0x00000000d5580000, 0x00000000d5c80000, 0x0000000100000000)
  eden space 4608K, 0% used [0x00000000d5580000,0x00000000d5580000,0x00000000d5a00000)
  from space 512K, 51% used [0x00000000d5c00000,0x00000000d5c42440,0x00000000d5c80000)
  to   space 512K, 0% used [0x00000000d5b80000,0x00000000d5b80000,0x00000000d5c00000)
 ParOldGen       total 433152K, used 432885K [0x0000000080000000, 0x000000009a700000, 0x00000000d5580000)
  object space 433152K, 99% used [0x0000000080000000,0x000000009a6bd7c8,0x000000009a700000)
 Metaspace       used 79138K, committed 80768K, reserved 1179648K
  class space    used 9574K, committed 10304K, reserved 1048576K
}
Event: 43.937 GC heap before
{Heap before GC invocations=358 (full 3):
 PSYoungGen      total 5120K, used 4873K [0x00000000d5580000, 0x00000000d5c80000, 0x0000000100000000)
  eden space 4608K, 100% used [0x00000000d5580000,0x00000000d5a00000,0x00000000d5a00000)
  from space 512K, 51% used [0x00000000d5c00000,0x00000000d5c42440,0x00000000d5c80000)
  to   space 512K, 0% used [0x00000000d5b80000,0x00000000d5b80000,0x00000000d5c00000)
 ParOldGen       total 433152K, used 432885K [0x0000000080000000, 0x000000009a700000, 0x00000000d5580000)
  object space 433152K, 99% used [0x0000000080000000,0x000000009a6bd7c8,0x000000009a700000)
 Metaspace       used 79142K, committed 80768K, reserved 1179648K
  class space    used 9574K, committed 10304K, reserved 1048576K
}
Event: 43.939 GC heap after
{Heap after GC invocations=358 (full 3):
 PSYoungGen      total 5120K, used 387K [0x00000000d5580000, 0x00000000d5c80000, 0x0000000100000000)
  eden space 4608K, 0% used [0x00000000d5580000,0x00000000d5580000,0x00000000d5a00000)
  from space 512K, 75% used [0x00000000d5b80000,0x00000000d5be0c98,0x00000000d5c00000)
  to   space 512K, 0% used [0x00000000d5c00000,0x00000000d5c00000,0x00000000d5c80000)
 ParOldGen       total 433152K, used 433029K [0x0000000080000000, 0x000000009a700000, 0x00000000d5580000)
  object space 433152K, 99% used [0x0000000080000000,0x000000009a6e1728,0x000000009a700000)
 Metaspace       used 79142K, committed 80768K, reserved 1179648K
  class space    used 9574K, committed 10304K, reserved 1048576K
}
Event: 43.996 GC heap before
{Heap before GC invocations=359 (full 3):
 PSYoungGen      total 5120K, used 4995K [0x00000000d5580000, 0x00000000d5c80000, 0x0000000100000000)
  eden space 4608K, 100% used [0x00000000d5580000,0x00000000d5a00000,0x00000000d5a00000)
  from space 512K, 75% used [0x00000000d5b80000,0x00000000d5be0c98,0x00000000d5c00000)
  to   space 512K, 0% used [0x00000000d5c00000,0x00000000d5c00000,0x00000000d5c80000)
 ParOldGen       total 433152K, used 433029K [0x0000000080000000, 0x000000009a700000, 0x00000000d5580000)
  object space 433152K, 99% used [0x0000000080000000,0x000000009a6e1728,0x000000009a700000)
 Metaspace       used 79142K, committed 80768K, reserved 1179648K
  class space    used 9574K, committed 10304K, reserved 1048576K
}
Event: 43.998 GC heap after
{Heap after GC invocations=359 (full 3):
 PSYoungGen      total 5120K, used 371K [0x00000000d5580000, 0x00000000d5c80000, 0x0000000100000000)
  eden space 4608K, 0% used [0x00000000d5580000,0x00000000d5580000,0x00000000d5a00000)
  from space 512K, 72% used [0x00000000d5c00000,0x00000000d5c5ce88,0x00000000d5c80000)
  to   space 512K, 0% used [0x00000000d5b80000,0x00000000d5b80000,0x00000000d5c00000)
 ParOldGen       total 433664K, used 433186K [0x0000000080000000, 0x000000009a780000, 0x00000000d5580000)
  object space 433664K, 99% used [0x0000000080000000,0x000000009a708878,0x000000009a780000)
 Metaspace       used 79142K, committed 80768K, reserved 1179648K
  class space    used 9574K, committed 10304K, reserved 1048576K
}
Event: 44.008 GC heap before
{Heap before GC invocations=360 (full 3):
 PSYoungGen      total 5120K, used 4979K [0x00000000d5580000, 0x00000000d5c80000, 0x0000000100000000)
  eden space 4608K, 100% used [0x00000000d5580000,0x00000000d5a00000,0x00000000d5a00000)
  from space 512K, 72% used [0x00000000d5c00000,0x00000000d5c5ce88,0x00000000d5c80000)
  to   space 512K, 0% used [0x00000000d5b80000,0x00000000d5b80000,0x00000000d5c00000)
 ParOldGen       total 433664K, used 433186K [0x0000000080000000, 0x000000009a780000, 0x00000000d5580000)
  object space 433664K, 99% used [0x0000000080000000,0x000000009a708878,0x000000009a780000)
 Metaspace       used 79142K, committed 80768K, reserved 1179648K
  class space    used 9574K, committed 10304K, reserved 1048576K
}
Event: 44.011 GC heap after
{Heap after GC invocations=360 (full 3):
 PSYoungGen      total 5120K, used 128K [0x00000000d5580000, 0x00000000d5c80000, 0x0000000100000000)
  eden space 4608K, 0% used [0x00000000d5580000,0x00000000d5580000,0x00000000d5a00000)
  from space 512K, 25% used [0x00000000d5b80000,0x00000000d5ba0000,0x00000000d5c00000)
  to   space 512K, 0% used [0x00000000d5c00000,0x00000000d5c00000,0x00000000d5c80000)
 ParOldGen       total 433664K, used 433437K [0x0000000080000000, 0x000000009a780000, 0x00000000d5580000)
  object space 433664K, 99% used [0x0000000080000000,0x000000009a747500,0x000000009a780000)
 Metaspace       used 79142K, committed 80768K, reserved 1179648K
  class space    used 9574K, committed 10304K, reserved 1048576K
}

Dll operation events (15 events):
Event: 0.094 Loaded shared library c:\Users\jkhong\.vscode\extensions\redhat.java-1.44.0-win32-x64\jre\21.0.8-win32-x86_64\bin\java.dll
Event: 0.232 Loaded shared library c:\Users\jkhong\.vscode\extensions\redhat.java-1.44.0-win32-x64\jre\21.0.8-win32-x86_64\bin\zip.dll
Event: 0.404 Loaded shared library C:\Users\jkhong\.vscode\extensions\redhat.java-1.44.0-win32-x64\jre\21.0.8-win32-x86_64\bin\instrument.dll
Event: 0.413 Loaded shared library C:\Users\jkhong\.vscode\extensions\redhat.java-1.44.0-win32-x64\jre\21.0.8-win32-x86_64\bin\net.dll
Event: 0.418 Loaded shared library C:\Users\jkhong\.vscode\extensions\redhat.java-1.44.0-win32-x64\jre\21.0.8-win32-x86_64\bin\nio.dll
Event: 0.423 Loaded shared library C:\Users\jkhong\.vscode\extensions\redhat.java-1.44.0-win32-x64\jre\21.0.8-win32-x86_64\bin\zip.dll
Event: 0.489 Loaded shared library C:\Users\jkhong\.vscode\extensions\redhat.java-1.44.0-win32-x64\jre\21.0.8-win32-x86_64\bin\jimage.dll
Event: 0.720 Loaded shared library c:\Users\jkhong\.vscode\extensions\redhat.java-1.44.0-win32-x64\jre\21.0.8-win32-x86_64\bin\verify.dll
Event: 3.926 Loaded shared library C:\Users\jkhong\AppData\Roaming\Code\User\globalStorage\redhat.java\1.44.0\config_win\org.eclipse.equinox.launcher\org.eclipse.equinox.launcher.win32.win32.x86_64_1.2.1400.v20250730-1736\eclipse_11913.dll
Event: 7.999 Loaded shared library C:\Users\jkhong\AppData\Local\Temp\jna--1158252095\jna2056021144367068189.dll
Event: 16.919 Loaded shared library C:\Users\jkhong\.gradle\native\c067742578af261105cb4f569cf0c3c89f3d7b1fecec35dd04571415982c5e48\windows-amd64\native-platform.dll
Event: 24.455 Loaded shared library C:\Users\jkhong\.vscode\extensions\redhat.java-1.44.0-win32-x64\jre\21.0.8-win32-x86_64\bin\management.dll
Event: 24.498 Loaded shared library C:\Users\jkhong\.vscode\extensions\redhat.java-1.44.0-win32-x64\jre\21.0.8-win32-x86_64\bin\management_ext.dll
Event: 33.082 Loaded shared library C:\Users\jkhong\.vscode\extensions\redhat.java-1.44.0-win32-x64\jre\21.0.8-win32-x86_64\bin\extnet.dll
Event: 33.279 Loaded shared library C:\Users\jkhong\.vscode\extensions\redhat.java-1.44.0-win32-x64\jre\21.0.8-win32-x86_64\bin\sunmscapi.dll

Deoptimization events (20 events):
Event: 43.872 Thread 0x000001c17e3b4ec0 DEOPT PACKING pc=0x000001c1017bd0ce sp=0x0000006843cfe160
Event: 43.872 Thread 0x000001c17e3b4ec0 DEOPT UNPACKING pc=0x000001c1075878e2 sp=0x0000006843cfd6e0 mode 0
Event: 43.873 Thread 0x000001c17e3b4ec0 DEOPT PACKING pc=0x000001c1017bd0ce sp=0x0000006843cfe150
Event: 43.873 Thread 0x000001c17e3b4ec0 DEOPT UNPACKING pc=0x000001c1075878e2 sp=0x0000006843cfd6d0 mode 0
Event: 43.874 Thread 0x000001c17e3b4ec0 DEOPT PACKING pc=0x000001c1017bd0ce sp=0x0000006843cfe190
Event: 43.874 Thread 0x000001c17e3b4ec0 DEOPT UNPACKING pc=0x000001c1075878e2 sp=0x0000006843cfd710 mode 0
Event: 43.877 Thread 0x000001c17e3b4ec0 Uncommon trap: trap_request=0xffffff45 fr.pc=0x000001c108474934 relative=0x0000000000002934
Event: 43.877 Thread 0x000001c17e3b4ec0 Uncommon trap: reason=unstable_if action=reinterpret pc=0x000001c108474934 method=org.eclipse.jdt.internal.compiler.parser.Scanner.internalScanIdentifierOrKeyword(II[C)Lorg/eclipse/jdt/internal/compiler/parser/TerminalToken; @ 2198 c2
Event: 43.877 Thread 0x000001c17e3b4ec0 DEOPT PACKING pc=0x000001c108474934 sp=0x0000006843cfe120
Event: 43.877 Thread 0x000001c17e3b4ec0 DEOPT UNPACKING pc=0x000001c107586da2 sp=0x0000006843cfe0c8 mode 2
Event: 43.881 Thread 0x000001c17e3b4ec0 Uncommon trap: trap_request=0xffffff45 fr.pc=0x000001c107dc346c relative=0x000000000000016c
Event: 43.881 Thread 0x000001c17e3b4ec0 Uncommon trap: reason=unstable_if action=reinterpret pc=0x000001c107dc346c method=org.eclipse.jdt.internal.core.util.WeakHashSet.cleanupGarbageCollectedValues()V @ 140 c2
Event: 43.881 Thread 0x000001c17e3b4ec0 DEOPT PACKING pc=0x000001c107dc346c sp=0x0000006843cfe380
Event: 43.881 Thread 0x000001c17e3b4ec0 DEOPT UNPACKING pc=0x000001c107586da2 sp=0x0000006843cfe300 mode 2
Event: 43.881 Thread 0x000001c17e3b4ec0 Uncommon trap: trap_request=0xffffff45 fr.pc=0x000001c107dc4bec relative=0x0000000000000dcc
Event: 43.881 Thread 0x000001c17e3b4ec0 Uncommon trap: reason=unstable_if action=reinterpret pc=0x000001c107dc4bec method=org.eclipse.jdt.internal.core.util.WeakHashSet.cleanupGarbageCollectedValues()V @ 140 c2
Event: 43.881 Thread 0x000001c17e3b4ec0 DEOPT PACKING pc=0x000001c107dc4bec sp=0x0000006843cfe3d0
Event: 43.881 Thread 0x000001c17e3b4ec0 DEOPT UNPACKING pc=0x000001c107586da2 sp=0x0000006843cfe2e8 mode 2
Event: 45.095 Thread 0x000001c17e3b4ec0 DEOPT PACKING pc=0x000001c100bfb9e7 sp=0x0000006843cfddf0
Event: 45.095 Thread 0x000001c17e3b4ec0 DEOPT UNPACKING pc=0x000001c1075878e2 sp=0x0000006843cfd360 mode 0

Classes loaded (20 events):
Event: 38.682 Loading class java/io/ObjectInputStream$Caches$1
Event: 38.682 Loading class java/io/ObjectInputStream$Caches$1 done
Event: 39.697 Loading class sun/reflect/generics/tree/IntSignature
Event: 39.697 Loading class sun/reflect/generics/tree/IntSignature done
Event: 40.147 Loading class java/util/Hashtable$KeySet
Event: 40.147 Loading class java/util/Hashtable$KeySet done
Event: 40.211 Loading class java/security/DigestInputStream
Event: 40.212 Loading class java/security/DigestInputStream done
Event: 41.810 Loading class java/util/Collections$SynchronizedRandomAccessList
Event: 41.810 Loading class java/util/Collections$SynchronizedList
Event: 41.810 Loading class java/util/Collections$SynchronizedList done
Event: 41.810 Loading class java/util/Collections$SynchronizedRandomAccessList done
Event: 41.812 Loading class java/util/concurrent/CompletableFuture$Signaller
Event: 41.813 Loading class java/util/concurrent/CompletableFuture$Signaller done
Event: 42.378 Loading class java/io/SequenceInputStream
Event: 42.378 Loading class java/io/SequenceInputStream done
Event: 42.590 Loading class java/util/concurrent/CompletableFuture$UniApply
Event: 42.590 Loading class java/util/concurrent/CompletableFuture$UniApply done
Event: 42.591 Loading class java/util/concurrent/CompletableFuture$UniExceptionally
Event: 42.591 Loading class java/util/concurrent/CompletableFuture$UniExceptionally done

Classes unloaded (11 events):
Event: 9.389 Thread 0x000001c173e93ba0 Unloading class 0x000001c1101a8400 'java/lang/invoke/LambdaForm$MH+0x000001c1101a8400'
Event: 9.389 Thread 0x000001c173e93ba0 Unloading class 0x000001c1101a8000 'java/lang/invoke/LambdaForm$MH+0x000001c1101a8000'
Event: 9.389 Thread 0x000001c173e93ba0 Unloading class 0x000001c1101a7c00 'java/lang/invoke/LambdaForm$MH+0x000001c1101a7c00'
Event: 9.389 Thread 0x000001c173e93ba0 Unloading class 0x000001c1101a7800 'java/lang/invoke/LambdaForm$MH+0x000001c1101a7800'
Event: 9.389 Thread 0x000001c173e93ba0 Unloading class 0x000001c1101a7400 'java/lang/invoke/LambdaForm$BMH+0x000001c1101a7400'
Event: 9.389 Thread 0x000001c173e93ba0 Unloading class 0x000001c1101a7000 'java/lang/invoke/LambdaForm$DMH+0x000001c1101a7000'
Event: 9.389 Thread 0x000001c173e93ba0 Unloading class 0x000001c1101a6000 'java/lang/invoke/LambdaForm$DMH+0x000001c1101a6000'
Event: 12.257 Thread 0x000001c173e93ba0 Unloading class 0x000001c1102fa000 'java/lang/invoke/LambdaForm$MH+0x000001c1102fa000'
Event: 12.257 Thread 0x000001c173e93ba0 Unloading class 0x000001c1102f8c00 'java/lang/invoke/LambdaForm$MH+0x000001c1102f8c00'
Event: 12.257 Thread 0x000001c173e93ba0 Unloading class 0x000001c1102f8800 'java/lang/invoke/LambdaForm$DMH+0x000001c1102f8800'
Event: 12.257 Thread 0x000001c173e93ba0 Unloading class 0x000001c1102f3c00 'java/lang/invoke/LambdaForm$MH+0x000001c1102f3c00'

Classes redefined (0 events):
No events

Internal exceptions (20 events):
Event: 41.675 Thread 0x000001c17e3b6270 Exception <a 'sun/nio/fs/WindowsException'{0x00000000d57d6b78}> (0x00000000d57d6b78) 
thrown [s\src\hotspot\share\prims\jni.cpp, line 520]
Event: 41.908 Thread 0x000001c1550014b0 Implicit null exception at 0x000001c10826a48d to 0x000001c10826a7d8
Event: 42.309 Thread 0x000001c1605cf6c0 Implicit null exception at 0x000001c1083cc7a1 to 0x000001c1083cc8f0
Event: 42.424 Thread 0x000001c1550014b0 Exception <a 'java/io/FileNotFoundException'{0x00000000d5644b48}> (0x00000000d5644b48) 
thrown [s\src\hotspot\share\prims\jni.cpp, line 520]
Event: 42.424 Thread 0x000001c1550014b0 Exception <a 'java/io/FileNotFoundException'{0x00000000d5645de8}> (0x00000000d5645de8) 
thrown [s\src\hotspot\share\prims\jni.cpp, line 520]
Event: 42.571 Thread 0x000001c1550014b0 Implicit null exception at 0x000001c107f48280 to 0x000001c107f4866c
Event: 42.572 Thread 0x000001c1550014b0 Exception <a 'sun/nio/fs/WindowsException'{0x00000000d588fff8}> (0x00000000d588fff8) 
thrown [s\src\hotspot\share\prims\jni.cpp, line 520]
Event: 42.572 Thread 0x000001c1550014b0 Exception <a 'sun/nio/fs/WindowsException'{0x00000000d5890708}> (0x00000000d5890708) 
thrown [s\src\hotspot\share\prims\jni.cpp, line 520]
Event: 42.573 Thread 0x000001c1550014b0 Exception <a 'sun/nio/fs/WindowsException'{0x00000000d5893a50}> (0x00000000d5893a50) 
thrown [s\src\hotspot\share\prims\jni.cpp, line 520]
Event: 42.573 Thread 0x000001c1550014b0 Exception <a 'sun/nio/fs/WindowsException'{0x00000000d5894160}> (0x00000000d5894160) 
thrown [s\src\hotspot\share\prims\jni.cpp, line 520]
Event: 42.574 Thread 0x000001c1550014b0 Exception <a 'sun/nio/fs/WindowsException'{0x00000000d5895388}> (0x00000000d5895388) 
thrown [s\src\hotspot\share\prims\jni.cpp, line 520]
Event: 42.574 Thread 0x000001c1550014b0 Exception <a 'sun/nio/fs/WindowsException'{0x00000000d5895a88}> (0x00000000d5895a88) 
thrown [s\src\hotspot\share\prims\jni.cpp, line 520]
Event: 42.575 Thread 0x000001c1550014b0 Exception <a 'sun/nio/fs/WindowsException'{0x00000000d5896890}> (0x00000000d5896890) 
thrown [s\src\hotspot\share\prims\jni.cpp, line 520]
Event: 42.575 Thread 0x000001c1550014b0 Exception <a 'sun/nio/fs/WindowsException'{0x00000000d5896f90}> (0x00000000d5896f90) 
thrown [s\src\hotspot\share\prims\jni.cpp, line 520]
Event: 42.576 Thread 0x000001c1550014b0 Exception <a 'sun/nio/fs/WindowsException'{0x00000000d589df00}> (0x00000000d589df00) 
thrown [s\src\hotspot\share\prims\jni.cpp, line 520]
Event: 42.576 Thread 0x000001c1550014b0 Exception <a 'sun/nio/fs/WindowsException'{0x00000000d589e610}> (0x00000000d589e610) 
thrown [s\src\hotspot\share\prims\jni.cpp, line 520]
Event: 42.576 Thread 0x000001c1550014b0 Exception <a 'sun/nio/fs/WindowsException'{0x00000000d589f458}> (0x00000000d589f458) 
thrown [s\src\hotspot\share\prims\jni.cpp, line 520]
Event: 42.576 Thread 0x000001c1550014b0 Exception <a 'sun/nio/fs/WindowsException'{0x00000000d589fb68}> (0x00000000d589fb68) 
thrown [s\src\hotspot\share\prims\jni.cpp, line 520]
Event: 42.583 Thread 0x000001c1550014b0 Exception <a 'java/lang/IncompatibleClassChangeError'{0x00000000d59268c0}: Found class java.lang.Object, but interface was expected> (0x00000000d59268c0) 
thrown [s\src\hotspot\share\interpreter\linkResolver.cpp, line 840]
Event: 42.959 Thread 0x000001c17e3b4ec0 Exception <a 'java/lang/NoSuchMethodError'{0x00000000d5683e60}: 'java.lang.Object java.lang.invoke.DirectMethodHandle$Holder.invokeSpecial(java.lang.Object, java.lang.Object, int, long)'> (0x00000000d5683e60) 
thrown [s\src\hotspot\share\interpreter\linkResolver.cpp, line 773]

ZGC Phase Switch (0 events):
No events

VM Operations (20 events):
Event: 42.831 Executing VM operation: ParallelGCFailedAllocation (Allocation Failure)
Event: 42.833 Executing VM operation: ParallelGCFailedAllocation (Allocation Failure) done
Event: 42.896 Executing VM operation: ParallelGCFailedAllocation (Allocation Failure)
Event: 42.897 Executing VM operation: ParallelGCFailedAllocation (Allocation Failure) done
Event: 43.692 Executing VM operation: ParallelGCFailedAllocation (Allocation Failure)
Event: 43.694 Executing VM operation: ParallelGCFailedAllocation (Allocation Failure) done
Event: 43.829 Executing VM operation: HandshakeAllThreads (Deoptimize)
Event: 43.829 Executing VM operation: HandshakeAllThreads (Deoptimize) done
Event: 43.831 Executing VM operation: ParallelGCFailedAllocation (Allocation Failure)
Event: 43.843 Executing VM operation: ParallelGCFailedAllocation (Allocation Failure) done
Event: 43.887 Executing VM operation: ParallelGCFailedAllocation (Allocation Failure)
Event: 43.889 Executing VM operation: ParallelGCFailedAllocation (Allocation Failure) done
Event: 43.937 Executing VM operation: ParallelGCFailedAllocation (Allocation Failure)
Event: 43.939 Executing VM operation: ParallelGCFailedAllocation (Allocation Failure) done
Event: 43.996 Executing VM operation: ParallelGCFailedAllocation (Allocation Failure)
Event: 43.998 Executing VM operation: ParallelGCFailedAllocation (Allocation Failure) done
Event: 44.008 Executing VM operation: ParallelGCFailedAllocation (Allocation Failure)
Event: 44.011 Executing VM operation: ParallelGCFailedAllocation (Allocation Failure) done
Event: 45.015 Executing VM operation: Cleanup
Event: 45.016 Executing VM operation: Cleanup done

Memory protections (0 events):
No events

Nmethod flushes (20 events):
Event: 21.187 Thread 0x000001c173e93ba0 flushing  nmethod 0x000001c100958810
Event: 21.187 Thread 0x000001c173e93ba0 flushing  nmethod 0x000001c100974610
Event: 21.187 Thread 0x000001c173e93ba0 flushing  nmethod 0x000001c100974e90
Event: 21.187 Thread 0x000001c173e93ba0 flushing  nmethod 0x000001c100977090
Event: 21.187 Thread 0x000001c173e93ba0 flushing  nmethod 0x000001c100978110
Event: 21.187 Thread 0x000001c173e93ba0 flushing  nmethod 0x000001c100988490
Event: 21.187 Thread 0x000001c173e93ba0 flushing  nmethod 0x000001c10098ab10
Event: 21.187 Thread 0x000001c173e93ba0 flushing  nmethod 0x000001c100996510
Event: 21.187 Thread 0x000001c173e93ba0 flushing  nmethod 0x000001c10099da10
Event: 21.187 Thread 0x000001c173e93ba0 flushing  nmethod 0x000001c10099f610
Event: 21.187 Thread 0x000001c173e93ba0 flushing  nmethod 0x000001c1009d1890
Event: 21.187 Thread 0x000001c173e93ba0 flushing  nmethod 0x000001c1009dc090
Event: 21.187 Thread 0x000001c173e93ba0 flushing  nmethod 0x000001c1009e0290
Event: 21.187 Thread 0x000001c173e93ba0 flushing  nmethod 0x000001c1009e8910
Event: 21.187 Thread 0x000001c173e93ba0 flushing  nmethod 0x000001c1009e9890
Event: 21.187 Thread 0x000001c173e93ba0 flushing  nmethod 0x000001c1009ecd90
Event: 21.187 Thread 0x000001c173e93ba0 flushing  nmethod 0x000001c1009edc10
Event: 21.187 Thread 0x000001c173e93ba0 flushing  nmethod 0x000001c1009ee210
Event: 21.187 Thread 0x000001c173e93ba0 flushing  nmethod 0x000001c1009eea90
Event: 21.187 Thread 0x000001c173e93ba0 flushing  nmethod 0x000001c1009f0910

Events (20 events):
Event: 40.168 Thread 0x000001c173eb95a0 Thread added: 0x000001c17d6e7a70
Event: 40.265 Thread 0x000001c1605cf030 Thread added: 0x000001c1605ce310
Event: 40.343 Thread 0x000001c17d6e7a70 Thread exited: 0x000001c17d6e7a70
Event: 40.559 Thread 0x000001c173eb6610 Thread added: 0x000001c17d6e7a70
Event: 41.613 Thread 0x000001c17d6e7a70 Thread exited: 0x000001c17d6e7a70
Event: 41.626 Thread 0x000001c1605ce310 Thread exited: 0x000001c1605ce310
Event: 41.626 Thread 0x000001c1605cf030 Thread exited: 0x000001c1605cf030
Event: 41.809 Thread 0x000001c173eb6610 Thread added: 0x000001c1605d9080
Event: 42.185 Thread 0x000001c17e3b2df0 Thread added: 0x000001c1605cd5f0
Event: 42.186 Thread 0x000001c17e3b2df0 Thread added: 0x000001c1605cdc80
Event: 42.231 Thread 0x000001c1605d9080 Thread exited: 0x000001c1605d9080
Event: 42.247 Thread 0x000001c1605cdc80 Thread exited: 0x000001c1605cdc80
Event: 42.247 Thread 0x000001c17e3b2df0 Thread added: 0x000001c1605ce9a0
Event: 42.249 Thread 0x000001c17e3b2df0 Thread added: 0x000001c1605cf6c0
Event: 42.356 Thread 0x000001c1605cf6c0 Thread added: 0x000001c1605cdc80
Event: 42.372 Thread 0x000001c173eb95a0 Thread added: 0x000001c1575cb770
Event: 42.516 Thread 0x000001c173eb95a0 Thread added: 0x000001c1605d9080
Event: 42.773 Thread 0x000001c1605d9080 Thread exited: 0x000001c1605d9080
Event: 42.954 Thread 0x000001c1575cb770 Thread exited: 0x000001c1575cb770
Event: 43.951 Thread 0x000001c173eb95a0 Thread added: 0x000001c1575cb770


Dynamic libraries:
0x00007ff6f1dc0000 - 0x00007ff6f1dce000 	c:\Users\jkhong\.vscode\extensions\redhat.java-1.44.0-win32-x64\jre\21.0.8-win32-x86_64\bin\java.exe
0x00007fff9e620000 - 0x00007fff9e887000 	C:\WINDOWS\SYSTEM32\ntdll.dll
0x00007fff9d830000 - 0x00007fff9d8f9000 	C:\WINDOWS\System32\KERNEL32.DLL
0x00007fff9bdd0000 - 0x00007fff9c1c0000 	C:\WINDOWS\System32\KERNELBASE.dll
0x00007fff98220000 - 0x00007fff982be000 	C:\WINDOWS\SYSTEM32\apphelp.dll
0x00007fff9c260000 - 0x00007fff9c3ab000 	C:\WINDOWS\System32\ucrtbase.dll
0x00007fff82c70000 - 0x00007fff82c88000 	c:\Users\jkhong\.vscode\extensions\redhat.java-1.44.0-win32-x64\jre\21.0.8-win32-x86_64\bin\jli.dll
0x00007fff9cb50000 - 0x00007fff9cd15000 	C:\WINDOWS\System32\USER32.dll
0x00007fff9bda0000 - 0x00007fff9bdc7000 	C:\WINDOWS\System32\win32u.dll
0x00007fff9d7a0000 - 0x00007fff9d7cb000 	C:\WINDOWS\System32\GDI32.dll
0x00007fff9b750000 - 0x00007fff9b888000 	C:\WINDOWS\System32\gdi32full.dll
0x00007fff9ba10000 - 0x00007fff9bab3000 	C:\WINDOWS\System32\msvcp_win.dll
0x00007fff82fc0000 - 0x00007fff82fde000 	c:\Users\jkhong\.vscode\extensions\redhat.java-1.44.0-win32-x64\jre\21.0.8-win32-x86_64\bin\VCRUNTIME140.dll
0x00007fff81ab0000 - 0x00007fff81d4a000 	C:\WINDOWS\WinSxS\amd64_microsoft.windows.common-controls_6595b64144ccf1df_6.0.26100.4768_none_3e0c112ce331287c\COMCTL32.dll
0x00007fff9c460000 - 0x00007fff9c509000 	C:\WINDOWS\System32\msvcrt.dll
0x00007fff9dfe0000 - 0x00007fff9e00f000 	C:\WINDOWS\System32\IMM32.DLL
0x00007fff88170000 - 0x00007fff8817c000 	c:\Users\jkhong\.vscode\extensions\redhat.java-1.44.0-win32-x64\jre\21.0.8-win32-x86_64\bin\vcruntime140_1.dll
0x00007fff6aee0000 - 0x00007fff6af6d000 	c:\Users\jkhong\.vscode\extensions\redhat.java-1.44.0-win32-x64\jre\21.0.8-win32-x86_64\bin\msvcp140.dll
0x00007fff118c0000 - 0x00007fff12657000 	c:\Users\jkhong\.vscode\extensions\redhat.java-1.44.0-win32-x64\jre\21.0.8-win32-x86_64\bin\server\jvm.dll
0x00007fff9e520000 - 0x00007fff9e5d4000 	C:\WINDOWS\System32\ADVAPI32.dll
0x00007fff9d5c0000 - 0x00007fff9d666000 	C:\WINDOWS\System32\sechost.dll
0x00007fff9d670000 - 0x00007fff9d788000 	C:\WINDOWS\System32\RPCRT4.dll
0x00007fff9cdb0000 - 0x00007fff9ce24000 	C:\WINDOWS\System32\WS2_32.dll
0x00007fff9b5b0000 - 0x00007fff9b60e000 	C:\WINDOWS\SYSTEM32\POWRPROF.dll
0x00007fff88dd0000 - 0x00007fff88ddb000 	C:\WINDOWS\SYSTEM32\VERSION.dll
0x00007fff8fc50000 - 0x00007fff8fc85000 	C:\WINDOWS\SYSTEM32\WINMM.dll
0x00007fff9b590000 - 0x00007fff9b5a4000 	C:\WINDOWS\SYSTEM32\UMPDC.dll
0x00007fff9a4d0000 - 0x00007fff9a4eb000 	C:\WINDOWS\SYSTEM32\kernel.appcore.dll
0x00007fff87df0000 - 0x00007fff87dfa000 	c:\Users\jkhong\.vscode\extensions\redhat.java-1.44.0-win32-x64\jre\21.0.8-win32-x86_64\bin\jimage.dll
0x00007fff98680000 - 0x00007fff988c1000 	C:\WINDOWS\SYSTEM32\DBGHELP.DLL
0x00007fff9e190000 - 0x00007fff9e515000 	C:\WINDOWS\System32\combase.dll
0x00007fff9de80000 - 0x00007fff9df60000 	C:\WINDOWS\System32\OLEAUT32.dll
0x00007fff68a80000 - 0x00007fff68ac3000 	C:\WINDOWS\SYSTEM32\dbgcore.DLL
0x00007fff9bd00000 - 0x00007fff9bd99000 	C:\WINDOWS\System32\bcryptPrimitives.dll
0x00007fff92fa0000 - 0x00007fff92faf000 	c:\Users\jkhong\.vscode\extensions\redhat.java-1.44.0-win32-x64\jre\21.0.8-win32-x86_64\bin\instrument.dll
0x00007fff82630000 - 0x00007fff8264f000 	c:\Users\jkhong\.vscode\extensions\redhat.java-1.44.0-win32-x64\jre\21.0.8-win32-x86_64\bin\java.dll
0x00007fff9ce70000 - 0x00007fff9d5bd000 	C:\WINDOWS\System32\SHELL32.dll
0x00007fff9bac0000 - 0x00007fff9bc33000 	C:\WINDOWS\System32\wintypes.dll
0x00007fff99350000 - 0x00007fff99bb0000 	C:\WINDOWS\SYSTEM32\windows.storage.dll
0x00007fff9dd30000 - 0x00007fff9de25000 	C:\WINDOWS\System32\SHCORE.dll
0x00007fff9df70000 - 0x00007fff9dfda000 	C:\WINDOWS\System32\shlwapi.dll
0x00007fff9b670000 - 0x00007fff9b699000 	C:\WINDOWS\SYSTEM32\profapi.dll
0x00007fff81d60000 - 0x00007fff81d78000 	c:\Users\jkhong\.vscode\extensions\redhat.java-1.44.0-win32-x64\jre\21.0.8-win32-x86_64\bin\zip.dll
0x00007fff83840000 - 0x00007fff83850000 	C:\Users\jkhong\.vscode\extensions\redhat.java-1.44.0-win32-x64\jre\21.0.8-win32-x86_64\bin\net.dll
0x00007fff89f20000 - 0x00007fff8a03e000 	C:\WINDOWS\SYSTEM32\WINHTTP.dll
0x00007fff9aa60000 - 0x00007fff9aacb000 	C:\WINDOWS\system32\mswsock.dll
0x00007fff81770000 - 0x00007fff81786000 	C:\Users\jkhong\.vscode\extensions\redhat.java-1.44.0-win32-x64\jre\21.0.8-win32-x86_64\bin\nio.dll
0x00007fff81930000 - 0x00007fff81940000 	c:\Users\jkhong\.vscode\extensions\redhat.java-1.44.0-win32-x64\jre\21.0.8-win32-x86_64\bin\verify.dll
0x00007fff81860000 - 0x00007fff818a5000 	C:\Users\jkhong\AppData\Roaming\Code\User\globalStorage\redhat.java\1.44.0\config_win\org.eclipse.equinox.launcher\org.eclipse.equinox.launcher.win32.win32.x86_64_1.2.1400.v20250730-1736\eclipse_11913.dll
0x00007fff9c9a0000 - 0x00007fff9cb40000 	C:\WINDOWS\System32\ole32.dll
0x00007fff9ad20000 - 0x00007fff9ad3b000 	C:\WINDOWS\SYSTEM32\CRYPTSP.dll
0x00007fff9a430000 - 0x00007fff9a46b000 	C:\WINDOWS\system32\rsaenh.dll
0x00007fff9ab00000 - 0x00007fff9ab2b000 	C:\WINDOWS\SYSTEM32\USERENV.dll
0x00007fff9b640000 - 0x00007fff9b666000 	C:\WINDOWS\SYSTEM32\bcrypt.dll
0x00007fff9ad40000 - 0x00007fff9ad4c000 	C:\WINDOWS\SYSTEM32\CRYPTBASE.dll
0x00007fff99f90000 - 0x00007fff99fc3000 	C:\WINDOWS\SYSTEM32\IPHLPAPI.DLL
0x00007fff9cda0000 - 0x00007fff9cdaa000 	C:\WINDOWS\System32\NSI.dll
0x00007fff81810000 - 0x00007fff81859000 	C:\Users\jkhong\AppData\Local\Temp\jna--1158252095\jna2056021144367068189.dll
0x00007fff9d790000 - 0x00007fff9d798000 	C:\WINDOWS\System32\PSAPI.DLL
0x00007fff8a180000 - 0x00007fff8a19f000 	C:\WINDOWS\SYSTEM32\dhcpcsvc6.DLL
0x00007fff8a0c0000 - 0x00007fff8a0e5000 	C:\WINDOWS\SYSTEM32\dhcpcsvc.DLL
0x00007fff811f0000 - 0x00007fff81217000 	C:\Users\jkhong\.gradle\native\c067742578af261105cb4f569cf0c3c89f3d7b1fecec35dd04571415982c5e48\windows-amd64\native-platform.dll
0x00007fff82f50000 - 0x00007fff82f5a000 	C:\Users\jkhong\.vscode\extensions\redhat.java-1.44.0-win32-x64\jre\21.0.8-win32-x86_64\bin\management.dll
0x00007fff82e50000 - 0x00007fff82e5b000 	C:\Users\jkhong\.vscode\extensions\redhat.java-1.44.0-win32-x64\jre\21.0.8-win32-x86_64\bin\management_ext.dll
0x00007fff82520000 - 0x00007fff82529000 	C:\Users\jkhong\.vscode\extensions\redhat.java-1.44.0-win32-x64\jre\21.0.8-win32-x86_64\bin\extnet.dll
0x00007fff82de0000 - 0x00007fff82dee000 	C:\Users\jkhong\.vscode\extensions\redhat.java-1.44.0-win32-x64\jre\21.0.8-win32-x86_64\bin\sunmscapi.dll
0x00007fff9b890000 - 0x00007fff9ba07000 	C:\WINDOWS\System32\CRYPT32.dll
0x00007fff9af40000 - 0x00007fff9af70000 	C:\WINDOWS\SYSTEM32\ncrypt.dll
0x00007fff9aef0000 - 0x00007fff9af2f000 	C:\WINDOWS\SYSTEM32\NTASN1.dll
0x00007fff5e1d0000 - 0x00007fff5e1d8000 	C:\WINDOWS\system32\wshunix.dll

JVMTI agents:
c:\Users\jkhong\.vscode\extensions\redhat.java-1.44.0-win32-x64\lombok\lombok-1.18.39-4050.jar path:c:\Users\jkhong\.vscode\extensions\redhat.java-1.44.0-win32-x64\jre\21.0.8-win32-x86_64\bin\instrument.dll, loaded, initialized, instrumentlib options:none

dbghelp: loaded successfully - version: 4.0.5 - missing functions: none
symbol engine: initialized successfully - sym options: 0x614 - pdb path: .;c:\Users\jkhong\.vscode\extensions\redhat.java-1.44.0-win32-x64\jre\21.0.8-win32-x86_64\bin;C:\WINDOWS\SYSTEM32;C:\WINDOWS\WinSxS\amd64_microsoft.windows.common-controls_6595b64144ccf1df_6.0.26100.4768_none_3e0c112ce331287c;c:\Users\jkhong\.vscode\extensions\redhat.java-1.44.0-win32-x64\jre\21.0.8-win32-x86_64\bin\server;C:\Users\jkhong\AppData\Roaming\Code\User\globalStorage\redhat.java\1.44.0\config_win\org.eclipse.equinox.launcher\org.eclipse.equinox.launcher.win32.win32.x86_64_1.2.1400.v20250730-1736;C:\Users\jkhong\AppData\Local\Temp\jna--1158252095;C:\Users\jkhong\.gradle\native\c067742578af261105cb4f569cf0c3c89f3d7b1fecec35dd04571415982c5e48\windows-amd64

VM Arguments:
jvm_args: --add-modules=ALL-SYSTEM --add-opens=java.base/java.util=ALL-UNNAMED --add-opens=java.base/java.lang=ALL-UNNAMED --add-opens=java.base/sun.nio.fs=ALL-UNNAMED -Declipse.application=org.eclipse.jdt.ls.core.id1 -Dosgi.bundles.defaultStartLevel=4 -Declipse.product=org.eclipse.jdt.ls.core.product -Djava.import.generatesMetadataFilesAtProjectRoot=false -DDetectVMInstallationsJob.disabled=true -Dfile.encoding=utf8 -XX:+UseParallelGC -XX:GCTimeRatio=4 -XX:AdaptiveSizePolicyWeight=90 -Dsun.zip.disableMemoryMapping=true -Xmx2G -Xms100m -Xlog:disable -javaagent:c:\Users\jkhong\.vscode\extensions\redhat.java-1.44.0-win32-x64\lombok\lombok-1.18.39-4050.jar -XX:+HeapDumpOnOutOfMemoryError -XX:HeapDumpPath=c:\Users\jkhong\AppData\Roaming\Code\User\workspaceStorage\490a220237a72c4506f0462ee91a1d7a\redhat.java -Daether.dependencyCollector.impl=bf 
java_command: c:\Users\jkhong\.vscode\extensions\redhat.java-1.44.0-win32-x64\server\plugins\org.eclipse.equinox.launcher_1.7.0.v20250519-0528.jar -configuration c:\Users\jkhong\AppData\Roaming\Code\User\globalStorage\redhat.java\1.44.0\config_win -data c:\Users\jkhong\AppData\Roaming\Code\User\workspaceStorage\490a220237a72c4506f0462ee91a1d7a\redhat.java\jdt_ws --pipe=\\.\pipe\lsp-dc561cfbdab3b8cfe23e0eaa3bb1b471-sock
java_class_path (initial): c:\Users\jkhong\.vscode\extensions\redhat.java-1.44.0-win32-x64\server\plugins\org.eclipse.equinox.launcher_1.7.0.v20250519-0528.jar
Launcher Type: SUN_STANDARD

[Global flags]
    uintx AdaptiveSizePolicyWeight                 = 90                                        {product} {command line}
     intx CICompilerCount                          = 4                                         {product} {ergonomic}
    uintx GCTimeRatio                              = 4                                         {product} {command line}
     bool HeapDumpOnOutOfMemoryError               = true                                   {manageable} {command line}
    ccstr HeapDumpPath                             = c:\Users\jkhong\AppData\Roaming\Code\User\workspaceStorage\490a220237a72c4506f0462ee91a1d7a\redhat.java         {manageable} {command line}
   size_t InitialHeapSize                          = 104857600                                 {product} {command line}
   size_t MaxHeapSize                              = 2147483648                                {product} {command line}
   size_t MaxNewSize                               = 715653120                                 {product} {ergonomic}
   size_t MinHeapDeltaBytes                        = 524288                                    {product} {ergonomic}
   size_t MinHeapSize                              = 104857600                                 {product} {command line}
   size_t NewSize                                  = 34603008                                  {product} {ergonomic}
    uintx NonNMethodCodeHeapSize                   = 5839372                                {pd product} {ergonomic}
    uintx NonProfiledCodeHeapSize                  = 122909434                              {pd product} {ergonomic}
   size_t OldSize                                  = 70254592                                  {product} {ergonomic}
    uintx ProfiledCodeHeapSize                     = 122909434                              {pd product} {ergonomic}
    uintx ReservedCodeCacheSize                    = 251658240                              {pd product} {ergonomic}
     bool SegmentedCodeCache                       = true                                      {product} {ergonomic}
   size_t SoftMaxHeapSize                          = 2147483648                             {manageable} {ergonomic}
     bool UseCompressedOops                        = true                           {product lp64_product} {ergonomic}
     bool UseLargePagesIndividualAllocation        = false                                  {pd product} {ergonomic}
     bool UseParallelGC                            = true                                      {product} {command line}

Logging:
Log output configuration:
 #0: stdout all=off uptime,level,tags foldmultilines=false
 #1: stderr all=off uptime,level,tags foldmultilines=false

Environment Variables:
JAVA_HOME=C:\Program Files\Eclipse Adoptium\jdk-17.0.8.7-hotspot
PATH=c:\Dev_Tools\cursor\resources\app\bin;C:\Python312\Scripts\;C:\Python312\;C:\Program Files\Eclipse Adoptium\jdk-17.0.8.7-hotspot\bin;C:\Program Files (x86)\VMware\VMware Player\bin\;C:\Program Files\AdoptOpenJDK\jdk-8.0.292.10-hotspot\bin;C:\Program Files\AdoptOpenJDK\jdk-11.0.11.9-hotspot\bin;C:\WINDOWS\system32;C:\WINDOWS;C:\WINDOWS\System32\Wbem;C:\WINDOWS\System32\WindowsPowerShell\v1.0\;C:\WINDOWS\System32\OpenSSH\;C:\Program Files (x86)\Microsoft SQL Server\150\DTS\Binn\;C:\Program Files\Azure Data Studio\bin;C:\Program Files (x86)\CrSSL\bin;C:\Program Files\Git\cmd;C:\Program Files\dotnet\;C:\Program Files\nodejs\;C:\ProgramData\chocolatey\bin;C:\Dev_Tools\gradle-8.9\bin;C:\Users\jkhong\AppData\Local\Microsoft\WindowsApps;C:\Program Files\Bandizip\;C:\Program Files\JetBrains\IntelliJ IDEA Community Edition 2023.1.1\bin;;C:\Users\jkhong\AppData\Roaming\npm;C:\Program Files\GitHub CLI\;C:\WINDOWS\system32;C:\WINDOWS;C:\WINDOWS\System32\Wbem;C:\WINDOWS\System32\WindowsPowerShell\v1.0\;C:\WINDOWS\System32\OpenSSH\;C:\Users\jkhong\.jbang\bin;C:\Users\jkhong\AppData\Local\Programs\Microsoft VS Code\bin;D:\Dev_Tools\apache-maven-3.9.6\bin;C:\Users\jkhong\.dotnet\tools;C:\Users\jkhong\AppData\Local\Programs\Kiro\bin
USERNAME=jkhong
OS=Windows_NT
PROCESSOR_IDENTIFIER=Intel64 Family 6 Model 140 Stepping 1, GenuineIntel
TMP=C:\Users\jkhong\AppData\Local\Temp
TEMP=C:\Users\jkhong\AppData\Local\Temp




Periodic native trim disabled

---------------  S Y S T E M  ---------------

OS:
 Windows 11 , 64 bit Build 26100 (10.0.26100.4768)
OS uptime: 1 days 0:34 hours

CPU: total 8 (initial active 8) (4 cores per cpu, 2 threads per core) family 6 model 140 stepping 1 microcode 0xbc, cx8, cmov, fxsr, ht, mmx, 3dnowpref, sse, sse2, sse3, ssse3, sse4.1, sse4.2, popcnt, lzcnt, tsc, tscinvbit, avx, avx2, aes, erms, clmul, bmi1, bmi2, adx, avx512f, avx512dq, avx512cd, avx512bw, avx512vl, sha, fma, vzeroupper, avx512_vpopcntdq, avx512_vpclmulqdq, avx512_vaes, avx512_vnni, clflush, clflushopt, clwb, avx512_vbmi2, avx512_vbmi, rdtscp, rdpid, fsrm, gfni, avx512_bitalg, f16c, pku, cet_ibt, cet_ss, avx512_ifma
Processor Information for the first 8 processors :
  Max Mhz: 2803, Current Mhz: 1201, Mhz Limit: 1177

Memory: 4k page, system-wide physical 16103M (3813M free)
TotalPageFile size 18151M (AvailPageFile size 364M)
current process WorkingSet (physical memory assigned to process): 826M, peak: 826M
current process commit charge ("private bytes"): 780M, peak: 780M

vm_info: OpenJDK 64-Bit Server VM (21.0.8+9-LTS) for windows-amd64 JRE (21.0.8+9-LTS), built on 2025-07-15T00:00:00Z by "admin" with MS VC++ 17.7 (VS2022)

END.
