#
# There is insufficient memory for the Java Runtime Environment to continue.
# Native memory allocation (malloc) failed to allocate 1498736 bytes. Error detail: Chunk::new
# Possible reasons:
#   The system is out of physical RAM or swap space
#   This process is running with CompressedOops enabled, and the Java Heap may be blocking the growth of the native heap
# Possible solutions:
#   Reduce memory load on the system
#   Increase physical memory or swap space
#   Check if swap backing store is full
#   Decrease Java heap size (-Xmx/-Xms)
#   Decrease number of Java threads
#   Decrease Java thread stack sizes (-Xss)
#   Set larger code cache with -XX:ReservedCodeCacheSize=
#   JVM is running with Unscaled Compressed Oops mode in which the Java heap is
#     placed in the first 4GB address space. The Java Heap base address is the
#     maximum limit for the native heap growth. Please use -XX:HeapBaseMinAddress
#     to set the Java Heap base and to place the Java Heap above 4GB virtual address.
# This output file may be truncated or incomplete.
#
#  Out of Memory Error (arena.cpp:168), pid=11284, tid=20688
#
# JRE version: OpenJDK Runtime Environment Temurin-21.0.8+9 (21.0.8+9) (build 21.0.8+9-LTS)
# Java VM: OpenJDK 64-Bit Server VM Temurin-21.0.8+9 (21.0.8+9-LTS, mixed mode, sharing, tiered, compressed oops, compressed class ptrs, parallel gc, windows-amd64)
# No core dump will be written. Minidumps are not enabled by default on client versions of Windows
#

---------------  S U M M A R Y ------------

Command Line: --add-modules=ALL-SYSTEM --add-opens=java.base/java.util=ALL-UNNAMED --add-opens=java.base/java.lang=ALL-UNNAMED --add-opens=java.base/sun.nio.fs=ALL-UNNAMED -Declipse.application=org.eclipse.jdt.ls.core.id1 -Dosgi.bundles.defaultStartLevel=4 -Declipse.product=org.eclipse.jdt.ls.core.product -Djava.import.generatesMetadataFilesAtProjectRoot=false -DDetectVMInstallationsJob.disabled=true -Dfile.encoding=utf8 -XX:+UseParallelGC -XX:GCTimeRatio=4 -XX:AdaptiveSizePolicyWeight=90 -Dsun.zip.disableMemoryMapping=true -Xmx2G -Xms100m -Xlog:disable -javaagent:c:\Users\jkhong\.vscode\extensions\redhat.java-1.44.0-win32-x64\lombok\lombok-1.18.39-4050.jar -XX:+HeapDumpOnOutOfMemoryError -XX:HeapDumpPath=c:\Users\jkhong\AppData\Roaming\Code\User\workspaceStorage\789e039bc4c303efc34b37208eec97cc\redhat.java -Daether.dependencyCollector.impl=bf c:\Users\jkhong\.vscode\extensions\redhat.java-1.44.0-win32-x64\server\plugins\org.eclipse.equinox.launcher_1.7.0.v20250519-0528.jar -configuration c:\Users\jkhong\AppData\Roaming\Code\User\globalStorage\redhat.java\1.44.0\config_win -data c:\Users\jkhong\AppData\Roaming\Code\User\workspaceStorage\789e039bc4c303efc34b37208eec97cc\redhat.java\jdt_ws --pipe=\\.\pipe\lsp-0a992280a395bfea47049898d05bc483-sock

Host: 11th Gen Intel(R) Core(TM) i7-1165G7 @ 2.80GHz, 8 cores, 15G,  Windows 11 , 64 bit Build 26100 (10.0.26100.4768)
Time: Fri Aug 29 15:26:32 2025 elapsed time: 91.024518 seconds (0d 0h 1m 31s)

---------------  T H R E A D  ---------------

Current thread (0x00000229f5eecc80):  JavaThread "C2 CompilerThread1" daemon [_thread_in_native, id=20688, stack(0x000000979f500000,0x000000979f600000) (1024K)]


Current CompileTask:
C2:91025 11258       4       org.eclipse.jdt.internal.compiler.parser.Parser::consumeRule (7748 bytes)

Stack: [0x000000979f500000,0x000000979f600000]
Native frames: (J=compiled Java code, j=interpreted, Vv=VM code, C=native code)
V  [jvm.dll+0x6d2449]
V  [jvm.dll+0x8ae341]
V  [jvm.dll+0x8b08be]
V  [jvm.dll+0x8b0fa3]
V  [jvm.dll+0x280c96]
V  [jvm.dll+0xc581d]
V  [jvm.dll+0xc5d53]
V  [jvm.dll+0x3b9162]
V  [jvm.dll+0x385315]
V  [jvm.dll+0x38477a]
V  [jvm.dll+0x248ed0]
V  [jvm.dll+0x2484af]
V  [jvm.dll+0x1c89ee]
V  [jvm.dll+0x257d4d]
V  [jvm.dll+0x2562ea]
V  [jvm.dll+0x3f2d16]
V  [jvm.dll+0x857e6b]
V  [jvm.dll+0x6d0b0d]
C  [ucrtbase.dll+0x37b0]
C  [KERNEL32.DLL+0x2e8d7]
C  [ntdll.dll+0x3c34c]


---------------  P R O C E S S  ---------------

Threads class SMR info:
_java_thread_list=0x00000229f626cb00, length=86, elements={
0x00000229d4f726a0, 0x00000229d7123240, 0x00000229d7124c00, 0x00000229d712a920,
0x00000229d712b570, 0x00000229d712e0d0, 0x00000229d7130b30, 0x00000229d7131960,
0x00000229d714e610, 0x00000229d72177d0, 0x00000229ef8ecea0, 0x00000229f40b42c0,
0x00000229f40459f0, 0x00000229efca35a0, 0x00000229efb14b10, 0x00000229f45b9f70,
0x00000229f4775ad0, 0x00000229f4390a80, 0x00000229f438f6d0, 0x00000229f438fd60,
0x00000229f43924c0, 0x00000229f43903f0, 0x00000229f43917a0, 0x00000229f707e210,
0x00000229f707ef30, 0x00000229f707f5c0, 0x00000229f707ce60, 0x00000229f707db80,
0x00000229f707e8a0, 0x00000229f707c140, 0x00000229f707fc50, 0x00000229f707c7d0,
0x00000229f70802e0, 0x00000229f7080970, 0x00000229f707d4f0, 0x00000229f7081000,
0x00000229f70830d0, 0x00000229f7081690, 0x00000229f7081d20, 0x00000229f70823b0,
0x00000229f8921500, 0x00000229f891fac0, 0x00000229f8922220, 0x00000229f891eda0,
0x00000229f8925010, 0x00000229f89256a0, 0x00000229f8922f40, 0x00000229f89235d0,
0x00000229f89228b0, 0x00000229f8924980, 0x00000229f4391e30, 0x00000229f9c5a230,
0x00000229f9c5b5e0, 0x00000229f9c5bc70, 0x00000229f9c5c300, 0x00000229f9c5c990,
0x00000229f9c5d6b0, 0x00000229f9c5dd40, 0x00000229f9c5a8c0, 0x00000229f9c5f780,
0x00000229f9c5fe10, 0x00000229f9c611c0, 0x00000229f9c5e3d0, 0x00000229f9c5ea60,
0x00000229f9c5f0f0, 0x00000229fb458e80, 0x00000229fb458160, 0x00000229fb45b5e0,
0x00000229fb4587f0, 0x00000229fb459510, 0x00000229fb45a8c0, 0x00000229fb459ba0,
0x00000229f7082a40, 0x00000229f9c60b30, 0x00000229f5eecc80, 0x00000229fb45a230,
0x00000229efaf75d0, 0x00000229efaf68b0, 0x00000229efaf6f40, 0x00000229efaf7c60,
0x00000229efaf47e0, 0x00000229efaf4e70, 0x00000229efaf82f0, 0x00000229efaf8980,
0x00000229efaf9010, 0x00000229f5eea3a0
}

Java Threads: ( => current thread )
  0x00000229d4f726a0 JavaThread "main"                              [_thread_blocked, id=15780, stack(0x0000009799e00000,0x0000009799f00000) (1024K)]
  0x00000229d7123240 JavaThread "Reference Handler"          daemon [_thread_blocked, id=34308, stack(0x000000979a200000,0x000000979a300000) (1024K)]
  0x00000229d7124c00 JavaThread "Finalizer"                  daemon [_thread_blocked, id=33896, stack(0x000000979a300000,0x000000979a400000) (1024K)]
  0x00000229d712a920 JavaThread "Signal Dispatcher"          daemon [_thread_blocked, id=9704, stack(0x000000979a400000,0x000000979a500000) (1024K)]
  0x00000229d712b570 JavaThread "Attach Listener"            daemon [_thread_blocked, id=32156, stack(0x000000979a500000,0x000000979a600000) (1024K)]
  0x00000229d712e0d0 JavaThread "Service Thread"             daemon [_thread_blocked, id=28668, stack(0x000000979a600000,0x000000979a700000) (1024K)]
  0x00000229d7130b30 JavaThread "Monitor Deflation Thread"   daemon [_thread_blocked, id=22564, stack(0x000000979a700000,0x000000979a800000) (1024K)]
  0x00000229d7131960 JavaThread "C2 CompilerThread0"         daemon [_thread_in_native, id=36212, stack(0x000000979a800000,0x000000979a900000) (1024K)]
  0x00000229d714e610 JavaThread "C1 CompilerThread0"         daemon [_thread_blocked, id=11184, stack(0x000000979a900000,0x000000979aa00000) (1024K)]
  0x00000229d72177d0 JavaThread "Common-Cleaner"             daemon [_thread_blocked, id=28024, stack(0x000000979aa00000,0x000000979ab00000) (1024K)]
  0x00000229ef8ecea0 JavaThread "Notification Thread"        daemon [_thread_blocked, id=7232, stack(0x000000979ac00000,0x000000979ad00000) (1024K)]
  0x00000229f40b42c0 JavaThread "Active Thread: Equinox Container: e6bb06de-8598-474c-9778-f23873a26b95"        [_thread_blocked, id=25084, stack(0x000000979b400000,0x000000979b500000) (1024K)]
  0x00000229f40459f0 JavaThread "Refresh Thread: Equinox Container: e6bb06de-8598-474c-9778-f23873a26b95" daemon [_thread_blocked, id=4988, stack(0x000000979b600000,0x000000979b700000) (1024K)]
  0x00000229efca35a0 JavaThread "Framework Event Dispatcher: Equinox Container: e6bb06de-8598-474c-9778-f23873a26b95" daemon [_thread_blocked, id=22400, stack(0x000000979b700000,0x000000979b800000) (1024K)]
  0x00000229efb14b10 JavaThread "Start Level: Equinox Container: e6bb06de-8598-474c-9778-f23873a26b95" daemon [_thread_blocked, id=36180, stack(0x000000979b800000,0x000000979b900000) (1024K)]
  0x00000229f45b9f70 JavaThread "Bundle File Closer"         daemon [_thread_blocked, id=35232, stack(0x000000979b900000,0x000000979ba00000) (1024K)]
  0x00000229f4775ad0 JavaThread "SCR Component Actor"        daemon [_thread_blocked, id=30204, stack(0x000000979ba00000,0x000000979bb00000) (1024K)]
  0x00000229f4390a80 JavaThread "Worker-JM"                         [_thread_blocked, id=27800, stack(0x000000979bc00000,0x000000979bd00000) (1024K)]
  0x00000229f438f6d0 JavaThread "JNA Cleaner"                daemon [_thread_blocked, id=26816, stack(0x000000979bd00000,0x000000979be00000) (1024K)]
  0x00000229f438fd60 JavaThread "Worker-0: Publish Diagnostics"        [_thread_in_Java, id=4088, stack(0x000000979be00000,0x000000979bf00000) (1024K)]
  0x00000229f43924c0 JavaThread "Worker-1"                          [_thread_blocked, id=28444, stack(0x000000979bf00000,0x000000979c000000) (1024K)]
  0x00000229f43903f0 JavaThread "Worker-2"                          [_thread_blocked, id=21436, stack(0x000000979c000000,0x000000979c100000) (1024K)]
  0x00000229f43917a0 JavaThread "Java indexing"              daemon [_thread_blocked, id=28692, stack(0x000000979c100000,0x000000979c200000) (1024K)]
  0x00000229f707e210 JavaThread "Worker-3"                          [_thread_blocked, id=6584, stack(0x000000979c500000,0x000000979c600000) (1024K)]
  0x00000229f707ef30 JavaThread "Worker-4"                          [_thread_blocked, id=5360, stack(0x000000979c600000,0x000000979c700000) (1024K)]
  0x00000229f707f5c0 JavaThread "Worker-5"                          [_thread_blocked, id=20112, stack(0x000000979c700000,0x000000979c800000) (1024K)]
  0x00000229f707ce60 JavaThread "Thread-2"                   daemon [_thread_in_native, id=24168, stack(0x000000979c800000,0x000000979c900000) (1024K)]
  0x00000229f707db80 JavaThread "Thread-3"                   daemon [_thread_in_native, id=8576, stack(0x000000979c900000,0x000000979ca00000) (1024K)]
  0x00000229f707e8a0 JavaThread "Thread-4"                   daemon [_thread_in_native, id=28368, stack(0x000000979ca00000,0x000000979cb00000) (1024K)]
  0x00000229f707c140 JavaThread "Thread-5"                   daemon [_thread_in_native, id=16104, stack(0x000000979cb00000,0x000000979cc00000) (1024K)]
  0x00000229f707fc50 JavaThread "Thread-6"                   daemon [_thread_in_native, id=29732, stack(0x000000979cc00000,0x000000979cd00000) (1024K)]
  0x00000229f707c7d0 JavaThread "Thread-7"                   daemon [_thread_in_native, id=17212, stack(0x000000979cd00000,0x000000979ce00000) (1024K)]
  0x00000229f70802e0 JavaThread "Thread-8"                   daemon [_thread_in_native, id=2412, stack(0x000000979ce00000,0x000000979cf00000) (1024K)]
  0x00000229f7080970 JavaThread "Thread-9"                   daemon [_thread_in_native, id=36848, stack(0x000000979cf00000,0x000000979d000000) (1024K)]
  0x00000229f707d4f0 JavaThread "Thread-10"                  daemon [_thread_in_native, id=21924, stack(0x000000979d000000,0x000000979d100000) (1024K)]
  0x00000229f7081000 JavaThread "pool-2-thread-1"                   [_thread_blocked, id=27068, stack(0x000000979d100000,0x000000979d200000) (1024K)]
  0x00000229f70830d0 JavaThread "WorkspaceEventsHandler"            [_thread_blocked, id=31200, stack(0x000000979d200000,0x000000979d300000) (1024K)]
  0x00000229f7081690 JavaThread "pool-1-thread-1"                   [_thread_blocked, id=32084, stack(0x000000979d300000,0x000000979d400000) (1024K)]
  0x00000229f7081d20 JavaThread "Worker-6: Initialize workspace"        [_thread_blocked, id=12892, stack(0x000000979d400000,0x000000979d500000) (1024K)]
  0x00000229f70823b0 JavaThread "Worker-7: Synchronize Gradle projects with workspace"        [_thread_blocked, id=27060, stack(0x000000979d500000,0x000000979d600000) (1024K)]
  0x00000229f8921500 JavaThread "Timer-0"                           [_thread_blocked, id=30896, stack(0x000000979bb00000,0x000000979bc00000) (1024K)]
  0x00000229f891fac0 JavaThread "Timer-1"                           [_thread_blocked, id=17284, stack(0x000000979d600000,0x000000979d700000) (1024K)]
  0x00000229f8922220 JavaThread "LocalFile Deleter"          daemon [_thread_blocked, id=27728, stack(0x000000979d800000,0x000000979d900000) (1024K)]
  0x00000229f891eda0 JavaThread "LocalFile Deleter"          daemon [_thread_blocked, id=23652, stack(0x000000979d900000,0x000000979da00000) (1024K)]
  0x00000229f8925010 JavaThread "LocalFile Deleter"          daemon [_thread_blocked, id=35056, stack(0x000000979da00000,0x000000979db00000) (1024K)]
  0x00000229f89256a0 JavaThread "LocalFile Deleter"          daemon [_thread_blocked, id=28856, stack(0x000000979db00000,0x000000979dc00000) (1024K)]
  0x00000229f8922f40 JavaThread "LocalFile Deleter"          daemon [_thread_blocked, id=32444, stack(0x000000979dc00000,0x000000979dd00000) (1024K)]
  0x00000229f89235d0 JavaThread "LocalFile Deleter"          daemon [_thread_blocked, id=22844, stack(0x000000979dd00000,0x000000979de00000) (1024K)]
  0x00000229f89228b0 JavaThread "LocalFile Deleter"          daemon [_thread_blocked, id=21876, stack(0x000000979de00000,0x000000979df00000) (1024K)]
  0x00000229f8924980 JavaThread "LocalFile Deleter"          daemon [_thread_blocked, id=32624, stack(0x000000979df00000,0x000000979e000000) (1024K)]
  0x00000229f4391e30 JavaThread "Compiler Source File Reader" daemon [_thread_blocked, id=23164, stack(0x000000979e000000,0x000000979e100000) (1024K)]
  0x00000229f9c5a230 JavaThread "Compiler Source File Reader" daemon [_thread_blocked, id=7480, stack(0x000000979e100000,0x000000979e200000) (1024K)]
  0x00000229f9c5b5e0 JavaThread "Compiler Source File Reader" daemon [_thread_blocked, id=32736, stack(0x000000979e200000,0x000000979e300000) (1024K)]
  0x00000229f9c5bc70 JavaThread "Compiler Source File Reader" daemon [_thread_blocked, id=26100, stack(0x000000979e300000,0x000000979e400000) (1024K)]
  0x00000229f9c5c300 JavaThread "Compiler Source File Reader" daemon [_thread_blocked, id=3364, stack(0x000000979e400000,0x000000979e500000) (1024K)]
  0x00000229f9c5c990 JavaThread "Compiler Source File Reader" daemon [_thread_blocked, id=36064, stack(0x000000979e500000,0x000000979e600000) (1024K)]
  0x00000229f9c5d6b0 JavaThread "Compiler Processing Task"   daemon [_thread_blocked, id=35936, stack(0x000000979e600000,0x000000979e700000) (1024K)]
  0x00000229f9c5dd40 JavaThread "Compiler Class File Writer" daemon [_thread_blocked, id=14584, stack(0x000000979e700000,0x000000979e800000) (1024K)]
  0x00000229f9c5a8c0 JavaThread "Compiler Class File Writer" daemon [_thread_blocked, id=34328, stack(0x000000979e800000,0x000000979e900000) (1024K)]
  0x00000229f9c5f780 JavaThread "Compiler Class File Writer" daemon [_thread_blocked, id=36776, stack(0x000000979e900000,0x000000979ea00000) (1024K)]
  0x00000229f9c5fe10 JavaThread "Compiler Class File Writer" daemon [_thread_blocked, id=33324, stack(0x000000979ea00000,0x000000979eb00000) (1024K)]
  0x00000229f9c611c0 JavaThread "Compiler Class File Writer" daemon [_thread_blocked, id=32456, stack(0x000000979eb00000,0x000000979ec00000) (1024K)]
  0x00000229f9c5e3d0 JavaThread "Compiler Class File Writer" daemon [_thread_blocked, id=33944, stack(0x000000979ec00000,0x000000979ed00000) (1024K)]
  0x00000229f9c5ea60 JavaThread "Timer-2"                           [_thread_blocked, id=25584, stack(0x000000979ed00000,0x000000979ee00000) (1024K)]
  0x00000229f9c5f0f0 JavaThread "Exec process"                      [_thread_blocked, id=7488, stack(0x000000979ef00000,0x000000979f000000) (1024K)]
  0x00000229fb458e80 JavaThread "Exec process Thread 2"             [_thread_blocked, id=31732, stack(0x000000979f000000,0x000000979f100000) (1024K)]
  0x00000229fb458160 JavaThread "Exec process Thread 3"             [_thread_blocked, id=35632, stack(0x000000979f100000,0x000000979f200000) (1024K)]
  0x00000229fb45b5e0 JavaThread "Timer-3"                           [_thread_blocked, id=26028, stack(0x000000979d700000,0x000000979d800000) (1024K)]
  0x00000229fb4587f0 JavaThread "Timer-4"                           [_thread_blocked, id=32572, stack(0x000000979ee00000,0x000000979ef00000) (1024K)]
  0x00000229fb459510 JavaThread "Timer-5"                           [_thread_blocked, id=8640, stack(0x000000979f200000,0x000000979f300000) (1024K)]
  0x00000229fb45a8c0 JavaThread "Timer-6"                           [_thread_blocked, id=27624, stack(0x000000979f300000,0x000000979f400000) (1024K)]
  0x00000229fb459ba0 JavaThread "Timer-7"                           [_thread_blocked, id=34044, stack(0x000000979f400000,0x000000979f500000) (1024K)]
  0x00000229f7082a40 JavaThread "Timer-8"                           [_thread_blocked, id=7192, stack(0x000000979ad00000,0x000000979ae00000) (1024K)]
  0x00000229f9c60b30 JavaThread "Timer-9"                           [_thread_blocked, id=13736, stack(0x000000979f600000,0x000000979f700000) (1024K)]
=>0x00000229f5eecc80 JavaThread "C2 CompilerThread1"         daemon [_thread_in_native, id=20688, stack(0x000000979f500000,0x000000979f600000) (1024K)]
  0x00000229fb45a230 JavaThread "Timer-10"                          [_thread_blocked, id=31208, stack(0x000000979f700000,0x000000979f800000) (1024K)]
  0x00000229efaf75d0 JavaThread "Timer-11"                          [_thread_blocked, id=7708, stack(0x000000979f900000,0x000000979fa00000) (1024K)]
  0x00000229efaf68b0 JavaThread "Connection worker"                 [_thread_in_native, id=29868, stack(0x000000979f800000,0x000000979f900000) (1024K)]
  0x00000229efaf6f40 JavaThread "pool-5-thread-1"                   [_thread_blocked, id=36324, stack(0x000000979fa00000,0x000000979fb00000) (1024K)]
  0x00000229efaf7c60 JavaThread "ForkJoinPool.commonPool-worker-1" daemon [_thread_in_vm, id=5848, stack(0x000000979fc00000,0x000000979fd00000) (1024K)]
  0x00000229efaf47e0 JavaThread "ForkJoinPool.commonPool-worker-2" daemon [_thread_in_vm, id=8040, stack(0x000000979fd00000,0x000000979fe00000) (1024K)]
  0x00000229efaf4e70 JavaThread "ForkJoinPool.commonPool-worker-3" daemon [_thread_in_native, id=34968, stack(0x000000979fe00000,0x000000979ff00000) (1024K)]
  0x00000229efaf82f0 JavaThread "ForkJoinPool.commonPool-worker-4" daemon [_thread_blocked, id=28940, stack(0x000000979ff00000,0x00000097a0000000) (1024K)]
  0x00000229efaf8980 JavaThread "ForkJoinPool.commonPool-worker-5" daemon [_thread_blocked, id=28640, stack(0x00000097a0000000,0x00000097a0100000) (1024K)]
  0x00000229efaf9010 JavaThread "ForkJoinPool.commonPool-worker-6" daemon [_thread_blocked, id=28676, stack(0x00000097a0100000,0x00000097a0200000) (1024K)]
  0x00000229f5eea3a0 JavaThread "C2 CompilerThread2"         daemon [_thread_in_native, id=10540, stack(0x000000979fb00000,0x000000979fc00000) (1024K)]
Total: 86

Other Threads:
  0x00000229d71136d0 VMThread "VM Thread"                           [id=10272, stack(0x000000979a100000,0x000000979a200000) (1024K)]
  0x00000229d7216880 WatcherThread "VM Periodic Task Thread"        [id=24052, stack(0x000000979a000000,0x000000979a100000) (1024K)]
  0x00000229d71c9170 WorkerThread "GC Thread#0"                     [id=32688, stack(0x0000009799f00000,0x000000979a000000) (1024K)]
  0x00000229ef999b80 WorkerThread "GC Thread#1"                     [id=28360, stack(0x000000979ae00000,0x000000979af00000) (1024K)]
  0x00000229efc67d50 WorkerThread "GC Thread#2"                     [id=33868, stack(0x000000979af00000,0x000000979b000000) (1024K)]
  0x00000229efc680f0 WorkerThread "GC Thread#3"                     [id=27088, stack(0x000000979b000000,0x000000979b100000) (1024K)]
  0x00000229efc68490 WorkerThread "GC Thread#4"                     [id=32260, stack(0x000000979b100000,0x000000979b200000) (1024K)]
  0x00000229efcc18b0 WorkerThread "GC Thread#5"                     [id=28868, stack(0x000000979b200000,0x000000979b300000) (1024K)]
  0x00000229efcc1c50 WorkerThread "GC Thread#6"                     [id=20832, stack(0x000000979b300000,0x000000979b400000) (1024K)]
  0x00000229f4045100 WorkerThread "GC Thread#7"                     [id=10316, stack(0x000000979b500000,0x000000979b600000) (1024K)]
Total: 10

Threads with active compile tasks:
C2 CompilerThread0  91129 11349       4       org.eclipse.jdt.internal.compiler.parser.Parser::consumeToken (2264 bytes)
C2 CompilerThread1  91129 11258       4       org.eclipse.jdt.internal.compiler.parser.Parser::consumeRule (7748 bytes)
C2 CompilerThread2  91129 11321   !   4       java.io.ObjectInputStream::readObject0 (681 bytes)
Total: 3

VM state: not at safepoint (normal execution)

VM Mutex/Monitor currently owned by a thread: None

Heap address: 0x0000000080000000, size: 2048 MB, Compressed Oops mode: 32-bit

CDS archive(s) mapped at: [0x0000022980000000-0x0000022980ba0000-0x0000022980ba0000), size 12189696, SharedBaseAddress: 0x0000022980000000, ArchiveRelocationMode: 1.
Compressed class space mapped at: 0x0000022981000000-0x00000229c1000000, reserved size: 1073741824
Narrow klass base: 0x0000022980000000, Narrow klass shift: 0, Narrow klass range: 0x100000000

GC Precious Log:
 CardTable entry size: 512
 CPUs: 8 total, 8 available
 Memory: 16103M
 Large Page Support: Disabled
 NUMA Support: Disabled
 Compressed Oops: Enabled (32-bit)
 Alignments: Space 512K, Generation 512K, Heap 2M
 Heap Min Capacity: 100M
 Heap Initial Capacity: 100M
 Heap Max Capacity: 2G
 Pre-touch: Disabled
 Parallel Workers: 8

Heap:
 PSYoungGen      total 6656K, used 3430K [0x00000000d5580000, 0x00000000d5e00000, 0x0000000100000000)
  eden space 5632K, 42% used [0x00000000d5580000,0x00000000d57dae80,0x00000000d5b00000)
  from space 1024K, 99% used [0x00000000d5d00000,0x00000000d5dfec28,0x00000000d5e00000)
  to   space 1536K, 0% used [0x00000000d5b00000,0x00000000d5b00000,0x00000000d5c80000)
 ParOldGen       total 371200K, used 370761K [0x0000000080000000, 0x0000000096a80000, 0x00000000d5580000)
  object space 371200K, 99% used [0x0000000080000000,0x0000000096a12588,0x0000000096a80000)
 Metaspace       used 79836K, committed 81472K, reserved 1179648K
  class space    used 9598K, committed 10240K, reserved 1048576K

Card table byte_map: [0x00000229d6b40000,0x00000229d6f50000] _byte_map_base: 0x00000229d6740000

Marking Bits: (ParMarkBitMap*) 0x00007ffbc155a340
 Begin Bits: [0x00000229e9640000, 0x00000229eb640000)
 End Bits:   [0x00000229eb640000, 0x00000229ed640000)

Polling page: 0x00000229d5120000

Metaspace:

Usage:
  Non-class:     68.60 MB used.
      Class:      9.37 MB used.
       Both:     77.98 MB used.

Virtual space:
  Non-class space:      128.00 MB reserved,      69.56 MB ( 54%) committed,  2 nodes.
      Class space:        1.00 GB reserved,      10.00 MB ( <1%) committed,  1 nodes.
             Both:        1.12 GB reserved,      79.56 MB (  7%) committed. 

Chunk freelists:
   Non-Class:  10.23 MB
       Class:  5.97 MB
        Both:  16.20 MB

MaxMetaspaceSize: unlimited
CompressedClassSpaceSize: 1.00 GB
Initial GC threshold: 21.00 MB
Current GC threshold: 122.75 MB
CDS: on
 - commit_granule_bytes: 65536.
 - commit_granule_words: 8192.
 - virtual_space_node_default_size: 8388608.
 - enlarge_chunks_in_place: 1.
 - use_allocation_guard: 0.


Internal statistics:

num_allocs_failed_limit: 9.
num_arena_births: 1470.
num_arena_deaths: 14.
num_vsnodes_births: 3.
num_vsnodes_deaths: 0.
num_space_committed: 1273.
num_space_uncommitted: 0.
num_chunks_returned_to_freelist: 23.
num_chunks_taken_from_freelist: 5067.
num_chunk_merges: 15.
num_chunk_splits: 3243.
num_chunks_enlarged: 1983.
num_inconsistent_stats: 0.

CodeHeap 'non-profiled nmethods': size=120000Kb used=9501Kb max_used=9501Kb free=110498Kb
 bounds [0x00000229e1e60000, 0x00000229e27b0000, 0x00000229e9390000]
CodeHeap 'profiled nmethods': size=120000Kb used=20973Kb max_used=20973Kb free=99026Kb
 bounds [0x00000229da390000, 0x00000229db810000, 0x00000229e18c0000]
CodeHeap 'non-nmethods': size=5760Kb used=1478Kb max_used=1560Kb free=4281Kb
 bounds [0x00000229e18c0000, 0x00000229e1b30000, 0x00000229e1e60000]
CodeCache: size=245760Kb, used=31952Kb, max_used=32034Kb, free=213805Kb
 total_blobs=10505, nmethods=9713, adapters=697, full_count=0
Compilation: enabled, stopped_count=0, restarted_count=0

Compilation events (20 events):
Event: 89.959 Thread 0x00000229d714e610 11309       3       org.eclipse.jdt.internal.core.Openable::resource (28 bytes)
Event: 89.959 Thread 0x00000229d714e610 nmethod 11309 0x00000229db7d5190 code [0x00000229db7d53c0, 0x00000229db7d5de8]
Event: 89.959 Thread 0x00000229d714e610 11308       3       org.eclipse.jdt.internal.core.PackageFragment::calculateHashCode (18 bytes)
Event: 89.959 Thread 0x00000229d714e610 nmethod 11308 0x00000229db7d6090 code [0x00000229db7d6260, 0x00000229db7d6650]
Event: 89.959 Thread 0x00000229d714e610 11304       1       org.eclipse.jdt.internal.core.SingleTypeRequestor::getType (5 bytes)
Event: 89.959 Thread 0x00000229d714e610 nmethod 11304 0x00000229e278e510 code [0x00000229e278e6a0, 0x00000229e278e768]
Event: 89.959 Thread 0x00000229d714e610 11307       3       org.eclipse.jdt.internal.compiler.lookup.SourceTypeBinding::superInterfaces (65 bytes)
Event: 89.960 Thread 0x00000229d714e610 nmethod 11307 0x00000229db7d6790 code [0x00000229db7d69c0, 0x00000229db7d7290]
Event: 89.960 Thread 0x00000229d714e610 11306       3       org.eclipse.jdt.internal.compiler.lookup.LookupEnvironment::combine (73 bytes)
Event: 89.960 Thread 0x00000229d714e610 nmethod 11306 0x00000229db7d7510 code [0x00000229db7d7740, 0x00000229db7d7f48]
Event: 89.960 Thread 0x00000229d714e610 11310       1       org.eclipse.jdt.internal.core.BinaryType::getElementType (3 bytes)
Event: 89.960 Thread 0x00000229d714e610 nmethod 11310 0x00000229e278e810 code [0x00000229e278e9a0, 0x00000229e278ea68]
Event: 89.975 Thread 0x00000229f5eea3a0 nmethod 11233 0x00000229e278eb10 code [0x00000229e278faa0, 0x00000229e2792238]
Event: 89.975 Thread 0x00000229f5eea3a0 11302       4       java.io.ObjectStreamClass::getClassDataLayout0 (297 bytes)
Event: 89.984 Thread 0x00000229d714e610 11311       3       org.eclipse.jdt.core.dom.AST::modifying (20 bytes)
Event: 89.984 Thread 0x00000229d714e610 nmethod 11311 0x00000229db7d8190 code [0x00000229db7d8340, 0x00000229db7d8500]
Event: 89.984 Thread 0x00000229d714e610 11312   !   3       org.eclipse.jdt.core.dom.AST::disableEvents (24 bytes)
Event: 89.985 Thread 0x00000229d714e610 nmethod 11312 0x00000229db7d8610 code [0x00000229db7d87c0, 0x00000229db7d8a08]
Event: 89.985 Thread 0x00000229d714e610 11314       1       org.eclipse.jdt.core.dom.ASTNode::getParent (5 bytes)
Event: 89.985 Thread 0x00000229d714e610 nmethod 11314 0x00000229e2794810 code [0x00000229e27949a0, 0x00000229e2794a68]

GC Heap History (20 events):
Event: 88.857 GC heap after
{Heap after GC invocations=381 (full 4):
 PSYoungGen      total 5120K, used 494K [0x00000000d5580000, 0x00000000d5e80000, 0x0000000100000000)
  eden space 4608K, 0% used [0x00000000d5580000,0x00000000d5580000,0x00000000d5a00000)
  from space 512K, 96% used [0x00000000d5d80000,0x00000000d5dfb960,0x00000000d5e00000)
  to   space 512K, 0% used [0x00000000d5e00000,0x00000000d5e00000,0x00000000d5e80000)
 ParOldGen       total 367616K, used 367306K [0x0000000080000000, 0x0000000096700000, 0x00000000d5580000)
  object space 367616K, 99% used [0x0000000080000000,0x00000000966b2bb8,0x0000000096700000)
 Metaspace       used 75833K, committed 77312K, reserved 1179648K
  class space    used 9187K, committed 9792K, reserved 1048576K
}
Event: 88.897 GC heap before
{Heap before GC invocations=382 (full 4):
 PSYoungGen      total 5120K, used 5102K [0x00000000d5580000, 0x00000000d5e80000, 0x0000000100000000)
  eden space 4608K, 100% used [0x00000000d5580000,0x00000000d5a00000,0x00000000d5a00000)
  from space 512K, 96% used [0x00000000d5d80000,0x00000000d5dfb960,0x00000000d5e00000)
  to   space 512K, 0% used [0x00000000d5e00000,0x00000000d5e00000,0x00000000d5e80000)
 ParOldGen       total 367616K, used 367310K [0x0000000080000000, 0x0000000096700000, 0x00000000d5580000)
  object space 367616K, 99% used [0x0000000080000000,0x00000000966b3940,0x0000000096700000)
 Metaspace       used 76186K, committed 77696K, reserved 1179648K
  class space    used 9241K, committed 9856K, reserved 1048576K
}
Event: 88.898 GC heap after
{Heap after GC invocations=382 (full 4):
 PSYoungGen      total 5120K, used 493K [0x00000000d5580000, 0x00000000d5e80000, 0x0000000100000000)
  eden space 4608K, 0% used [0x00000000d5580000,0x00000000d5580000,0x00000000d5a00000)
  from space 512K, 96% used [0x00000000d5e00000,0x00000000d5e7b4a8,0x00000000d5e80000)
  to   space 1024K, 0% used [0x00000000d5c80000,0x00000000d5c80000,0x00000000d5d80000)
 ParOldGen       total 367616K, used 367462K [0x0000000080000000, 0x0000000096700000, 0x00000000d5580000)
  object space 367616K, 99% used [0x0000000080000000,0x00000000966d9960,0x0000000096700000)
 Metaspace       used 76186K, committed 77696K, reserved 1179648K
  class space    used 9241K, committed 9856K, reserved 1048576K
}
Event: 88.973 GC heap before
{Heap before GC invocations=383 (full 4):
 PSYoungGen      total 5120K, used 5101K [0x00000000d5580000, 0x00000000d5e80000, 0x0000000100000000)
  eden space 4608K, 100% used [0x00000000d5580000,0x00000000d5a00000,0x00000000d5a00000)
  from space 512K, 96% used [0x00000000d5e00000,0x00000000d5e7b4a8,0x00000000d5e80000)
  to   space 1024K, 0% used [0x00000000d5c80000,0x00000000d5c80000,0x00000000d5d80000)
 ParOldGen       total 367616K, used 367462K [0x0000000080000000, 0x0000000096700000, 0x00000000d5580000)
  object space 367616K, 99% used [0x0000000080000000,0x00000000966d9960,0x0000000096700000)
 Metaspace       used 76343K, committed 77888K, reserved 1179648K
  class space    used 9276K, committed 9920K, reserved 1048576K
}
Event: 88.975 GC heap after
{Heap after GC invocations=383 (full 4):
 PSYoungGen      total 5632K, used 384K [0x00000000d5580000, 0x00000000d5e80000, 0x0000000100000000)
  eden space 4608K, 0% used [0x00000000d5580000,0x00000000d5580000,0x00000000d5a00000)
  from space 1024K, 37% used [0x00000000d5c80000,0x00000000d5ce0010,0x00000000d5d80000)
  to   space 512K, 0% used [0x00000000d5e00000,0x00000000d5e00000,0x00000000d5e80000)
 ParOldGen       total 368128K, used 367917K [0x0000000080000000, 0x0000000096780000, 0x00000000d5580000)
  object space 368128K, 99% used [0x0000000080000000,0x000000009674b540,0x0000000096780000)
 Metaspace       used 76343K, committed 77888K, reserved 1179648K
  class space    used 9276K, committed 9920K, reserved 1048576K
}
Event: 89.111 GC heap before
{Heap before GC invocations=384 (full 4):
 PSYoungGen      total 5632K, used 4992K [0x00000000d5580000, 0x00000000d5e80000, 0x0000000100000000)
  eden space 4608K, 100% used [0x00000000d5580000,0x00000000d5a00000,0x00000000d5a00000)
  from space 1024K, 37% used [0x00000000d5c80000,0x00000000d5ce0010,0x00000000d5d80000)
  to   space 512K, 0% used [0x00000000d5e00000,0x00000000d5e00000,0x00000000d5e80000)
 ParOldGen       total 368128K, used 367917K [0x0000000080000000, 0x0000000096780000, 0x00000000d5580000)
  object space 368128K, 99% used [0x0000000080000000,0x000000009674b540,0x0000000096780000)
 Metaspace       used 76880K, committed 78336K, reserved 1179648K
  class space    used 9328K, committed 9920K, reserved 1048576K
}
Event: 89.112 GC heap after
{Heap after GC invocations=384 (full 4):
 PSYoungGen      total 5120K, used 436K [0x00000000d5580000, 0x00000000d5e80000, 0x0000000100000000)
  eden space 4608K, 0% used [0x00000000d5580000,0x00000000d5580000,0x00000000d5a00000)
  from space 512K, 85% used [0x00000000d5e00000,0x00000000d5e6d2e0,0x00000000d5e80000)
  to   space 512K, 0% used [0x00000000d5d80000,0x00000000d5d80000,0x00000000d5e00000)
 ParOldGen       total 368128K, used 367925K [0x0000000080000000, 0x0000000096780000, 0x00000000d5580000)
  object space 368128K, 99% used [0x0000000080000000,0x000000009674d540,0x0000000096780000)
 Metaspace       used 76880K, committed 78336K, reserved 1179648K
  class space    used 9328K, committed 9920K, reserved 1048576K
}
Event: 89.220 GC heap before
{Heap before GC invocations=385 (full 4):
 PSYoungGen      total 5120K, used 5044K [0x00000000d5580000, 0x00000000d5e80000, 0x0000000100000000)
  eden space 4608K, 100% used [0x00000000d5580000,0x00000000d5a00000,0x00000000d5a00000)
  from space 512K, 85% used [0x00000000d5e00000,0x00000000d5e6d2e0,0x00000000d5e80000)
  to   space 512K, 0% used [0x00000000d5d80000,0x00000000d5d80000,0x00000000d5e00000)
 ParOldGen       total 368128K, used 367925K [0x0000000080000000, 0x0000000096780000, 0x00000000d5580000)
  object space 368128K, 99% used [0x0000000080000000,0x000000009674d540,0x0000000096780000)
 Metaspace       used 76994K, committed 78528K, reserved 1179648K
  class space    used 9337K, committed 9984K, reserved 1048576K
}
Event: 89.221 GC heap after
{Heap after GC invocations=385 (full 4):
 PSYoungGen      total 5120K, used 500K [0x00000000d5580000, 0x00000000d5e80000, 0x0000000100000000)
  eden space 4608K, 0% used [0x00000000d5580000,0x00000000d5580000,0x00000000d5a00000)
  from space 512K, 97% used [0x00000000d5d80000,0x00000000d5dfd2e0,0x00000000d5e00000)
  to   space 512K, 0% used [0x00000000d5e00000,0x00000000d5e00000,0x00000000d5e80000)
 ParOldGen       total 368128K, used 367965K [0x0000000080000000, 0x0000000096780000, 0x00000000d5580000)
  object space 368128K, 99% used [0x0000000080000000,0x0000000096757540,0x0000000096780000)
 Metaspace       used 76994K, committed 78528K, reserved 1179648K
  class space    used 9337K, committed 9984K, reserved 1048576K
}
Event: 89.290 GC heap before
{Heap before GC invocations=386 (full 4):
 PSYoungGen      total 5120K, used 5108K [0x00000000d5580000, 0x00000000d5e80000, 0x0000000100000000)
  eden space 4608K, 100% used [0x00000000d5580000,0x00000000d5a00000,0x00000000d5a00000)
  from space 512K, 97% used [0x00000000d5d80000,0x00000000d5dfd2e0,0x00000000d5e00000)
  to   space 512K, 0% used [0x00000000d5e00000,0x00000000d5e00000,0x00000000d5e80000)
 ParOldGen       total 368128K, used 367965K [0x0000000080000000, 0x0000000096780000, 0x00000000d5580000)
  object space 368128K, 99% used [0x0000000080000000,0x0000000096757540,0x0000000096780000)
 Metaspace       used 77708K, committed 79232K, reserved 1179648K
  class space    used 9402K, committed 10048K, reserved 1048576K
}
Event: 89.292 GC heap after
{Heap after GC invocations=386 (full 4):
 PSYoungGen      total 5120K, used 448K [0x00000000d5580000, 0x00000000d5e80000, 0x0000000100000000)
  eden space 4608K, 0% used [0x00000000d5580000,0x00000000d5580000,0x00000000d5a00000)
  from space 512K, 87% used [0x00000000d5e00000,0x00000000d5e70000,0x00000000d5e80000)
  to   space 512K, 0% used [0x00000000d5d80000,0x00000000d5d80000,0x00000000d5e00000)
 ParOldGen       total 368640K, used 368234K [0x0000000080000000, 0x0000000096800000, 0x00000000d5580000)
  object space 368640K, 99% used [0x0000000080000000,0x000000009679a9f0,0x0000000096800000)
 Metaspace       used 77708K, committed 79232K, reserved 1179648K
  class space    used 9402K, committed 10048K, reserved 1048576K
}
Event: 89.648 GC heap before
{Heap before GC invocations=387 (full 4):
 PSYoungGen      total 5120K, used 5054K [0x00000000d5580000, 0x00000000d5e80000, 0x0000000100000000)
  eden space 4608K, 99% used [0x00000000d5580000,0x00000000d59ff808,0x00000000d5a00000)
  from space 512K, 87% used [0x00000000d5e00000,0x00000000d5e70000,0x00000000d5e80000)
  to   space 512K, 0% used [0x00000000d5d80000,0x00000000d5d80000,0x00000000d5e00000)
 ParOldGen       total 368640K, used 368234K [0x0000000080000000, 0x0000000096800000, 0x00000000d5580000)
  object space 368640K, 99% used [0x0000000080000000,0x000000009679a9f0,0x0000000096800000)
 Metaspace       used 78204K, committed 79744K, reserved 1179648K
  class space    used 9459K, committed 10112K, reserved 1048576K
}
Event: 89.650 GC heap after
{Heap after GC invocations=387 (full 4):
 PSYoungGen      total 5120K, used 480K [0x00000000d5580000, 0x00000000d5e80000, 0x0000000100000000)
  eden space 4608K, 0% used [0x00000000d5580000,0x00000000d5580000,0x00000000d5a00000)
  from space 512K, 93% used [0x00000000d5d80000,0x00000000d5df8130,0x00000000d5e00000)
  to   space 512K, 0% used [0x00000000d5e00000,0x00000000d5e00000,0x00000000d5e80000)
 ParOldGen       total 368640K, used 368362K [0x0000000080000000, 0x0000000096800000, 0x00000000d5580000)
  object space 368640K, 99% used [0x0000000080000000,0x00000000967baa00,0x0000000096800000)
 Metaspace       used 78204K, committed 79744K, reserved 1179648K
  class space    used 9459K, committed 10112K, reserved 1048576K
}
Event: 89.763 GC heap before
{Heap before GC invocations=388 (full 4):
 PSYoungGen      total 5120K, used 5079K [0x00000000d5580000, 0x00000000d5e80000, 0x0000000100000000)
  eden space 4608K, 99% used [0x00000000d5580000,0x00000000d59fdbb8,0x00000000d5a00000)
  from space 512K, 93% used [0x00000000d5d80000,0x00000000d5df8130,0x00000000d5e00000)
  to   space 512K, 0% used [0x00000000d5e00000,0x00000000d5e00000,0x00000000d5e80000)
 ParOldGen       total 368640K, used 368362K [0x0000000080000000, 0x0000000096800000, 0x00000000d5580000)
  object space 368640K, 99% used [0x0000000080000000,0x00000000967baa00,0x0000000096800000)
 Metaspace       used 78655K, committed 80192K, reserved 1179648K
  class space    used 9483K, committed 10112K, reserved 1048576K
}
Event: 89.765 GC heap after
{Heap after GC invocations=388 (full 4):
 PSYoungGen      total 5120K, used 491K [0x00000000d5580000, 0x00000000d5e80000, 0x0000000100000000)
  eden space 4608K, 0% used [0x00000000d5580000,0x00000000d5580000,0x00000000d5a00000)
  from space 512K, 95% used [0x00000000d5e00000,0x00000000d5e7ac18,0x00000000d5e80000)
  to   space 1536K, 0% used [0x00000000d5b80000,0x00000000d5b80000,0x00000000d5d00000)
 ParOldGen       total 369152K, used 368957K [0x0000000080000000, 0x0000000096880000, 0x00000000d5580000)
  object space 369152K, 99% used [0x0000000080000000,0x000000009684f7f0,0x0000000096880000)
 Metaspace       used 78655K, committed 80192K, reserved 1179648K
  class space    used 9483K, committed 10112K, reserved 1048576K
}
Event: 89.867 GC heap before
{Heap before GC invocations=389 (full 4):
 PSYoungGen      total 5120K, used 5099K [0x00000000d5580000, 0x00000000d5e80000, 0x0000000100000000)
  eden space 4608K, 99% used [0x00000000d5580000,0x00000000d59ffff0,0x00000000d5a00000)
  from space 512K, 95% used [0x00000000d5e00000,0x00000000d5e7ac18,0x00000000d5e80000)
  to   space 1536K, 0% used [0x00000000d5b80000,0x00000000d5b80000,0x00000000d5d00000)
 ParOldGen       total 369152K, used 368957K [0x0000000080000000, 0x0000000096880000, 0x00000000d5580000)
  object space 369152K, 99% used [0x0000000080000000,0x000000009684f7f0,0x0000000096880000)
 Metaspace       used 78894K, committed 80448K, reserved 1179648K
  class space    used 9513K, committed 10112K, reserved 1048576K
}
Event: 89.871 GC heap after
{Heap after GC invocations=389 (full 4):
 PSYoungGen      total 6144K, used 560K [0x00000000d5580000, 0x00000000d5e80000, 0x0000000100000000)
  eden space 4608K, 0% used [0x00000000d5580000,0x00000000d5580000,0x00000000d5a00000)
  from space 1536K, 36% used [0x00000000d5b80000,0x00000000d5c0c010,0x00000000d5d00000)
  to   space 1024K, 0% used [0x00000000d5d80000,0x00000000d5d80000,0x00000000d5e80000)
 ParOldGen       total 369664K, used 369467K [0x0000000080000000, 0x0000000096900000, 0x00000000d5580000)
  object space 369664K, 99% used [0x0000000080000000,0x00000000968ced88,0x0000000096900000)
 Metaspace       used 78894K, committed 80448K, reserved 1179648K
  class space    used 9513K, committed 10112K, reserved 1048576K
}
Event: 89.949 GC heap before
{Heap before GC invocations=390 (full 4):
 PSYoungGen      total 6144K, used 5168K [0x00000000d5580000, 0x00000000d5e80000, 0x0000000100000000)
  eden space 4608K, 100% used [0x00000000d5580000,0x00000000d5a00000,0x00000000d5a00000)
  from space 1536K, 36% used [0x00000000d5b80000,0x00000000d5c0c010,0x00000000d5d00000)
  to   space 1024K, 0% used [0x00000000d5d80000,0x00000000d5d80000,0x00000000d5e80000)
 ParOldGen       total 369664K, used 369467K [0x0000000080000000, 0x0000000096900000, 0x00000000d5580000)
  object space 369664K, 99% used [0x0000000080000000,0x00000000968ced88,0x0000000096900000)
 Metaspace       used 78957K, committed 80512K, reserved 1179648K
  class space    used 9520K, committed 10176K, reserved 1048576K
}
Event: 89.952 GC heap after
{Heap after GC invocations=390 (full 4):
 PSYoungGen      total 5632K, used 1012K [0x00000000d5580000, 0x00000000d5e80000, 0x0000000100000000)
  eden space 4608K, 0% used [0x00000000d5580000,0x00000000d5580000,0x00000000d5a00000)
  from space 1024K, 98% used [0x00000000d5d80000,0x00000000d5e7d2e0,0x00000000d5e80000)
  to   space 1536K, 0% used [0x00000000d5b80000,0x00000000d5b80000,0x00000000d5d00000)
 ParOldGen       total 369664K, used 369483K [0x0000000080000000, 0x0000000096900000, 0x00000000d5580000)
  object space 369664K, 99% used [0x0000000080000000,0x00000000968d2d88,0x0000000096900000)
 Metaspace       used 78957K, committed 80512K, reserved 1179648K
  class space    used 9520K, committed 10176K, reserved 1048576K
}
Event: 89.997 GC heap before
{Heap before GC invocations=391 (full 4):
 PSYoungGen      total 5632K, used 5620K [0x00000000d5580000, 0x00000000d5e80000, 0x0000000100000000)
  eden space 4608K, 100% used [0x00000000d5580000,0x00000000d5a00000,0x00000000d5a00000)
  from space 1024K, 98% used [0x00000000d5d80000,0x00000000d5e7d2e0,0x00000000d5e80000)
  to   space 1536K, 0% used [0x00000000d5b80000,0x00000000d5b80000,0x00000000d5d00000)
 ParOldGen       total 369664K, used 369483K [0x0000000080000000, 0x0000000096900000, 0x00000000d5580000)
  object space 369664K, 99% used [0x0000000080000000,0x00000000968d2d88,0x0000000096900000)
 Metaspace       used 79143K, committed 80704K, reserved 1179648K
  class space    used 9536K, committed 10176K, reserved 1048576K
}

Dll operation events (15 events):
Event: 0.021 Loaded shared library c:\Users\jkhong\.vscode\extensions\redhat.java-1.44.0-win32-x64\jre\21.0.8-win32-x86_64\bin\java.dll
Event: 0.063 Loaded shared library c:\Users\jkhong\.vscode\extensions\redhat.java-1.44.0-win32-x64\jre\21.0.8-win32-x86_64\bin\zip.dll
Event: 0.150 Loaded shared library C:\Users\jkhong\.vscode\extensions\redhat.java-1.44.0-win32-x64\jre\21.0.8-win32-x86_64\bin\instrument.dll
Event: 0.157 Loaded shared library C:\Users\jkhong\.vscode\extensions\redhat.java-1.44.0-win32-x64\jre\21.0.8-win32-x86_64\bin\net.dll
Event: 0.164 Loaded shared library C:\Users\jkhong\.vscode\extensions\redhat.java-1.44.0-win32-x64\jre\21.0.8-win32-x86_64\bin\nio.dll
Event: 0.169 Loaded shared library C:\Users\jkhong\.vscode\extensions\redhat.java-1.44.0-win32-x64\jre\21.0.8-win32-x86_64\bin\zip.dll
Event: 0.189 Loaded shared library C:\Users\jkhong\.vscode\extensions\redhat.java-1.44.0-win32-x64\jre\21.0.8-win32-x86_64\bin\jimage.dll
Event: 0.286 Loaded shared library c:\Users\jkhong\.vscode\extensions\redhat.java-1.44.0-win32-x64\jre\21.0.8-win32-x86_64\bin\verify.dll
Event: 1.530 Loaded shared library C:\Users\jkhong\AppData\Roaming\Code\User\globalStorage\redhat.java\1.44.0\config_win\org.eclipse.equinox.launcher\org.eclipse.equinox.launcher.win32.win32.x86_64_1.2.1400.v20250730-1736\eclipse_11913.dll
Event: 2.896 Loaded shared library C:\Users\jkhong\AppData\Local\Temp\jna--1158252095\jna14209645748099743542.dll
Event: 34.428 Loaded shared library C:\Users\jkhong\.vscode\extensions\redhat.java-1.44.0-win32-x64\jre\21.0.8-win32-x86_64\bin\management.dll
Event: 34.435 Loaded shared library C:\Users\jkhong\.vscode\extensions\redhat.java-1.44.0-win32-x64\jre\21.0.8-win32-x86_64\bin\management_ext.dll
Event: 44.990 Loaded shared library C:\Users\jkhong\.gradle\native\c067742578af261105cb4f569cf0c3c89f3d7b1fecec35dd04571415982c5e48\windows-amd64\native-platform.dll
Event: 55.523 Loaded shared library C:\Users\jkhong\.vscode\extensions\redhat.java-1.44.0-win32-x64\jre\21.0.8-win32-x86_64\bin\extnet.dll
Event: 66.985 Loaded shared library C:\Users\jkhong\.vscode\extensions\redhat.java-1.44.0-win32-x64\jre\21.0.8-win32-x86_64\bin\sunmscapi.dll

Deoptimization events (20 events):
Event: 89.921 Thread 0x00000229efaf7c60 Uncommon trap: trap_request=0xffffffc6 fr.pc=0x00000229e277d478 relative=0x0000000000000cf8
Event: 89.921 Thread 0x00000229efaf7c60 Uncommon trap: reason=bimorphic_or_optimized_type_check action=maybe_recompile pc=0x00000229e277d478 method=org.eclipse.jdt.internal.compiler.parser.Parser.consumeRule(I)V @ 7595 c2
Event: 89.921 Thread 0x00000229efaf7c60 DEOPT PACKING pc=0x00000229e277d478 sp=0x000000979fcfcc60
Event: 89.921 Thread 0x00000229efaf7c60 DEOPT UNPACKING pc=0x00000229e1916da2 sp=0x000000979fcfcbd8 mode 2
Event: 89.925 Thread 0x00000229efaf7c60 Uncommon trap: trap_request=0xffffffc6 fr.pc=0x00000229e277cd78 relative=0x00000000000005f8
Event: 89.925 Thread 0x00000229efaf7c60 Uncommon trap: reason=bimorphic_or_optimized_type_check action=maybe_recompile pc=0x00000229e277cd78 method=org.eclipse.jdt.internal.compiler.parser.Parser.consumeRule(I)V @ 4272 c2
Event: 89.925 Thread 0x00000229efaf7c60 DEOPT PACKING pc=0x00000229e277cd78 sp=0x000000979fcfd260
Event: 89.925 Thread 0x00000229efaf7c60 DEOPT UNPACKING pc=0x00000229e1916da2 sp=0x000000979fcfd1e0 mode 2
Event: 89.925 Thread 0x00000229efaf7c60 Uncommon trap: trap_request=0xffffffc6 fr.pc=0x00000229e277cd78 relative=0x00000000000005f8
Event: 89.925 Thread 0x00000229efaf7c60 Uncommon trap: reason=bimorphic_or_optimized_type_check action=maybe_recompile pc=0x00000229e277cd78 method=org.eclipse.jdt.internal.compiler.parser.Parser.consumeRule(I)V @ 4272 c2
Event: 89.925 Thread 0x00000229efaf7c60 DEOPT PACKING pc=0x00000229e277cd78 sp=0x000000979fcfd260
Event: 89.925 Thread 0x00000229efaf7c60 DEOPT UNPACKING pc=0x00000229e1916da2 sp=0x000000979fcfd1e0 mode 2
Event: 89.953 Thread 0x00000229efaf7c60 Uncommon trap: trap_request=0xffffff45 fr.pc=0x00000229e21f7ad4 relative=0x0000000000000db4
Event: 89.953 Thread 0x00000229efaf7c60 Uncommon trap: reason=unstable_if action=reinterpret pc=0x00000229e21f7ad4 method=org.eclipse.jdt.internal.core.util.WeakHashSet.cleanupGarbageCollectedValues()V @ 140 c2
Event: 89.953 Thread 0x00000229efaf7c60 DEOPT PACKING pc=0x00000229e21f7ad4 sp=0x000000979fcfd2c0
Event: 89.953 Thread 0x00000229efaf7c60 DEOPT UNPACKING pc=0x00000229e1916da2 sp=0x000000979fcfd1c8 mode 2
Event: 89.960 Thread 0x00000229efaf7c60 Uncommon trap: trap_request=0xffffffc6 fr.pc=0x00000229e1f19120 relative=0x0000000000000500
Event: 89.960 Thread 0x00000229efaf7c60 Uncommon trap: reason=bimorphic_or_optimized_type_check action=maybe_recompile pc=0x00000229e1f19120 method=java.util.Collections$UnmodifiableCollection.contains(Ljava/lang/Object;)Z @ 5 c2
Event: 89.960 Thread 0x00000229efaf7c60 DEOPT PACKING pc=0x00000229e1f19120 sp=0x000000979fcfe600
Event: 89.960 Thread 0x00000229efaf7c60 DEOPT UNPACKING pc=0x00000229e1916da2 sp=0x000000979fcfe5a8 mode 2

Classes loaded (20 events):
Event: 72.209 Loading class sun/misc/SharedSecrets
Event: 72.209 Loading class sun/misc/SharedSecrets done
Event: 72.294 Loading class java/security/DigestInputStream
Event: 72.294 Loading class java/security/DigestInputStream done
Event: 87.204 Loading class java/time/Ser
Event: 87.204 Loading class java/time/Ser done
Event: 88.810 Loading class java/util/Collections$SynchronizedRandomAccessList
Event: 88.810 Loading class java/util/Collections$SynchronizedList
Event: 88.810 Loading class java/util/Collections$SynchronizedList done
Event: 88.810 Loading class java/util/Collections$SynchronizedRandomAccessList done
Event: 88.869 Loading class java/util/concurrent/CompletableFuture$Signaller
Event: 88.869 Loading class java/util/concurrent/CompletableFuture$Signaller done
Event: 89.065 Loading class java/io/SequenceInputStream
Event: 89.065 Loading class java/io/SequenceInputStream done
Event: 89.216 Loading class java/util/concurrent/CompletableFuture$UniApply
Event: 89.216 Loading class java/util/concurrent/CompletableFuture$UniApply done
Event: 89.217 Loading class java/util/concurrent/CompletableFuture$UniExceptionally
Event: 89.217 Loading class java/util/concurrent/CompletableFuture$UniExceptionally done
Event: 89.261 Loading class java/util/Hashtable$KeySet
Event: 89.261 Loading class java/util/Hashtable$KeySet done

Classes unloaded (7 events):
Event: 3.365 Thread 0x00000229d71136d0 Unloading class 0x00000229811a6c00 'java/lang/invoke/LambdaForm$MH+0x00000229811a6c00'
Event: 3.365 Thread 0x00000229d71136d0 Unloading class 0x00000229811a6800 'java/lang/invoke/LambdaForm$MH+0x00000229811a6800'
Event: 3.365 Thread 0x00000229d71136d0 Unloading class 0x00000229811a6400 'java/lang/invoke/LambdaForm$MH+0x00000229811a6400'
Event: 3.365 Thread 0x00000229d71136d0 Unloading class 0x00000229811a6000 'java/lang/invoke/LambdaForm$MH+0x00000229811a6000'
Event: 3.365 Thread 0x00000229d71136d0 Unloading class 0x00000229811a5c00 'java/lang/invoke/LambdaForm$BMH+0x00000229811a5c00'
Event: 3.365 Thread 0x00000229d71136d0 Unloading class 0x00000229811a5800 'java/lang/invoke/LambdaForm$DMH+0x00000229811a5800'
Event: 3.365 Thread 0x00000229d71136d0 Unloading class 0x00000229811a4800 'java/lang/invoke/LambdaForm$DMH+0x00000229811a4800'

Classes redefined (0 events):
No events

Internal exceptions (20 events):
Event: 89.203 Thread 0x00000229f7081690 Exception <a 'sun/nio/fs/WindowsException'{0x00000000d5970c78}> (0x00000000d5970c78) 
thrown [s\src\hotspot\share\prims\jni.cpp, line 520]
Event: 89.204 Thread 0x00000229f7081690 Exception <a 'sun/nio/fs/WindowsException'{0x00000000d5971378}> (0x00000000d5971378) 
thrown [s\src\hotspot\share\prims\jni.cpp, line 520]
Event: 89.204 Thread 0x00000229f7081690 Exception <a 'sun/nio/fs/WindowsException'{0x00000000d5972180}> (0x00000000d5972180) 
thrown [s\src\hotspot\share\prims\jni.cpp, line 520]
Event: 89.204 Thread 0x00000229f7081690 Exception <a 'sun/nio/fs/WindowsException'{0x00000000d5972880}> (0x00000000d5972880) 
thrown [s\src\hotspot\share\prims\jni.cpp, line 520]
Event: 89.205 Thread 0x00000229f7081690 Exception <a 'sun/nio/fs/WindowsException'{0x00000000d5973720}> (0x00000000d5973720) 
thrown [s\src\hotspot\share\prims\jni.cpp, line 520]
Event: 89.205 Thread 0x00000229f7081690 Exception <a 'sun/nio/fs/WindowsException'{0x00000000d5973e30}> (0x00000000d5973e30) 
thrown [s\src\hotspot\share\prims\jni.cpp, line 520]
Event: 89.207 Thread 0x00000229f7081690 Exception <a 'sun/nio/fs/WindowsException'{0x00000000d5974c78}> (0x00000000d5974c78) 
thrown [s\src\hotspot\share\prims\jni.cpp, line 520]
Event: 89.207 Thread 0x00000229f7081690 Exception <a 'sun/nio/fs/WindowsException'{0x00000000d5975388}> (0x00000000d5975388) 
thrown [s\src\hotspot\share\prims\jni.cpp, line 520]
Event: 89.213 Thread 0x00000229f7081690 Exception <a 'java/lang/IncompatibleClassChangeError'{0x00000000d59a0310}: Found class java.lang.Object, but interface was expected> (0x00000000d59a0310) 
thrown [s\src\hotspot\share\interpreter\linkResolver.cpp, line 840]
Event: 89.223 Thread 0x00000229f7081690 Exception <a 'java/lang/IncompatibleClassChangeError'{0x00000000d5589818}: Found class java.lang.Object, but interface was expected> (0x00000000d5589818) 
thrown [s\src\hotspot\share\interpreter\linkResolver.cpp, line 840]
Event: 89.240 Thread 0x00000229f7081690 Exception <a 'java/lang/IncompatibleClassChangeError'{0x00000000d566cda0}: Found class java.lang.Object, but interface was expected> (0x00000000d566cda0) 
thrown [s\src\hotspot\share\interpreter\linkResolver.cpp, line 840]
Event: 89.331 Thread 0x00000229f7081690 Exception <a 'java/lang/IncompatibleClassChangeError'{0x00000000d5688e50}: Found class java.lang.Object, but interface was expected> (0x00000000d5688e50) 
thrown [s\src\hotspot\share\interpreter\linkResolver.cpp, line 840]
Event: 89.517 Thread 0x00000229f7081690 Exception <a 'java/lang/IncompatibleClassChangeError'{0x00000000d5824438}: Found class java.lang.Object, but interface was expected> (0x00000000d5824438) 
thrown [s\src\hotspot\share\interpreter\linkResolver.cpp, line 840]
Event: 89.547 Thread 0x00000229f43903f0 Exception <a 'sun/nio/fs/WindowsException'{0x00000000d58742a8}> (0x00000000d58742a8) 
thrown [s\src\hotspot\share\prims\jni.cpp, line 520]
Event: 89.548 Thread 0x00000229f43903f0 Exception <a 'sun/nio/fs/WindowsException'{0x00000000d5874c10}> (0x00000000d5874c10) 
thrown [s\src\hotspot\share\prims\jni.cpp, line 520]
Event: 89.557 Thread 0x00000229f43903f0 Exception <a 'java/lang/NoSuchMethodError'{0x00000000d58d32c8}: 'java.lang.Object java.lang.invoke.Invokers$Holder.linkToTargetMethod(java.lang.Object, java.lang.Object, int, int, java.lang.Object)'> (0x00000000d58d32c8) 
thrown [s\src\hotspot\share\interpreter\linkResolver.cpp, line 773]
Event: 89.627 Thread 0x00000229f707ef30 Exception <a 'java/lang/NoSuchMethodError'{0x00000000d593c500}: 'java.lang.Object java.lang.invoke.DirectMethodHandle$Holder.invokeSpecial(java.lang.Object, java.lang.Object, int, long)'> (0x00000000d593c500) 
thrown [s\src\hotspot\share\interpreter\linkResolver.cpp, line 773]
Event: 89.686 Thread 0x00000229efaf8980 Exception <a 'java/lang/ArrayIndexOutOfBoundsException'{0x00000000d5709438}> (0x00000000d5709438) 
thrown [s\src\hotspot\share\runtime\sharedRuntime.cpp, line 625]
Event: 89.731 Thread 0x00000229efaf7c60 Exception <a 'java/lang/NoSuchMethodError'{0x00000000d58d26e8}: 'int java.lang.invoke.Invokers$Holder.invokeExact_MT(java.lang.Object, java.lang.Object)'> (0x00000000d58d26e8) 
thrown [s\src\hotspot\share\interpreter\linkResolver.cpp, line 773]
Event: 89.781 Thread 0x00000229efaf7c60 Exception <a 'java/lang/IncompatibleClassChangeError'{0x00000000d5612c90}: Found class java.lang.Object, but interface was expected> (0x00000000d5612c90) 
thrown [s\src\hotspot\share\interpreter\linkResolver.cpp, line 840]

ZGC Phase Switch (0 events):
No events

VM Operations (20 events):
Event: 89.112 Executing VM operation: ParallelGCFailedAllocation (Allocation Failure) done
Event: 89.220 Executing VM operation: ParallelGCFailedAllocation (Allocation Failure)
Event: 89.221 Executing VM operation: ParallelGCFailedAllocation (Allocation Failure) done
Event: 89.290 Executing VM operation: ParallelGCFailedAllocation (Allocation Failure)
Event: 89.292 Executing VM operation: ParallelGCFailedAllocation (Allocation Failure) done
Event: 89.648 Executing VM operation: ParallelGCFailedAllocation (Allocation Failure)
Event: 89.650 Executing VM operation: ParallelGCFailedAllocation (Allocation Failure) done
Event: 89.711 Executing VM operation: HandshakeAllThreads (Deoptimize)
Event: 89.711 Executing VM operation: HandshakeAllThreads (Deoptimize) done
Event: 89.763 Executing VM operation: ParallelGCFailedAllocation (Allocation Failure)
Event: 89.765 Executing VM operation: ParallelGCFailedAllocation (Allocation Failure) done
Event: 89.770 Executing VM operation: HandshakeAllThreads (Deoptimize)
Event: 89.771 Executing VM operation: HandshakeAllThreads (Deoptimize) done
Event: 89.820 Executing VM operation: HandshakeAllThreads (Deoptimize)
Event: 89.820 Executing VM operation: HandshakeAllThreads (Deoptimize) done
Event: 89.866 Executing VM operation: ParallelGCFailedAllocation (Allocation Failure)
Event: 89.871 Executing VM operation: ParallelGCFailedAllocation (Allocation Failure) done
Event: 89.949 Executing VM operation: ParallelGCFailedAllocation (Allocation Failure)
Event: 89.952 Executing VM operation: ParallelGCFailedAllocation (Allocation Failure) done
Event: 89.997 Executing VM operation: ParallelGCFailedAllocation (Allocation Failure)

Memory protections (0 events):
No events

Nmethod flushes (20 events):
Event: 60.414 Thread 0x00000229d71136d0 flushing  nmethod 0x00000229db213a90
Event: 60.414 Thread 0x00000229d71136d0 flushing  nmethod 0x00000229db21f110
Event: 60.414 Thread 0x00000229d71136d0 flushing  nmethod 0x00000229db222e10
Event: 60.414 Thread 0x00000229d71136d0 flushing  nmethod 0x00000229db239410
Event: 60.414 Thread 0x00000229d71136d0 flushing  nmethod 0x00000229db23a690
Event: 60.414 Thread 0x00000229d71136d0 flushing  nmethod 0x00000229db23b610
Event: 60.414 Thread 0x00000229d71136d0 flushing  nmethod 0x00000229db24a490
Event: 60.414 Thread 0x00000229d71136d0 flushing  nmethod 0x00000229db24a890
Event: 60.414 Thread 0x00000229d71136d0 flushing osr nmethod 0x00000229db24bf90
Event: 60.414 Thread 0x00000229d71136d0 flushing  nmethod 0x00000229db24f190
Event: 60.414 Thread 0x00000229d71136d0 flushing  nmethod 0x00000229db25e790
Event: 60.414 Thread 0x00000229d71136d0 flushing  nmethod 0x00000229db26b410
Event: 60.414 Thread 0x00000229d71136d0 flushing  nmethod 0x00000229db26ef90
Event: 60.414 Thread 0x00000229d71136d0 flushing  nmethod 0x00000229db28a990
Event: 60.414 Thread 0x00000229d71136d0 flushing  nmethod 0x00000229db28bd10
Event: 60.414 Thread 0x00000229d71136d0 flushing  nmethod 0x00000229db291290
Event: 60.414 Thread 0x00000229d71136d0 flushing  nmethod 0x00000229db293510
Event: 60.414 Thread 0x00000229d71136d0 flushing  nmethod 0x00000229db2ac990
Event: 60.414 Thread 0x00000229d71136d0 flushing  nmethod 0x00000229db2ca010
Event: 60.414 Thread 0x00000229d71136d0 flushing  nmethod 0x00000229db327c10

Events (20 events):
Event: 88.615 Thread 0x00000229fb45a230 Thread added: 0x00000229f93222d0
Event: 88.789 Thread 0x00000229f93222d0 Thread exited: 0x00000229f93222d0
Event: 88.790 Thread 0x00000229f9325750 Thread exited: 0x00000229f9325750
Event: 88.797 Thread 0x00000229fb45a230 Thread exited: 0x00000229fb45a230
Event: 88.884 Thread 0x00000229d714e610 Thread added: 0x00000229f5eecc80
Event: 88.914 Thread 0x00000229f70823b0 Thread added: 0x00000229fb45a230
Event: 88.916 Thread 0x00000229f70823b0 Thread added: 0x00000229efaf6220
Event: 88.937 Thread 0x00000229efaf6220 Thread exited: 0x00000229efaf6220
Event: 88.937 Thread 0x00000229f70823b0 Thread added: 0x00000229efaf75d0
Event: 88.939 Thread 0x00000229f70823b0 Thread added: 0x00000229efaf68b0
Event: 88.983 Thread 0x00000229efaf68b0 Thread added: 0x00000229efaf6f40
Event: 89.135 Thread 0x00000229d714e610 Thread added: 0x00000229f5ee9cd0
Event: 89.217 Thread 0x00000229f7081690 Thread added: 0x00000229efaf7c60
Event: 89.225 Thread 0x00000229f7081690 Thread added: 0x00000229efaf47e0
Event: 89.330 Thread 0x00000229f7081690 Thread added: 0x00000229efaf4e70
Event: 89.332 Thread 0x00000229f7081690 Thread added: 0x00000229efaf82f0
Event: 89.334 Thread 0x00000229efaf82f0 Thread added: 0x00000229efaf8980
Event: 89.491 Thread 0x00000229efaf82f0 Thread added: 0x00000229efaf9010
Event: 89.804 Thread 0x00000229f5ee9cd0 Thread exited: 0x00000229f5ee9cd0
Event: 89.917 Thread 0x00000229d714e610 Thread added: 0x00000229f5eea3a0


Dynamic libraries:
0x00007ff6f9b90000 - 0x00007ff6f9b9e000 	c:\Users\jkhong\.vscode\extensions\redhat.java-1.44.0-win32-x64\jre\21.0.8-win32-x86_64\bin\java.exe
0x00007ffc5fc60000 - 0x00007ffc5fec7000 	C:\WINDOWS\SYSTEM32\ntdll.dll
0x00007ffc5e3b0000 - 0x00007ffc5e479000 	C:\WINDOWS\System32\KERNEL32.DLL
0x00007ffc5d540000 - 0x00007ffc5d930000 	C:\WINDOWS\System32\KERNELBASE.dll
0x00007ffc56710000 - 0x00007ffc567ae000 	C:\WINDOWS\SYSTEM32\apphelp.dll
0x00007ffc5cf70000 - 0x00007ffc5d0bb000 	C:\WINDOWS\System32\ucrtbase.dll
0x00007ffc44630000 - 0x00007ffc44648000 	c:\Users\jkhong\.vscode\extensions\redhat.java-1.44.0-win32-x64\jre\21.0.8-win32-x86_64\bin\jli.dll
0x00007ffc5e180000 - 0x00007ffc5e345000 	C:\WINDOWS\System32\USER32.dll
0x00007ffc5d510000 - 0x00007ffc5d537000 	C:\WINDOWS\System32\win32u.dll
0x00007ffc5f6e0000 - 0x00007ffc5f70b000 	C:\WINDOWS\System32\GDI32.dll
0x00007ffc5ce30000 - 0x00007ffc5cf68000 	C:\WINDOWS\System32\gdi32full.dll
0x00007ffc5d940000 - 0x00007ffc5d9e3000 	C:\WINDOWS\System32\msvcp_win.dll
0x00007ffc44a20000 - 0x00007ffc44cba000 	C:\WINDOWS\WinSxS\amd64_microsoft.windows.common-controls_6595b64144ccf1df_6.0.26100.4768_none_3e0c112ce331287c\COMCTL32.dll
0x00007ffc5f8d0000 - 0x00007ffc5f979000 	C:\WINDOWS\System32\msvcrt.dll
0x00007ffc44610000 - 0x00007ffc4462e000 	c:\Users\jkhong\.vscode\extensions\redhat.java-1.44.0-win32-x64\jre\21.0.8-win32-x86_64\bin\VCRUNTIME140.dll
0x00007ffc5f890000 - 0x00007ffc5f8bf000 	C:\WINDOWS\System32\IMM32.DLL
0x00007ffc46e00000 - 0x00007ffc46e0c000 	c:\Users\jkhong\.vscode\extensions\redhat.java-1.44.0-win32-x64\jre\21.0.8-win32-x86_64\bin\vcruntime140_1.dll
0x00007ffc33040000 - 0x00007ffc330cd000 	c:\Users\jkhong\.vscode\extensions\redhat.java-1.44.0-win32-x64\jre\21.0.8-win32-x86_64\bin\msvcp140.dll
0x00007ffbc08a0000 - 0x00007ffbc1637000 	c:\Users\jkhong\.vscode\extensions\redhat.java-1.44.0-win32-x64\jre\21.0.8-win32-x86_64\bin\server\jvm.dll
0x00007ffc5d9f0000 - 0x00007ffc5daa4000 	C:\WINDOWS\System32\ADVAPI32.dll
0x00007ffc5f980000 - 0x00007ffc5fa26000 	C:\WINDOWS\System32\sechost.dll
0x00007ffc5e060000 - 0x00007ffc5e178000 	C:\WINDOWS\System32\RPCRT4.dll
0x00007ffc5f810000 - 0x00007ffc5f884000 	C:\WINDOWS\System32\WS2_32.dll
0x00007ffc5cb40000 - 0x00007ffc5cb9e000 	C:\WINDOWS\SYSTEM32\POWRPROF.dll
0x00007ffc51850000 - 0x00007ffc51885000 	C:\WINDOWS\SYSTEM32\WINMM.dll
0x00007ffc4a1a0000 - 0x00007ffc4a1ab000 	C:\WINDOWS\SYSTEM32\VERSION.dll
0x00007ffc5cb20000 - 0x00007ffc5cb34000 	C:\WINDOWS\SYSTEM32\UMPDC.dll
0x00007ffc5bb10000 - 0x00007ffc5bb2b000 	C:\WINDOWS\SYSTEM32\kernel.appcore.dll
0x00007ffc46690000 - 0x00007ffc4669a000 	c:\Users\jkhong\.vscode\extensions\redhat.java-1.44.0-win32-x64\jre\21.0.8-win32-x86_64\bin\jimage.dll
0x00007ffc5a480000 - 0x00007ffc5a6c1000 	C:\WINDOWS\SYSTEM32\DBGHELP.DLL
0x00007ffc5dab0000 - 0x00007ffc5de35000 	C:\WINDOWS\System32\combase.dll
0x00007ffc5fa30000 - 0x00007ffc5fb10000 	C:\WINDOWS\System32\OLEAUT32.dll
0x00007ffc22c30000 - 0x00007ffc22c73000 	C:\WINDOWS\SYSTEM32\dbgcore.DLL
0x00007ffc5cd90000 - 0x00007ffc5ce29000 	C:\WINDOWS\System32\bcryptPrimitives.dll
0x00007ffc464d0000 - 0x00007ffc464df000 	c:\Users\jkhong\.vscode\extensions\redhat.java-1.44.0-win32-x64\jre\21.0.8-win32-x86_64\bin\instrument.dll
0x00007ffc443b0000 - 0x00007ffc443cf000 	c:\Users\jkhong\.vscode\extensions\redhat.java-1.44.0-win32-x64\jre\21.0.8-win32-x86_64\bin\java.dll
0x00007ffc5ef00000 - 0x00007ffc5f64d000 	C:\WINDOWS\System32\SHELL32.dll
0x00007ffc5d150000 - 0x00007ffc5d2c3000 	C:\WINDOWS\System32\wintypes.dll
0x00007ffc5a990000 - 0x00007ffc5b1f0000 	C:\WINDOWS\SYSTEM32\windows.storage.dll
0x00007ffc5fb20000 - 0x00007ffc5fc15000 	C:\WINDOWS\System32\SHCORE.dll
0x00007ffc5e790000 - 0x00007ffc5e7fa000 	C:\WINDOWS\System32\shlwapi.dll
0x00007ffc5ccb0000 - 0x00007ffc5ccd9000 	C:\WINDOWS\SYSTEM32\profapi.dll
0x00007ffc441b0000 - 0x00007ffc441c8000 	c:\Users\jkhong\.vscode\extensions\redhat.java-1.44.0-win32-x64\jre\21.0.8-win32-x86_64\bin\zip.dll
0x00007ffc46330000 - 0x00007ffc46340000 	C:\Users\jkhong\.vscode\extensions\redhat.java-1.44.0-win32-x64\jre\21.0.8-win32-x86_64\bin\net.dll
0x00007ffc4b580000 - 0x00007ffc4b69e000 	C:\WINDOWS\SYSTEM32\WINHTTP.dll
0x00007ffc5c0a0000 - 0x00007ffc5c10b000 	C:\WINDOWS\system32\mswsock.dll
0x00007ffc44190000 - 0x00007ffc441a6000 	C:\Users\jkhong\.vscode\extensions\redhat.java-1.44.0-win32-x64\jre\21.0.8-win32-x86_64\bin\nio.dll
0x00007ffc45490000 - 0x00007ffc454a0000 	c:\Users\jkhong\.vscode\extensions\redhat.java-1.44.0-win32-x64\jre\21.0.8-win32-x86_64\bin\verify.dll
0x00007ffc44460000 - 0x00007ffc444a5000 	C:\Users\jkhong\AppData\Roaming\Code\User\globalStorage\redhat.java\1.44.0\config_win\org.eclipse.equinox.launcher\org.eclipse.equinox.launcher.win32.win32.x86_64_1.2.1400.v20250730-1736\eclipse_11913.dll
0x00007ffc5ed00000 - 0x00007ffc5eea0000 	C:\WINDOWS\System32\ole32.dll
0x00007ffc5c360000 - 0x00007ffc5c37b000 	C:\WINDOWS\SYSTEM32\CRYPTSP.dll
0x00007ffc5ba70000 - 0x00007ffc5baab000 	C:\WINDOWS\system32\rsaenh.dll
0x00007ffc5c140000 - 0x00007ffc5c16b000 	C:\WINDOWS\SYSTEM32\USERENV.dll
0x00007ffc5cc80000 - 0x00007ffc5cca6000 	C:\WINDOWS\SYSTEM32\bcrypt.dll
0x00007ffc5c380000 - 0x00007ffc5c38c000 	C:\WINDOWS\SYSTEM32\CRYPTBASE.dll
0x00007ffc5b680000 - 0x00007ffc5b6b3000 	C:\WINDOWS\SYSTEM32\IPHLPAPI.DLL
0x00007ffc5eef0000 - 0x00007ffc5eefa000 	C:\WINDOWS\System32\NSI.dll
0x00007ffc330d0000 - 0x00007ffc33119000 	C:\Users\jkhong\AppData\Local\Temp\jna--1158252095\jna14209645748099743542.dll
0x00007ffc5e500000 - 0x00007ffc5e508000 	C:\WINDOWS\System32\PSAPI.DLL
0x00007ffc4b7b0000 - 0x00007ffc4b7cf000 	C:\WINDOWS\SYSTEM32\dhcpcsvc6.DLL
0x00007ffc4b6b0000 - 0x00007ffc4b6d5000 	C:\WINDOWS\SYSTEM32\dhcpcsvc.DLL
0x00007ffc540c0000 - 0x00007ffc540ca000 	C:\Users\jkhong\.vscode\extensions\redhat.java-1.44.0-win32-x64\jre\21.0.8-win32-x86_64\bin\management.dll
0x00007ffc466b0000 - 0x00007ffc466bb000 	C:\Users\jkhong\.vscode\extensions\redhat.java-1.44.0-win32-x64\jre\21.0.8-win32-x86_64\bin\management_ext.dll
0x00007ffc46540000 - 0x00007ffc46567000 	C:\Users\jkhong\.gradle\native\c067742578af261105cb4f569cf0c3c89f3d7b1fecec35dd04571415982c5e48\windows-amd64\native-platform.dll
0x00007ffc465c0000 - 0x00007ffc465c9000 	C:\Users\jkhong\.vscode\extensions\redhat.java-1.44.0-win32-x64\jre\21.0.8-win32-x86_64\bin\extnet.dll
0x00007ffc466a0000 - 0x00007ffc466ae000 	C:\Users\jkhong\.vscode\extensions\redhat.java-1.44.0-win32-x64\jre\21.0.8-win32-x86_64\bin\sunmscapi.dll
0x00007ffc5d2d0000 - 0x00007ffc5d447000 	C:\WINDOWS\System32\CRYPT32.dll
0x00007ffc5c580000 - 0x00007ffc5c5b0000 	C:\WINDOWS\SYSTEM32\ncrypt.dll
0x00007ffc5c530000 - 0x00007ffc5c56f000 	C:\WINDOWS\SYSTEM32\NTASN1.dll
0x00007ffbd4b40000 - 0x00007ffbd4b48000 	C:\WINDOWS\system32\wshunix.dll

JVMTI agents:
c:\Users\jkhong\.vscode\extensions\redhat.java-1.44.0-win32-x64\lombok\lombok-1.18.39-4050.jar path:c:\Users\jkhong\.vscode\extensions\redhat.java-1.44.0-win32-x64\jre\21.0.8-win32-x86_64\bin\instrument.dll, loaded, initialized, instrumentlib options:none

dbghelp: loaded successfully - version: 4.0.5 - missing functions: none
symbol engine: initialized successfully - sym options: 0x614 - pdb path: .;c:\Users\jkhong\.vscode\extensions\redhat.java-1.44.0-win32-x64\jre\21.0.8-win32-x86_64\bin;C:\WINDOWS\SYSTEM32;C:\WINDOWS\WinSxS\amd64_microsoft.windows.common-controls_6595b64144ccf1df_6.0.26100.4768_none_3e0c112ce331287c;c:\Users\jkhong\.vscode\extensions\redhat.java-1.44.0-win32-x64\jre\21.0.8-win32-x86_64\bin\server;C:\Users\jkhong\AppData\Roaming\Code\User\globalStorage\redhat.java\1.44.0\config_win\org.eclipse.equinox.launcher\org.eclipse.equinox.launcher.win32.win32.x86_64_1.2.1400.v20250730-1736;C:\Users\jkhong\AppData\Local\Temp\jna--1158252095;C:\Users\jkhong\.gradle\native\c067742578af261105cb4f569cf0c3c89f3d7b1fecec35dd04571415982c5e48\windows-amd64

VM Arguments:
jvm_args: --add-modules=ALL-SYSTEM --add-opens=java.base/java.util=ALL-UNNAMED --add-opens=java.base/java.lang=ALL-UNNAMED --add-opens=java.base/sun.nio.fs=ALL-UNNAMED -Declipse.application=org.eclipse.jdt.ls.core.id1 -Dosgi.bundles.defaultStartLevel=4 -Declipse.product=org.eclipse.jdt.ls.core.product -Djava.import.generatesMetadataFilesAtProjectRoot=false -DDetectVMInstallationsJob.disabled=true -Dfile.encoding=utf8 -XX:+UseParallelGC -XX:GCTimeRatio=4 -XX:AdaptiveSizePolicyWeight=90 -Dsun.zip.disableMemoryMapping=true -Xmx2G -Xms100m -Xlog:disable -javaagent:c:\Users\jkhong\.vscode\extensions\redhat.java-1.44.0-win32-x64\lombok\lombok-1.18.39-4050.jar -XX:+HeapDumpOnOutOfMemoryError -XX:HeapDumpPath=c:\Users\jkhong\AppData\Roaming\Code\User\workspaceStorage\789e039bc4c303efc34b37208eec97cc\redhat.java -Daether.dependencyCollector.impl=bf 
java_command: c:\Users\jkhong\.vscode\extensions\redhat.java-1.44.0-win32-x64\server\plugins\org.eclipse.equinox.launcher_1.7.0.v20250519-0528.jar -configuration c:\Users\jkhong\AppData\Roaming\Code\User\globalStorage\redhat.java\1.44.0\config_win -data c:\Users\jkhong\AppData\Roaming\Code\User\workspaceStorage\789e039bc4c303efc34b37208eec97cc\redhat.java\jdt_ws --pipe=\\.\pipe\lsp-0a992280a395bfea47049898d05bc483-sock
java_class_path (initial): c:\Users\jkhong\.vscode\extensions\redhat.java-1.44.0-win32-x64\server\plugins\org.eclipse.equinox.launcher_1.7.0.v20250519-0528.jar
Launcher Type: SUN_STANDARD

[Global flags]
    uintx AdaptiveSizePolicyWeight                 = 90                                        {product} {command line}
     intx CICompilerCount                          = 4                                         {product} {ergonomic}
    uintx GCTimeRatio                              = 4                                         {product} {command line}
     bool HeapDumpOnOutOfMemoryError               = true                                   {manageable} {command line}
    ccstr HeapDumpPath                             = c:\Users\jkhong\AppData\Roaming\Code\User\workspaceStorage\789e039bc4c303efc34b37208eec97cc\redhat.java         {manageable} {command line}
   size_t InitialHeapSize                          = 104857600                                 {product} {command line}
   size_t MaxHeapSize                              = 2147483648                                {product} {command line}
   size_t MaxNewSize                               = 715653120                                 {product} {ergonomic}
   size_t MinHeapDeltaBytes                        = 524288                                    {product} {ergonomic}
   size_t MinHeapSize                              = 104857600                                 {product} {command line}
   size_t NewSize                                  = 34603008                                  {product} {ergonomic}
    uintx NonNMethodCodeHeapSize                   = 5839372                                {pd product} {ergonomic}
    uintx NonProfiledCodeHeapSize                  = 122909434                              {pd product} {ergonomic}
   size_t OldSize                                  = 70254592                                  {product} {ergonomic}
    uintx ProfiledCodeHeapSize                     = 122909434                              {pd product} {ergonomic}
    uintx ReservedCodeCacheSize                    = 251658240                              {pd product} {ergonomic}
     bool SegmentedCodeCache                       = true                                      {product} {ergonomic}
   size_t SoftMaxHeapSize                          = 2147483648                             {manageable} {ergonomic}
     bool UseCompressedOops                        = true                           {product lp64_product} {ergonomic}
     bool UseLargePagesIndividualAllocation        = false                                  {pd product} {ergonomic}
     bool UseParallelGC                            = true                                      {product} {command line}

Logging:
Log output configuration:
 #0: stdout all=off uptime,level,tags foldmultilines=false
 #1: stderr all=off uptime,level,tags foldmultilines=false

Environment Variables:
JAVA_HOME=C:\Program Files\Eclipse Adoptium\jdk-17.0.8.7-hotspot
PATH=c:\Dev_Tools\cursor\resources\app\bin;C:\Python312\Scripts\;C:\Python312\;C:\Program Files\Eclipse Adoptium\jdk-17.0.8.7-hotspot\bin;C:\Program Files (x86)\VMware\VMware Player\bin\;C:\Program Files\AdoptOpenJDK\jdk-8.0.292.10-hotspot\bin;C:\Program Files\AdoptOpenJDK\jdk-11.0.11.9-hotspot\bin;C:\WINDOWS\system32;C:\WINDOWS;C:\WINDOWS\System32\Wbem;C:\WINDOWS\System32\WindowsPowerShell\v1.0\;C:\WINDOWS\System32\OpenSSH\;C:\Program Files (x86)\Microsoft SQL Server\150\DTS\Binn\;C:\Program Files\Azure Data Studio\bin;C:\Program Files (x86)\CrSSL\bin;C:\Program Files\Git\cmd;C:\Program Files\dotnet\;C:\Program Files\nodejs\;C:\ProgramData\chocolatey\bin;C:\Dev_Tools\gradle-8.9\bin;C:\Users\jkhong\AppData\Local\Microsoft\WindowsApps;C:\Program Files\Bandizip\;C:\Program Files\JetBrains\IntelliJ IDEA Community Edition 2023.1.1\bin;;C:\Users\jkhong\AppData\Roaming\npm;C:\Program Files\GitHub CLI\;C:\WINDOWS\system32;C:\WINDOWS;C:\WINDOWS\System32\Wbem;C:\WINDOWS\System32\WindowsPowerShell\v1.0\;C:\WINDOWS\System32\OpenSSH\;C:\Users\jkhong\.jbang\bin;C:\Users\jkhong\AppData\Local\Programs\Microsoft VS Code\bin;D:\Dev_Tools\apache-maven-3.9.6\bin;C:\Users\jkhong\.dotnet\tools;C:\Users\jkhong\AppData\Local\Programs\Kiro\bin
USERNAME=jkhong
OS=Windows_NT
PROCESSOR_IDENTIFIER=Intel64 Family 6 Model 140 Stepping 1, GenuineIntel
TMP=C:\Users\jkhong\AppData\Local\Temp
TEMP=C:\Users\jkhong\AppData\Local\Temp




Periodic native trim disabled

---------------  S Y S T E M  ---------------

OS:
 Windows 11 , 64 bit Build 26100 (10.0.26100.4768)
OS uptime: 1 days 6:13 hours

CPU: total 8 (initial active 8) (4 cores per cpu, 2 threads per core) family 6 model 140 stepping 1 microcode 0xbc, cx8, cmov, fxsr, ht, mmx, 3dnowpref, sse, sse2, sse3, ssse3, sse4.1, sse4.2, popcnt, lzcnt, tsc, tscinvbit, avx, avx2, aes, erms, clmul, bmi1, bmi2, adx, avx512f, avx512dq, avx512cd, avx512bw, avx512vl, sha, fma, vzeroupper, avx512_vpopcntdq, avx512_vpclmulqdq, avx512_vaes, avx512_vnni, clflush, clflushopt, clwb, avx512_vbmi2, avx512_vbmi, rdtscp, rdpid, fsrm, gfni, avx512_bitalg, f16c, pku, cet_ibt, cet_ss, avx512_ifma
Processor Information for the first 8 processors :
  Max Mhz: 2803, Current Mhz: 1201, Mhz Limit: 1177

Memory: 4k page, system-wide physical 16103M (4325M free)
TotalPageFile size 18151M (AvailPageFile size 7M)
current process WorkingSet (physical memory assigned to process): 792M, peak: 798M
current process commit charge ("private bytes"): 731M, peak: 1685M

vm_info: OpenJDK 64-Bit Server VM (21.0.8+9-LTS) for windows-amd64 JRE (21.0.8+9-LTS), built on 2025-07-15T00:00:00Z by "admin" with MS VC++ 17.7 (VS2022)

END.
