#
# There is insufficient memory for the Java Runtime Environment to continue.
# Native memory allocation (malloc) failed to allocate 1048576 bytes. Error detail: AllocateHeap
# Possible reasons:
#   The system is out of physical RAM or swap space
#   This process is running with CompressedOops enabled, and the Java Heap may be blocking the growth of the native heap
# Possible solutions:
#   Reduce memory load on the system
#   Increase physical memory or swap space
#   Check if swap backing store is full
#   Decrease Java heap size (-Xmx/-Xms)
#   Decrease number of Java threads
#   Decrease Java thread stack sizes (-Xss)
#   Set larger code cache with -XX:ReservedCodeCacheSize=
#   JVM is running with Unscaled Compressed Oops mode in which the Java heap is
#     placed in the first 4GB address space. The Java Heap base address is the
#     maximum limit for the native heap growth. Please use -XX:HeapBaseMinAddress
#     to set the Java Heap base and to place the Java Heap above 4GB virtual address.
# This output file may be truncated or incomplete.
#
#  Out of Memory Error (allocation.cpp:44), pid=33896, tid=33164
#
# JRE version: OpenJDK Runtime Environment Temurin-21.0.8+9 (21.0.8+9) (build 21.0.8+9-LTS)
# Java VM: OpenJDK 64-Bit Server VM Temurin-21.0.8+9 (21.0.8+9-LTS, mixed mode, sharing, tiered, compressed oops, compressed class ptrs, parallel gc, windows-amd64)
# No core dump will be written. Minidumps are not enabled by default on client versions of Windows
#

---------------  S U M M A R Y ------------

Command Line: --add-modules=ALL-SYSTEM --add-opens=java.base/java.util=ALL-UNNAMED --add-opens=java.base/java.lang=ALL-UNNAMED --add-opens=java.base/sun.nio.fs=ALL-UNNAMED -Declipse.application=org.eclipse.jdt.ls.core.id1 -Dosgi.bundles.defaultStartLevel=4 -Declipse.product=org.eclipse.jdt.ls.core.product -Djava.import.generatesMetadataFilesAtProjectRoot=false -DDetectVMInstallationsJob.disabled=true -Dfile.encoding=utf8 -XX:+UseParallelGC -XX:GCTimeRatio=4 -XX:AdaptiveSizePolicyWeight=90 -Dsun.zip.disableMemoryMapping=true -Xmx2G -Xms100m -Xlog:disable -javaagent:c:\Users\jkhong\.vscode\extensions\redhat.java-1.44.0-win32-x64\lombok\lombok-1.18.39-4050.jar -XX:+HeapDumpOnOutOfMemoryError -XX:HeapDumpPath=c:\Users\jkhong\AppData\Roaming\Code\User\workspaceStorage\490a220237a72c4506f0462ee91a1d7a\redhat.java -Daether.dependencyCollector.impl=bf c:\Users\jkhong\.vscode\extensions\redhat.java-1.44.0-win32-x64\server\plugins\org.eclipse.equinox.launcher_1.7.0.v20250519-0528.jar -configuration c:\Users\jkhong\AppData\Roaming\Code\User\globalStorage\redhat.java\1.44.0\config_win -data c:\Users\jkhong\AppData\Roaming\Code\User\workspaceStorage\490a220237a72c4506f0462ee91a1d7a\redhat.java\jdt_ws --pipe=\\.\pipe\lsp-ca2959169eb5b17172ec4a94c4066228-sock

Host: 11th Gen Intel(R) Core(TM) i7-1165G7 @ 2.80GHz, 8 cores, 15G,  Windows 11 , 64 bit Build 26100 (10.0.26100.4768)
Time: Tue Sep  2 12:01:06 2025 elapsed time: 6702.456627 seconds (0d 1h 51m 42s)

---------------  T H R E A D  ---------------

Current thread (0x000001715d7362f0):  JavaThread "Attach Listener" daemon [_thread_in_vm, id=33164, stack(0x000000571e400000,0x000000571e500000) (1024K)]

Stack: [0x000000571e400000,0x000000571e500000]
Native frames: (J=compiled Java code, j=interpreted, Vv=VM code, C=native code)
V  [jvm.dll+0x6d2449]
V  [jvm.dll+0x8ae341]
V  [jvm.dll+0x8b08be]
V  [jvm.dll+0x8b0fa3]
V  [jvm.dll+0x280c96]
V  [jvm.dll+0xc0347]
V  [jvm.dll+0x6d2cf9]
V  [jvm.dll+0x131116]
V  [jvm.dll+0x3f2d16]
V  [jvm.dll+0x857e6b]
V  [jvm.dll+0x6d0b0d]
C  [ucrtbase.dll+0x37b0]
C  [KERNEL32.DLL+0x2e8d7]
C  [ntdll.dll+0x3c34c]


---------------  P R O C E S S  ---------------

Threads class SMR info:
_java_thread_list=0x000001717b08af00, length=43, elements={
0x000001715d7bee60, 0x000001715d72d7c0, 0x000001715d730b40, 0x000001715d7356a0,
0x000001715d7362f0, 0x000001715d73a4e0, 0x000001715d743b80, 0x000001715d745fa0,
0x000001715d74a380, 0x000001715d82c440, 0x0000017175be2fc0, 0x000001717a7e8500,
0x000001717a074800, 0x000001717a4cf150, 0x000001717a8eea50, 0x000001717a7fdf90,
0x000001717ab86e80, 0x000001717ab6c410, 0x000001717ab6caa0, 0x000001717ab6e4e0,
0x000001717b5aa560, 0x000001717b5a7e00, 0x000001717b5a9ed0, 0x000001717b5a9840,
0x000001717b5a8b20, 0x000001717b5a70e0, 0x000001717b5ab280, 0x000001717b5ad9e0,
0x000001717b5accc0, 0x000001717b5ac630, 0x000001717b5ad350, 0x000001717b5ae070,
0x000001717eb36240, 0x000001717eb3b790, 0x000001717eb396c0, 0x000001717eb3aa70,
0x000001717eb39d50, 0x000001717b5ab910, 0x000001717b5a8490, 0x000001717ab6d130,
0x0000017141f4cbc0, 0x000001717eb39030, 0x000001714edc1670
}

Java Threads: ( => current thread )
  0x000001715d7bee60 JavaThread "main"                              [_thread_blocked, id=32772, stack(0x000000571dd00000,0x000000571de00000) (1024K)]
  0x000001715d72d7c0 JavaThread "Reference Handler"          daemon [_thread_blocked, id=4920, stack(0x000000571e100000,0x000000571e200000) (1024K)]
  0x000001715d730b40 JavaThread "Finalizer"                  daemon [_thread_blocked, id=5484, stack(0x000000571e200000,0x000000571e300000) (1024K)]
  0x000001715d7356a0 JavaThread "Signal Dispatcher"          daemon [_thread_blocked, id=10296, stack(0x000000571e300000,0x000000571e400000) (1024K)]
=>0x000001715d7362f0 JavaThread "Attach Listener"            daemon [_thread_in_vm, id=33164, stack(0x000000571e400000,0x000000571e500000) (1024K)]
  0x000001715d73a4e0 JavaThread "Service Thread"             daemon [_thread_blocked, id=12132, stack(0x000000571e500000,0x000000571e600000) (1024K)]
  0x000001715d743b80 JavaThread "Monitor Deflation Thread"   daemon [_thread_blocked, id=16732, stack(0x000000571e600000,0x000000571e700000) (1024K)]
  0x000001715d745fa0 JavaThread "C2 CompilerThread0"         daemon [_thread_blocked, id=30024, stack(0x000000571e700000,0x000000571e800000) (1024K)]
  0x000001715d74a380 JavaThread "C1 CompilerThread0"         daemon [_thread_blocked, id=14796, stack(0x000000571e800000,0x000000571e900000) (1024K)]
  0x000001715d82c440 JavaThread "Common-Cleaner"             daemon [_thread_blocked, id=30824, stack(0x000000571e900000,0x000000571ea00000) (1024K)]
  0x0000017175be2fc0 JavaThread "Notification Thread"        daemon [_thread_blocked, id=28004, stack(0x000000571ea00000,0x000000571eb00000) (1024K)]
  0x000001717a7e8500 JavaThread "Active Thread: Equinox Container: b724fdc8-6470-4870-8faf-6b1ea1debcf9"        [_thread_blocked, id=23452, stack(0x000000571f300000,0x000000571f400000) (1024K)]
  0x000001717a074800 JavaThread "Refresh Thread: Equinox Container: b724fdc8-6470-4870-8faf-6b1ea1debcf9" daemon [_thread_blocked, id=25160, stack(0x000000571ec00000,0x000000571ed00000) (1024K)]
  0x000001717a4cf150 JavaThread "Framework Event Dispatcher: Equinox Container: b724fdc8-6470-4870-8faf-6b1ea1debcf9" daemon [_thread_blocked, id=18952, stack(0x000000571f400000,0x000000571f500000) (1024K)]
  0x000001717a8eea50 JavaThread "Start Level: Equinox Container: b724fdc8-6470-4870-8faf-6b1ea1debcf9" daemon [_thread_blocked, id=31156, stack(0x000000571f500000,0x000000571f600000) (1024K)]
  0x000001717a7fdf90 JavaThread "Bundle File Closer"         daemon [_thread_blocked, id=4328, stack(0x000000571f800000,0x000000571f900000) (1024K)]
  0x000001717ab86e80 JavaThread "SCR Component Actor"        daemon [_thread_blocked, id=28536, stack(0x000000571f900000,0x000000571fa00000) (1024K)]
  0x000001717ab6c410 JavaThread "Worker-JM"                         [_thread_blocked, id=15464, stack(0x000000571fb00000,0x000000571fc00000) (1024K)]
  0x000001717ab6caa0 JavaThread "Java indexing"              daemon [_thread_blocked, id=24320, stack(0x000000571f700000,0x000000571f800000) (1024K)]
  0x000001717ab6e4e0 JavaThread "JNA Cleaner"                daemon [_thread_blocked, id=24588, stack(0x000000571ff00000,0x0000005720000000) (1024K)]
  0x000001717b5aa560 JavaThread "Thread-2"                   daemon [_thread_in_native, id=27480, stack(0x0000005720500000,0x0000005720600000) (1024K)]
  0x000001717b5a7e00 JavaThread "Thread-3"                   daemon [_thread_in_native, id=34032, stack(0x0000005720600000,0x0000005720700000) (1024K)]
  0x000001717b5a9ed0 JavaThread "Thread-4"                   daemon [_thread_in_native, id=31640, stack(0x0000005720700000,0x0000005720800000) (1024K)]
  0x000001717b5a9840 JavaThread "Thread-5"                   daemon [_thread_in_native, id=18428, stack(0x0000005720800000,0x0000005720900000) (1024K)]
  0x000001717b5a8b20 JavaThread "Thread-6"                   daemon [_thread_in_native, id=35836, stack(0x0000005720900000,0x0000005720a00000) (1024K)]
  0x000001717b5a70e0 JavaThread "Thread-7"                   daemon [_thread_in_native, id=4244, stack(0x0000005720a00000,0x0000005720b00000) (1024K)]
  0x000001717b5ab280 JavaThread "Thread-8"                   daemon [_thread_in_native, id=10732, stack(0x0000005720b00000,0x0000005720c00000) (1024K)]
  0x000001717b5ad9e0 JavaThread "Thread-9"                   daemon [_thread_in_native, id=34800, stack(0x0000005720c00000,0x0000005720d00000) (1024K)]
  0x000001717b5accc0 JavaThread "Thread-10"                  daemon [_thread_in_native, id=25212, stack(0x0000005720d00000,0x0000005720e00000) (1024K)]
  0x000001717b5ac630 JavaThread "pool-2-thread-1"                   [_thread_blocked, id=17784, stack(0x0000005720e00000,0x0000005720f00000) (1024K)]
  0x000001717b5ad350 JavaThread "WorkspaceEventsHandler"            [_thread_blocked, id=32452, stack(0x0000005721000000,0x0000005721100000) (1024K)]
  0x000001717b5ae070 JavaThread "pool-1-thread-1"                   [_thread_blocked, id=32456, stack(0x0000005721100000,0x0000005721200000) (1024K)]
  0x000001717eb36240 JavaThread "Timer-0"                           [_thread_blocked, id=34932, stack(0x000000571da00000,0x000000571db00000) (1024K)]
  0x000001717eb3b790 JavaThread "Timer-1"                           [_thread_blocked, id=34980, stack(0x000000571db00000,0x000000571dc00000) (1024K)]
  0x000001717eb396c0 JavaThread "Timer-2"                           [_thread_blocked, id=6780, stack(0x0000005720400000,0x0000005720500000) (1024K)]
  0x000001717eb3aa70 JavaThread "Timer-3"                           [_thread_blocked, id=23908, stack(0x0000005720f00000,0x0000005721000000) (1024K)]
  0x000001717eb39d50 JavaThread "Timer-4"                           [_thread_blocked, id=26720, stack(0x0000005721300000,0x0000005721400000) (1024K)]
  0x000001717b5ab910 JavaThread "Timer-5"                           [_thread_blocked, id=33236, stack(0x000000571dc00000,0x000000571dd00000) (1024K)]
  0x000001717b5a8490 JavaThread "Timer-6"                           [_thread_blocked, id=32188, stack(0x0000005721400000,0x0000005721500000) (1024K)]
  0x000001717ab6d130 JavaThread "Timer-7"                           [_thread_blocked, id=18316, stack(0x0000005721500000,0x0000005721600000) (1024K)]
  0x0000017141f4cbc0 JavaThread "Cleaner-0"                  daemon [_thread_blocked, id=35184, stack(0x0000005721600000,0x0000005721700000) (1024K)]
  0x000001717eb39030 JavaThread "Worker-34"                         [_thread_blocked, id=32128, stack(0x000000571fe00000,0x000000571ff00000) (1024K)]
  0x000001714edc1670 JavaThread "Worker-38"                         [_thread_blocked, id=11564, stack(0x0000005721900000,0x0000005721a00000) (1024K)]
Total: 43

Other Threads:
  0x000001715d723600 VMThread "VM Thread"                           [id=17076, stack(0x000000571e000000,0x000000571e100000) (1024K)]
  0x000001715d82b8a0 WatcherThread "VM Periodic Task Thread"        [id=28104, stack(0x000000571df00000,0x000000571e000000) (1024K)]
  0x000001715d7dc2c0 WorkerThread "GC Thread#0"                     [id=33980, stack(0x000000571de00000,0x000000571df00000) (1024K)]
  0x000001717a153550 WorkerThread "GC Thread#1"                     [id=14076, stack(0x000000571ed00000,0x000000571ee00000) (1024K)]
  0x000001717a58e350 WorkerThread "GC Thread#2"                     [id=8476, stack(0x000000571ee00000,0x000000571ef00000) (1024K)]
  0x0000017175d22d60 WorkerThread "GC Thread#3"                     [id=10440, stack(0x000000571ef00000,0x000000571f000000) (1024K)]
  0x0000017175d23100 WorkerThread "GC Thread#4"                     [id=27484, stack(0x000000571f000000,0x000000571f100000) (1024K)]
  0x0000017175d234a0 WorkerThread "GC Thread#5"                     [id=10100, stack(0x000000571f100000,0x000000571f200000) (1024K)]
  0x000001717a49b9b0 WorkerThread "GC Thread#6"                     [id=34636, stack(0x000000571f200000,0x000000571f300000) (1024K)]
  0x000001717a940ee0 WorkerThread "GC Thread#7"                     [id=32540, stack(0x000000571eb00000,0x000000571ec00000) (1024K)]
Total: 10

Threads with active compile tasks:
Total: 0

VM state: not at safepoint (normal execution)

VM Mutex/Monitor currently owned by a thread: None

Heap address: 0x0000000080000000, size: 2048 MB, Compressed Oops mode: 32-bit

CDS archive(s) mapped at: [0x0000017100000000-0x0000017100ba0000-0x0000017100ba0000), size 12189696, SharedBaseAddress: 0x0000017100000000, ArchiveRelocationMode: 1.
Compressed class space mapped at: 0x0000017101000000-0x0000017141000000, reserved size: 1073741824
Narrow klass base: 0x0000017100000000, Narrow klass shift: 0, Narrow klass range: 0x100000000

GC Precious Log:
 CardTable entry size: 512
 CPUs: 8 total, 8 available
 Memory: 16103M
 Large Page Support: Disabled
 NUMA Support: Disabled
 Compressed Oops: Enabled (32-bit)
 Alignments: Space 512K, Generation 512K, Heap 2M
 Heap Min Capacity: 100M
 Heap Initial Capacity: 100M
 Heap Max Capacity: 2G
 Pre-touch: Disabled
 Parallel Workers: 8

Heap:
 PSYoungGen      total 11264K, used 10514K [0x00000000d5580000, 0x00000000d6280000, 0x0000000100000000)
  eden space 9216K, 94% used [0x00000000d5580000,0x00000000d5df8a50,0x00000000d5e80000)
  from space 2048K, 89% used [0x00000000d5f00000,0x00000000d60cc010,0x00000000d6100000)
  to   space 1536K, 0% used [0x00000000d6100000,0x00000000d6100000,0x00000000d6280000)
 ParOldGen       total 631296K, used 630854K [0x0000000080000000, 0x00000000a6880000, 0x00000000d5580000)
  object space 631296K, 99% used [0x0000000080000000,0x00000000a6811830,0x00000000a6880000)
 Metaspace       used 97603K, committed 99520K, reserved 1179648K
  class space    used 10931K, committed 11904K, reserved 1048576K

Card table byte_map: [0x000001715d150000,0x000001715d560000] _byte_map_base: 0x000001715cd50000

Marking Bits: (ParMarkBitMap*) 0x00007fff1257a340
 Begin Bits: [0x000001716fc50000, 0x0000017171c50000)
 End Bits:   [0x0000017171c50000, 0x0000017173c50000)

Polling page: 0x000001715b720000

Metaspace:

Usage:
  Non-class:     84.64 MB used.
      Class:     10.68 MB used.
       Both:     95.32 MB used.

Virtual space:
  Non-class space:      128.00 MB reserved,      85.56 MB ( 67%) committed,  2 nodes.
      Class space:        1.00 GB reserved,      11.62 MB (  1%) committed,  1 nodes.
             Both:        1.12 GB reserved,      97.19 MB (  8%) committed. 

Chunk freelists:
   Non-Class:  10.48 MB
       Class:  4.66 MB
        Both:  15.14 MB

MaxMetaspaceSize: unlimited
CompressedClassSpaceSize: 1.00 GB
Initial GC threshold: 21.00 MB
Current GC threshold: 161.69 MB
CDS: on
 - commit_granule_bytes: 65536.
 - commit_granule_words: 8192.
 - virtual_space_node_default_size: 8388608.
 - enlarge_chunks_in_place: 1.
 - use_allocation_guard: 0.


Internal statistics:

num_allocs_failed_limit: 9.
num_arena_births: 2036.
num_arena_deaths: 640.
num_vsnodes_births: 3.
num_vsnodes_deaths: 0.
num_space_committed: 1555.
num_space_uncommitted: 0.
num_chunks_returned_to_freelist: 787.
num_chunks_taken_from_freelist: 6736.
num_chunk_merges: 265.
num_chunk_splits: 4051.
num_chunks_enlarged: 2337.
num_inconsistent_stats: 0.

CodeHeap 'non-profiled nmethods': size=120000Kb used=22689Kb max_used=23499Kb free=97310Kb
 bounds [0x0000017168470000, 0x0000017169b70000, 0x000001716f9a0000]
CodeHeap 'profiled nmethods': size=120000Kb used=36094Kb max_used=48386Kb free=83905Kb
 bounds [0x00000171609a0000, 0x00000171638f0000, 0x0000017167ed0000]
CodeHeap 'non-nmethods': size=5760Kb used=1549Kb max_used=1633Kb free=4210Kb
 bounds [0x0000017167ed0000, 0x0000017168140000, 0x0000017168470000]
CodeCache: size=245760Kb, used=60332Kb, max_used=73518Kb, free=185425Kb
 total_blobs=17168, nmethods=16302, adapters=765, full_count=0
Compilation: enabled, stopped_count=0, restarted_count=0

Compilation events (20 events):
Event: 5170.148 Thread 0x000001715d74a380 24217   !   3       java.util.logging.LogManager::getUserContext (118 bytes)
Event: 5170.149 Thread 0x000001715d74a380 nmethod 24217 0x0000017162f70290 code [0x0000017162f70440, 0x0000017162f706b0]
Event: 5170.149 Thread 0x000001715d74a380 24218       3       jdk.internal.access.SharedSecrets::getJavaAWTAccess (4 bytes)
Event: 5170.149 Thread 0x000001715d74a380 nmethod 24218 0x0000017161053b10 code [0x0000017161053ca0, 0x0000017161053d98]
Event: 5703.937 Thread 0x000001715d74a380 24219       3       java.util.HashMap$Node::setValue (12 bytes)
Event: 5703.937 Thread 0x000001715d74a380 nmethod 24219 0x0000017160fd4610 code [0x0000017160fd47a0, 0x0000017160fd48c8]
Event: 5703.937 Thread 0x000001715d74a380 24220       3       org.eclipse.core.runtime.jobs.Job::setThread (6 bytes)
Event: 5703.937 Thread 0x000001715d74a380 nmethod 24220 0x0000017160fd4190 code [0x0000017160fd4320, 0x0000017160fd4460]
Event: 6340.194 Thread 0x000001715d74a380 24221       3       java.util.logging.LogManager::getLogManager (16 bytes)
Event: 6340.194 Thread 0x000001715d74a380 nmethod 24221 0x0000017160fece10 code [0x0000017160fecfc0, 0x0000017160fed100]
Event: 6430.196 Thread 0x000001715d74a380 24222   !   3       java.util.logging.LogManager$LoggerContext::findLogger (113 bytes)
Event: 6430.197 Thread 0x000001715d74a380 nmethod 24222 0x0000017160ebed90 code [0x0000017160ebf040, 0x0000017160ebfec0]
Event: 6460.198 Thread 0x000001715d74a380 24223       3       jdk.internal.logger.DefaultLoggerFinder::isSystem (18 bytes)
Event: 6460.198 Thread 0x000001715d74a380 nmethod 24223 0x00000171624ef110 code [0x00000171624ef360, 0x00000171624efc70]
Event: 6460.198 Thread 0x000001715d74a380 24224       3       jdk.internal.logger.DefaultLoggerFinder$1::<init> (10 bytes)
Event: 6460.198 Thread 0x000001715d74a380 nmethod 24224 0x0000017160fec990 code [0x0000017160fecb40, 0x0000017160feccc8]
Event: 6490.198 Thread 0x000001715d745fa0 24225       4       java.lang.ClassLoader::getBuiltinPlatformClassLoader (4 bytes)
Event: 6490.199 Thread 0x000001715d745fa0 nmethod 24225 0x000001716909b810 code [0x000001716909b9a0, 0x000001716909ba10]
Event: 6580.205 Thread 0x000001715d745fa0 24226       4       java.lang.ClassLoader::getPlatformClassLoader (21 bytes)
Event: 6580.205 Thread 0x000001715d745fa0 nmethod 24226 0x000001716909b510 code [0x000001716909b6a0, 0x000001716909b710]

GC Heap History (20 events):
Event: 4143.047 GC heap before
{Heap before GC invocations=3021 (full 6):
 PSYoungGen      total 6144K, used 5945K [0x00000000d5580000, 0x00000000d5e80000, 0x0000000100000000)
  eden space 4096K, 100% used [0x00000000d5580000,0x00000000d5980000,0x00000000d5980000)
  from space 2048K, 90% used [0x00000000d5980000,0x00000000d5b4e6e0,0x00000000d5b80000)
  to   space 2048K, 0% used [0x00000000d5c80000,0x00000000d5c80000,0x00000000d5e80000)
 ParOldGen       total 593920K, used 593559K [0x0000000080000000, 0x00000000a4400000, 0x00000000d5580000)
  object space 593920K, 99% used [0x0000000080000000,0x00000000a43a5c90,0x00000000a4400000)
 Metaspace       used 97588K, committed 99456K, reserved 1179648K
  class space    used 10931K, committed 11904K, reserved 1048576K
}
Event: 4143.050 GC heap after
{Heap after GC invocations=3021 (full 6):
 PSYoungGen      total 7168K, used 1760K [0x00000000d5580000, 0x00000000d5e80000, 0x0000000100000000)
  eden space 5120K, 0% used [0x00000000d5580000,0x00000000d5580000,0x00000000d5a80000)
  from space 2048K, 85% used [0x00000000d5c80000,0x00000000d5e38000,0x00000000d5e80000)
  to   space 2048K, 0% used [0x00000000d5a80000,0x00000000d5a80000,0x00000000d5c80000)
 ParOldGen       total 595456K, used 595312K [0x0000000080000000, 0x00000000a4580000, 0x00000000d5580000)
  object space 595456K, 99% used [0x0000000080000000,0x00000000a455c370,0x00000000a4580000)
 Metaspace       used 97588K, committed 99456K, reserved 1179648K
  class space    used 10931K, committed 11904K, reserved 1048576K
}
Event: 4143.062 GC heap before
{Heap before GC invocations=3022 (full 6):
 PSYoungGen      total 7168K, used 6682K [0x00000000d5580000, 0x00000000d5e80000, 0x0000000100000000)
  eden space 5120K, 96% used [0x00000000d5580000,0x00000000d5a4eb10,0x00000000d5a80000)
  from space 2048K, 85% used [0x00000000d5c80000,0x00000000d5e38000,0x00000000d5e80000)
  to   space 2048K, 0% used [0x00000000d5a80000,0x00000000d5a80000,0x00000000d5c80000)
 ParOldGen       total 595456K, used 595312K [0x0000000080000000, 0x00000000a4580000, 0x00000000d5580000)
  object space 595456K, 99% used [0x0000000080000000,0x00000000a455c370,0x00000000a4580000)
 Metaspace       used 97590K, committed 99456K, reserved 1179648K
  class space    used 10931K, committed 11904K, reserved 1048576K
}
Event: 4143.065 GC heap after
{Heap after GC invocations=3022 (full 6):
 PSYoungGen      total 7168K, used 2048K [0x00000000d5580000, 0x00000000d6880000, 0x0000000100000000)
  eden space 5120K, 0% used [0x00000000d5580000,0x00000000d5580000,0x00000000d5a80000)
  from space 2048K, 100% used [0x00000000d5a80000,0x00000000d5c80000,0x00000000d5c80000)
  to   space 6656K, 0% used [0x00000000d6200000,0x00000000d6200000,0x00000000d6880000)
 ParOldGen       total 599040K, used 598971K [0x0000000080000000, 0x00000000a4900000, 0x00000000d5580000)
  object space 599040K, 99% used [0x0000000080000000,0x00000000a48eef10,0x00000000a4900000)
 Metaspace       used 97590K, committed 99456K, reserved 1179648K
  class space    used 10931K, committed 11904K, reserved 1048576K
}
Event: 4143.134 GC heap before
{Heap before GC invocations=3023 (full 6):
 PSYoungGen      total 7168K, used 7162K [0x00000000d5580000, 0x00000000d6880000, 0x0000000100000000)
  eden space 5120K, 99% used [0x00000000d5580000,0x00000000d5a7eb68,0x00000000d5a80000)
  from space 2048K, 100% used [0x00000000d5a80000,0x00000000d5c80000,0x00000000d5c80000)
  to   space 6656K, 0% used [0x00000000d6200000,0x00000000d6200000,0x00000000d6880000)
 ParOldGen       total 599040K, used 598971K [0x0000000080000000, 0x00000000a4900000, 0x00000000d5580000)
  object space 599040K, 99% used [0x0000000080000000,0x00000000a48eef10,0x00000000a4900000)
 Metaspace       used 97590K, committed 99456K, reserved 1179648K
  class space    used 10931K, committed 11904K, reserved 1048576K
}
Event: 4143.138 GC heap after
{Heap after GC invocations=3023 (full 6):
 PSYoungGen      total 10240K, used 3848K [0x00000000d5580000, 0x00000000d6600000, 0x0000000100000000)
  eden space 6144K, 0% used [0x00000000d5580000,0x00000000d5580000,0x00000000d5b80000)
  from space 4096K, 93% used [0x00000000d6200000,0x00000000d65c2000,0x00000000d6600000)
  to   space 4608K, 0% used [0x00000000d5d00000,0x00000000d5d00000,0x00000000d6180000)
 ParOldGen       total 601088K, used 601059K [0x0000000080000000, 0x00000000a4b00000, 0x00000000d5580000)
  object space 601088K, 99% used [0x0000000080000000,0x00000000a4af8f10,0x00000000a4b00000)
 Metaspace       used 97590K, committed 99456K, reserved 1179648K
  class space    used 10931K, committed 11904K, reserved 1048576K
}
Event: 4143.147 GC heap before
{Heap before GC invocations=3024 (full 6):
 PSYoungGen      total 10240K, used 9992K [0x00000000d5580000, 0x00000000d6600000, 0x0000000100000000)
  eden space 6144K, 100% used [0x00000000d5580000,0x00000000d5b80000,0x00000000d5b80000)
  from space 4096K, 93% used [0x00000000d6200000,0x00000000d65c2000,0x00000000d6600000)
  to   space 4608K, 0% used [0x00000000d5d00000,0x00000000d5d00000,0x00000000d6180000)
 ParOldGen       total 601088K, used 601059K [0x0000000080000000, 0x00000000a4b00000, 0x00000000d5580000)
  object space 601088K, 99% used [0x0000000080000000,0x00000000a4af8f10,0x00000000a4b00000)
 Metaspace       used 97590K, committed 99456K, reserved 1179648K
  class space    used 10931K, committed 11904K, reserved 1048576K
}
Event: 4143.151 GC heap after
{Heap after GC invocations=3024 (full 6):
 PSYoungGen      total 12288K, used 4586K [0x00000000d5580000, 0x00000000d7300000, 0x0000000100000000)
  eden space 7680K, 0% used [0x00000000d5580000,0x00000000d5580000,0x00000000d5d00000)
  from space 4608K, 99% used [0x00000000d5d00000,0x00000000d617aa60,0x00000000d6180000)
  to   space 11264K, 0% used [0x00000000d6800000,0x00000000d6800000,0x00000000d7300000)
 ParOldGen       total 606720K, used 606355K [0x0000000080000000, 0x00000000a5080000, 0x00000000d5580000)
  object space 606720K, 99% used [0x0000000080000000,0x00000000a5024f10,0x00000000a5080000)
 Metaspace       used 97590K, committed 99456K, reserved 1179648K
  class space    used 10931K, committed 11904K, reserved 1048576K
}
Event: 4143.173 GC heap before
{Heap before GC invocations=3025 (full 6):
 PSYoungGen      total 12288K, used 12266K [0x00000000d5580000, 0x00000000d7300000, 0x0000000100000000)
  eden space 7680K, 100% used [0x00000000d5580000,0x00000000d5d00000,0x00000000d5d00000)
  from space 4608K, 99% used [0x00000000d5d00000,0x00000000d617aa60,0x00000000d6180000)
  to   space 11264K, 0% used [0x00000000d6800000,0x00000000d6800000,0x00000000d7300000)
 ParOldGen       total 606720K, used 606355K [0x0000000080000000, 0x00000000a5080000, 0x00000000d5580000)
  object space 606720K, 99% used [0x0000000080000000,0x00000000a5024f10,0x00000000a5080000)
 Metaspace       used 97590K, committed 99456K, reserved 1179648K
  class space    used 10931K, committed 11904K, reserved 1048576K
}
Event: 4143.177 GC heap after
{Heap after GC invocations=3025 (full 6):
 PSYoungGen      total 15872K, used 6544K [0x00000000d5580000, 0x00000000d6e80000, 0x0000000100000000)
  eden space 9216K, 0% used [0x00000000d5580000,0x00000000d5580000,0x00000000d5e80000)
  from space 6656K, 98% used [0x00000000d6800000,0x00000000d6e64000,0x00000000d6e80000)
  to   space 8192K, 0% used [0x00000000d5e80000,0x00000000d5e80000,0x00000000d6680000)
 ParOldGen       total 611840K, used 611800K [0x0000000080000000, 0x00000000a5580000, 0x00000000d5580000)
  object space 611840K, 99% used [0x0000000080000000,0x00000000a55763d0,0x00000000a5580000)
 Metaspace       used 97590K, committed 99456K, reserved 1179648K
  class space    used 10931K, committed 11904K, reserved 1048576K
}
Event: 4143.226 GC heap before
{Heap before GC invocations=3026 (full 6):
 PSYoungGen      total 15872K, used 15715K [0x00000000d5580000, 0x00000000d6e80000, 0x0000000100000000)
  eden space 9216K, 99% used [0x00000000d5580000,0x00000000d5e74d10,0x00000000d5e80000)
  from space 6656K, 98% used [0x00000000d6800000,0x00000000d6e64000,0x00000000d6e80000)
  to   space 8192K, 0% used [0x00000000d5e80000,0x00000000d5e80000,0x00000000d6680000)
 ParOldGen       total 611840K, used 611800K [0x0000000080000000, 0x00000000a5580000, 0x00000000d5580000)
  object space 611840K, 99% used [0x0000000080000000,0x00000000a55763d0,0x00000000a5580000)
 Metaspace       used 97590K, committed 99456K, reserved 1179648K
  class space    used 10931K, committed 11904K, reserved 1048576K
}
Event: 4143.230 GC heap after
{Heap after GC invocations=3026 (full 6):
 PSYoungGen      total 14848K, used 5340K [0x00000000d5580000, 0x00000000d6a80000, 0x0000000100000000)
  eden space 9216K, 0% used [0x00000000d5580000,0x00000000d5580000,0x00000000d5e80000)
  from space 5632K, 94% used [0x00000000d5e80000,0x00000000d63b7310,0x00000000d6400000)
  to   space 6144K, 0% used [0x00000000d6480000,0x00000000d6480000,0x00000000d6a80000)
 ParOldGen       total 617984K, used 617688K [0x0000000080000000, 0x00000000a5b80000, 0x00000000d5580000)
  object space 617984K, 99% used [0x0000000080000000,0x00000000a5b363d0,0x00000000a5b80000)
 Metaspace       used 97590K, committed 99456K, reserved 1179648K
  class space    used 10931K, committed 11904K, reserved 1048576K
}
Event: 4143.263 GC heap before
{Heap before GC invocations=3027 (full 6):
 PSYoungGen      total 14848K, used 14556K [0x00000000d5580000, 0x00000000d6a80000, 0x0000000100000000)
  eden space 9216K, 100% used [0x00000000d5580000,0x00000000d5e80000,0x00000000d5e80000)
  from space 5632K, 94% used [0x00000000d5e80000,0x00000000d63b7310,0x00000000d6400000)
  to   space 6144K, 0% used [0x00000000d6480000,0x00000000d6480000,0x00000000d6a80000)
 ParOldGen       total 617984K, used 617688K [0x0000000080000000, 0x00000000a5b80000, 0x00000000d5580000)
  object space 617984K, 99% used [0x0000000080000000,0x00000000a5b363d0,0x00000000a5b80000)
 Metaspace       used 97590K, committed 99456K, reserved 1179648K
  class space    used 10931K, committed 11904K, reserved 1048576K
}
Event: 4143.267 GC heap after
{Heap after GC invocations=3027 (full 6):
 PSYoungGen      total 13824K, used 4368K [0x00000000d5580000, 0x00000000d6900000, 0x0000000100000000)
  eden space 9216K, 0% used [0x00000000d5580000,0x00000000d5580000,0x00000000d5e80000)
  from space 4608K, 94% used [0x00000000d6480000,0x00000000d68c4168,0x00000000d6900000)
  to   space 5120K, 0% used [0x00000000d5f00000,0x00000000d5f00000,0x00000000d6400000)
 ParOldGen       total 623104K, used 622877K [0x0000000080000000, 0x00000000a6080000, 0x00000000d5580000)
  object space 623104K, 99% used [0x0000000080000000,0x00000000a6047598,0x00000000a6080000)
 Metaspace       used 97590K, committed 99456K, reserved 1179648K
  class space    used 10931K, committed 11904K, reserved 1048576K
}
Event: 4143.284 GC heap before
{Heap before GC invocations=3028 (full 6):
 PSYoungGen      total 13824K, used 13584K [0x00000000d5580000, 0x00000000d6900000, 0x0000000100000000)
  eden space 9216K, 100% used [0x00000000d5580000,0x00000000d5e80000,0x00000000d5e80000)
  from space 4608K, 94% used [0x00000000d6480000,0x00000000d68c4168,0x00000000d6900000)
  to   space 5120K, 0% used [0x00000000d5f00000,0x00000000d5f00000,0x00000000d6400000)
 ParOldGen       total 623104K, used 622877K [0x0000000080000000, 0x00000000a6080000, 0x00000000d5580000)
  object space 623104K, 99% used [0x0000000080000000,0x00000000a6047598,0x00000000a6080000)
 Metaspace       used 97590K, committed 99456K, reserved 1179648K
  class space    used 10931K, committed 11904K, reserved 1048576K
}
Event: 4143.287 GC heap after
{Heap after GC invocations=3028 (full 6):
 PSYoungGen      total 12288K, used 2745K [0x00000000d5580000, 0x00000000d6580000, 0x0000000100000000)
  eden space 9216K, 0% used [0x00000000d5580000,0x00000000d5580000,0x00000000d5e80000)
  from space 3072K, 89% used [0x00000000d5f00000,0x00000000d61ae628,0x00000000d6200000)
  to   space 3584K, 0% used [0x00000000d6200000,0x00000000d6200000,0x00000000d6580000)
 ParOldGen       total 627200K, used 626997K [0x0000000080000000, 0x00000000a6480000, 0x00000000d5580000)
  object space 627200K, 99% used [0x0000000080000000,0x00000000a644d7e0,0x00000000a6480000)
 Metaspace       used 97590K, committed 99456K, reserved 1179648K
  class space    used 10931K, committed 11904K, reserved 1048576K
}
Event: 4143.297 GC heap before
{Heap before GC invocations=3029 (full 6):
 PSYoungGen      total 12288K, used 11961K [0x00000000d5580000, 0x00000000d6580000, 0x0000000100000000)
  eden space 9216K, 100% used [0x00000000d5580000,0x00000000d5e80000,0x00000000d5e80000)
  from space 3072K, 89% used [0x00000000d5f00000,0x00000000d61ae628,0x00000000d6200000)
  to   space 3584K, 0% used [0x00000000d6200000,0x00000000d6200000,0x00000000d6580000)
 ParOldGen       total 627200K, used 626997K [0x0000000080000000, 0x00000000a6480000, 0x00000000d5580000)
  object space 627200K, 99% used [0x0000000080000000,0x00000000a644d7e0,0x00000000a6480000)
 Metaspace       used 97592K, committed 99456K, reserved 1179648K
  class space    used 10931K, committed 11904K, reserved 1048576K
}
Event: 4143.299 GC heap after
{Heap after GC invocations=3029 (full 6):
 PSYoungGen      total 11264K, used 1619K [0x00000000d5580000, 0x00000000d6400000, 0x0000000100000000)
  eden space 9216K, 0% used [0x00000000d5580000,0x00000000d5580000,0x00000000d5e80000)
  from space 2048K, 79% used [0x00000000d6200000,0x00000000d6394f80,0x00000000d6400000)
  to   space 2560K, 0% used [0x00000000d5f00000,0x00000000d5f00000,0x00000000d6180000)
 ParOldGen       total 629760K, used 629427K [0x0000000080000000, 0x00000000a6700000, 0x00000000d5580000)
  object space 629760K, 99% used [0x0000000080000000,0x00000000a66acc40,0x00000000a6700000)
 Metaspace       used 97592K, committed 99456K, reserved 1179648K
  class space    used 10931K, committed 11904K, reserved 1048576K
}
Event: 4143.319 GC heap before
{Heap before GC invocations=3030 (full 6):
 PSYoungGen      total 11264K, used 10835K [0x00000000d5580000, 0x00000000d6400000, 0x0000000100000000)
  eden space 9216K, 100% used [0x00000000d5580000,0x00000000d5e80000,0x00000000d5e80000)
  from space 2048K, 79% used [0x00000000d6200000,0x00000000d6394f80,0x00000000d6400000)
  to   space 2560K, 0% used [0x00000000d5f00000,0x00000000d5f00000,0x00000000d6180000)
 ParOldGen       total 629760K, used 629427K [0x0000000080000000, 0x00000000a6700000, 0x00000000d5580000)
  object space 629760K, 99% used [0x0000000080000000,0x00000000a66acc40,0x00000000a6700000)
 Metaspace       used 97594K, committed 99456K, reserved 1179648K
  class space    used 10931K, committed 11904K, reserved 1048576K
}
Event: 4143.322 GC heap after
{Heap after GC invocations=3030 (full 6):
 PSYoungGen      total 11264K, used 1840K [0x00000000d5580000, 0x00000000d6280000, 0x0000000100000000)
  eden space 9216K, 0% used [0x00000000d5580000,0x00000000d5580000,0x00000000d5e80000)
  from space 2048K, 89% used [0x00000000d5f00000,0x00000000d60cc010,0x00000000d6100000)
  to   space 1536K, 0% used [0x00000000d6100000,0x00000000d6100000,0x00000000d6280000)
 ParOldGen       total 631296K, used 630854K [0x0000000080000000, 0x00000000a6880000, 0x00000000d5580000)
  object space 631296K, 99% used [0x0000000080000000,0x00000000a6811830,0x00000000a6880000)
 Metaspace       used 97594K, committed 99456K, reserved 1179648K
  class space    used 10931K, committed 11904K, reserved 1048576K
}

Dll operation events (15 events):
Event: 0.024 Loaded shared library c:\Users\jkhong\.vscode\extensions\redhat.java-1.44.0-win32-x64\jre\21.0.8-win32-x86_64\bin\java.dll
Event: 0.056 Loaded shared library c:\Users\jkhong\.vscode\extensions\redhat.java-1.44.0-win32-x64\jre\21.0.8-win32-x86_64\bin\zip.dll
Event: 0.156 Loaded shared library C:\Users\jkhong\.vscode\extensions\redhat.java-1.44.0-win32-x64\jre\21.0.8-win32-x86_64\bin\instrument.dll
Event: 0.163 Loaded shared library C:\Users\jkhong\.vscode\extensions\redhat.java-1.44.0-win32-x64\jre\21.0.8-win32-x86_64\bin\net.dll
Event: 0.169 Loaded shared library C:\Users\jkhong\.vscode\extensions\redhat.java-1.44.0-win32-x64\jre\21.0.8-win32-x86_64\bin\nio.dll
Event: 0.175 Loaded shared library C:\Users\jkhong\.vscode\extensions\redhat.java-1.44.0-win32-x64\jre\21.0.8-win32-x86_64\bin\zip.dll
Event: 0.205 Loaded shared library C:\Users\jkhong\.vscode\extensions\redhat.java-1.44.0-win32-x64\jre\21.0.8-win32-x86_64\bin\jimage.dll
Event: 0.312 Loaded shared library c:\Users\jkhong\.vscode\extensions\redhat.java-1.44.0-win32-x64\jre\21.0.8-win32-x86_64\bin\verify.dll
Event: 2.053 Loaded shared library C:\Users\jkhong\AppData\Roaming\Code\User\globalStorage\redhat.java\1.44.0\config_win\org.eclipse.equinox.launcher\org.eclipse.equinox.launcher.win32.win32.x86_64_1.2.1400.v20250730-1736\eclipse_11913.dll
Event: 3.725 Loaded shared library C:\Users\jkhong\.vscode\extensions\redhat.java-1.44.0-win32-x64\jre\21.0.8-win32-x86_64\bin\management.dll
Event: 3.729 Loaded shared library C:\Users\jkhong\.vscode\extensions\redhat.java-1.44.0-win32-x64\jre\21.0.8-win32-x86_64\bin\management_ext.dll
Event: 5.396 Loaded shared library C:\Users\jkhong\AppData\Local\Temp\jna--1158252095\jna17440581423282131023.dll
Event: 5.592 Loaded shared library C:\Users\jkhong\.vscode\extensions\redhat.java-1.44.0-win32-x64\jre\21.0.8-win32-x86_64\bin\sunmscapi.dll
Event: 5.964 Loaded shared library C:\Users\jkhong\.vscode\extensions\redhat.java-1.44.0-win32-x64\jre\21.0.8-win32-x86_64\bin\extnet.dll
Event: 68.708 Loaded shared library C:\Users\jkhong\.gradle\native\c067742578af261105cb4f569cf0c3c89f3d7b1fecec35dd04571415982c5e48\windows-amd64\native-platform.dll

Deoptimization events (20 events):
Event: 4002.161 Thread 0x000001717b5ad350 Uncommon trap: trap_request=0xffffff45 fr.pc=0x00000171689aa600 relative=0x0000000000001820
Event: 4002.161 Thread 0x000001717b5ad350 Uncommon trap: reason=unstable_if action=reinterpret pc=0x00000171689aa600 method=org.eclipse.core.internal.resources.Filter.match(Lorg/eclipse/core/resources/IContainer;Lorg/eclipse/core/filesystem/IFileInfo;)Z @ 4 c2
Event: 4002.161 Thread 0x000001717b5ad350 DEOPT PACKING pc=0x00000171689aa600 sp=0x00000057210fe7a0
Event: 4002.161 Thread 0x000001717b5ad350 DEOPT UNPACKING pc=0x0000017167f26da2 sp=0x00000057210fe680 mode 2
Event: 4002.165 Thread 0x000001717b5ad350 Uncommon trap: trap_request=0xfffffff4 fr.pc=0x0000017168eb708c relative=0x00000000000052ac
Event: 4002.165 Thread 0x000001717b5ad350 Uncommon trap: reason=null_check action=make_not_entrant pc=0x0000017168eb708c method=java.lang.Class.reflectionData()Ljava/lang/Class$ReflectionData; @ 18 c2
Event: 4002.165 Thread 0x000001717b5ad350 DEOPT PACKING pc=0x0000017168eb708c sp=0x00000057210fecd0
Event: 4002.165 Thread 0x000001717b5ad350 DEOPT UNPACKING pc=0x0000017167f26da2 sp=0x00000057210fe988 mode 2
Event: 4002.165 Thread 0x000001717b5ad350 Uncommon trap: trap_request=0xfffffff4 fr.pc=0x00000171698ed9b0 relative=0x0000000000000590
Event: 4002.165 Thread 0x000001717b5ad350 Uncommon trap: reason=null_check action=make_not_entrant pc=0x00000171698ed9b0 method=java.lang.Class.reflectionData()Ljava/lang/Class$ReflectionData; @ 18 c2
Event: 4002.165 Thread 0x000001717b5ad350 DEOPT PACKING pc=0x00000171698ed9b0 sp=0x00000057210fea50
Event: 4002.165 Thread 0x000001717b5ad350 DEOPT UNPACKING pc=0x0000017167f26da2 sp=0x00000057210fe8e0 mode 2
Event: 4002.166 Thread 0x000001717b5ad350 Uncommon trap: trap_request=0xfffffff4 fr.pc=0x000001716981bf80 relative=0x00000000000002a0
Event: 4002.166 Thread 0x000001717b5ad350 Uncommon trap: reason=null_check action=make_not_entrant pc=0x000001716981bf80 method=java.lang.Class.reflectionData()Ljava/lang/Class$ReflectionData; @ 18 c2
Event: 4002.166 Thread 0x000001717b5ad350 DEOPT PACKING pc=0x000001716981bf80 sp=0x00000057210fe9b0
Event: 4002.166 Thread 0x000001717b5ad350 DEOPT UNPACKING pc=0x0000017167f26da2 sp=0x00000057210fe8d0 mode 2
Event: 4002.166 Thread 0x000001717b5ad350 Uncommon trap: trap_request=0xfffffff4 fr.pc=0x00000171687a524c relative=0x000000000000010c
Event: 4002.166 Thread 0x000001717b5ad350 Uncommon trap: reason=null_check action=make_not_entrant pc=0x00000171687a524c method=java.lang.Class.reflectionData()Ljava/lang/Class$ReflectionData; @ 18 c2
Event: 4002.166 Thread 0x000001717b5ad350 DEOPT PACKING pc=0x00000171687a524c sp=0x00000057210fe940
Event: 4002.166 Thread 0x000001717b5ad350 DEOPT UNPACKING pc=0x0000017167f26da2 sp=0x00000057210fe8d8 mode 2

Classes loaded (20 events):
Event: 87.932 Loading class java/util/stream/ReduceOps$1
Event: 87.933 Loading class java/util/stream/ReduceOps$1 done
Event: 87.933 Loading class java/util/stream/ReduceOps$1ReducingSink
Event: 87.933 Loading class java/util/stream/ReduceOps$1ReducingSink done
Event: 97.659 Loading class java/util/concurrent/CompletableFuture$UniApply
Event: 97.659 Loading class java/util/concurrent/CompletableFuture$UniApply done
Event: 97.661 Loading class java/util/concurrent/CompletableFuture$UniExceptionally
Event: 97.661 Loading class java/util/concurrent/CompletableFuture$UniExceptionally done
Event: 1547.494 Loading class jdk/internal/event/SecurityPropertyModificationEvent
Event: 1547.497 Loading class jdk/internal/event/SecurityPropertyModificationEvent done
Event: 1547.564 Loading class java/util/zip/GZIPInputStream$1
Event: 1547.564 Loading class java/util/zip/GZIPInputStream$1 done
Event: 1585.112 Loading class jdk/internal/ref/CleanerImpl$InnocuousThreadFactory
Event: 1585.112 Loading class jdk/internal/ref/CleanerImpl$InnocuousThreadFactory done
Event: 1585.257 Loading class java/util/concurrent/ConcurrentHashMap$TreeNode
Event: 1585.257 Loading class java/util/concurrent/ConcurrentHashMap$TreeNode done
Event: 1585.257 Loading class java/util/concurrent/ConcurrentHashMap$TreeBin
Event: 1585.258 Loading class java/util/concurrent/ConcurrentHashMap$TreeBin done
Event: 2201.980 Loading class java/nio/channels/CompletionHandler
Event: 2201.980 Loading class java/nio/channels/CompletionHandler done

Classes unloaded (20 events):
Event: 2097.988 Thread 0x000001715d723600 Unloading class 0x000001710108ac00 'java/lang/invoke/LambdaForm$MH+0x000001710108ac00'
Event: 2097.988 Thread 0x000001715d723600 Unloading class 0x000001710101ec00 'java/lang/invoke/LambdaForm$MH+0x000001710101ec00'
Event: 2097.988 Thread 0x000001715d723600 Unloading class 0x000001710100d800 'java/lang/invoke/LambdaForm$MH+0x000001710100d800'
Event: 2097.988 Thread 0x000001715d723600 Unloading class 0x000001710100d400 'java/lang/invoke/LambdaForm$MH+0x000001710100d400'
Event: 2097.988 Thread 0x000001715d723600 Unloading class 0x000001710100d000 'java/lang/invoke/LambdaForm$MH+0x000001710100d000'
Event: 2097.988 Thread 0x000001715d723600 Unloading class 0x000001710100cc00 'java/lang/invoke/LambdaForm$MH+0x000001710100cc00'
Event: 2097.988 Thread 0x000001715d723600 Unloading class 0x000001710100c800 'java/lang/invoke/LambdaForm$BMH+0x000001710100c800'
Event: 2097.988 Thread 0x000001715d723600 Unloading class 0x000001710100c000 'java/lang/invoke/LambdaForm$DMH+0x000001710100c000'
Event: 2097.988 Thread 0x000001715d723600 Unloading class 0x0000017101008c00 'java/lang/invoke/LambdaForm$MH+0x0000017101008c00'
Event: 2097.988 Thread 0x000001715d723600 Unloading class 0x0000017101008800 'java/lang/invoke/LambdaForm$MH+0x0000017101008800'
Event: 2097.988 Thread 0x000001715d723600 Unloading class 0x0000017101008400 'java/lang/invoke/LambdaForm$MH+0x0000017101008400'
Event: 2097.988 Thread 0x000001715d723600 Unloading class 0x0000017101007000 'java/lang/invoke/LambdaForm$MH+0x0000017101007000'
Event: 2097.988 Thread 0x000001715d723600 Unloading class 0x0000017101006c00 'java/lang/invoke/LambdaForm$MH+0x0000017101006c00'
Event: 2097.988 Thread 0x000001715d723600 Unloading class 0x0000017101006800 'java/lang/invoke/LambdaForm$MH+0x0000017101006800'
Event: 2097.988 Thread 0x000001715d723600 Unloading class 0x0000017101006400 'java/lang/invoke/LambdaForm$MH+0x0000017101006400'
Event: 2097.988 Thread 0x000001715d723600 Unloading class 0x0000017101005c00 'java/lang/invoke/LambdaForm$BMH+0x0000017101005c00'
Event: 2097.988 Thread 0x000001715d723600 Unloading class 0x0000017101004800 'java/lang/invoke/LambdaForm$DMH+0x0000017101004800'
Event: 2097.988 Thread 0x000001715d723600 Unloading class 0x0000017101002400 'java/lang/invoke/LambdaForm$MH+0x0000017101002400'
Event: 2097.988 Thread 0x000001715d723600 Unloading class 0x0000017101002000 'java/lang/invoke/LambdaForm$MH+0x0000017101002000'
Event: 2097.988 Thread 0x000001715d723600 Unloading class 0x0000017101001800 'java/lang/invoke/LambdaForm$MH+0x0000017101001800'

Classes redefined (0 events):
No events

Internal exceptions (20 events):
Event: 2434.875 Thread 0x000001717e06ffe0 Implicit null exception at 0x00000171635ee649 to 0x00000171635ef891
Event: 2434.875 Thread 0x000001717e06ffe0 Exception <a 'java/lang/NullPointerException'{0x00000000d5919638}> (0x00000000d5919638) 
thrown [s\src\hotspot\share\runtime\sharedRuntime.cpp, line 625]
Event: 2434.876 Thread 0x000001717e06ffe0 Implicit null exception at 0x00000171635ee649 to 0x00000171635ef891
Event: 2434.876 Thread 0x000001717e06ffe0 Exception <a 'java/lang/NullPointerException'{0x00000000d5953cb8}> (0x00000000d5953cb8) 
thrown [s\src\hotspot\share\runtime\sharedRuntime.cpp, line 625]
Event: 2435.179 Thread 0x0000017141f4a460 Implicit null exception at 0x00000171635ee649 to 0x00000171635ef891
Event: 2435.179 Thread 0x0000017141f4a460 Exception <a 'java/lang/NullPointerException'{0x00000000d5799900}> (0x00000000d5799900) 
thrown [s\src\hotspot\share\runtime\sharedRuntime.cpp, line 625]
Event: 2435.180 Thread 0x0000017141f4a460 Implicit null exception at 0x00000171635ee649 to 0x00000171635ef891
Event: 2435.180 Thread 0x0000017141f4a460 Exception <a 'java/lang/NullPointerException'{0x00000000d57d4190}> (0x00000000d57d4190) 
thrown [s\src\hotspot\share\runtime\sharedRuntime.cpp, line 625]
Event: 2437.114 Thread 0x000001717ab6caa0 Exception <a 'sun/nio/fs/WindowsException'{0x00000000d55919d0}> (0x00000000d55919d0) 
thrown [s\src\hotspot\share\prims\jni.cpp, line 520]
Event: 2437.360 Thread 0x000001717ab6caa0 Exception <a 'sun/nio/fs/WindowsException'{0x00000000d5762ea8}> (0x00000000d5762ea8) 
thrown [s\src\hotspot\share\prims\jni.cpp, line 520]
Event: 4002.165 Thread 0x000001717b5ad350 Implicit null exception at 0x0000017168eb311f to 0x0000017168eb7038
Event: 4002.165 Thread 0x000001717b5ad350 Implicit null exception at 0x00000171698ed498 to 0x00000171698ed988
Event: 4002.166 Thread 0x000001717b5ad350 Implicit null exception at 0x000001716981bd39 to 0x000001716981bf60
Event: 4002.166 Thread 0x000001717b5ad350 Implicit null exception at 0x00000171687a518e to 0x00000171687a5235
Event: 4002.379 Thread 0x0000017141f4b180 Exception <a 'sun/nio/fs/WindowsException'{0x00000000d5722ad8}> (0x00000000d5722ad8) 
thrown [s\src\hotspot\share\prims\jni.cpp, line 520]
Event: 4142.946 Thread 0x000001717b5ae070 Exception <a 'java/lang/IncompatibleClassChangeError'{0x00000000d575d220}: Found class java.lang.Object, but interface was expected> (0x00000000d575d220) 
thrown [s\src\hotspot\share\interpreter\linkResolver.cpp, line 840]
Event: 4142.946 Thread 0x000001717b5ae070 Exception <a 'java/lang/IncompatibleClassChangeError'{0x00000000d5761540}: Found class java.lang.Object, but interface was expected> (0x00000000d5761540) 
thrown [s\src\hotspot\share\interpreter\linkResolver.cpp, line 840]
Event: 4142.994 Thread 0x000001717ab6caa0 Exception <a 'sun/nio/fs/WindowsException'{0x00000000d598ba40}> (0x00000000d598ba40) 
thrown [s\src\hotspot\share\prims\jni.cpp, line 520]
Event: 4143.206 Thread 0x000001717ab6caa0 Exception <a 'sun/nio/fs/WindowsException'{0x00000000d55c56a8}> (0x00000000d55c56a8) 
thrown [s\src\hotspot\share\prims\jni.cpp, line 520]
Event: 4144.388 Thread 0x000001717eb39030 Exception <a 'sun/nio/fs/WindowsException'{0x00000000d5d2a250}> (0x00000000d5d2a250) 
thrown [s\src\hotspot\share\prims\jni.cpp, line 520]

ZGC Phase Switch (0 events):
No events

VM Operations (20 events):
Event: 4143.297 Executing VM operation: ParallelGCFailedAllocation (Allocation Failure)
Event: 4143.299 Executing VM operation: ParallelGCFailedAllocation (Allocation Failure) done
Event: 4143.319 Executing VM operation: ParallelGCFailedAllocation (Allocation Failure)
Event: 4143.322 Executing VM operation: ParallelGCFailedAllocation (Allocation Failure) done
Event: 4149.369 Executing VM operation: HandshakeAllThreads (HandshakeForDeflation)
Event: 4149.369 Executing VM operation: HandshakeAllThreads (HandshakeForDeflation) done
Event: 4149.369 Executing VM operation: RendezvousGCThreads
Event: 4149.369 Executing VM operation: RendezvousGCThreads done
Event: 4329.759 Executing VM operation: HandshakeAllThreads (HandshakeForDeflation)
Event: 4329.759 Executing VM operation: HandshakeAllThreads (HandshakeForDeflation) done
Event: 4329.759 Executing VM operation: RendezvousGCThreads
Event: 4329.759 Executing VM operation: RendezvousGCThreads done
Event: 4810.999 Executing VM operation: HandshakeAllThreads (HandshakeForDeflation)
Event: 4810.999 Executing VM operation: HandshakeAllThreads (HandshakeForDeflation) done
Event: 4810.999 Executing VM operation: RendezvousGCThreads
Event: 4810.999 Executing VM operation: RendezvousGCThreads done
Event: 5713.129 Executing VM operation: HandshakeAllThreads (HandshakeForDeflation)
Event: 5713.129 Executing VM operation: HandshakeAllThreads (HandshakeForDeflation) done
Event: 5713.129 Executing VM operation: RendezvousGCThreads
Event: 5713.129 Executing VM operation: RendezvousGCThreads done

Memory protections (0 events):
No events

Nmethod flushes (20 events):
Event: 2098.024 Thread 0x000001715d723600 flushing  nmethod 0x000001716355ff10
Event: 2098.024 Thread 0x000001715d723600 flushing  nmethod 0x0000017163565610
Event: 2098.024 Thread 0x000001715d723600 flushing  nmethod 0x00000171635a1110
Event: 2098.024 Thread 0x000001715d723600 flushing  nmethod 0x000001716362c790
Event: 2098.024 Thread 0x000001715d723600 flushing  nmethod 0x000001716362dc10
Event: 2098.024 Thread 0x000001715d723600 flushing  nmethod 0x000001716369a890
Event: 2098.024 Thread 0x000001715d723600 flushing  nmethod 0x000001716374a690
Event: 2098.024 Thread 0x000001715d723600 flushing  nmethod 0x0000017163756190
Event: 2098.024 Thread 0x000001715d723600 flushing  nmethod 0x0000017163790690
Event: 2098.024 Thread 0x000001715d723600 flushing  nmethod 0x0000017163793410
Event: 2098.024 Thread 0x000001715d723600 flushing  nmethod 0x00000171637f2d10
Event: 2098.024 Thread 0x000001715d723600 flushing  nmethod 0x0000017163818210
Event: 2098.024 Thread 0x000001715d723600 flushing  nmethod 0x0000017163821190
Event: 2098.024 Thread 0x000001715d723600 flushing  nmethod 0x0000017163825010
Event: 2098.024 Thread 0x000001715d723600 flushing  nmethod 0x0000017163827e90
Event: 2098.024 Thread 0x000001715d723600 flushing  nmethod 0x000001716382a090
Event: 2098.024 Thread 0x000001715d723600 flushing osr nmethod 0x0000017163831f10
Event: 2098.024 Thread 0x000001715d723600 flushing  nmethod 0x0000017163836510
Event: 2098.024 Thread 0x000001715d723600 flushing  nmethod 0x0000017163840c10
Event: 2098.024 Thread 0x000001715d723600 flushing  nmethod 0x000001716384c210

Events (20 events):
Event: 4143.200 Thread 0x0000017141f4b180 Thread added: 0x000001717eb3b100
Event: 4143.200 Thread 0x0000017141f4b180 Thread added: 0x000001717eb3c4b0
Event: 4143.268 Thread 0x0000017141f4b180 Thread added: 0x000001714edbf5a0
Event: 4143.306 Thread 0x0000017141f4aaf0 Thread added: 0x000001714edc02c0
Event: 4143.309 Thread 0x000001717eb35bb0 Thread added: 0x000001714edbd4d0
Event: 4143.333 Thread 0x000001715d74a380 Thread added: 0x00000171419cca60
Event: 4144.392 Thread 0x000001714edbd4d0 Thread added: 0x000001714edc1670
Event: 4149.370 Thread 0x00000171419cca60 Thread exited: 0x00000171419cca60
Event: 4203.054 Thread 0x000001717eb38310 Thread exited: 0x000001717eb38310
Event: 4203.304 Thread 0x000001714edbf5a0 Thread exited: 0x000001714edbf5a0
Event: 4204.391 Thread 0x000001717eb35bb0 Thread exited: 0x000001717eb35bb0
Event: 4204.391 Thread 0x0000017141f4aaf0 Thread exited: 0x0000017141f4aaf0
Event: 4263.054 Thread 0x000001717eb35520 Thread exited: 0x000001717eb35520
Event: 4264.392 Thread 0x000001714edc02c0 Thread exited: 0x000001714edc02c0
Event: 4264.392 Thread 0x000001714edbd4d0 Thread exited: 0x000001714edbd4d0
Event: 4264.392 Thread 0x0000017141f4b180 Thread exited: 0x0000017141f4b180
Event: 4302.172 Thread 0x000001717eb39030 Thread added: 0x000001714edbf5a0
Event: 4302.173 Thread 0x000001714edbf5a0 Thread exited: 0x000001714edbf5a0
Event: 4443.201 Thread 0x000001717eb3b100 Thread exited: 0x000001717eb3b100
Event: 4443.201 Thread 0x000001717eb3c4b0 Thread exited: 0x000001717eb3c4b0


Dynamic libraries:
0x00007ff6f1dc0000 - 0x00007ff6f1dce000 	c:\Users\jkhong\.vscode\extensions\redhat.java-1.44.0-win32-x64\jre\21.0.8-win32-x86_64\bin\java.exe
0x00007fff9e620000 - 0x00007fff9e887000 	C:\WINDOWS\SYSTEM32\ntdll.dll
0x00007fff9d830000 - 0x00007fff9d8f9000 	C:\WINDOWS\System32\KERNEL32.DLL
0x00007fff9bdd0000 - 0x00007fff9c1c0000 	C:\WINDOWS\System32\KERNELBASE.dll
0x00007fff98220000 - 0x00007fff982be000 	C:\WINDOWS\SYSTEM32\apphelp.dll
0x00007fff9c260000 - 0x00007fff9c3ab000 	C:\WINDOWS\System32\ucrtbase.dll
0x00007fff82fc0000 - 0x00007fff82fde000 	c:\Users\jkhong\.vscode\extensions\redhat.java-1.44.0-win32-x64\jre\21.0.8-win32-x86_64\bin\VCRUNTIME140.dll
0x00007fff82c70000 - 0x00007fff82c88000 	c:\Users\jkhong\.vscode\extensions\redhat.java-1.44.0-win32-x64\jre\21.0.8-win32-x86_64\bin\jli.dll
0x00007fff9cb50000 - 0x00007fff9cd15000 	C:\WINDOWS\System32\USER32.dll
0x00007fff9bda0000 - 0x00007fff9bdc7000 	C:\WINDOWS\System32\win32u.dll
0x00007fff9d7a0000 - 0x00007fff9d7cb000 	C:\WINDOWS\System32\GDI32.dll
0x00007fff9b750000 - 0x00007fff9b888000 	C:\WINDOWS\System32\gdi32full.dll
0x00007fff81ab0000 - 0x00007fff81d4a000 	C:\WINDOWS\WinSxS\amd64_microsoft.windows.common-controls_6595b64144ccf1df_6.0.26100.4768_none_3e0c112ce331287c\COMCTL32.dll
0x00007fff9c460000 - 0x00007fff9c509000 	C:\WINDOWS\System32\msvcrt.dll
0x00007fff9ba10000 - 0x00007fff9bab3000 	C:\WINDOWS\System32\msvcp_win.dll
0x00007fff9dfe0000 - 0x00007fff9e00f000 	C:\WINDOWS\System32\IMM32.DLL
0x00007fff88170000 - 0x00007fff8817c000 	c:\Users\jkhong\.vscode\extensions\redhat.java-1.44.0-win32-x64\jre\21.0.8-win32-x86_64\bin\vcruntime140_1.dll
0x00007fff6aee0000 - 0x00007fff6af6d000 	c:\Users\jkhong\.vscode\extensions\redhat.java-1.44.0-win32-x64\jre\21.0.8-win32-x86_64\bin\msvcp140.dll
0x00007fff118c0000 - 0x00007fff12657000 	c:\Users\jkhong\.vscode\extensions\redhat.java-1.44.0-win32-x64\jre\21.0.8-win32-x86_64\bin\server\jvm.dll
0x00007fff9e520000 - 0x00007fff9e5d4000 	C:\WINDOWS\System32\ADVAPI32.dll
0x00007fff9d5c0000 - 0x00007fff9d666000 	C:\WINDOWS\System32\sechost.dll
0x00007fff9d670000 - 0x00007fff9d788000 	C:\WINDOWS\System32\RPCRT4.dll
0x00007fff9cdb0000 - 0x00007fff9ce24000 	C:\WINDOWS\System32\WS2_32.dll
0x00007fff9b5b0000 - 0x00007fff9b60e000 	C:\WINDOWS\SYSTEM32\POWRPROF.dll
0x00007fff88dd0000 - 0x00007fff88ddb000 	C:\WINDOWS\SYSTEM32\VERSION.dll
0x00007fff8fc50000 - 0x00007fff8fc85000 	C:\WINDOWS\SYSTEM32\WINMM.dll
0x00007fff9b590000 - 0x00007fff9b5a4000 	C:\WINDOWS\SYSTEM32\UMPDC.dll
0x00007fff9a4d0000 - 0x00007fff9a4eb000 	C:\WINDOWS\SYSTEM32\kernel.appcore.dll
0x00007fff87df0000 - 0x00007fff87dfa000 	c:\Users\jkhong\.vscode\extensions\redhat.java-1.44.0-win32-x64\jre\21.0.8-win32-x86_64\bin\jimage.dll
0x00007fff98680000 - 0x00007fff988c1000 	C:\WINDOWS\SYSTEM32\DBGHELP.DLL
0x00007fff9e190000 - 0x00007fff9e515000 	C:\WINDOWS\System32\combase.dll
0x00007fff9de80000 - 0x00007fff9df60000 	C:\WINDOWS\System32\OLEAUT32.dll
0x00007fff68a80000 - 0x00007fff68ac3000 	C:\WINDOWS\SYSTEM32\dbgcore.DLL
0x00007fff9bd00000 - 0x00007fff9bd99000 	C:\WINDOWS\System32\bcryptPrimitives.dll
0x00007fff81940000 - 0x00007fff8194f000 	c:\Users\jkhong\.vscode\extensions\redhat.java-1.44.0-win32-x64\jre\21.0.8-win32-x86_64\bin\instrument.dll
0x00007fff82630000 - 0x00007fff8264f000 	c:\Users\jkhong\.vscode\extensions\redhat.java-1.44.0-win32-x64\jre\21.0.8-win32-x86_64\bin\java.dll
0x00007fff9ce70000 - 0x00007fff9d5bd000 	C:\WINDOWS\System32\SHELL32.dll
0x00007fff9bac0000 - 0x00007fff9bc33000 	C:\WINDOWS\System32\wintypes.dll
0x00007fff99350000 - 0x00007fff99bb0000 	C:\WINDOWS\SYSTEM32\windows.storage.dll
0x00007fff9dd30000 - 0x00007fff9de25000 	C:\WINDOWS\System32\SHCORE.dll
0x00007fff9df70000 - 0x00007fff9dfda000 	C:\WINDOWS\System32\shlwapi.dll
0x00007fff9b670000 - 0x00007fff9b699000 	C:\WINDOWS\SYSTEM32\profapi.dll
0x00007fff81d60000 - 0x00007fff81d78000 	c:\Users\jkhong\.vscode\extensions\redhat.java-1.44.0-win32-x64\jre\21.0.8-win32-x86_64\bin\zip.dll
0x00007fff83840000 - 0x00007fff83850000 	C:\Users\jkhong\.vscode\extensions\redhat.java-1.44.0-win32-x64\jre\21.0.8-win32-x86_64\bin\net.dll
0x00007fff89f20000 - 0x00007fff8a03e000 	C:\WINDOWS\SYSTEM32\WINHTTP.dll
0x00007fff9aa60000 - 0x00007fff9aacb000 	C:\WINDOWS\system32\mswsock.dll
0x00007fff81770000 - 0x00007fff81786000 	C:\Users\jkhong\.vscode\extensions\redhat.java-1.44.0-win32-x64\jre\21.0.8-win32-x86_64\bin\nio.dll
0x00007fff81930000 - 0x00007fff81940000 	c:\Users\jkhong\.vscode\extensions\redhat.java-1.44.0-win32-x64\jre\21.0.8-win32-x86_64\bin\verify.dll
0x00007fff69420000 - 0x00007fff69465000 	C:\Users\jkhong\AppData\Roaming\Code\User\globalStorage\redhat.java\1.44.0\config_win\org.eclipse.equinox.launcher\org.eclipse.equinox.launcher.win32.win32.x86_64_1.2.1400.v20250730-1736\eclipse_11913.dll
0x00007fff9c9a0000 - 0x00007fff9cb40000 	C:\WINDOWS\System32\ole32.dll
0x00007fff82f50000 - 0x00007fff82f5a000 	C:\Users\jkhong\.vscode\extensions\redhat.java-1.44.0-win32-x64\jre\21.0.8-win32-x86_64\bin\management.dll
0x00007fff82e50000 - 0x00007fff82e5b000 	C:\Users\jkhong\.vscode\extensions\redhat.java-1.44.0-win32-x64\jre\21.0.8-win32-x86_64\bin\management_ext.dll
0x00007fff9d790000 - 0x00007fff9d798000 	C:\WINDOWS\System32\PSAPI.DLL
0x00007fff9ad20000 - 0x00007fff9ad3b000 	C:\WINDOWS\SYSTEM32\CRYPTSP.dll
0x00007fff9a430000 - 0x00007fff9a46b000 	C:\WINDOWS\system32\rsaenh.dll
0x00007fff9ab00000 - 0x00007fff9ab2b000 	C:\WINDOWS\SYSTEM32\USERENV.dll
0x00007fff9b640000 - 0x00007fff9b666000 	C:\WINDOWS\SYSTEM32\bcrypt.dll
0x00007fff9ad40000 - 0x00007fff9ad4c000 	C:\WINDOWS\SYSTEM32\CRYPTBASE.dll
0x00007fff99f90000 - 0x00007fff99fc3000 	C:\WINDOWS\SYSTEM32\IPHLPAPI.DLL
0x00007fff9cda0000 - 0x00007fff9cdaa000 	C:\WINDOWS\System32\NSI.dll
0x00007fff67f30000 - 0x00007fff67f79000 	C:\Users\jkhong\AppData\Local\Temp\jna--1158252095\jna17440581423282131023.dll
0x00007fff8a180000 - 0x00007fff8a19f000 	C:\WINDOWS\SYSTEM32\dhcpcsvc6.DLL
0x00007fff8a0c0000 - 0x00007fff8a0e5000 	C:\WINDOWS\SYSTEM32\dhcpcsvc.DLL
0x00007fff82de0000 - 0x00007fff82dee000 	C:\Users\jkhong\.vscode\extensions\redhat.java-1.44.0-win32-x64\jre\21.0.8-win32-x86_64\bin\sunmscapi.dll
0x00007fff9b890000 - 0x00007fff9ba07000 	C:\WINDOWS\System32\CRYPT32.dll
0x00007fff9af40000 - 0x00007fff9af70000 	C:\WINDOWS\SYSTEM32\ncrypt.dll
0x00007fff9aef0000 - 0x00007fff9af2f000 	C:\WINDOWS\SYSTEM32\NTASN1.dll
0x00007fff9a080000 - 0x00007fff9a1a6000 	C:\WINDOWS\SYSTEM32\DNSAPI.dll
0x00007fff88b10000 - 0x00007fff88b1b000 	C:\Windows\System32\rasadhlp.dll
0x00007fff91080000 - 0x00007fff91106000 	C:\WINDOWS\System32\fwpuclnt.dll
0x00007fff82520000 - 0x00007fff82529000 	C:\Users\jkhong\.vscode\extensions\redhat.java-1.44.0-win32-x64\jre\21.0.8-win32-x86_64\bin\extnet.dll
0x00007fff811f0000 - 0x00007fff81217000 	C:\Users\jkhong\.gradle\native\c067742578af261105cb4f569cf0c3c89f3d7b1fecec35dd04571415982c5e48\windows-amd64\native-platform.dll
0x00007fff5e1d0000 - 0x00007fff5e1d8000 	C:\WINDOWS\system32\wshunix.dll

JVMTI agents:
c:\Users\jkhong\.vscode\extensions\redhat.java-1.44.0-win32-x64\lombok\lombok-1.18.39-4050.jar path:c:\Users\jkhong\.vscode\extensions\redhat.java-1.44.0-win32-x64\jre\21.0.8-win32-x86_64\bin\instrument.dll, loaded, initialized, instrumentlib options:none

dbghelp: loaded successfully - version: 4.0.5 - missing functions: none
symbol engine: initialized successfully - sym options: 0x614 - pdb path: .;c:\Users\jkhong\.vscode\extensions\redhat.java-1.44.0-win32-x64\jre\21.0.8-win32-x86_64\bin;C:\WINDOWS\SYSTEM32;C:\WINDOWS\WinSxS\amd64_microsoft.windows.common-controls_6595b64144ccf1df_6.0.26100.4768_none_3e0c112ce331287c;c:\Users\jkhong\.vscode\extensions\redhat.java-1.44.0-win32-x64\jre\21.0.8-win32-x86_64\bin\server;C:\Users\jkhong\AppData\Roaming\Code\User\globalStorage\redhat.java\1.44.0\config_win\org.eclipse.equinox.launcher\org.eclipse.equinox.launcher.win32.win32.x86_64_1.2.1400.v20250730-1736;C:\Users\jkhong\AppData\Local\Temp\jna--1158252095;C:\Users\jkhong\.gradle\native\c067742578af261105cb4f569cf0c3c89f3d7b1fecec35dd04571415982c5e48\windows-amd64

VM Arguments:
jvm_args: --add-modules=ALL-SYSTEM --add-opens=java.base/java.util=ALL-UNNAMED --add-opens=java.base/java.lang=ALL-UNNAMED --add-opens=java.base/sun.nio.fs=ALL-UNNAMED -Declipse.application=org.eclipse.jdt.ls.core.id1 -Dosgi.bundles.defaultStartLevel=4 -Declipse.product=org.eclipse.jdt.ls.core.product -Djava.import.generatesMetadataFilesAtProjectRoot=false -DDetectVMInstallationsJob.disabled=true -Dfile.encoding=utf8 -XX:+UseParallelGC -XX:GCTimeRatio=4 -XX:AdaptiveSizePolicyWeight=90 -Dsun.zip.disableMemoryMapping=true -Xmx2G -Xms100m -Xlog:disable -javaagent:c:\Users\jkhong\.vscode\extensions\redhat.java-1.44.0-win32-x64\lombok\lombok-1.18.39-4050.jar -XX:+HeapDumpOnOutOfMemoryError -XX:HeapDumpPath=c:\Users\jkhong\AppData\Roaming\Code\User\workspaceStorage\490a220237a72c4506f0462ee91a1d7a\redhat.java -Daether.dependencyCollector.impl=bf 
java_command: c:\Users\jkhong\.vscode\extensions\redhat.java-1.44.0-win32-x64\server\plugins\org.eclipse.equinox.launcher_1.7.0.v20250519-0528.jar -configuration c:\Users\jkhong\AppData\Roaming\Code\User\globalStorage\redhat.java\1.44.0\config_win -data c:\Users\jkhong\AppData\Roaming\Code\User\workspaceStorage\490a220237a72c4506f0462ee91a1d7a\redhat.java\jdt_ws --pipe=\\.\pipe\lsp-ca2959169eb5b17172ec4a94c4066228-sock
java_class_path (initial): c:\Users\jkhong\.vscode\extensions\redhat.java-1.44.0-win32-x64\server\plugins\org.eclipse.equinox.launcher_1.7.0.v20250519-0528.jar
Launcher Type: SUN_STANDARD

[Global flags]
    uintx AdaptiveSizePolicyWeight                 = 90                                        {product} {command line}
     intx CICompilerCount                          = 4                                         {product} {ergonomic}
    uintx GCTimeRatio                              = 4                                         {product} {command line}
     bool HeapDumpOnOutOfMemoryError               = true                                   {manageable} {command line}
    ccstr HeapDumpPath                             = c:\Users\jkhong\AppData\Roaming\Code\User\workspaceStorage\490a220237a72c4506f0462ee91a1d7a\redhat.java         {manageable} {command line}
   size_t InitialHeapSize                          = 104857600                                 {product} {command line}
   size_t MaxHeapSize                              = 2147483648                                {product} {command line}
   size_t MaxNewSize                               = 715653120                                 {product} {ergonomic}
   size_t MinHeapDeltaBytes                        = 524288                                    {product} {ergonomic}
   size_t MinHeapSize                              = 104857600                                 {product} {command line}
   size_t NewSize                                  = 34603008                                  {product} {ergonomic}
    uintx NonNMethodCodeHeapSize                   = 5839372                                {pd product} {ergonomic}
    uintx NonProfiledCodeHeapSize                  = 122909434                              {pd product} {ergonomic}
   size_t OldSize                                  = 70254592                                  {product} {ergonomic}
    uintx ProfiledCodeHeapSize                     = 122909434                              {pd product} {ergonomic}
    uintx ReservedCodeCacheSize                    = 251658240                              {pd product} {ergonomic}
     bool SegmentedCodeCache                       = true                                      {product} {ergonomic}
   size_t SoftMaxHeapSize                          = 2147483648                             {manageable} {ergonomic}
     bool UseCompressedOops                        = true                           {product lp64_product} {ergonomic}
     bool UseLargePagesIndividualAllocation        = false                                  {pd product} {ergonomic}
     bool UseParallelGC                            = true                                      {product} {command line}

Logging:
Log output configuration:
 #0: stdout all=off uptime,level,tags foldmultilines=false
 #1: stderr all=off uptime,level,tags foldmultilines=false

Environment Variables:
JAVA_HOME=C:\Program Files\Eclipse Adoptium\jdk-17.0.8.7-hotspot
PATH=c:\Dev_Tools\cursor\resources\app\bin;C:\Python312\Scripts\;C:\Python312\;C:\Program Files\Eclipse Adoptium\jdk-17.0.8.7-hotspot\bin;C:\Program Files (x86)\VMware\VMware Player\bin\;C:\Program Files\AdoptOpenJDK\jdk-8.0.292.10-hotspot\bin;C:\Program Files\AdoptOpenJDK\jdk-11.0.11.9-hotspot\bin;C:\WINDOWS\system32;C:\WINDOWS;C:\WINDOWS\System32\Wbem;C:\WINDOWS\System32\WindowsPowerShell\v1.0\;C:\WINDOWS\System32\OpenSSH\;C:\Program Files (x86)\Microsoft SQL Server\150\DTS\Binn\;C:\Program Files\Azure Data Studio\bin;C:\Program Files (x86)\CrSSL\bin;C:\Program Files\Git\cmd;C:\Program Files\dotnet\;C:\Program Files\nodejs\;C:\ProgramData\chocolatey\bin;C:\Dev_Tools\gradle-8.9\bin;C:\Users\jkhong\AppData\Local\Microsoft\WindowsApps;C:\Program Files\Bandizip\;C:\Program Files\JetBrains\IntelliJ IDEA Community Edition 2023.1.1\bin;;C:\Users\jkhong\AppData\Roaming\npm;C:\Program Files\GitHub CLI\;C:\WINDOWS\system32;C:\WINDOWS;C:\WINDOWS\System32\Wbem;C:\WINDOWS\System32\WindowsPowerShell\v1.0\;C:\WINDOWS\System32\OpenSSH\;C:\Users\jkhong\.jbang\bin;C:\Users\jkhong\AppData\Local\Programs\Microsoft VS Code\bin;D:\Dev_Tools\apache-maven-3.9.6\bin;C:\Users\jkhong\.dotnet\tools;C:\Users\jkhong\AppData\Local\Programs\Kiro\bin
USERNAME=jkhong
OS=Windows_NT
PROCESSOR_IDENTIFIER=Intel64 Family 6 Model 140 Stepping 1, GenuineIntel
TMP=C:\Users\jkhong\AppData\Local\Temp
TEMP=C:\Users\jkhong\AppData\Local\Temp




Periodic native trim disabled

---------------  S Y S T E M  ---------------

OS:
 Windows 11 , 64 bit Build 26100 (10.0.26100.4768)
OS uptime: 1 days 0:30 hours

CPU: total 8 (initial active 8) (4 cores per cpu, 2 threads per core) family 6 model 140 stepping 1 microcode 0xbc, cx8, cmov, fxsr, ht, mmx, 3dnowpref, sse, sse2, sse3, ssse3, sse4.1, sse4.2, popcnt, lzcnt, tsc, tscinvbit, avx, avx2, aes, erms, clmul, bmi1, bmi2, adx, avx512f, avx512dq, avx512cd, avx512bw, avx512vl, sha, fma, vzeroupper, avx512_vpopcntdq, avx512_vpclmulqdq, avx512_vaes, avx512_vnni, clflush, clflushopt, clwb, avx512_vbmi2, avx512_vbmi, rdtscp, rdpid, fsrm, gfni, avx512_bitalg, f16c, pku, cet_ibt, cet_ss, avx512_ifma
Processor Information for the first 8 processors :
  Max Mhz: 2803, Current Mhz: 1201, Mhz Limit: 1177

Memory: 4k page, system-wide physical 16103M (3726M free)
TotalPageFile size 18151M (AvailPageFile size 6M)
current process WorkingSet (physical memory assigned to process): 923M, peak: 1523M
current process commit charge ("private bytes"): 1048M, peak: 1464M

vm_info: OpenJDK 64-Bit Server VM (21.0.8+9-LTS) for windows-amd64 JRE (21.0.8+9-LTS), built on 2025-07-15T00:00:00Z by "admin" with MS VC++ 17.7 (VS2022)

END.
