#
# There is insufficient memory for the Java Runtime Environment to continue.
# Native memory allocation (malloc) failed to allocate 1754208 bytes for Chunk::new
# Possible reasons:
#   The system is out of physical RAM or swap space
#   The process is running with CompressedOops enabled, and the Java Heap may be blocking the growth of the native heap
# Possible solutions:
#   Reduce memory load on the system
#   Increase physical memory or swap space
#   Check if swap backing store is full
#   Decrease Java heap size (-Xmx/-Xms)
#   Decrease number of Java threads
#   Decrease Java thread stack sizes (-Xss)
#   Set larger code cache with -XX:ReservedCodeCacheSize=
#   JVM is running with Unscaled Compressed Oops mode in which the Java heap is
#     placed in the first 4GB address space. The Java Heap base address is the
#     maximum limit for the native heap growth. Please use -XX:HeapBaseMinAddress
#     to set the Java Heap base and to place the Java Heap above 4GB virtual address.
# This output file may be truncated or incomplete.
#
#  Out of Memory Error (arena.cpp:189), pid=9488, tid=20160
#
# JRE version: OpenJDK Runtime Environment Temurin-17.0.8+7 (17.0.8+7) (build 17.0.8+7)
# Java VM: OpenJDK 64-Bit Server VM Temurin-17.0.8+7 (17.0.8+7, mixed mode, sharing, tiered, compressed oops, compressed class ptrs, serial gc, windows-amd64)
# No core dump will be written. Minidumps are not enabled by default on client versions of Windows
#

---------------  S U M M A R Y ------------

Command Line: -XX:MaxMetaspaceSize=256m -XX:+UseSerialGC --add-opens=java.base/java.util=ALL-UNNAMED --add-opens=java.base/java.lang=ALL-UNNAMED --add-opens=java.base/java.lang.invoke=ALL-UNNAMED --add-opens=java.prefs/java.util.prefs=ALL-UNNAMED --add-exports=jdk.compiler/com.sun.tools.javac.api=ALL-UNNAMED --add-exports=jdk.compiler/com.sun.tools.javac.util=ALL-UNNAMED --add-opens=java.base/java.nio.charset=ALL-UNNAMED --add-opens=java.base/java.net=ALL-UNNAMED --add-opens=java.base/java.util.concurrent.atomic=ALL-UNNAMED -Xms256m -Xmx512m -Dfile.encoding=UTF-8 -Duser.country=KR -Duser.language=ko -Duser.variant -javaagent:C:\Users\jkhong\.gradle\wrapper\dists\gradle-8.10.2-bin\a04bxjujx95o3nb99gddekhwo\gradle-8.10.2\lib\agents\gradle-instrumentation-agent-8.10.2.jar org.gradle.launcher.daemon.bootstrap.GradleDaemon 8.10.2

Host: 11th Gen Intel(R) Core(TM) i7-1165G7 @ 2.80GHz, 8 cores, 15G,  Windows 11 , 64 bit Build 26100 (10.0.26100.4768)
Time: Fri Aug 29 15:26:54 2025  Windows 11 , 64 bit Build 26100 (10.0.26100.4768) elapsed time: 11.876530 seconds (0d 0h 0m 11s)

---------------  T H R E A D  ---------------

Current thread (0x0000029047f67ff0):  JavaThread "C2 CompilerThread1" daemon [_thread_in_native, id=20160, stack(0x000000c7be400000,0x000000c7be500000)]


Current CompileTask:
C2:  11876 8288       4       org.gradle.api.internal.artifacts.ivyservice.modulecache.ModuleMetadataSerializer$Reader::readMavenDependency (148 bytes)

Stack: [0x000000c7be400000,0x000000c7be500000]
Native frames: (J=compiled Java code, j=interpreted, Vv=VM code, C=native code)
V  [jvm.dll+0x678b0a]
V  [jvm.dll+0x835e84]
V  [jvm.dll+0x83762e]
V  [jvm.dll+0x837c93]
V  [jvm.dll+0x24746f]
V  [jvm.dll+0xac20c]
V  [jvm.dll+0xac7dc]
V  [jvm.dll+0x365ca7]
V  [jvm.dll+0x1bd012]
V  [jvm.dll+0x219d49]
V  [jvm.dll+0x219011]
V  [jvm.dll+0x1a534d]
V  [jvm.dll+0x228d8a]
V  [jvm.dll+0x226dcc]
V  [jvm.dll+0x7ec09b]
V  [jvm.dll+0x7e64ca]
V  [jvm.dll+0x677955]
C  [ucrtbase.dll+0x37b0]
C  [KERNEL32.DLL+0x2e8d7]
C  [ntdll.dll+0x3c34c]


---------------  P R O C E S S  ---------------

Threads class SMR info:
_java_thread_list=0x0000029049e017d0, length=120, elements={
0x000002901942e310, 0x00000290194a2b30, 0x00000290194a5180, 0x00000290194bebb0,
0x00000290194c1590, 0x00000290194c4be0, 0x00000290194c8130, 0x00000290194cba20,
0x00000290319478c0, 0x000002903194a590, 0x0000029031a38390, 0x0000029031be4e00,
0x0000029044ea6d50, 0x0000029044ea95d0, 0x0000029044ea86a0, 0x0000029044ea90c0,
0x0000029044ea7c80, 0x0000029044ea7260, 0x0000029044ea7770, 0x0000029044ea8bb0,
0x0000029044ea5e20, 0x0000029044ea6330, 0x0000029045dabd50, 0x0000029045daae20,
0x0000029045daa910, 0x0000029045dad190, 0x0000029045dac770, 0x0000029045dab330,
0x0000029045dacc80, 0x0000029045da9ef0, 0x0000029045dae5d0, 0x0000029045db0430,
0x0000029045db0940, 0x0000029045daeff0, 0x0000029045dae0c0, 0x0000029045daf500,
0x0000029045db1360, 0x0000029045db1870, 0x0000029047f557c0, 0x0000029047f54890,
0x0000029047f55cd0, 0x0000029047f53450, 0x0000029047f53e70, 0x0000029047f53960,
0x0000029047f566f0, 0x0000029047f54da0, 0x0000029047f52f40, 0x0000029047f56c00,
0x0000029047f57620, 0x0000029047f59480, 0x0000029047f59990, 0x0000029047f57110,
0x0000029047f57b30, 0x0000029047f58040, 0x0000029047f58550, 0x0000029047f58a60,
0x0000029047f58f70, 0x0000029044ea8190, 0x0000029044ea6840, 0x0000029049406e30,
0x0000029049405f00, 0x0000029049407340, 0x0000029049408270, 0x0000029047f67ff0,
0x0000029047f68540, 0x0000029049407d60, 0x00000290494091a0, 0x00000290494096b0,
0x0000029049408780, 0x0000029049408c90, 0x0000029049409bc0, 0x000002904940a0d0,
0x0000029049406920, 0x000002904940c950, 0x000002904940a5e0, 0x000002904940aaf0,
0x000002904940ba20, 0x000002904940b000, 0x000002904940bf30, 0x000002904940b510,
0x000002904940c440, 0x000002904940ce60, 0x000002904940d370, 0x0000029049642f10,
0x0000029049643930, 0x0000029049644350, 0x0000029049645790, 0x00000290496424f0,
0x0000029049643420, 0x0000029049641fe0, 0x0000029049644d70, 0x0000029049645280,
0x0000029049643e40, 0x0000029049645ca0, 0x0000029049644860, 0x00000290496461b0,
0x0000029049642a00, 0x0000029049648a30, 0x00000290496470e0, 0x0000029049646bd0,
0x0000029049648f40, 0x0000029049647b00, 0x0000029049649450, 0x0000029049649960,
0x0000029049648520, 0x00000290496466c0, 0x00000290496475f0, 0x0000029049648010,
0x0000029044ff95e0, 0x0000029044ff7c90, 0x0000029044ff90d0, 0x0000029044ff81a0,
0x0000029044ff9af0, 0x0000029044ff86b0, 0x0000029044ffa000, 0x0000029044ff8bc0,
0x0000029044ffa510, 0x0000029044ffaa20, 0x0000029044ff7270, 0x0000029044ffaf30
}

Java Threads: ( => current thread )
  0x000002901942e310 JavaThread "main" [_thread_blocked, id=19464, stack(0x000000c7bc900000,0x000000c7bca00000)]
  0x00000290194a2b30 JavaThread "Reference Handler" daemon [_thread_blocked, id=33240, stack(0x000000c7bcb00000,0x000000c7bcc00000)]
  0x00000290194a5180 JavaThread "Finalizer" daemon [_thread_blocked, id=33288, stack(0x000000c7bcc00000,0x000000c7bcd00000)]
  0x00000290194bebb0 JavaThread "Signal Dispatcher" daemon [_thread_blocked, id=29740, stack(0x000000c7bcd00000,0x000000c7bce00000)]
  0x00000290194c1590 JavaThread "Attach Listener" daemon [_thread_blocked, id=28996, stack(0x000000c7bce00000,0x000000c7bcf00000)]
  0x00000290194c4be0 JavaThread "Service Thread" daemon [_thread_blocked, id=5092, stack(0x000000c7bcf00000,0x000000c7bd000000)]
  0x00000290194c8130 JavaThread "Monitor Deflation Thread" daemon [_thread_blocked, id=27372, stack(0x000000c7bd000000,0x000000c7bd100000)]
  0x00000290194cba20 JavaThread "C2 CompilerThread0" daemon [_thread_blocked, id=11908, stack(0x000000c7bd100000,0x000000c7bd200000)]
  0x00000290319478c0 JavaThread "C1 CompilerThread0" daemon [_thread_in_vm, id=23172, stack(0x000000c7bd200000,0x000000c7bd300000)]
  0x000002903194a590 JavaThread "Sweeper thread" daemon [_thread_blocked, id=14808, stack(0x000000c7bd300000,0x000000c7bd400000)]
  0x0000029031a38390 JavaThread "Common-Cleaner" daemon [_thread_blocked, id=33364, stack(0x000000c7bd400000,0x000000c7bd500000)]
  0x0000029031be4e00 JavaThread "Notification Thread" daemon [_thread_blocked, id=13676, stack(0x000000c7bd500000,0x000000c7bd600000)]
  0x0000029044ea6d50 JavaThread "Daemon health stats" [_thread_blocked, id=35064, stack(0x000000c7bd800000,0x000000c7bd900000)]
  0x0000029044ea95d0 JavaThread "Incoming local TCP Connector on port 14749" [_thread_in_native, id=35448, stack(0x000000c7bd700000,0x000000c7bd800000)]
  0x0000029044ea86a0 JavaThread "Daemon periodic checks" [_thread_blocked, id=35252, stack(0x000000c7bd900000,0x000000c7bda00000)]
  0x0000029044ea90c0 JavaThread "Daemon" [_thread_blocked, id=35884, stack(0x000000c7bda00000,0x000000c7bdb00000)]
  0x0000029044ea7c80 JavaThread "Handler for socket connection from /127.0.0.1:14749 to /127.0.0.1:14750" [_thread_in_native, id=26404, stack(0x000000c7bdb00000,0x000000c7bdc00000)]
  0x0000029044ea7260 JavaThread "Cancel handler" [_thread_blocked, id=21112, stack(0x000000c7bdc00000,0x000000c7bdd00000)]
  0x0000029044ea7770 JavaThread "Daemon worker" [_thread_in_Java, id=30856, stack(0x000000c7bdd00000,0x000000c7bde00000)]
  0x0000029044ea8bb0 JavaThread "Asynchronous log dispatcher for DefaultDaemonConnection: socket connection from /127.0.0.1:14749 to /127.0.0.1:14750" [_thread_blocked, id=17652, stack(0x000000c7bde00000,0x000000c7bdf00000)]
  0x0000029044ea5e20 JavaThread "Stdin handler" [_thread_blocked, id=34620, stack(0x000000c7bdf00000,0x000000c7be000000)]
  0x0000029044ea6330 JavaThread "Daemon client event forwarder" [_thread_blocked, id=5088, stack(0x000000c7be000000,0x000000c7be100000)]
  0x0000029045dabd50 JavaThread "Cache worker for journal cache (C:\Users\jkhong\.gradle\caches\journal-1)" [_thread_blocked, id=31304, stack(0x000000c7be100000,0x000000c7be200000)]
  0x0000029045daae20 JavaThread "File lock request listener" [_thread_in_native, id=14488, stack(0x000000c7be200000,0x000000c7be300000)]
  0x0000029045daa910 JavaThread "Cache worker for file hash cache (C:\Users\jkhong\.gradle\caches\8.10.2\fileHashes)" [_thread_blocked, id=17292, stack(0x000000c7be300000,0x000000c7be400000)]
  0x0000029045dad190 JavaThread "Cache worker for file hash cache (D:\ws2\BP_Sample14\.gradle\8.10.2\fileHashes)" [_thread_blocked, id=2144, stack(0x000000c7be600000,0x000000c7be700000)]
  0x0000029045dac770 JavaThread "Cache worker for Build Output Cleanup Cache (D:\ws2\BP_Sample14\.gradle\buildOutputCleanup)" [_thread_blocked, id=29688, stack(0x000000c7be700000,0x000000c7be800000)]
  0x0000029045dab330 JavaThread "File watcher server" daemon [_thread_in_native, id=35372, stack(0x000000c7be800000,0x000000c7be900000)]
  0x0000029045dacc80 JavaThread "File watcher consumer" daemon [_thread_blocked, id=22368, stack(0x000000c7be900000,0x000000c7bea00000)]
  0x0000029045da9ef0 JavaThread "jar transforms" [_thread_blocked, id=9600, stack(0x000000c7bea00000,0x000000c7beb00000)]
  0x0000029045dae5d0 JavaThread "jar transforms Thread 2" [_thread_blocked, id=3776, stack(0x000000c7beb00000,0x000000c7bec00000)]
  0x0000029045db0430 JavaThread "jar transforms Thread 3" [_thread_blocked, id=1440, stack(0x000000c7bec00000,0x000000c7bed00000)]
  0x0000029045db0940 JavaThread "Cache worker for checksums cache (D:\ws2\BP_Sample14\.gradle\8.10.2\checksums)" [_thread_blocked, id=35688, stack(0x000000c7bed00000,0x000000c7bee00000)]
  0x0000029045daeff0 JavaThread "Cache worker for file content cache (C:\Users\jkhong\.gradle\caches\8.10.2\fileContent)" [_thread_blocked, id=6312, stack(0x000000c7bee00000,0x000000c7bef00000)]
  0x0000029045dae0c0 JavaThread "Cache worker for cache directory md-rule (C:\Users\jkhong\.gradle\caches\8.10.2\md-rule)" [_thread_blocked, id=32060, stack(0x000000c7bef00000,0x000000c7bf000000)]
  0x0000029045daf500 JavaThread "Cache worker for cache directory md-supplier (C:\Users\jkhong\.gradle\caches\8.10.2\md-supplier)" [_thread_blocked, id=3588, stack(0x000000c7bf000000,0x000000c7bf100000)]
  0x0000029045db1360 JavaThread "jar transforms Thread 4" [_thread_blocked, id=11072, stack(0x000000c7bf100000,0x000000c7bf200000)]
  0x0000029045db1870 JavaThread "jar transforms Thread 5" [_thread_blocked, id=11492, stack(0x000000c7bf200000,0x000000c7bf300000)]
  0x0000029047f557c0 JavaThread "jar transforms Thread 6" [_thread_blocked, id=32952, stack(0x000000c7bf300000,0x000000c7bf400000)]
  0x0000029047f54890 JavaThread "jar transforms Thread 7" [_thread_blocked, id=31648, stack(0x000000c7bf400000,0x000000c7bf500000)]
  0x0000029047f55cd0 JavaThread "jar transforms Thread 8" [_thread_blocked, id=12820, stack(0x000000c7bf500000,0x000000c7bf600000)]
  0x0000029047f53450 JavaThread "Unconstrained build operations" [_thread_blocked, id=33032, stack(0x000000c7bf600000,0x000000c7bf700000)]
  0x0000029047f53e70 JavaThread "Unconstrained build operations Thread 2" [_thread_blocked, id=5140, stack(0x000000c7bf700000,0x000000c7bf800000)]
  0x0000029047f53960 JavaThread "Unconstrained build operations Thread 3" [_thread_blocked, id=7180, stack(0x000000c7bf800000,0x000000c7bf900000)]
  0x0000029047f566f0 JavaThread "Unconstrained build operations Thread 4" [_thread_blocked, id=35812, stack(0x000000c7bf900000,0x000000c7bfa00000)]
  0x0000029047f54da0 JavaThread "Unconstrained build operations Thread 5" [_thread_blocked, id=29988, stack(0x000000c7bfa00000,0x000000c7bfb00000)]
  0x0000029047f52f40 JavaThread "Unconstrained build operations Thread 6" [_thread_blocked, id=26096, stack(0x000000c7bfb00000,0x000000c7bfc00000)]
  0x0000029047f56c00 JavaThread "Unconstrained build operations Thread 7" [_thread_blocked, id=32732, stack(0x000000c7bfc00000,0x000000c7bfd00000)]
  0x0000029047f57620 JavaThread "Unconstrained build operations Thread 8" [_thread_blocked, id=27596, stack(0x000000c7bfd00000,0x000000c7bfe00000)]
  0x0000029047f59480 JavaThread "Unconstrained build operations Thread 9" [_thread_blocked, id=34916, stack(0x000000c7bfe00000,0x000000c7bff00000)]
  0x0000029047f59990 JavaThread "Unconstrained build operations Thread 10" [_thread_blocked, id=34136, stack(0x000000c7bff00000,0x000000c7c0000000)]
  0x0000029047f57110 JavaThread "Unconstrained build operations Thread 11" [_thread_blocked, id=1732, stack(0x000000c7c0000000,0x000000c7c0100000)]
  0x0000029047f57b30 JavaThread "Unconstrained build operations Thread 12" [_thread_blocked, id=14012, stack(0x000000c7c0100000,0x000000c7c0200000)]
  0x0000029047f58040 JavaThread "Unconstrained build operations Thread 13" [_thread_blocked, id=9396, stack(0x000000c7c0200000,0x000000c7c0300000)]
  0x0000029047f58550 JavaThread "Unconstrained build operations Thread 14" [_thread_blocked, id=29976, stack(0x000000c7c0300000,0x000000c7c0400000)]
  0x0000029047f58a60 JavaThread "Unconstrained build operations Thread 15" [_thread_blocked, id=30812, stack(0x000000c7c0400000,0x000000c7c0500000)]
  0x0000029047f58f70 JavaThread "Unconstrained build operations Thread 16" [_thread_blocked, id=20504, stack(0x000000c7c0500000,0x000000c7c0600000)]
  0x0000029044ea8190 JavaThread "Unconstrained build operations Thread 17" [_thread_blocked, id=12504, stack(0x000000c7c0600000,0x000000c7c0700000)]
  0x0000029044ea6840 JavaThread "Unconstrained build operations Thread 18" [_thread_blocked, id=27676, stack(0x000000c7c0700000,0x000000c7c0800000)]
  0x0000029049406e30 JavaThread "Unconstrained build operations Thread 19" [_thread_blocked, id=31920, stack(0x000000c7c0800000,0x000000c7c0900000)]
  0x0000029049405f00 JavaThread "Unconstrained build operations Thread 20" [_thread_blocked, id=34896, stack(0x000000c7c0900000,0x000000c7c0a00000)]
  0x0000029049407340 JavaThread "Unconstrained build operations Thread 21" [_thread_blocked, id=13392, stack(0x000000c7c0a00000,0x000000c7c0b00000)]
  0x0000029049408270 JavaThread "Memory manager" [_thread_blocked, id=35476, stack(0x000000c7c0b00000,0x000000c7c0c00000)]
=>0x0000029047f67ff0 JavaThread "C2 CompilerThread1" daemon [_thread_in_native, id=20160, stack(0x000000c7be400000,0x000000c7be500000)]
  0x0000029047f68540 JavaThread "C2 CompilerThread2" daemon [_thread_in_native, id=23396, stack(0x000000c7be500000,0x000000c7be600000)]
  0x0000029049407d60 JavaThread "Unconstrained build operations Thread 22" [_thread_blocked, id=12780, stack(0x000000c7c0c00000,0x000000c7c0d00000)]
  0x00000290494091a0 JavaThread "Unconstrained build operations Thread 23" [_thread_blocked, id=29136, stack(0x000000c7c0d00000,0x000000c7c0e00000)]
  0x00000290494096b0 JavaThread "Unconstrained build operations Thread 24" [_thread_blocked, id=14372, stack(0x000000c7c0e00000,0x000000c7c0f00000)]
  0x0000029049408780 JavaThread "Unconstrained build operations Thread 25" [_thread_blocked, id=13724, stack(0x000000c7c0f00000,0x000000c7c1000000)]
  0x0000029049408c90 JavaThread "Unconstrained build operations Thread 26" [_thread_blocked, id=26336, stack(0x000000c7c1000000,0x000000c7c1100000)]
  0x0000029049409bc0 JavaThread "Unconstrained build operations Thread 27" [_thread_blocked, id=29800, stack(0x000000c7c1100000,0x000000c7c1200000)]
  0x000002904940a0d0 JavaThread "Unconstrained build operations Thread 28" [_thread_blocked, id=15568, stack(0x000000c7c1200000,0x000000c7c1300000)]
  0x0000029049406920 JavaThread "Unconstrained build operations Thread 29" [_thread_blocked, id=26244, stack(0x000000c7c1300000,0x000000c7c1400000)]
  0x000002904940c950 JavaThread "Unconstrained build operations Thread 30" [_thread_blocked, id=35940, stack(0x000000c7c1400000,0x000000c7c1500000)]
  0x000002904940a5e0 JavaThread "Unconstrained build operations Thread 31" [_thread_blocked, id=30460, stack(0x000000c7c1500000,0x000000c7c1600000)]
  0x000002904940aaf0 JavaThread "Unconstrained build operations Thread 32" [_thread_blocked, id=32892, stack(0x000000c7c1600000,0x000000c7c1700000)]
  0x000002904940ba20 JavaThread "Unconstrained build operations Thread 33" [_thread_blocked, id=36612, stack(0x000000c7c1700000,0x000000c7c1800000)]
  0x000002904940b000 JavaThread "Unconstrained build operations Thread 34" [_thread_blocked, id=7420, stack(0x000000c7c1800000,0x000000c7c1900000)]
  0x000002904940bf30 JavaThread "Unconstrained build operations Thread 35" [_thread_blocked, id=31536, stack(0x000000c7c1900000,0x000000c7c1a00000)]
  0x000002904940b510 JavaThread "Unconstrained build operations Thread 36" [_thread_blocked, id=32368, stack(0x000000c7c1a00000,0x000000c7c1b00000)]
  0x000002904940c440 JavaThread "Unconstrained build operations Thread 37" [_thread_blocked, id=28888, stack(0x000000c7c1b00000,0x000000c7c1c00000)]
  0x000002904940ce60 JavaThread "Unconstrained build operations Thread 38" [_thread_blocked, id=4636, stack(0x000000c7c1c00000,0x000000c7c1d00000)]
  0x000002904940d370 JavaThread "Unconstrained build operations Thread 39" [_thread_blocked, id=17508, stack(0x000000c7c1d00000,0x000000c7c1e00000)]
  0x0000029049642f10 JavaThread "Unconstrained build operations Thread 40" [_thread_blocked, id=21260, stack(0x000000c7c1e00000,0x000000c7c1f00000)]
  0x0000029049643930 JavaThread "Unconstrained build operations Thread 41" [_thread_blocked, id=17668, stack(0x000000c7c1f00000,0x000000c7c2000000)]
  0x0000029049644350 JavaThread "Unconstrained build operations Thread 42" [_thread_blocked, id=30688, stack(0x000000c7c2000000,0x000000c7c2100000)]
  0x0000029049645790 JavaThread "Unconstrained build operations Thread 43" [_thread_blocked, id=34240, stack(0x000000c7c2100000,0x000000c7c2200000)]
  0x00000290496424f0 JavaThread "Unconstrained build operations Thread 44" [_thread_blocked, id=23156, stack(0x000000c7c2200000,0x000000c7c2300000)]
  0x0000029049643420 JavaThread "Unconstrained build operations Thread 45" [_thread_blocked, id=35296, stack(0x000000c7c2300000,0x000000c7c2400000)]
  0x0000029049641fe0 JavaThread "Unconstrained build operations Thread 46" [_thread_blocked, id=27780, stack(0x000000c7c2400000,0x000000c7c2500000)]
  0x0000029049644d70 JavaThread "Unconstrained build operations Thread 47" [_thread_blocked, id=9444, stack(0x000000c7c2500000,0x000000c7c2600000)]
  0x0000029049645280 JavaThread "Unconstrained build operations Thread 48" [_thread_blocked, id=18092, stack(0x000000c7c2600000,0x000000c7c2700000)]
  0x0000029049643e40 JavaThread "Unconstrained build operations Thread 49" [_thread_blocked, id=8400, stack(0x000000c7c2700000,0x000000c7c2800000)]
  0x0000029049645ca0 JavaThread "Unconstrained build operations Thread 50" [_thread_blocked, id=18204, stack(0x000000c7c2800000,0x000000c7c2900000)]
  0x0000029049644860 JavaThread "Unconstrained build operations Thread 51" [_thread_blocked, id=32692, stack(0x000000c7c2900000,0x000000c7c2a00000)]
  0x00000290496461b0 JavaThread "Unconstrained build operations Thread 52" [_thread_blocked, id=30768, stack(0x000000c7c2a00000,0x000000c7c2b00000)]
  0x0000029049642a00 JavaThread "Unconstrained build operations Thread 53" [_thread_blocked, id=19716, stack(0x000000c7c2b00000,0x000000c7c2c00000)]
  0x0000029049648a30 JavaThread "Unconstrained build operations Thread 54" [_thread_blocked, id=11620, stack(0x000000c7c2c00000,0x000000c7c2d00000)]
  0x00000290496470e0 JavaThread "Unconstrained build operations Thread 55" [_thread_blocked, id=27976, stack(0x000000c7c2d00000,0x000000c7c2e00000)]
  0x0000029049646bd0 JavaThread "Unconstrained build operations Thread 56" [_thread_blocked, id=1460, stack(0x000000c7c2e00000,0x000000c7c2f00000)]
  0x0000029049648f40 JavaThread "Unconstrained build operations Thread 57" [_thread_blocked, id=20956, stack(0x000000c7c2f00000,0x000000c7c3000000)]
  0x0000029049647b00 JavaThread "Unconstrained build operations Thread 58" [_thread_blocked, id=10092, stack(0x000000c7c3000000,0x000000c7c3100000)]
  0x0000029049649450 JavaThread "Unconstrained build operations Thread 59" [_thread_blocked, id=13896, stack(0x000000c7c3100000,0x000000c7c3200000)]
  0x0000029049649960 JavaThread "Unconstrained build operations Thread 60" [_thread_blocked, id=14676, stack(0x000000c7c3200000,0x000000c7c3300000)]
  0x0000029049648520 JavaThread "Unconstrained build operations Thread 61" [_thread_blocked, id=15128, stack(0x000000c7c3300000,0x000000c7c3400000)]
  0x00000290496466c0 JavaThread "Unconstrained build operations Thread 62" [_thread_blocked, id=7792, stack(0x000000c7c3400000,0x000000c7c3500000)]
  0x00000290496475f0 JavaThread "Unconstrained build operations Thread 63" [_thread_blocked, id=25232, stack(0x000000c7c3500000,0x000000c7c3600000)]
  0x0000029049648010 JavaThread "Unconstrained build operations Thread 64" [_thread_blocked, id=24220, stack(0x000000c7c3600000,0x000000c7c3700000)]
  0x0000029044ff95e0 JavaThread "Unconstrained build operations Thread 65" [_thread_blocked, id=36272, stack(0x000000c7c3700000,0x000000c7c3800000)]
  0x0000029044ff7c90 JavaThread "Unconstrained build operations Thread 66" [_thread_blocked, id=12076, stack(0x000000c7c3800000,0x000000c7c3900000)]
  0x0000029044ff90d0 JavaThread "Unconstrained build operations Thread 67" [_thread_blocked, id=26496, stack(0x000000c7c3900000,0x000000c7c3a00000)]
  0x0000029044ff81a0 JavaThread "Unconstrained build operations Thread 68" [_thread_blocked, id=36396, stack(0x000000c7c3a00000,0x000000c7c3b00000)]
  0x0000029044ff9af0 JavaThread "Unconstrained build operations Thread 69" [_thread_blocked, id=5592, stack(0x000000c7c3b00000,0x000000c7c3c00000)]
  0x0000029044ff86b0 JavaThread "Unconstrained build operations Thread 70" [_thread_blocked, id=3212, stack(0x000000c7c3c00000,0x000000c7c3d00000)]
  0x0000029044ffa000 JavaThread "Unconstrained build operations Thread 71" [_thread_blocked, id=10320, stack(0x000000c7c3d00000,0x000000c7c3e00000)]
  0x0000029044ff8bc0 JavaThread "Unconstrained build operations Thread 72" [_thread_blocked, id=6948, stack(0x000000c7c3e00000,0x000000c7c3f00000)]
  0x0000029044ffa510 JavaThread "Unconstrained build operations Thread 73" [_thread_blocked, id=21624, stack(0x000000c7c3f00000,0x000000c7c4000000)]
  0x0000029044ffaa20 JavaThread "Unconstrained build operations Thread 74" [_thread_blocked, id=34452, stack(0x000000c7c4000000,0x000000c7c4100000)]
  0x0000029044ff7270 JavaThread "Unconstrained build operations Thread 75" [_thread_blocked, id=35724, stack(0x000000c7c4100000,0x000000c7c4200000)]
  0x0000029044ffaf30 JavaThread "Unconstrained build operations Thread 76" [_thread_blocked, id=24048, stack(0x000000c7c4200000,0x000000c7c4300000)]

Other Threads:
  0x000002901949f1d0 VMThread "VM Thread" [stack: 0x000000c7bca00000,0x000000c7bcb00000] [id=3200]
  0x0000029031be52e0 WatcherThread [stack: 0x000000c7bd600000,0x000000c7bd700000] [id=28932]

Threads with active compile tasks:
C2 CompilerThread1    11947 8288       4       org.gradle.api.internal.artifacts.ivyservice.modulecache.ModuleMetadataSerializer$Reader::readMavenDependency (148 bytes)

VM state: not at safepoint (normal execution)

VM Mutex/Monitor currently owned by a thread: None

Heap address: 0x00000000e0000000, size: 512 MB, Compressed Oops mode: 32-bit

CDS archive(s) mapped at: [0x0000029032000000-0x0000029032bd0000-0x0000029032bd0000), size 12386304, SharedBaseAddress: 0x0000029032000000, ArchiveRelocationMode: 1.
Compressed class space mapped at: 0x0000029033000000-0x0000029040000000, reserved size: 218103808
Narrow klass base: 0x0000029032000000, Narrow klass shift: 0, Narrow klass range: 0x100000000

GC Precious Log:
 CPUs: 8 total, 8 available
 Memory: 16103M
 Large Page Support: Disabled
 NUMA Support: Disabled
 Compressed Oops: Enabled (32-bit)
 Heap Min Capacity: 256M
 Heap Initial Capacity: 256M
 Heap Max Capacity: 512M
 Pre-touch: Disabled

Heap:
 def new generation   total 78912K, used 69608K [0x00000000e0000000, 0x00000000e55a0000, 0x00000000eaaa0000)
  eden space 70144K,  99% used [0x00000000e0000000, 0x00000000e43fa0d0, 0x00000000e4480000)
  from space 8768K,   0% used [0x00000000e4480000, 0x00000000e4480000, 0x00000000e4d10000)
  to   space 8768K,   0% used [0x00000000e4d10000, 0x00000000e4d10000, 0x00000000e55a0000)
 tenured generation   total 174784K, used 45878K [0x00000000eaaa0000, 0x00000000f5550000, 0x0000000100000000)
   the space 174784K,  26% used [0x00000000eaaa0000, 0x00000000ed76d908, 0x00000000ed76da00, 0x00000000f5550000)
 Metaspace       used 61762K, committed 62464K, reserved 278528K
  class space    used 8624K, committed 8960K, reserved 212992K

Card table byte_map: [0x00000290316a0000,0x00000290317b0000] _byte_map_base: 0x0000029030fa0000

Polling page: 0x0000029019160000

Metaspace:

Usage:
  Non-class:     51.89 MB used.
      Class:      8.42 MB used.
       Both:     60.32 MB used.

Virtual space:
  Non-class space:       64.00 MB reserved,      52.25 MB ( 82%) committed,  1 nodes.
      Class space:      208.00 MB reserved,       8.75 MB (  4%) committed,  1 nodes.
             Both:      272.00 MB reserved,      61.00 MB ( 22%) committed. 

Chunk freelists:
   Non-Class:  11.70 MB
       Class:  7.17 MB
        Both:  18.87 MB

MaxMetaspaceSize: 256.00 MB
CompressedClassSpaceSize: 208.00 MB
Initial GC threshold: 21.00 MB
Current GC threshold: 97.31 MB
CDS: on
MetaspaceReclaimPolicy: balanced
 - commit_granule_bytes: 65536.
 - commit_granule_words: 8192.
 - virtual_space_node_default_size: 8388608.
 - enlarge_chunks_in_place: 1.
 - new_chunks_are_fully_committed: 0.
 - uncommit_free_chunks: 1.
 - use_allocation_guard: 0.
 - handle_deallocations: 1.


Internal statistics:

num_allocs_failed_limit: 9.
num_arena_births: 834.
num_arena_deaths: 0.
num_vsnodes_births: 2.
num_vsnodes_deaths: 0.
num_space_committed: 976.
num_space_uncommitted: 0.
num_chunks_returned_to_freelist: 9.
num_chunks_taken_from_freelist: 3411.
num_chunk_merges: 6.
num_chunk_splits: 2207.
num_chunks_enlarged: 1448.
num_inconsistent_stats: 0.

CodeHeap 'non-profiled nmethods': size=120000Kb used=4635Kb max_used=4635Kb free=115364Kb
 bounds [0x0000029029f90000, 0x000002902a420000, 0x00000290314c0000]
CodeHeap 'profiled nmethods': size=120000Kb used=14842Kb max_used=14842Kb free=105157Kb
 bounds [0x00000290224c0000, 0x0000029023340000, 0x00000290299f0000]
CodeHeap 'non-nmethods': size=5760Kb used=2362Kb max_used=2418Kb free=3397Kb
 bounds [0x00000290299f0000, 0x0000029029c60000, 0x0000029029f90000]
 total_blobs=8681 nmethods=7807 adapters=788
 compilation: enabled
              stopped_count=0, restarted_count=0
 full_count=0

Compilation events (20 events):
Event: 10.853 Thread 0x00000290319478c0 nmethod 8458 0x00000290232f6d10 code [0x00000290232f6ec0, 0x00000290232f7138]
Event: 10.855 Thread 0x00000290319478c0 8459       3       org.gradle.internal.component.external.model.AbstractVariantBackedConfigurationMetadata::<init> (282 bytes)
Event: 10.857 Thread 0x00000290319478c0 nmethod 8459 0x00000290232f7290 code [0x00000290232f76e0, 0x00000290232f9a08]
Event: 10.857 Thread 0x00000290319478c0 8460       3       java.util.BitSet::cardinality (32 bytes)
Event: 10.857 Thread 0x00000290319478c0 nmethod 8460 0x00000290232fa790 code [0x00000290232fa940, 0x00000290232fab88]
Event: 10.857 Thread 0x00000290319478c0 8461       3       org.gradle.api.internal.artifacts.ivyservice.resolveengine.graph.builder.EdgeState::computeSelector (27 bytes)
Event: 10.857 Thread 0x00000290319478c0 nmethod 8461 0x00000290232fac90 code [0x00000290232fae80, 0x00000290232fb358]
Event: 10.857 Thread 0x00000290319478c0 8463       3       org.gradle.api.internal.artifacts.ivyservice.resolveengine.result.DefaultComponentSelectionDescriptor::equals (82 bytes)
Event: 10.858 Thread 0x00000290319478c0 nmethod 8463 0x00000290232fb510 code [0x00000290232fb700, 0x00000290232fbd88]
Event: 10.858 Thread 0x00000290319478c0 8462       3       org.gradle.internal.component.model.DefaultComponentOverrideMetadata::extractClientModule (31 bytes)
Event: 10.858 Thread 0x00000290319478c0 nmethod 8462 0x00000290232fbf10 code [0x00000290232fc0e0, 0x00000290232fc738]
Event: 10.858 Thread 0x00000290319478c0 8464       3       org.gradle.api.internal.artifacts.ivyservice.resolveengine.graph.builder.DefaultPendingDependenciesVisitor::markNotPending (16 bytes)
Event: 10.858 Thread 0x00000290319478c0 nmethod 8464 0x00000290232fc890 code [0x00000290232fca40, 0x00000290232fcc78]
Event: 10.858 Thread 0x00000290319478c0 8465       1       org.gradle.internal.component.external.model.GradleDependencyMetadata::isChanging (2 bytes)
Event: 10.858 Thread 0x00000290319478c0 nmethod 8465 0x000002902a3fd190 code [0x000002902a3fd320, 0x000002902a3fd3f8]
Event: 10.858 Thread 0x00000290319478c0 8466       3       org.gradle.api.internal.artifacts.dependencies.AbstractVersionConstraint::equals (105 bytes)
Event: 10.859 Thread 0x00000290319478c0 nmethod 8466 0x00000290232fce10 code [0x00000290232fd120, 0x00000290232fe548]
Event: 10.860 Thread 0x00000290319478c0 8467       3       org.gradle.api.internal.artifacts.ivyservice.resolveengine.graph.builder.DependencyState::isNewReason (40 bytes)
Event: 10.861 Thread 0x00000290319478c0 nmethod 8467 0x00000290232fe910 code [0x00000290232feae0, 0x00000290232fefd8]
Event: 10.861 Thread 0x00000290319478c0 8468       3       org.gradle.api.internal.artifacts.ivyservice.resolveengine.graph.builder.ModuleResolveState::getVersion (52 bytes)

GC Heap History (20 events):
Event: 4.181 GC heap before
{Heap before GC invocations=1 (full 0):
 def new generation   total 78656K, used 78655K [0x00000000e0000000, 0x00000000e5550000, 0x00000000eaaa0000)
  eden space 69952K, 100% used [0x00000000e0000000, 0x00000000e4450000, 0x00000000e4450000)
  from space 8704K,  99% used [0x00000000e4cd0000, 0x00000000e554fff8, 0x00000000e5550000)
  to   space 8704K,   0% used [0x00000000e4450000, 0x00000000e4450000, 0x00000000e4cd0000)
 tenured generation   total 174784K, used 2236K [0x00000000eaaa0000, 0x00000000f5550000, 0x0000000100000000)
   the space 174784K,   1% used [0x00000000eaaa0000, 0x00000000eaccf220, 0x00000000eaccf400, 0x00000000f5550000)
 Metaspace       used 11452K, committed 11648K, reserved 278528K
  class space    used 1525K, committed 1600K, reserved 212992K
}
Event: 4.194 GC heap after
{Heap after GC invocations=2 (full 0):
 def new generation   total 78656K, used 8212K [0x00000000e0000000, 0x00000000e5550000, 0x00000000eaaa0000)
  eden space 69952K,   0% used [0x00000000e0000000, 0x00000000e0000000, 0x00000000e4450000)
  from space 8704K,  94% used [0x00000000e4450000, 0x00000000e4c551e0, 0x00000000e4cd0000)
  to   space 8704K,   0% used [0x00000000e4cd0000, 0x00000000e4cd0000, 0x00000000e5550000)
 tenured generation   total 174784K, used 10815K [0x00000000eaaa0000, 0x00000000f5550000, 0x0000000100000000)
   the space 174784K,   6% used [0x00000000eaaa0000, 0x00000000eb52ff50, 0x00000000eb530000, 0x00000000f5550000)
 Metaspace       used 11452K, committed 11648K, reserved 278528K
  class space    used 1525K, committed 1600K, reserved 212992K
}
Event: 4.848 GC heap before
{Heap before GC invocations=2 (full 0):
 def new generation   total 78656K, used 78164K [0x00000000e0000000, 0x00000000e5550000, 0x00000000eaaa0000)
  eden space 69952K, 100% used [0x00000000e0000000, 0x00000000e4450000, 0x00000000e4450000)
  from space 8704K,  94% used [0x00000000e4450000, 0x00000000e4c551e0, 0x00000000e4cd0000)
  to   space 8704K,   0% used [0x00000000e4cd0000, 0x00000000e4cd0000, 0x00000000e5550000)
 tenured generation   total 174784K, used 10815K [0x00000000eaaa0000, 0x00000000f5550000, 0x0000000100000000)
   the space 174784K,   6% used [0x00000000eaaa0000, 0x00000000eb52ff50, 0x00000000eb530000, 0x00000000f5550000)
 Metaspace       used 20669K, committed 20992K, reserved 278528K
  class space    used 3001K, committed 3136K, reserved 212992K
}
Event: 4.862 GC heap after
{Heap after GC invocations=3 (full 0):
 def new generation   total 78656K, used 3791K [0x00000000e0000000, 0x00000000e5550000, 0x00000000eaaa0000)
  eden space 69952K,   0% used [0x00000000e0000000, 0x00000000e0000000, 0x00000000e4450000)
  from space 8704K,  43% used [0x00000000e4cd0000, 0x00000000e5083fa0, 0x00000000e5550000)
  to   space 8704K,   0% used [0x00000000e4450000, 0x00000000e4450000, 0x00000000e4cd0000)
 tenured generation   total 174784K, used 18886K [0x00000000eaaa0000, 0x00000000f5550000, 0x0000000100000000)
   the space 174784K,  10% used [0x00000000eaaa0000, 0x00000000ebd11a70, 0x00000000ebd11c00, 0x00000000f5550000)
 Metaspace       used 20669K, committed 20992K, reserved 278528K
  class space    used 3001K, committed 3136K, reserved 212992K
}
Event: 4.898 GC heap before
{Heap before GC invocations=3 (full 0):
 def new generation   total 78656K, used 9377K [0x00000000e0000000, 0x00000000e5550000, 0x00000000eaaa0000)
  eden space 69952K,   7% used [0x00000000e0000000, 0x00000000e0574578, 0x00000000e4450000)
  from space 8704K,  43% used [0x00000000e4cd0000, 0x00000000e5083fa0, 0x00000000e5550000)
  to   space 8704K,   0% used [0x00000000e4450000, 0x00000000e4450000, 0x00000000e4cd0000)
 tenured generation   total 174784K, used 18886K [0x00000000eaaa0000, 0x00000000f5550000, 0x0000000100000000)
   the space 174784K,  10% used [0x00000000eaaa0000, 0x00000000ebd11a70, 0x00000000ebd11c00, 0x00000000f5550000)
 Metaspace       used 21179K, committed 21504K, reserved 278528K
  class space    used 3087K, committed 3264K, reserved 212992K
}
Event: 4.927 GC heap after
{Heap after GC invocations=4 (full 1):
 def new generation   total 78784K, used 0K [0x00000000e0000000, 0x00000000e5570000, 0x00000000eaaa0000)
  eden space 70080K,   0% used [0x00000000e0000000, 0x00000000e0000000, 0x00000000e4470000)
  from space 8704K,   0% used [0x00000000e4470000, 0x00000000e4470000, 0x00000000e4cf0000)
  to   space 8704K,   0% used [0x00000000e4cf0000, 0x00000000e4cf0000, 0x00000000e5570000)
 tenured generation   total 174784K, used 22757K [0x00000000eaaa0000, 0x00000000f5550000, 0x0000000100000000)
   the space 174784K,  13% used [0x00000000eaaa0000, 0x00000000ec0d9440, 0x00000000ec0d9600, 0x00000000f5550000)
 Metaspace       used 21179K, committed 21504K, reserved 278528K
  class space    used 3087K, committed 3264K, reserved 212992K
}
Event: 5.714 GC heap before
{Heap before GC invocations=4 (full 1):
 def new generation   total 78784K, used 70080K [0x00000000e0000000, 0x00000000e5570000, 0x00000000eaaa0000)
  eden space 70080K, 100% used [0x00000000e0000000, 0x00000000e4470000, 0x00000000e4470000)
  from space 8704K,   0% used [0x00000000e4470000, 0x00000000e4470000, 0x00000000e4cf0000)
  to   space 8704K,   0% used [0x00000000e4cf0000, 0x00000000e4cf0000, 0x00000000e5570000)
 tenured generation   total 174784K, used 22757K [0x00000000eaaa0000, 0x00000000f5550000, 0x0000000100000000)
   the space 174784K,  13% used [0x00000000eaaa0000, 0x00000000ec0d9440, 0x00000000ec0d9600, 0x00000000f5550000)
 Metaspace       used 29676K, committed 30080K, reserved 278528K
  class space    used 4368K, committed 4544K, reserved 212992K
}
Event: 5.724 GC heap after
{Heap after GC invocations=5 (full 1):
 def new generation   total 78784K, used 4260K [0x00000000e0000000, 0x00000000e5570000, 0x00000000eaaa0000)
  eden space 70080K,   0% used [0x00000000e0000000, 0x00000000e0000000, 0x00000000e4470000)
  from space 8704K,  48% used [0x00000000e4cf0000, 0x00000000e5119360, 0x00000000e5570000)
  to   space 8704K,   0% used [0x00000000e4470000, 0x00000000e4470000, 0x00000000e4cf0000)
 tenured generation   total 174784K, used 22757K [0x00000000eaaa0000, 0x00000000f5550000, 0x0000000100000000)
   the space 174784K,  13% used [0x00000000eaaa0000, 0x00000000ec0d9440, 0x00000000ec0d9600, 0x00000000f5550000)
 Metaspace       used 29676K, committed 30080K, reserved 278528K
  class space    used 4368K, committed 4544K, reserved 212992K
}
Event: 6.052 GC heap before
{Heap before GC invocations=5 (full 1):
 def new generation   total 78784K, used 35998K [0x00000000e0000000, 0x00000000e5570000, 0x00000000eaaa0000)
  eden space 70080K,  45% used [0x00000000e0000000, 0x00000000e1efe640, 0x00000000e4470000)
  from space 8704K,  48% used [0x00000000e4cf0000, 0x00000000e5119360, 0x00000000e5570000)
  to   space 8704K,   0% used [0x00000000e4470000, 0x00000000e4470000, 0x00000000e4cf0000)
 tenured generation   total 174784K, used 22757K [0x00000000eaaa0000, 0x00000000f5550000, 0x0000000100000000)
   the space 174784K,  13% used [0x00000000eaaa0000, 0x00000000ec0d9440, 0x00000000ec0d9600, 0x00000000f5550000)
 Metaspace       used 35412K, committed 35840K, reserved 278528K
  class space    used 5039K, committed 5248K, reserved 212992K
}
Event: 6.089 GC heap after
{Heap after GC invocations=6 (full 2):
 def new generation   total 78848K, used 0K [0x00000000e0000000, 0x00000000e5580000, 0x00000000eaaa0000)
  eden space 70144K,   0% used [0x00000000e0000000, 0x00000000e0000000, 0x00000000e4480000)
  from space 8704K,   0% used [0x00000000e4480000, 0x00000000e4480000, 0x00000000e4d00000)
  to   space 8704K,   0% used [0x00000000e4d00000, 0x00000000e4d00000, 0x00000000e5580000)
 tenured generation   total 174784K, used 29748K [0x00000000eaaa0000, 0x00000000f5550000, 0x0000000100000000)
   the space 174784K,  17% used [0x00000000eaaa0000, 0x00000000ec7ad248, 0x00000000ec7ad400, 0x00000000f5550000)
 Metaspace       used 35412K, committed 35840K, reserved 278528K
  class space    used 5039K, committed 5248K, reserved 212992K
}
Event: 6.674 GC heap before
{Heap before GC invocations=6 (full 2):
 def new generation   total 78848K, used 70144K [0x00000000e0000000, 0x00000000e5580000, 0x00000000eaaa0000)
  eden space 70144K, 100% used [0x00000000e0000000, 0x00000000e4480000, 0x00000000e4480000)
  from space 8704K,   0% used [0x00000000e4480000, 0x00000000e4480000, 0x00000000e4d00000)
  to   space 8704K,   0% used [0x00000000e4d00000, 0x00000000e4d00000, 0x00000000e5580000)
 tenured generation   total 174784K, used 29748K [0x00000000eaaa0000, 0x00000000f5550000, 0x0000000100000000)
   the space 174784K,  17% used [0x00000000eaaa0000, 0x00000000ec7ad248, 0x00000000ec7ad400, 0x00000000f5550000)
 Metaspace       used 40410K, committed 40960K, reserved 278528K
  class space    used 5630K, committed 5888K, reserved 212992K
}
Event: 6.685 GC heap after
{Heap after GC invocations=7 (full 2):
 def new generation   total 78848K, used 6138K [0x00000000e0000000, 0x00000000e5580000, 0x00000000eaaa0000)
  eden space 70144K,   0% used [0x00000000e0000000, 0x00000000e0000000, 0x00000000e4480000)
  from space 8704K,  70% used [0x00000000e4d00000, 0x00000000e52fea18, 0x00000000e5580000)
  to   space 8704K,   0% used [0x00000000e4480000, 0x00000000e4480000, 0x00000000e4d00000)
 tenured generation   total 174784K, used 29748K [0x00000000eaaa0000, 0x00000000f5550000, 0x0000000100000000)
   the space 174784K,  17% used [0x00000000eaaa0000, 0x00000000ec7ad248, 0x00000000ec7ad400, 0x00000000f5550000)
 Metaspace       used 40410K, committed 40960K, reserved 278528K
  class space    used 5630K, committed 5888K, reserved 212992K
}
Event: 7.225 GC heap before
{Heap before GC invocations=7 (full 2):
 def new generation   total 78848K, used 76282K [0x00000000e0000000, 0x00000000e5580000, 0x00000000eaaa0000)
  eden space 70144K, 100% used [0x00000000e0000000, 0x00000000e4480000, 0x00000000e4480000)
  from space 8704K,  70% used [0x00000000e4d00000, 0x00000000e52fea18, 0x00000000e5580000)
  to   space 8704K,   0% used [0x00000000e4480000, 0x00000000e4480000, 0x00000000e4d00000)
 tenured generation   total 174784K, used 29748K [0x00000000eaaa0000, 0x00000000f5550000, 0x0000000100000000)
   the space 174784K,  17% used [0x00000000eaaa0000, 0x00000000ec7ad248, 0x00000000ec7ad400, 0x00000000f5550000)
 Metaspace       used 45346K, committed 45952K, reserved 278528K
  class space    used 6335K, committed 6592K, reserved 212992K
}
Event: 7.238 GC heap after
{Heap after GC invocations=8 (full 2):
 def new generation   total 78848K, used 2223K [0x00000000e0000000, 0x00000000e5580000, 0x00000000eaaa0000)
  eden space 70144K,   0% used [0x00000000e0000000, 0x00000000e0000000, 0x00000000e4480000)
  from space 8704K,  25% used [0x00000000e4480000, 0x00000000e46abc10, 0x00000000e4d00000)
  to   space 8704K,   0% used [0x00000000e4d00000, 0x00000000e4d00000, 0x00000000e5580000)
 tenured generation   total 174784K, used 35858K [0x00000000eaaa0000, 0x00000000f5550000, 0x0000000100000000)
   the space 174784K,  20% used [0x00000000eaaa0000, 0x00000000ecda4a30, 0x00000000ecda4c00, 0x00000000f5550000)
 Metaspace       used 45346K, committed 45952K, reserved 278528K
  class space    used 6335K, committed 6592K, reserved 212992K
}
Event: 8.051 GC heap before
{Heap before GC invocations=8 (full 2):
 def new generation   total 78848K, used 72367K [0x00000000e0000000, 0x00000000e5580000, 0x00000000eaaa0000)
  eden space 70144K, 100% used [0x00000000e0000000, 0x00000000e4480000, 0x00000000e4480000)
  from space 8704K,  25% used [0x00000000e4480000, 0x00000000e46abc10, 0x00000000e4d00000)
  to   space 8704K,   0% used [0x00000000e4d00000, 0x00000000e4d00000, 0x00000000e5580000)
 tenured generation   total 174784K, used 35858K [0x00000000eaaa0000, 0x00000000f5550000, 0x0000000100000000)
   the space 174784K,  20% used [0x00000000eaaa0000, 0x00000000ecda4a30, 0x00000000ecda4c00, 0x00000000f5550000)
 Metaspace       used 50849K, committed 51520K, reserved 278528K
  class space    used 7175K, committed 7488K, reserved 212992K
}
Event: 8.068 GC heap after
{Heap after GC invocations=9 (full 2):
 def new generation   total 78848K, used 5060K [0x00000000e0000000, 0x00000000e5580000, 0x00000000eaaa0000)
  eden space 70144K,   0% used [0x00000000e0000000, 0x00000000e0000000, 0x00000000e4480000)
  from space 8704K,  58% used [0x00000000e4d00000, 0x00000000e51f1240, 0x00000000e5580000)
  to   space 8704K,   0% used [0x00000000e4480000, 0x00000000e4480000, 0x00000000e4d00000)
 tenured generation   total 174784K, used 35858K [0x00000000eaaa0000, 0x00000000f5550000, 0x0000000100000000)
   the space 174784K,  20% used [0x00000000eaaa0000, 0x00000000ecda4a30, 0x00000000ecda4c00, 0x00000000f5550000)
 Metaspace       used 50849K, committed 51520K, reserved 278528K
  class space    used 7175K, committed 7488K, reserved 212992K
}
Event: 9.168 GC heap before
{Heap before GC invocations=9 (full 2):
 def new generation   total 78848K, used 75204K [0x00000000e0000000, 0x00000000e5580000, 0x00000000eaaa0000)
  eden space 70144K, 100% used [0x00000000e0000000, 0x00000000e4480000, 0x00000000e4480000)
  from space 8704K,  58% used [0x00000000e4d00000, 0x00000000e51f1240, 0x00000000e5580000)
  to   space 8704K,   0% used [0x00000000e4480000, 0x00000000e4480000, 0x00000000e4d00000)
 tenured generation   total 174784K, used 35858K [0x00000000eaaa0000, 0x00000000f5550000, 0x0000000100000000)
   the space 174784K,  20% used [0x00000000eaaa0000, 0x00000000ecda4a30, 0x00000000ecda4c00, 0x00000000f5550000)
 Metaspace       used 57692K, committed 58368K, reserved 278528K
  class space    used 8151K, committed 8448K, reserved 212992K
}
Event: 9.190 GC heap after
{Heap after GC invocations=10 (full 2):
 def new generation   total 78848K, used 6785K [0x00000000e0000000, 0x00000000e5580000, 0x00000000eaaa0000)
  eden space 70144K,   0% used [0x00000000e0000000, 0x00000000e0000000, 0x00000000e4480000)
  from space 8704K,  77% used [0x00000000e4480000, 0x00000000e4b20460, 0x00000000e4d00000)
  to   space 8704K,   0% used [0x00000000e4d00000, 0x00000000e4d00000, 0x00000000e5580000)
 tenured generation   total 174784K, used 37961K [0x00000000eaaa0000, 0x00000000f5550000, 0x0000000100000000)
   the space 174784K,  21% used [0x00000000eaaa0000, 0x00000000ecfb24a0, 0x00000000ecfb2600, 0x00000000f5550000)
 Metaspace       used 57692K, committed 58368K, reserved 278528K
  class space    used 8151K, committed 8448K, reserved 212992K
}
Event: 9.418 GC heap before
{Heap before GC invocations=10 (full 2):
 def new generation   total 78848K, used 22631K [0x00000000e0000000, 0x00000000e5580000, 0x00000000eaaa0000)
  eden space 70144K,  22% used [0x00000000e0000000, 0x00000000e0f79b60, 0x00000000e4480000)
  from space 8704K,  77% used [0x00000000e4480000, 0x00000000e4b20460, 0x00000000e4d00000)
  to   space 8704K,   0% used [0x00000000e4d00000, 0x00000000e4d00000, 0x00000000e5580000)
 tenured generation   total 174784K, used 37961K [0x00000000eaaa0000, 0x00000000f5550000, 0x0000000100000000)
   the space 174784K,  21% used [0x00000000eaaa0000, 0x00000000ecfb24a0, 0x00000000ecfb2600, 0x00000000f5550000)
 Metaspace       used 59156K, committed 59776K, reserved 278528K
  class space    used 8374K, committed 8704K, reserved 212992K
}
Event: 9.514 GC heap after
{Heap after GC invocations=11 (full 3):
 def new generation   total 78912K, used 0K [0x00000000e0000000, 0x00000000e55a0000, 0x00000000eaaa0000)
  eden space 70144K,   0% used [0x00000000e0000000, 0x00000000e0000000, 0x00000000e4480000)
  from space 8768K,   0% used [0x00000000e4480000, 0x00000000e4480000, 0x00000000e4d10000)
  to   space 8768K,   0% used [0x00000000e4d10000, 0x00000000e4d10000, 0x00000000e55a0000)
 tenured generation   total 174784K, used 45878K [0x00000000eaaa0000, 0x00000000f5550000, 0x0000000100000000)
   the space 174784K,  26% used [0x00000000eaaa0000, 0x00000000ed76d908, 0x00000000ed76da00, 0x00000000f5550000)
 Metaspace       used 59156K, committed 59776K, reserved 278528K
  class space    used 8374K, committed 8704K, reserved 212992K
}

Dll operation events (14 events):
Event: 0.022 Loaded shared library C:\Program Files\Eclipse Adoptium\jdk-17.0.8.7-hotspot\bin\java.dll
Event: 0.055 Loaded shared library C:\Program Files\Eclipse Adoptium\jdk-17.0.8.7-hotspot\bin\jsvml.dll
Event: 0.105 Loaded shared library C:\Program Files\Eclipse Adoptium\jdk-17.0.8.7-hotspot\bin\zip.dll
Event: 0.109 Loaded shared library C:\Program Files\Eclipse Adoptium\jdk-17.0.8.7-hotspot\bin\instrument.dll
Event: 0.114 Loaded shared library C:\Program Files\Eclipse Adoptium\jdk-17.0.8.7-hotspot\bin\net.dll
Event: 0.116 Loaded shared library C:\Program Files\Eclipse Adoptium\jdk-17.0.8.7-hotspot\bin\nio.dll
Event: 0.119 Loaded shared library C:\Program Files\Eclipse Adoptium\jdk-17.0.8.7-hotspot\bin\zip.dll
Event: 0.354 Loaded shared library C:\Program Files\Eclipse Adoptium\jdk-17.0.8.7-hotspot\bin\jimage.dll
Event: 0.491 Loaded shared library C:\Program Files\Eclipse Adoptium\jdk-17.0.8.7-hotspot\bin\verify.dll
Event: 0.609 Loaded shared library C:\Users\jkhong\.gradle\native\c067742578af261105cb4f569cf0c3c89f3d7b1fecec35dd04571415982c5e48\windows-amd64\native-platform.dll
Event: 0.621 Loaded shared library C:\Users\jkhong\.gradle\native\100fb08df4bc3b14c8652ba06237920a3bd2aa13389f12d3474272988ae205f9\windows-amd64\native-platform-file-events.dll
Event: 1.388 Loaded shared library C:\Program Files\Eclipse Adoptium\jdk-17.0.8.7-hotspot\bin\management.dll
Event: 1.390 Loaded shared library C:\Program Files\Eclipse Adoptium\jdk-17.0.8.7-hotspot\bin\management_ext.dll
Event: 4.059 Loaded shared library C:\Program Files\Eclipse Adoptium\jdk-17.0.8.7-hotspot\bin\sunmscapi.dll

Deoptimization events (20 events):
Event: 10.311 Thread 0x0000029044ea7770 Uncommon trap: trap_request=0xffffffdc fr.pc=0x000002902a3a8040 relative=0x00000000000002a0
Event: 10.311 Thread 0x0000029044ea7770 Uncommon trap: reason=class_check action=make_not_entrant pc=0x000002902a3a8040 method=java.util.ArrayList.toArray([Ljava/lang/Object;)[Ljava/lang/Object; @ 21 c2
Event: 10.311 Thread 0x0000029044ea7770 DEOPT PACKING pc=0x000002902a3a8040 sp=0x000000c7bddf76a0
Event: 10.311 Thread 0x0000029044ea7770 DEOPT UNPACKING pc=0x0000029029a49ea3 sp=0x000000c7bddf7670 mode 2
Event: 10.747 Thread 0x0000029044ea7770 Uncommon trap: trap_request=0xffffffde fr.pc=0x000002902a39095c relative=0x000000000000021c
Event: 10.747 Thread 0x0000029044ea7770 Uncommon trap: reason=class_check action=maybe_recompile pc=0x000002902a39095c method=com.google.common.collect.ImmutableList.hashCode()I @ 3 c2
Event: 10.747 Thread 0x0000029044ea7770 DEOPT PACKING pc=0x000002902a39095c sp=0x000000c7bddf9110
Event: 10.747 Thread 0x0000029044ea7770 DEOPT UNPACKING pc=0x0000029029a49ea3 sp=0x000000c7bddf90a0 mode 2
Event: 10.747 Thread 0x0000029044ea7770 Uncommon trap: trap_request=0xffffffde fr.pc=0x000002902a39095c relative=0x000000000000021c
Event: 10.747 Thread 0x0000029044ea7770 Uncommon trap: reason=class_check action=maybe_recompile pc=0x000002902a39095c method=com.google.common.collect.ImmutableList.hashCode()I @ 3 c2
Event: 10.747 Thread 0x0000029044ea7770 DEOPT PACKING pc=0x000002902a39095c sp=0x000000c7bddf8f30
Event: 10.747 Thread 0x0000029044ea7770 DEOPT UNPACKING pc=0x0000029029a49ea3 sp=0x000000c7bddf8ec0 mode 2
Event: 10.747 Thread 0x0000029044ea7770 Uncommon trap: trap_request=0xffffffde fr.pc=0x000002902a39095c relative=0x000000000000021c
Event: 10.747 Thread 0x0000029044ea7770 Uncommon trap: reason=class_check action=maybe_recompile pc=0x000002902a39095c method=com.google.common.collect.ImmutableList.hashCode()I @ 3 c2
Event: 10.747 Thread 0x0000029044ea7770 DEOPT PACKING pc=0x000002902a39095c sp=0x000000c7bddf9110
Event: 10.748 Thread 0x0000029044ea7770 DEOPT UNPACKING pc=0x0000029029a49ea3 sp=0x000000c7bddf90a0 mode 2
Event: 10.748 Thread 0x0000029044ea7770 Uncommon trap: trap_request=0xffffffde fr.pc=0x000002902a39095c relative=0x000000000000021c
Event: 10.748 Thread 0x0000029044ea7770 Uncommon trap: reason=class_check action=maybe_recompile pc=0x000002902a39095c method=com.google.common.collect.ImmutableList.hashCode()I @ 3 c2
Event: 10.748 Thread 0x0000029044ea7770 DEOPT PACKING pc=0x000002902a39095c sp=0x000000c7bddf8f30
Event: 10.748 Thread 0x0000029044ea7770 DEOPT UNPACKING pc=0x0000029029a49ea3 sp=0x000000c7bddf8ec0 mode 2

Classes unloaded (0 events):
No events

Classes redefined (0 events):
No events

Internal exceptions (20 events):
Event: 9.307 Thread 0x0000029044ea7770 Exception <a 'java/lang/ClassNotFoundException'{0x00000000e0781248}: java/util/ArraysCustomizer> (0x00000000e0781248) 
thrown [s\src\hotspot\share\classfile\systemDictionary.cpp, line 256]
Event: 9.312 Thread 0x0000029044ea7770 Exception <a 'java/lang/ClassNotFoundException'{0x00000000e08301f0}: ProtobufPatchPluginBeanInfo> (0x00000000e08301f0) 
thrown [s\src\hotspot\share\classfile\systemDictionary.cpp, line 256]
Event: 9.312 Thread 0x0000029044ea7770 Exception <a 'java/lang/ClassNotFoundException'{0x00000000e083bac0}: ProtobufPatchPluginCustomizer> (0x00000000e083bac0) 
thrown [s\src\hotspot\share\classfile\systemDictionary.cpp, line 256]
Event: 9.316 Thread 0x0000029044ea7770 Exception <a 'java/lang/ClassNotFoundException'{0x00000000e08a7260}: groovy/lang/ReferenceBeanInfo> (0x00000000e08a7260) 
thrown [s\src\hotspot\share\classfile\systemDictionary.cpp, line 256]
Event: 9.317 Thread 0x0000029044ea7770 Exception <a 'java/lang/ClassNotFoundException'{0x00000000e08ca6d0}: groovy/lang/ReferenceCustomizer> (0x00000000e08ca6d0) 
thrown [s\src\hotspot\share\classfile\systemDictionary.cpp, line 256]
Event: 9.329 Thread 0x0000029044ea7770 Exception <a 'java/lang/NoSuchMethodError'{0x00000000e0978d10}: 'long java.lang.invoke.DirectMethodHandle$Holder.invokeVirtual(java.lang.Object, java.lang.Object)'> (0x00000000e0978d10) 
thrown [s\src\hotspot\share\interpreter\linkResolver.cpp, line 759]
Event: 9.331 Thread 0x0000029044ea6330 Exception <a 'java/lang/NoSuchMethodError'{0x00000000e0a9bdf8}: static Lorg/gradle/internal/build/event/types/DefaultProjectConfigurationSuccessResult;.<clinit>()V> (0x00000000e0a9bdf8) 
thrown [s\src\hotspot\share\prims\jni.cpp, line 1107]
Event: 9.331 Thread 0x0000029044ea6330 Exception <a 'java/lang/NoSuchMethodError'{0x00000000e0a9cec8}: static Lorg/gradle/internal/build/event/types/AbstractProjectConfigurationResult;.<clinit>()V> (0x00000000e0a9cec8) 
thrown [s\src\hotspot\share\prims\jni.cpp, line 1107]
Event: 9.332 Thread 0x0000029044ea6330 Exception <a 'java/lang/NoSuchMethodError'{0x00000000e0aa6c10}: static Lorg/gradle/internal/build/event/types/DefaultPluginApplicationResult;.<clinit>()V> (0x00000000e0aa6c10) 
thrown [s\src\hotspot\share\prims\jni.cpp, line 1107]
Event: 9.333 Thread 0x0000029044ea6330 Exception <a 'java/lang/NoSuchMethodError'{0x00000000e0ab12b0}: static Lorg/gradle/internal/build/event/types/DefaultBinaryPluginIdentifier;.<clinit>()V> (0x00000000e0ab12b0) 
thrown [s\src\hotspot\share\prims\jni.cpp, line 1107]
Event: 9.334 Thread 0x0000029044ea6330 Exception <a 'java/lang/NoSuchMethodError'{0x00000000e0ac64f8}: static Lorg/gradle/internal/build/event/types/DefaultScriptPluginIdentifier;.<clinit>()V> (0x00000000e0ac64f8) 
thrown [s\src\hotspot\share\prims\jni.cpp, line 1107]
Event: 9.533 Thread 0x0000029044ea7770 Exception <a 'java/lang/NoSuchMethodError'{0x00000000e01b7710}: 'int java.lang.invoke.DirectMethodHandle$Holder.invokeSpecialIFC(java.lang.Object, java.lang.Object, java.lang.Object, java.lang.Object, java.lang.Object)'> (0x00000000e01b7710) 
thrown [s\src\hotspot\share\interpreter\linkResolver.cpp, line 759]
Event: 9.793 Thread 0x0000029044ea7770 Exception <a 'java/lang/ClassNotFoundException'{0x00000000e12937b8}: org/gradle/api/internal/plugins/NaggingBasePluginConventionBeanInfo> (0x00000000e12937b8) 
thrown [s\src\hotspot\share\classfile\systemDictionary.cpp, line 256]
Event: 9.793 Thread 0x0000029044ea7770 Exception <a 'java/lang/ClassNotFoundException'{0x00000000e12a2f28}: org/gradle/api/plugins/BasePluginConventionBeanInfo> (0x00000000e12a2f28) 
thrown [s\src\hotspot\share\classfile\systemDictionary.cpp, line 256]
Event: 9.794 Thread 0x0000029044ea7770 Exception <a 'java/lang/ClassNotFoundException'{0x00000000e12b2660}: org/gradle/api/plugins/BasePluginConventionCustomizer> (0x00000000e12b2660) 
thrown [s\src\hotspot\share\classfile\systemDictionary.cpp, line 256]
Event: 9.795 Thread 0x0000029044ea7770 Exception <a 'java/lang/ClassNotFoundException'{0x00000000e12cc420}: org/gradle/api/internal/plugins/NaggingBasePluginConventionCustomizer> (0x00000000e12cc420) 
thrown [s\src\hotspot\share\classfile\systemDictionary.cpp, line 256]
Event: 9.799 Thread 0x0000029044ea7770 Exception <a 'java/lang/ClassNotFoundException'{0x00000000e130ebd8}: org/gradle/api/plugins/internal/NaggingJavaPluginConventionBeanInfo> (0x00000000e130ebd8) 
thrown [s\src\hotspot\share\classfile\systemDictionary.cpp, line 256]
Event: 9.800 Thread 0x0000029044ea7770 Exception <a 'java/lang/ClassNotFoundException'{0x00000000e131e348}: org/gradle/api/plugins/JavaPluginConventionBeanInfo> (0x00000000e131e348) 
thrown [s\src\hotspot\share\classfile\systemDictionary.cpp, line 256]
Event: 9.801 Thread 0x0000029044ea7770 Exception <a 'java/lang/ClassNotFoundException'{0x00000000e132da80}: org/gradle/api/plugins/JavaPluginConventionCustomizer> (0x00000000e132da80) 
thrown [s\src\hotspot\share\classfile\systemDictionary.cpp, line 256]
Event: 9.802 Thread 0x0000029044ea7770 Exception <a 'java/lang/ClassNotFoundException'{0x00000000e13514e0}: org/gradle/api/plugins/internal/NaggingJavaPluginConventionCustomizer> (0x00000000e13514e0) 
thrown [s\src\hotspot\share\classfile\systemDictionary.cpp, line 256]

VM Operations (20 events):
Event: 8.068 Executing VM operation: GenCollectForAllocation done
Event: 8.447 Executing VM operation: ICBufferFull
Event: 8.447 Executing VM operation: ICBufferFull done
Event: 9.168 Executing VM operation: GenCollectForAllocation
Event: 9.190 Executing VM operation: GenCollectForAllocation done
Event: 9.292 Executing VM operation: HandshakeAllThreads
Event: 9.292 Executing VM operation: HandshakeAllThreads done
Event: 9.331 Executing VM operation: HandshakeAllThreads
Event: 9.332 Executing VM operation: HandshakeAllThreads done
Event: 9.412 Executing VM operation: ICBufferFull
Event: 9.412 Executing VM operation: ICBufferFull done
Event: 9.418 Executing VM operation: CollectForMetadataAllocation
Event: 9.514 Executing VM operation: CollectForMetadataAllocation done
Event: 10.095 Executing VM operation: ICBufferFull
Event: 10.095 Executing VM operation: ICBufferFull done
Event: 10.605 Executing VM operation: ICBufferFull
Event: 10.605 Executing VM operation: ICBufferFull done
Event: 10.813 Executing VM operation: HandshakeAllThreads
Event: 10.814 Executing VM operation: HandshakeAllThreads done
Event: 11.815 Executing VM operation: Cleanup

Events (20 events):
Event: 10.318 Thread 0x0000029049648f40 Thread added: 0x0000029049648f40
Event: 10.328 Thread 0x0000029049647b00 Thread added: 0x0000029049647b00
Event: 10.341 Thread 0x0000029049649450 Thread added: 0x0000029049649450
Event: 10.356 Thread 0x0000029049649960 Thread added: 0x0000029049649960
Event: 10.364 Thread 0x0000029049648520 Thread added: 0x0000029049648520
Event: 10.373 Thread 0x00000290496466c0 Thread added: 0x00000290496466c0
Event: 10.381 Thread 0x00000290496475f0 Thread added: 0x00000290496475f0
Event: 10.389 Thread 0x0000029049648010 Thread added: 0x0000029049648010
Event: 10.397 Thread 0x0000029044ff95e0 Thread added: 0x0000029044ff95e0
Event: 10.406 Thread 0x0000029044ff7c90 Thread added: 0x0000029044ff7c90
Event: 10.414 Thread 0x0000029044ff90d0 Thread added: 0x0000029044ff90d0
Event: 10.423 Thread 0x0000029044ff81a0 Thread added: 0x0000029044ff81a0
Event: 10.430 Thread 0x0000029044ff9af0 Thread added: 0x0000029044ff9af0
Event: 10.439 Thread 0x0000029044ff86b0 Thread added: 0x0000029044ff86b0
Event: 10.447 Thread 0x0000029044ffa000 Thread added: 0x0000029044ffa000
Event: 10.457 Thread 0x0000029044ff8bc0 Thread added: 0x0000029044ff8bc0
Event: 10.466 Thread 0x0000029044ffa510 Thread added: 0x0000029044ffa510
Event: 10.474 Thread 0x0000029044ffaa20 Thread added: 0x0000029044ffaa20
Event: 10.483 Thread 0x0000029044ff7270 Thread added: 0x0000029044ff7270
Event: 10.492 Thread 0x0000029044ffaf30 Thread added: 0x0000029044ffaf30


Dynamic libraries:
0x00007ff66cb60000 - 0x00007ff66cb6e000 	C:\Program Files\Eclipse Adoptium\jdk-17.0.8.7-hotspot\bin\java.exe
0x00007ffc5fc60000 - 0x00007ffc5fec7000 	C:\WINDOWS\SYSTEM32\ntdll.dll
0x00007ffc5e3b0000 - 0x00007ffc5e479000 	C:\WINDOWS\System32\KERNEL32.DLL
0x00007ffc5d540000 - 0x00007ffc5d930000 	C:\WINDOWS\System32\KERNELBASE.dll
0x00007ffc56710000 - 0x00007ffc567ae000 	C:\WINDOWS\SYSTEM32\apphelp.dll
0x00007ffc5cf70000 - 0x00007ffc5d0bb000 	C:\WINDOWS\System32\ucrtbase.dll
0x00007ffc44860000 - 0x00007ffc44879000 	C:\Program Files\Eclipse Adoptium\jdk-17.0.8.7-hotspot\bin\VCRUNTIME140.dll
0x00007ffc454d0000 - 0x00007ffc454e7000 	C:\Program Files\Eclipse Adoptium\jdk-17.0.8.7-hotspot\bin\jli.dll
0x00007ffc5e180000 - 0x00007ffc5e345000 	C:\WINDOWS\System32\USER32.dll
0x00007ffc5d510000 - 0x00007ffc5d537000 	C:\WINDOWS\System32\win32u.dll
0x00007ffc5f6e0000 - 0x00007ffc5f70b000 	C:\WINDOWS\System32\GDI32.dll
0x00007ffc5ce30000 - 0x00007ffc5cf68000 	C:\WINDOWS\System32\gdi32full.dll
0x00007ffc5d940000 - 0x00007ffc5d9e3000 	C:\WINDOWS\System32\msvcp_win.dll
0x00007ffc44a20000 - 0x00007ffc44cba000 	C:\WINDOWS\WinSxS\amd64_microsoft.windows.common-controls_6595b64144ccf1df_6.0.26100.4768_none_3e0c112ce331287c\COMCTL32.dll
0x00007ffc5f8d0000 - 0x00007ffc5f979000 	C:\WINDOWS\System32\msvcrt.dll
0x00007ffc5f890000 - 0x00007ffc5f8bf000 	C:\WINDOWS\System32\IMM32.DLL
0x00007ffc563f0000 - 0x00007ffc563fc000 	C:\Program Files\Eclipse Adoptium\jdk-17.0.8.7-hotspot\bin\vcruntime140_1.dll
0x00007ffc43f50000 - 0x00007ffc43fe1000 	C:\Program Files\Eclipse Adoptium\jdk-17.0.8.7-hotspot\bin\msvcp140.dll
0x00007ffbee6c0000 - 0x00007ffbef30c000 	C:\Program Files\Eclipse Adoptium\jdk-17.0.8.7-hotspot\bin\server\jvm.dll
0x00007ffc5d9f0000 - 0x00007ffc5daa4000 	C:\WINDOWS\System32\ADVAPI32.dll
0x00007ffc5f980000 - 0x00007ffc5fa26000 	C:\WINDOWS\System32\sechost.dll
0x00007ffc5e060000 - 0x00007ffc5e178000 	C:\WINDOWS\System32\RPCRT4.dll
0x00007ffc41660000 - 0x00007ffc4166a000 	C:\WINDOWS\SYSTEM32\WSOCK32.dll
0x00007ffc5f810000 - 0x00007ffc5f884000 	C:\WINDOWS\System32\WS2_32.dll
0x00007ffc5cb40000 - 0x00007ffc5cb9e000 	C:\WINDOWS\SYSTEM32\POWRPROF.dll
0x00007ffc51850000 - 0x00007ffc51885000 	C:\WINDOWS\SYSTEM32\WINMM.dll
0x00007ffc4a1a0000 - 0x00007ffc4a1ab000 	C:\WINDOWS\SYSTEM32\VERSION.dll
0x00007ffc5cb20000 - 0x00007ffc5cb34000 	C:\WINDOWS\SYSTEM32\UMPDC.dll
0x00007ffc5bb10000 - 0x00007ffc5bb2b000 	C:\WINDOWS\SYSTEM32\kernel.appcore.dll
0x00007ffc4a1b0000 - 0x00007ffc4a1ba000 	C:\Program Files\Eclipse Adoptium\jdk-17.0.8.7-hotspot\bin\jimage.dll
0x00007ffc5a480000 - 0x00007ffc5a6c1000 	C:\WINDOWS\SYSTEM32\DBGHELP.DLL
0x00007ffc5dab0000 - 0x00007ffc5de35000 	C:\WINDOWS\System32\combase.dll
0x00007ffc5fa30000 - 0x00007ffc5fb10000 	C:\WINDOWS\System32\OLEAUT32.dll
0x00007ffc22c30000 - 0x00007ffc22c73000 	C:\WINDOWS\SYSTEM32\dbgcore.DLL
0x00007ffc5cd90000 - 0x00007ffc5ce29000 	C:\WINDOWS\System32\bcryptPrimitives.dll
0x00007ffc43df0000 - 0x00007ffc43dfe000 	C:\Program Files\Eclipse Adoptium\jdk-17.0.8.7-hotspot\bin\instrument.dll
0x00007ffc44830000 - 0x00007ffc44855000 	C:\Program Files\Eclipse Adoptium\jdk-17.0.8.7-hotspot\bin\java.dll
0x00007ffc2e920000 - 0x00007ffc2e9f6000 	C:\Program Files\Eclipse Adoptium\jdk-17.0.8.7-hotspot\bin\jsvml.dll
0x00007ffc5ef00000 - 0x00007ffc5f64d000 	C:\WINDOWS\System32\SHELL32.dll
0x00007ffc5d150000 - 0x00007ffc5d2c3000 	C:\WINDOWS\System32\wintypes.dll
0x00007ffc5a990000 - 0x00007ffc5b1f0000 	C:\WINDOWS\SYSTEM32\windows.storage.dll
0x00007ffc5fb20000 - 0x00007ffc5fc15000 	C:\WINDOWS\System32\SHCORE.dll
0x00007ffc5e790000 - 0x00007ffc5e7fa000 	C:\WINDOWS\System32\shlwapi.dll
0x00007ffc5ccb0000 - 0x00007ffc5ccd9000 	C:\WINDOWS\SYSTEM32\profapi.dll
0x00007ffc44740000 - 0x00007ffc44758000 	C:\Program Files\Eclipse Adoptium\jdk-17.0.8.7-hotspot\bin\zip.dll
0x00007ffc447f0000 - 0x00007ffc44809000 	C:\Program Files\Eclipse Adoptium\jdk-17.0.8.7-hotspot\bin\net.dll
0x00007ffc4b580000 - 0x00007ffc4b69e000 	C:\WINDOWS\SYSTEM32\WINHTTP.dll
0x00007ffc5c0a0000 - 0x00007ffc5c10b000 	C:\WINDOWS\system32\mswsock.dll
0x00007ffc44760000 - 0x00007ffc44775000 	C:\Program Files\Eclipse Adoptium\jdk-17.0.8.7-hotspot\bin\nio.dll
0x00007ffc44820000 - 0x00007ffc44830000 	C:\Program Files\Eclipse Adoptium\jdk-17.0.8.7-hotspot\bin\verify.dll
0x00007ffc46540000 - 0x00007ffc46567000 	C:\Users\jkhong\.gradle\native\c067742578af261105cb4f569cf0c3c89f3d7b1fecec35dd04571415982c5e48\windows-amd64\native-platform.dll
0x00007ffc316c0000 - 0x00007ffc31804000 	C:\Users\jkhong\.gradle\native\100fb08df4bc3b14c8652ba06237920a3bd2aa13389f12d3474272988ae205f9\windows-amd64\native-platform-file-events.dll
0x00007ffc46570000 - 0x00007ffc46579000 	C:\Program Files\Eclipse Adoptium\jdk-17.0.8.7-hotspot\bin\management.dll
0x00007ffc46400000 - 0x00007ffc4640b000 	C:\Program Files\Eclipse Adoptium\jdk-17.0.8.7-hotspot\bin\management_ext.dll
0x00007ffc5e500000 - 0x00007ffc5e508000 	C:\WINDOWS\System32\PSAPI.DLL
0x00007ffc5c360000 - 0x00007ffc5c37b000 	C:\WINDOWS\SYSTEM32\CRYPTSP.dll
0x00007ffc5ba70000 - 0x00007ffc5baab000 	C:\WINDOWS\system32\rsaenh.dll
0x00007ffc5c140000 - 0x00007ffc5c16b000 	C:\WINDOWS\SYSTEM32\USERENV.dll
0x00007ffc5cc80000 - 0x00007ffc5cca6000 	C:\WINDOWS\SYSTEM32\bcrypt.dll
0x00007ffc5c380000 - 0x00007ffc5c38c000 	C:\WINDOWS\SYSTEM32\CRYPTBASE.dll
0x00007ffc5b680000 - 0x00007ffc5b6b3000 	C:\WINDOWS\SYSTEM32\IPHLPAPI.DLL
0x00007ffc5eef0000 - 0x00007ffc5eefa000 	C:\WINDOWS\System32\NSI.dll
0x00007ffc4b7b0000 - 0x00007ffc4b7cf000 	C:\WINDOWS\SYSTEM32\dhcpcsvc6.DLL
0x00007ffc4b6b0000 - 0x00007ffc4b6d5000 	C:\WINDOWS\SYSTEM32\dhcpcsvc.DLL
0x00007ffc5b6c0000 - 0x00007ffc5b7e6000 	C:\WINDOWS\SYSTEM32\DNSAPI.dll
0x00007ffc463a0000 - 0x00007ffc463ae000 	C:\Program Files\Eclipse Adoptium\jdk-17.0.8.7-hotspot\bin\sunmscapi.dll
0x00007ffc5d2d0000 - 0x00007ffc5d447000 	C:\WINDOWS\System32\CRYPT32.dll
0x00007ffc5c580000 - 0x00007ffc5c5b0000 	C:\WINDOWS\SYSTEM32\ncrypt.dll
0x00007ffc5c530000 - 0x00007ffc5c56f000 	C:\WINDOWS\SYSTEM32\NTASN1.dll
0x00007ffbd4b40000 - 0x00007ffbd4b48000 	C:\WINDOWS\system32\wshunix.dll

dbghelp: loaded successfully - version: 4.0.5 - missing functions: none
symbol engine: initialized successfully - sym options: 0x614 - pdb path: .;C:\Program Files\Eclipse Adoptium\jdk-17.0.8.7-hotspot\bin;C:\WINDOWS\SYSTEM32;C:\WINDOWS\WinSxS\amd64_microsoft.windows.common-controls_6595b64144ccf1df_6.0.26100.4768_none_3e0c112ce331287c;C:\Program Files\Eclipse Adoptium\jdk-17.0.8.7-hotspot\bin\server;C:\Users\jkhong\.gradle\native\c067742578af261105cb4f569cf0c3c89f3d7b1fecec35dd04571415982c5e48\windows-amd64;C:\Users\jkhong\.gradle\native\100fb08df4bc3b14c8652ba06237920a3bd2aa13389f12d3474272988ae205f9\windows-amd64

VM Arguments:
jvm_args: -XX:MaxMetaspaceSize=256m -XX:+UseSerialGC --add-opens=java.base/java.util=ALL-UNNAMED --add-opens=java.base/java.lang=ALL-UNNAMED --add-opens=java.base/java.lang.invoke=ALL-UNNAMED --add-opens=java.prefs/java.util.prefs=ALL-UNNAMED --add-exports=jdk.compiler/com.sun.tools.javac.api=ALL-UNNAMED --add-exports=jdk.compiler/com.sun.tools.javac.util=ALL-UNNAMED --add-opens=java.base/java.nio.charset=ALL-UNNAMED --add-opens=java.base/java.net=ALL-UNNAMED --add-opens=java.base/java.util.concurrent.atomic=ALL-UNNAMED -Xms256m -Xmx512m -Dfile.encoding=UTF-8 -Duser.country=KR -Duser.language=ko -Duser.variant -javaagent:C:\Users\jkhong\.gradle\wrapper\dists\gradle-8.10.2-bin\a04bxjujx95o3nb99gddekhwo\gradle-8.10.2\lib\agents\gradle-instrumentation-agent-8.10.2.jar 
java_command: org.gradle.launcher.daemon.bootstrap.GradleDaemon 8.10.2
java_class_path (initial): C:\Users\jkhong\.gradle\wrapper\dists\gradle-8.10.2-bin\a04bxjujx95o3nb99gddekhwo\gradle-8.10.2\lib\gradle-daemon-main-8.10.2.jar
Launcher Type: SUN_STANDARD

[Global flags]
     intx CICompilerCount                          = 4                                         {product} {ergonomic}
   size_t CompressedClassSpaceSize                 = 218103808                                 {product} {ergonomic}
   size_t InitialHeapSize                          = 268435456                                 {product} {command line}
   size_t MaxHeapSize                              = 536870912                                 {product} {command line}
   size_t MaxMetaspaceSize                         = 268435456                                 {product} {command line}
   size_t MaxNewSize                               = 178913280                                 {product} {ergonomic}
   size_t MinHeapDeltaBytes                        = 196608                                    {product} {ergonomic}
   size_t MinHeapSize                              = 268435456                                 {product} {command line}
   size_t NewSize                                  = 89456640                                  {product} {ergonomic}
    uintx NonNMethodCodeHeapSize                   = 5839372                                {pd product} {ergonomic}
    uintx NonProfiledCodeHeapSize                  = 122909434                              {pd product} {ergonomic}
   size_t OldSize                                  = 178978816                                 {product} {ergonomic}
    uintx ProfiledCodeHeapSize                     = 122909434                              {pd product} {ergonomic}
    uintx ReservedCodeCacheSize                    = 251658240                              {pd product} {ergonomic}
     bool SegmentedCodeCache                       = true                                      {product} {ergonomic}
   size_t SoftMaxHeapSize                          = 536870912                              {manageable} {ergonomic}
     bool UseCompressedClassPointers               = true                           {product lp64_product} {ergonomic}
     bool UseCompressedOops                        = true                           {product lp64_product} {ergonomic}
     bool UseLargePagesIndividualAllocation        = false                                  {pd product} {ergonomic}
     bool UseSerialGC                              = true                                      {product} {command line}

Logging:
Log output configuration:
 #0: stdout all=warning uptime,level,tags
 #1: stderr all=off uptime,level,tags

Environment Variables:
JAVA_HOME=C:\Program Files\Eclipse Adoptium\jdk-17.0.8.7-hotspot
PATH=c:\Dev_Tools\cursor\resources\app\bin;C:\Python312\Scripts\;C:\Python312\;C:\Program Files\Eclipse Adoptium\jdk-17.0.8.7-hotspot\bin;C:\Program Files (x86)\VMware\VMware Player\bin\;C:\Program Files\AdoptOpenJDK\jdk-8.0.292.10-hotspot\bin;C:\Program Files\AdoptOpenJDK\jdk-11.0.11.9-hotspot\bin;C:\WINDOWS\system32;C:\WINDOWS;C:\WINDOWS\System32\Wbem;C:\WINDOWS\System32\WindowsPowerShell\v1.0\;C:\WINDOWS\System32\OpenSSH\;C:\Program Files (x86)\Microsoft SQL Server\150\DTS\Binn\;C:\Program Files\Azure Data Studio\bin;C:\Program Files (x86)\CrSSL\bin;C:\Program Files\Git\cmd;C:\Program Files\dotnet\;C:\Program Files\nodejs\;C:\ProgramData\chocolatey\bin;C:\Dev_Tools\gradle-8.9\bin;C:\Users\jkhong\AppData\Local\Microsoft\WindowsApps;C:\Program Files\Bandizip\;C:\Program Files\JetBrains\IntelliJ IDEA Community Edition 2023.1.1\bin;;C:\Users\jkhong\AppData\Roaming\npm;C:\Program Files\GitHub CLI\;C:\WINDOWS\system32;C:\WINDOWS;C:\WINDOWS\System32\Wbem;C:\WINDOWS\System32\WindowsPowerShell\v1.0\;C:\WINDOWS\System32\OpenSSH\;C:\Users\jkhong\.jbang\bin;C:\Users\jkhong\AppData\Local\Programs\Microsoft VS Code\bin;D:\Dev_Tools\apache-maven-3.9.6\bin;C:\Users\jkhong\.dotnet\tools;C:\Users\jkhong\AppData\Local\Programs\Kiro\bin
USERNAME=jkhong
OS=Windows_NT
PROCESSOR_IDENTIFIER=Intel64 Family 6 Model 140 Stepping 1, GenuineIntel
TMP=C:\Users\jkhong\AppData\Local\Temp
TEMP=C:\Users\jkhong\AppData\Local\Temp



---------------  S Y S T E M  ---------------

OS:
 Windows 11 , 64 bit Build 26100 (10.0.26100.4768)
OS uptime: 1 days 6:13 hours

CPU: total 8 (initial active 8) (4 cores per cpu, 2 threads per core) family 6 model 140 stepping 1 microcode 0xbc, cx8, cmov, fxsr, ht, mmx, 3dnowpref, sse, sse2, sse3, ssse3, sse4.1, sse4.2, popcnt, lzcnt, tsc, tscinvbit, avx, avx2, aes, erms, clmul, bmi1, bmi2, adx, avx512f, avx512dq, avx512cd, avx512bw, avx512vl, sha, fma, vzeroupper, avx512_vpopcntdq, avx512_vpclmulqdq, avx512_vaes, avx512_vnni, clflush, clflushopt, clwb, avx512_vbmi2, avx512_vbmi
Processor Information for all 8 processors :
  Max Mhz: 2803, Current Mhz: 1201, Mhz Limit: 1177

Memory: 4k page, system-wide physical 16103M (4331M free)
TotalPageFile size 18151M (AvailPageFile size 45M)
current process WorkingSet (physical memory assigned to process): 335M, peak: 347M
current process commit charge ("private bytes"): 453M, peak: 465M

vm_info: OpenJDK 64-Bit Server VM (17.0.8+7) for windows-amd64 JRE (17.0.8+7), built on Jul 18 2023 21:02:32 by "admin" with MS VC++ 16.7 (VS2019)

END.
