#
# There is insufficient memory for the Java Runtime Environment to continue.
# Native memory allocation (malloc) failed to allocate 1594576 bytes for Chunk::new
# Possible reasons:
#   The system is out of physical RAM or swap space
#   The process is running with CompressedOops enabled, and the Java Heap may be blocking the growth of the native heap
# Possible solutions:
#   Reduce memory load on the system
#   Increase physical memory or swap space
#   Check if swap backing store is full
#   Decrease Java heap size (-Xmx/-Xms)
#   Decrease number of Java threads
#   Decrease Java thread stack sizes (-Xss)
#   Set larger code cache with -XX:ReservedCodeCacheSize=
#   JVM is running with Unscaled Compressed Oops mode in which the Java heap is
#     placed in the first 4GB address space. The Java Heap base address is the
#     maximum limit for the native heap growth. Please use -XX:HeapBaseMinAddress
#     to set the Java Heap base and to place the Java Heap above 4GB virtual address.
# This output file may be truncated or incomplete.
#
#  Out of Memory Error (arena.cpp:189), pid=23152, tid=19004
#
# JRE version: OpenJDK Runtime Environment Temurin-17.0.8+7 (17.0.8+7) (build 17.0.8+7)
# Java VM: OpenJDK 64-Bit Server VM Temurin-17.0.8+7 (17.0.8+7, mixed mode, sharing, tiered, compressed oops, compressed class ptrs, serial gc, windows-amd64)
# No core dump will be written. Minidumps are not enabled by default on client versions of Windows
#

---------------  S U M M A R Y ------------

Command Line: -XX:MaxMetaspaceSize=256m -XX:+UseSerialGC --add-opens=java.base/java.util=ALL-UNNAMED --add-opens=java.base/java.lang=ALL-UNNAMED --add-opens=java.base/java.lang.invoke=ALL-UNNAMED --add-opens=java.prefs/java.util.prefs=ALL-UNNAMED --add-exports=jdk.compiler/com.sun.tools.javac.api=ALL-UNNAMED --add-exports=jdk.compiler/com.sun.tools.javac.util=ALL-UNNAMED --add-opens=java.base/java.nio.charset=ALL-UNNAMED --add-opens=java.base/java.net=ALL-UNNAMED --add-opens=java.base/java.util.concurrent.atomic=ALL-UNNAMED -Xms256m -Xmx512m -Dfile.encoding=UTF-8 -Duser.country=KR -Duser.language=ko -Duser.variant -javaagent:C:\Users\jkhong\.gradle\wrapper\dists\gradle-8.10.2-bin\a04bxjujx95o3nb99gddekhwo\gradle-8.10.2\lib\agents\gradle-instrumentation-agent-8.10.2.jar org.gradle.launcher.daemon.bootstrap.GradleDaemon 8.10.2

Host: 11th Gen Intel(R) Core(TM) i7-1165G7 @ 2.80GHz, 8 cores, 15G,  Windows 11 , 64 bit Build 26100 (10.0.26100.4768)
Time: Fri Aug 29 15:26:32 2025  Windows 11 , 64 bit Build 26100 (10.0.26100.4768) elapsed time: 18.368819 seconds (0d 0h 0m 18s)

---------------  T H R E A D  ---------------

Current thread (0x000001826f0619e0):  JavaThread "C2 CompilerThread2" daemon [_thread_in_native, id=19004, stack(0x00000061d4a00000,0x00000061d4b00000)]


Current CompileTask:
C2:  18370 8654       4       java.io.ObjectOutputStream::writeClassDesc (60 bytes)

Stack: [0x00000061d4a00000,0x00000061d4b00000]
Native frames: (J=compiled Java code, j=interpreted, Vv=VM code, C=native code)
V  [jvm.dll+0x678b0a]
V  [jvm.dll+0x835e84]
V  [jvm.dll+0x83762e]
V  [jvm.dll+0x837c93]
V  [jvm.dll+0x24746f]
V  [jvm.dll+0xac20c]
V  [jvm.dll+0xac7dc]
V  [jvm.dll+0x365c52]
V  [jvm.dll+0x3301a1]
V  [jvm.dll+0x32f64a]
V  [jvm.dll+0x219bf1]
V  [jvm.dll+0x219011]
V  [jvm.dll+0x1a534d]
V  [jvm.dll+0x228d8a]
V  [jvm.dll+0x226dcc]
V  [jvm.dll+0x7ec09b]
V  [jvm.dll+0x7e64ca]
V  [jvm.dll+0x677955]
C  [ucrtbase.dll+0x37b0]
C  [KERNEL32.DLL+0x2e8d7]
C  [ntdll.dll+0x3c34c]


---------------  P R O C E S S  ---------------

Threads class SMR info:
_java_thread_list=0x000001826cb49890, length=59, elements={
0x00000182400ff300, 0x0000018240172420, 0x0000018240175be0, 0x000001824018fa60,
0x0000018240190430, 0x0000018240192d80, 0x000001825866cf70, 0x0000018258670320,
0x00000182586730c0, 0x00000182586854a0, 0x0000018258768d00, 0x0000018258765f70,
0x0000018258766480, 0x00000182587687f0, 0x00000182587678c0, 0x0000018258769720,
0x0000018258766990, 0x000001826b988d10, 0x000001826b989730, 0x000001826b989c40,
0x000001826b9873c0, 0x000001826b9869a0, 0x000001826b98a660, 0x000001826b98b080,
0x000001826b98b590, 0x000001826b9882f0, 0x000001826b98bfb0, 0x00000182589d0790,
0x000001826f546f50, 0x000001826f547460, 0x000001826f546020, 0x000001826f547970,
0x000001826f547e80, 0x000001826f5488a0, 0x000001826f548db0, 0x000001826f546a40,
0x000001826b9bb030, 0x000001826f0619e0, 0x000001826f549ce0, 0x000001826f546530,
0x000001826f5497d0, 0x000001826f54c050, 0x000001826f54c560, 0x000001826f54a700,
0x000001826f54b120, 0x000001826f54a1f0, 0x000001826f54ac10, 0x000001826f54bb40,
0x000001826f54ca70, 0x000001826f5492c0, 0x000001826f54cf80, 0x000001826f54d490,
0x000001826f54d9a0, 0x00000182589ce930, 0x00000182589ce420, 0x00000182589cee40,
0x00000182589cdf10, 0x00000182589cf350, 0x00000182589cda00
}

Java Threads: ( => current thread )
  0x00000182400ff300 JavaThread "main" [_thread_blocked, id=29388, stack(0x00000061d2900000,0x00000061d2a00000)]
  0x0000018240172420 JavaThread "Reference Handler" daemon [_thread_blocked, id=15056, stack(0x00000061d2b00000,0x00000061d2c00000)]
  0x0000018240175be0 JavaThread "Finalizer" daemon [_thread_blocked, id=30940, stack(0x00000061d2c00000,0x00000061d2d00000)]
  0x000001824018fa60 JavaThread "Signal Dispatcher" daemon [_thread_blocked, id=19808, stack(0x00000061d2d00000,0x00000061d2e00000)]
  0x0000018240190430 JavaThread "Attach Listener" daemon [_thread_blocked, id=27124, stack(0x00000061d2e00000,0x00000061d2f00000)]
  0x0000018240192d80 JavaThread "Service Thread" daemon [_thread_blocked, id=12668, stack(0x00000061d2f00000,0x00000061d3000000)]
  0x000001825866cf70 JavaThread "Monitor Deflation Thread" daemon [_thread_blocked, id=28652, stack(0x00000061d3000000,0x00000061d3100000)]
  0x0000018258670320 JavaThread "C2 CompilerThread0" daemon [_thread_blocked, id=19152, stack(0x00000061d3100000,0x00000061d3200000)]
  0x00000182586730c0 JavaThread "C1 CompilerThread0" daemon [_thread_blocked, id=13136, stack(0x00000061d3200000,0x00000061d3300000)]
  0x00000182586854a0 JavaThread "Sweeper thread" daemon [_thread_blocked, id=21396, stack(0x00000061d3300000,0x00000061d3400000)]
  0x0000018258768d00 JavaThread "Common-Cleaner" daemon [_thread_blocked, id=33132, stack(0x00000061d3400000,0x00000061d3500000)]
  0x0000018258765f70 JavaThread "Notification Thread" daemon [_thread_blocked, id=27784, stack(0x00000061d3500000,0x00000061d3600000)]
  0x0000018258766480 JavaThread "Daemon health stats" [_thread_blocked, id=30228, stack(0x00000061d3800000,0x00000061d3900000)]
  0x00000182587687f0 JavaThread "Incoming local TCP Connector on port 14483" [_thread_in_native, id=25360, stack(0x00000061d3700000,0x00000061d3800000)]
  0x00000182587678c0 JavaThread "Daemon periodic checks" [_thread_blocked, id=17944, stack(0x00000061d3900000,0x00000061d3a00000)]
  0x0000018258769720 JavaThread "Daemon" [_thread_blocked, id=29572, stack(0x00000061d3a00000,0x00000061d3b00000)]
  0x0000018258766990 JavaThread "Daemon worker" [_thread_blocked, id=34248, stack(0x00000061d3d00000,0x00000061d3e00000)]
  0x000001826b988d10 JavaThread "Cache worker for journal cache (C:\Users\jkhong\.gradle\caches\journal-1)" [_thread_blocked, id=35696, stack(0x00000061d4100000,0x00000061d4200000)]
  0x000001826b989730 JavaThread "File lock request listener" [_thread_in_native, id=28280, stack(0x00000061d4200000,0x00000061d4300000)]
  0x000001826b989c40 JavaThread "Cache worker for file hash cache (C:\Users\jkhong\.gradle\caches\8.10.2\fileHashes)" [_thread_blocked, id=16668, stack(0x00000061d4400000,0x00000061d4500000)]
  0x000001826b9873c0 JavaThread "File watcher server" daemon [_thread_in_native, id=26580, stack(0x00000061d4800000,0x00000061d4900000)]
  0x000001826b9869a0 JavaThread "File watcher consumer" daemon [_thread_blocked, id=14352, stack(0x00000061d4900000,0x00000061d4a00000)]
  0x000001826b98a660 JavaThread "Cache worker for file content cache (C:\Users\jkhong\.gradle\caches\8.10.2\fileContent)" [_thread_blocked, id=31152, stack(0x00000061d4b00000,0x00000061d4c00000)]
  0x000001826b98b080 JavaThread "jar transforms" [_thread_blocked, id=32508, stack(0x00000061d4e00000,0x00000061d4f00000)]
  0x000001826b98b590 JavaThread "jar transforms Thread 2" [_thread_blocked, id=5072, stack(0x00000061d4f00000,0x00000061d5000000)]
  0x000001826b9882f0 JavaThread "jar transforms Thread 3" [_thread_blocked, id=8980, stack(0x00000061d5000000,0x00000061d5100000)]
  0x000001826b98bfb0 JavaThread "jar transforms Thread 4" [_thread_blocked, id=33016, stack(0x00000061d5100000,0x00000061d5200000)]
  0x00000182589d0790 JavaThread "Memory manager" [_thread_blocked, id=31144, stack(0x00000061d6600000,0x00000061d6700000)]
  0x000001826f546f50 JavaThread "VFS cleanup" [_thread_blocked, id=36308, stack(0x00000061d3e00000,0x00000061d3f00000)]
  0x000001826f547460 JavaThread "Handler for socket connection from /127.0.0.1:14483 to /127.0.0.1:13729" [_thread_in_native, id=32660, stack(0x00000061d3b00000,0x00000061d3c00000)]
  0x000001826f546020 JavaThread "Cancel handler" [_thread_blocked, id=23168, stack(0x00000061d3c00000,0x00000061d3d00000)]
  0x000001826f547970 JavaThread "Asynchronous log dispatcher for DefaultDaemonConnection: socket connection from /127.0.0.1:14483 to /127.0.0.1:13729" [_thread_blocked, id=23812, stack(0x00000061d3f00000,0x00000061d4000000)]
  0x000001826f547e80 JavaThread "Stdin handler" [_thread_blocked, id=33372, stack(0x00000061d4000000,0x00000061d4100000)]
  0x000001826f5488a0 JavaThread "Daemon client event forwarder" [_thread_blocked, id=7532, stack(0x00000061d4300000,0x00000061d4400000)]
  0x000001826f548db0 JavaThread "Cache worker for file hash cache (D:\ws2\BP_Sample14\.gradle\8.10.2\fileHashes)" [_thread_blocked, id=34564, stack(0x00000061d4500000,0x00000061d4600000)]
  0x000001826f546a40 JavaThread "Cache worker for Build Output Cleanup Cache (D:\ws2\BP_Sample14\.gradle\buildOutputCleanup)" [_thread_blocked, id=16692, stack(0x00000061d4600000,0x00000061d4700000)]
  0x000001826b9bb030 JavaThread "C2 CompilerThread1" daemon [_thread_in_native, id=13260, stack(0x00000061d4700000,0x00000061d4800000)]
=>0x000001826f0619e0 JavaThread "C2 CompilerThread2" daemon [_thread_in_native, id=19004, stack(0x00000061d4a00000,0x00000061d4b00000)]
  0x000001826f549ce0 JavaThread "jar transforms Thread 5" [_thread_blocked, id=36608, stack(0x00000061d4c00000,0x00000061d4d00000)]
  0x000001826f546530 JavaThread "jar transforms Thread 6" [_thread_blocked, id=35944, stack(0x00000061d4d00000,0x00000061d4e00000)]
  0x000001826f5497d0 JavaThread "jar transforms Thread 7" [_thread_blocked, id=33052, stack(0x00000061d5200000,0x00000061d5300000)]
  0x000001826f54c050 JavaThread "Cache worker for checksums cache (D:\ws2\BP_Sample14\.gradle\8.10.2\checksums)" [_thread_blocked, id=10908, stack(0x00000061d5300000,0x00000061d5400000)]
  0x000001826f54c560 JavaThread "Cache worker for cache directory md-rule (C:\Users\jkhong\.gradle\caches\8.10.2\md-rule)" [_thread_blocked, id=27208, stack(0x00000061d5400000,0x00000061d5500000)]
  0x000001826f54a700 JavaThread "Cache worker for cache directory md-supplier (C:\Users\jkhong\.gradle\caches\8.10.2\md-supplier)" [_thread_blocked, id=11860, stack(0x00000061d5500000,0x00000061d5600000)]
  0x000001826f54b120 JavaThread "jar transforms Thread 8" [_thread_blocked, id=32092, stack(0x00000061d5600000,0x00000061d5700000)]
  0x000001826f54a1f0 JavaThread "Unconstrained build operations" [_thread_blocked, id=10220, stack(0x00000061d5700000,0x00000061d5800000)]
  0x000001826f54ac10 JavaThread "Unconstrained build operations Thread 2" [_thread_blocked, id=34448, stack(0x00000061d5800000,0x00000061d5900000)]
  0x000001826f54bb40 JavaThread "Unconstrained build operations Thread 3" [_thread_blocked, id=20044, stack(0x00000061d5900000,0x00000061d5a00000)]
  0x000001826f54ca70 JavaThread "Unconstrained build operations Thread 4" [_thread_blocked, id=21184, stack(0x00000061d5a00000,0x00000061d5b00000)]
  0x000001826f5492c0 JavaThread "Unconstrained build operations Thread 5" [_thread_blocked, id=34140, stack(0x00000061d5b00000,0x00000061d5c00000)]
  0x000001826f54cf80 JavaThread "Unconstrained build operations Thread 6" [_thread_blocked, id=29672, stack(0x00000061d5c00000,0x00000061d5d00000)]
  0x000001826f54d490 JavaThread "Unconstrained build operations Thread 7" [_thread_blocked, id=28320, stack(0x00000061d5d00000,0x00000061d5e00000)]
  0x000001826f54d9a0 JavaThread "Unconstrained build operations Thread 8" [_thread_blocked, id=30884, stack(0x00000061d5e00000,0x00000061d5f00000)]
  0x00000182589ce930 JavaThread "Unconstrained build operations Thread 9" [_thread_blocked, id=1244, stack(0x00000061d5f00000,0x00000061d6000000)]
  0x00000182589ce420 JavaThread "Unconstrained build operations Thread 10" [_thread_blocked, id=30288, stack(0x00000061d6000000,0x00000061d6100000)]
  0x00000182589cee40 JavaThread "Unconstrained build operations Thread 11" [_thread_blocked, id=32500, stack(0x00000061d6100000,0x00000061d6200000)]
  0x00000182589cdf10 JavaThread "Unconstrained build operations Thread 12" [_thread_blocked, id=536, stack(0x00000061d6200000,0x00000061d6300000)]
  0x00000182589cf350 JavaThread "Unconstrained build operations Thread 13" [_thread_blocked, id=29392, stack(0x00000061d6300000,0x00000061d6400000)]
  0x00000182589cda00 JavaThread "Unconstrained build operations Thread 14" [_thread_blocked, id=34384, stack(0x00000061d6400000,0x00000061d6500000)]

Other Threads:
  0x000001824016e800 VMThread "VM Thread" [stack: 0x00000061d2a00000,0x00000061d2b00000] [id=3964]
  0x0000018258919240 WatcherThread [stack: 0x00000061d3600000,0x00000061d3700000] [id=22396]

Threads with active compile tasks:
C2 CompilerThread0    18469 8750   !   4       java.io.ObjectOutputStream::writeObject0 (620 bytes)
C2 CompilerThread1    18469 8804       4       java.io.ObjectStreamClass::writeNonProxy (161 bytes)
C2 CompilerThread2    18470 8654       4       java.io.ObjectOutputStream::writeClassDesc (60 bytes)

VM state: at safepoint (normal execution)

VM Mutex/Monitor currently owned by a thread:  ([mutex/lock_event])
[0x000001823fc57130] Threads_lock - owner thread: 0x000001824016e800
[0x000001823fc557e0] Heap_lock - owner thread: 0x0000018258766990

Heap address: 0x00000000e0000000, size: 512 MB, Compressed Oops mode: 32-bit

CDS archive(s) mapped at: [0x0000018259000000-0x0000018259bd0000-0x0000018259bd0000), size 12386304, SharedBaseAddress: 0x0000018259000000, ArchiveRelocationMode: 1.
Compressed class space mapped at: 0x000001825a000000-0x0000018267000000, reserved size: 218103808
Narrow klass base: 0x0000018259000000, Narrow klass shift: 0, Narrow klass range: 0x100000000

GC Precious Log:
 CPUs: 8 total, 8 available
 Memory: 16103M
 Large Page Support: Disabled
 NUMA Support: Disabled
 Compressed Oops: Enabled (32-bit)
 Heap Min Capacity: 256M
 Heap Initial Capacity: 256M
 Heap Max Capacity: 512M
 Pre-touch: Disabled

Heap:
 def new generation   total 78784K, used 70080K [0x00000000e0000000, 0x00000000e5570000, 0x00000000eaaa0000)
  eden space 70080K, 100% used [0x00000000e0000000, 0x00000000e4470000, 0x00000000e4470000)
  from space 8704K,   0% used [0x00000000e4470000, 0x00000000e4470000, 0x00000000e4cf0000)
  to   space 8704K,  39% used [0x00000000e4cf0000, 0x00000000e504dfd0, 0x00000000e5570000)
 tenured generation   total 174784K, used 45072K [0x00000000eaaa0000, 0x00000000f5550000, 0x0000000100000000)
   the space 174784K,  25% used [0x00000000eaaa0000, 0x00000000ed6a4168, 0x00000000ed6a4200, 0x00000000f5550000)
 Metaspace       used 61745K, committed 62528K, reserved 278528K
  class space    used 8639K, committed 9024K, reserved 212992K

Card table byte_map: [0x00000182583d0000,0x00000182584e0000] _byte_map_base: 0x0000018257cd0000

Polling page: 0x000001823fe70000

Metaspace:

Usage:
  Non-class:     51.86 MB used.
      Class:      8.44 MB used.
       Both:     60.30 MB used.

Virtual space:
  Non-class space:       64.00 MB reserved,      52.25 MB ( 82%) committed,  1 nodes.
      Class space:      208.00 MB reserved,       8.81 MB (  4%) committed,  1 nodes.
             Both:      272.00 MB reserved,      61.06 MB ( 22%) committed. 

Chunk freelists:
   Non-Class:  11.71 MB
       Class:  7.04 MB
        Both:  18.75 MB

MaxMetaspaceSize: 256.00 MB
CompressedClassSpaceSize: 208.00 MB
Initial GC threshold: 21.00 MB
Current GC threshold: 97.31 MB
CDS: on
MetaspaceReclaimPolicy: balanced
 - commit_granule_bytes: 65536.
 - commit_granule_words: 8192.
 - virtual_space_node_default_size: 8388608.
 - enlarge_chunks_in_place: 1.
 - new_chunks_are_fully_committed: 0.
 - uncommit_free_chunks: 1.
 - use_allocation_guard: 0.
 - handle_deallocations: 1.


Internal statistics:

num_allocs_failed_limit: 9.
num_arena_births: 892.
num_arena_deaths: 0.
num_vsnodes_births: 2.
num_vsnodes_deaths: 0.
num_space_committed: 977.
num_space_uncommitted: 0.
num_chunks_returned_to_freelist: 9.
num_chunks_taken_from_freelist: 3544.
num_chunk_merges: 9.
num_chunk_splits: 2256.
num_chunks_enlarged: 1420.
num_inconsistent_stats: 0.

CodeHeap 'non-profiled nmethods': size=120000Kb used=4765Kb max_used=4765Kb free=115234Kb
 bounds [0x0000018250cc0000, 0x0000018251170000, 0x00000182581f0000]
CodeHeap 'profiled nmethods': size=120000Kb used=15446Kb max_used=15446Kb free=104553Kb
 bounds [0x00000182491f0000, 0x000001824a110000, 0x0000018250720000]
CodeHeap 'non-nmethods': size=5760Kb used=2362Kb max_used=2420Kb free=3397Kb
 bounds [0x0000018250720000, 0x0000018250990000, 0x0000018250cc0000]
 total_blobs=8898 nmethods=8023 adapters=789
 compilation: enabled
              stopped_count=0, restarted_count=0
 full_count=0

Compilation events (20 events):
Event: 17.386 Thread 0x00000182586730c0 8849       3       org.gradle.api.internal.changedetection.state.FallbackHandlingResourceHasher$$Lambda$527/0x000001825a43fdc0::<init> (15 bytes)
Event: 17.386 Thread 0x00000182586730c0 nmethod 8849 0x000001824a0f9510 code [0x000001824a0f96a0, 0x000001824a0f9838]
Event: 17.386 Thread 0x00000182586730c0 8850       3       java.util.Optional::flatMap (38 bytes)
Event: 17.386 Thread 0x00000182586730c0 nmethod 8850 0x000001824a0f9910 code [0x000001824a0f9b20, 0x000001824a0fa228]
Event: 17.386 Thread 0x00000182586730c0 8851       3       org.gradle.api.internal.changedetection.state.FallbackHandlingResourceHasher$$Lambda$528/0x000001825a43d448::get (12 bytes)
Event: 17.386 Thread 0x00000182586730c0 nmethod 8851 0x000001824a0fa410 code [0x000001824a0fa5c0, 0x000001824a0fa808]
Event: 17.386 Thread 0x00000182586730c0 8852       3       org.gradle.internal.io.IoSupplier$$Lambda$529/0x000001825a43d668::get (8 bytes)
Event: 17.386 Thread 0x00000182586730c0 nmethod 8852 0x000001824a0fa910 code [0x000001824a0faae0, 0x000001824a0fadf8]
Event: 17.386 Thread 0x00000182586730c0 8853   !   3       org.gradle.internal.io.IoSupplier::lambda$wrap$0 (17 bytes)
Event: 17.386 Thread 0x00000182586730c0 nmethod 8853 0x000001824a0faf90 code [0x000001824a0fb140, 0x000001824a0fb3d8]
Event: 17.386 Thread 0x00000182586730c0 8854       3       org.gradle.api.internal.changedetection.state.FallbackHandlingResourceHasher::lambda$hash$1 (11 bytes)
Event: 17.386 Thread 0x00000182586730c0 nmethod 8854 0x000001824a0fb510 code [0x000001824a0fb6c0, 0x000001824a0fb888]
Event: 17.387 Thread 0x00000182586730c0 8855       3       jdk.internal.loader.URLClassPath$3::run (172 bytes)
Event: 17.388 Thread 0x00000182586730c0 nmethod 8855 0x000001824a0fb990 code [0x000001824a0fbca0, 0x000001824a0fce48]
Event: 17.388 Thread 0x00000182586730c0 8856       3       jdk.internal.loader.URLClassPath$Loader::<init> (10 bytes)
Event: 17.388 Thread 0x00000182586730c0 nmethod 8856 0x000001824a0fd510 code [0x000001824a0fd6a0, 0x000001824a0fd818]
Event: 18.091 Thread 0x00000182586730c0 8857       3       java.util.Collections$EmptyList::spliterator (4 bytes)
Event: 18.091 Thread 0x00000182586730c0 nmethod 8857 0x000001824a0fd910 code [0x000001824a0fdaa0, 0x000001824a0fdc18]
Event: 18.091 Thread 0x00000182586730c0 8858       3       sun.management.MemoryPoolImpl::getType (15 bytes)
Event: 18.091 Thread 0x00000182586730c0 nmethod 8858 0x000001824a0fdd10 code [0x000001824a0fdea0, 0x000001824a0fe038]

GC Heap History (20 events):
Event: 5.974 GC heap before
{Heap before GC invocations=1 (full 0):
 def new generation   total 78656K, used 78656K [0x00000000e0000000, 0x00000000e5550000, 0x00000000eaaa0000)
  eden space 69952K, 100% used [0x00000000e0000000, 0x00000000e4450000, 0x00000000e4450000)
  from space 8704K, 100% used [0x00000000e4cd0000, 0x00000000e5550000, 0x00000000e5550000)
  to   space 8704K,   0% used [0x00000000e4450000, 0x00000000e4450000, 0x00000000e4cd0000)
 tenured generation   total 174784K, used 2229K [0x00000000eaaa0000, 0x00000000f5550000, 0x0000000100000000)
   the space 174784K,   1% used [0x00000000eaaa0000, 0x00000000eaccd610, 0x00000000eaccd800, 0x00000000f5550000)
 Metaspace       used 11409K, committed 11648K, reserved 278528K
  class space    used 1529K, committed 1664K, reserved 212992K
}
Event: 5.987 GC heap after
{Heap after GC invocations=2 (full 0):
 def new generation   total 78656K, used 8179K [0x00000000e0000000, 0x00000000e5550000, 0x00000000eaaa0000)
  eden space 69952K,   0% used [0x00000000e0000000, 0x00000000e0000000, 0x00000000e4450000)
  from space 8704K,  93% used [0x00000000e4450000, 0x00000000e4c4ce48, 0x00000000e4cd0000)
  to   space 8704K,   0% used [0x00000000e4cd0000, 0x00000000e4cd0000, 0x00000000e5550000)
 tenured generation   total 174784K, used 10814K [0x00000000eaaa0000, 0x00000000f5550000, 0x0000000100000000)
   the space 174784K,   6% used [0x00000000eaaa0000, 0x00000000eb52fbc0, 0x00000000eb52fc00, 0x00000000f5550000)
 Metaspace       used 11409K, committed 11648K, reserved 278528K
  class space    used 1529K, committed 1664K, reserved 212992K
}
Event: 6.639 GC heap before
{Heap before GC invocations=2 (full 0):
 def new generation   total 78656K, used 78131K [0x00000000e0000000, 0x00000000e5550000, 0x00000000eaaa0000)
  eden space 69952K, 100% used [0x00000000e0000000, 0x00000000e4450000, 0x00000000e4450000)
  from space 8704K,  93% used [0x00000000e4450000, 0x00000000e4c4ce48, 0x00000000e4cd0000)
  to   space 8704K,   0% used [0x00000000e4cd0000, 0x00000000e4cd0000, 0x00000000e5550000)
 tenured generation   total 174784K, used 10814K [0x00000000eaaa0000, 0x00000000f5550000, 0x0000000100000000)
   the space 174784K,   6% used [0x00000000eaaa0000, 0x00000000eb52fbc0, 0x00000000eb52fc00, 0x00000000f5550000)
 Metaspace       used 20635K, committed 20992K, reserved 278528K
  class space    used 2999K, committed 3200K, reserved 212992K
}
Event: 6.658 GC heap after
{Heap after GC invocations=3 (full 0):
 def new generation   total 78656K, used 3784K [0x00000000e0000000, 0x00000000e5550000, 0x00000000eaaa0000)
  eden space 69952K,   0% used [0x00000000e0000000, 0x00000000e0000000, 0x00000000e4450000)
  from space 8704K,  43% used [0x00000000e4cd0000, 0x00000000e5082098, 0x00000000e5550000)
  to   space 8704K,   0% used [0x00000000e4450000, 0x00000000e4450000, 0x00000000e4cd0000)
 tenured generation   total 174784K, used 18812K [0x00000000eaaa0000, 0x00000000f5550000, 0x0000000100000000)
   the space 174784K,  10% used [0x00000000eaaa0000, 0x00000000ebcff088, 0x00000000ebcff200, 0x00000000f5550000)
 Metaspace       used 20635K, committed 20992K, reserved 278528K
  class space    used 2999K, committed 3200K, reserved 212992K
}
Event: 6.721 GC heap before
{Heap before GC invocations=3 (full 0):
 def new generation   total 78656K, used 9452K [0x00000000e0000000, 0x00000000e5550000, 0x00000000eaaa0000)
  eden space 69952K,   8% used [0x00000000e0000000, 0x00000000e0589228, 0x00000000e4450000)
  from space 8704K,  43% used [0x00000000e4cd0000, 0x00000000e5082098, 0x00000000e5550000)
  to   space 8704K,   0% used [0x00000000e4450000, 0x00000000e4450000, 0x00000000e4cd0000)
 tenured generation   total 174784K, used 18812K [0x00000000eaaa0000, 0x00000000f5550000, 0x0000000100000000)
   the space 174784K,  10% used [0x00000000eaaa0000, 0x00000000ebcff088, 0x00000000ebcff200, 0x00000000f5550000)
 Metaspace       used 21200K, committed 21504K, reserved 278528K
  class space    used 3091K, committed 3264K, reserved 212992K
}
Event: 6.754 GC heap after
{Heap after GC invocations=4 (full 1):
 def new generation   total 78784K, used 0K [0x00000000e0000000, 0x00000000e5570000, 0x00000000eaaa0000)
  eden space 70080K,   0% used [0x00000000e0000000, 0x00000000e0000000, 0x00000000e4470000)
  from space 8704K,   0% used [0x00000000e4470000, 0x00000000e4470000, 0x00000000e4cf0000)
  to   space 8704K,   0% used [0x00000000e4cf0000, 0x00000000e4cf0000, 0x00000000e5570000)
 tenured generation   total 174784K, used 22703K [0x00000000eaaa0000, 0x00000000f5550000, 0x0000000100000000)
   the space 174784K,  12% used [0x00000000eaaa0000, 0x00000000ec0cbfe0, 0x00000000ec0cc000, 0x00000000f5550000)
 Metaspace       used 21200K, committed 21504K, reserved 278528K
  class space    used 3091K, committed 3264K, reserved 212992K
}
Event: 9.906 GC heap before
{Heap before GC invocations=4 (full 1):
 def new generation   total 78784K, used 70080K [0x00000000e0000000, 0x00000000e5570000, 0x00000000eaaa0000)
  eden space 70080K, 100% used [0x00000000e0000000, 0x00000000e4470000, 0x00000000e4470000)
  from space 8704K,   0% used [0x00000000e4470000, 0x00000000e4470000, 0x00000000e4cf0000)
  to   space 8704K,   0% used [0x00000000e4cf0000, 0x00000000e4cf0000, 0x00000000e5570000)
 tenured generation   total 174784K, used 22703K [0x00000000eaaa0000, 0x00000000f5550000, 0x0000000100000000)
   the space 174784K,  12% used [0x00000000eaaa0000, 0x00000000ec0cbfe0, 0x00000000ec0cc000, 0x00000000f5550000)
 Metaspace       used 30174K, committed 30592K, reserved 278528K
  class space    used 4429K, committed 4608K, reserved 212992K
}
Event: 9.918 GC heap after
{Heap after GC invocations=5 (full 1):
 def new generation   total 78784K, used 3452K [0x00000000e0000000, 0x00000000e5570000, 0x00000000eaaa0000)
  eden space 70080K,   0% used [0x00000000e0000000, 0x00000000e0000000, 0x00000000e4470000)
  from space 8704K,  39% used [0x00000000e4cf0000, 0x00000000e504f358, 0x00000000e5570000)
  to   space 8704K,   0% used [0x00000000e4470000, 0x00000000e4470000, 0x00000000e4cf0000)
 tenured generation   total 174784K, used 22703K [0x00000000eaaa0000, 0x00000000f5550000, 0x0000000100000000)
   the space 174784K,  12% used [0x00000000eaaa0000, 0x00000000ec0cbfe0, 0x00000000ec0cc000, 0x00000000f5550000)
 Metaspace       used 30174K, committed 30592K, reserved 278528K
  class space    used 4429K, committed 4608K, reserved 212992K
}
Event: 10.754 GC heap before
{Heap before GC invocations=5 (full 1):
 def new generation   total 78784K, used 50003K [0x00000000e0000000, 0x00000000e5570000, 0x00000000eaaa0000)
  eden space 70080K,  66% used [0x00000000e0000000, 0x00000000e2d75b00, 0x00000000e4470000)
  from space 8704K,  39% used [0x00000000e4cf0000, 0x00000000e504f358, 0x00000000e5570000)
  to   space 8704K,   0% used [0x00000000e4470000, 0x00000000e4470000, 0x00000000e4cf0000)
 tenured generation   total 174784K, used 22703K [0x00000000eaaa0000, 0x00000000f5550000, 0x0000000100000000)
   the space 174784K,  12% used [0x00000000eaaa0000, 0x00000000ec0cbfe0, 0x00000000ec0cc000, 0x00000000f5550000)
 Metaspace       used 35425K, committed 35840K, reserved 278528K
  class space    used 4921K, committed 5120K, reserved 212992K
}
Event: 10.815 GC heap after
{Heap after GC invocations=6 (full 2):
 def new generation   total 78848K, used 0K [0x00000000e0000000, 0x00000000e5580000, 0x00000000eaaa0000)
  eden space 70144K,   0% used [0x00000000e0000000, 0x00000000e0000000, 0x00000000e4480000)
  from space 8704K,   0% used [0x00000000e4480000, 0x00000000e4480000, 0x00000000e4d00000)
  to   space 8704K,   0% used [0x00000000e4d00000, 0x00000000e4d00000, 0x00000000e5580000)
 tenured generation   total 174784K, used 30552K [0x00000000eaaa0000, 0x00000000f5550000, 0x0000000100000000)
   the space 174784K,  17% used [0x00000000eaaa0000, 0x00000000ec8761e8, 0x00000000ec876200, 0x00000000f5550000)
 Metaspace       used 35425K, committed 35840K, reserved 278528K
  class space    used 4921K, committed 5120K, reserved 212992K
}
Event: 11.752 GC heap before
{Heap before GC invocations=6 (full 2):
 def new generation   total 78848K, used 70144K [0x00000000e0000000, 0x00000000e5580000, 0x00000000eaaa0000)
  eden space 70144K, 100% used [0x00000000e0000000, 0x00000000e4480000, 0x00000000e4480000)
  from space 8704K,   0% used [0x00000000e4480000, 0x00000000e4480000, 0x00000000e4d00000)
  to   space 8704K,   0% used [0x00000000e4d00000, 0x00000000e4d00000, 0x00000000e5580000)
 tenured generation   total 174784K, used 30552K [0x00000000eaaa0000, 0x00000000f5550000, 0x0000000100000000)
   the space 174784K,  17% used [0x00000000eaaa0000, 0x00000000ec8761e8, 0x00000000ec876200, 0x00000000f5550000)
 Metaspace       used 40806K, committed 41408K, reserved 278528K
  class space    used 5688K, committed 5952K, reserved 212992K
}
Event: 11.761 GC heap after
{Heap after GC invocations=7 (full 2):
 def new generation   total 78848K, used 2916K [0x00000000e0000000, 0x00000000e5580000, 0x00000000eaaa0000)
  eden space 70144K,   0% used [0x00000000e0000000, 0x00000000e0000000, 0x00000000e4480000)
  from space 8704K,  33% used [0x00000000e4d00000, 0x00000000e4fd92c8, 0x00000000e5580000)
  to   space 8704K,   0% used [0x00000000e4480000, 0x00000000e4480000, 0x00000000e4d00000)
 tenured generation   total 174784K, used 30552K [0x00000000eaaa0000, 0x00000000f5550000, 0x0000000100000000)
   the space 174784K,  17% used [0x00000000eaaa0000, 0x00000000ec8761e8, 0x00000000ec876200, 0x00000000f5550000)
 Metaspace       used 40806K, committed 41408K, reserved 278528K
  class space    used 5688K, committed 5952K, reserved 212992K
}
Event: 12.904 GC heap before
{Heap before GC invocations=7 (full 2):
 def new generation   total 78848K, used 73060K [0x00000000e0000000, 0x00000000e5580000, 0x00000000eaaa0000)
  eden space 70144K, 100% used [0x00000000e0000000, 0x00000000e4480000, 0x00000000e4480000)
  from space 8704K,  33% used [0x00000000e4d00000, 0x00000000e4fd92c8, 0x00000000e5580000)
  to   space 8704K,   0% used [0x00000000e4480000, 0x00000000e4480000, 0x00000000e4d00000)
 tenured generation   total 174784K, used 30552K [0x00000000eaaa0000, 0x00000000f5550000, 0x0000000100000000)
   the space 174784K,  17% used [0x00000000eaaa0000, 0x00000000ec8761e8, 0x00000000ec876200, 0x00000000f5550000)
 Metaspace       used 46389K, committed 46912K, reserved 278528K
  class space    used 6557K, committed 6784K, reserved 212992K
}
Event: 12.919 GC heap after
{Heap after GC invocations=8 (full 2):
 def new generation   total 78848K, used 6054K [0x00000000e0000000, 0x00000000e5580000, 0x00000000eaaa0000)
  eden space 70144K,   0% used [0x00000000e0000000, 0x00000000e0000000, 0x00000000e4480000)
  from space 8704K,  69% used [0x00000000e4480000, 0x00000000e4a69b18, 0x00000000e4d00000)
  to   space 8704K,   0% used [0x00000000e4d00000, 0x00000000e4d00000, 0x00000000e5580000)
 tenured generation   total 174784K, used 30552K [0x00000000eaaa0000, 0x00000000f5550000, 0x0000000100000000)
   the space 174784K,  17% used [0x00000000eaaa0000, 0x00000000ec8761e8, 0x00000000ec876200, 0x00000000f5550000)
 Metaspace       used 46389K, committed 46912K, reserved 278528K
  class space    used 6557K, committed 6784K, reserved 212992K
}
Event: 14.003 GC heap before
{Heap before GC invocations=8 (full 2):
 def new generation   total 78848K, used 76198K [0x00000000e0000000, 0x00000000e5580000, 0x00000000eaaa0000)
  eden space 70144K, 100% used [0x00000000e0000000, 0x00000000e4480000, 0x00000000e4480000)
  from space 8704K,  69% used [0x00000000e4480000, 0x00000000e4a69b18, 0x00000000e4d00000)
  to   space 8704K,   0% used [0x00000000e4d00000, 0x00000000e4d00000, 0x00000000e5580000)
 tenured generation   total 174784K, used 30552K [0x00000000eaaa0000, 0x00000000f5550000, 0x0000000100000000)
   the space 174784K,  17% used [0x00000000eaaa0000, 0x00000000ec8761e8, 0x00000000ec876200, 0x00000000f5550000)
 Metaspace       used 53579K, committed 54208K, reserved 278528K
  class space    used 7635K, committed 7936K, reserved 212992K
}
Event: 14.029 GC heap after
{Heap after GC invocations=9 (full 2):
 def new generation   total 78848K, used 6790K [0x00000000e0000000, 0x00000000e5580000, 0x00000000eaaa0000)
  eden space 70144K,   0% used [0x00000000e0000000, 0x00000000e0000000, 0x00000000e4480000)
  from space 8704K,  78% used [0x00000000e4d00000, 0x00000000e53a1898, 0x00000000e5580000)
  to   space 8704K,   0% used [0x00000000e4480000, 0x00000000e4480000, 0x00000000e4d00000)
 tenured generation   total 174784K, used 33432K [0x00000000eaaa0000, 0x00000000f5550000, 0x0000000100000000)
   the space 174784K,  19% used [0x00000000eaaa0000, 0x00000000ecb46388, 0x00000000ecb46400, 0x00000000f5550000)
 Metaspace       used 53579K, committed 54208K, reserved 278528K
  class space    used 7635K, committed 7936K, reserved 212992K
}
Event: 15.050 GC heap before
{Heap before GC invocations=9 (full 2):
 def new generation   total 78848K, used 76934K [0x00000000e0000000, 0x00000000e5580000, 0x00000000eaaa0000)
  eden space 70144K, 100% used [0x00000000e0000000, 0x00000000e4480000, 0x00000000e4480000)
  from space 8704K,  78% used [0x00000000e4d00000, 0x00000000e53a1898, 0x00000000e5580000)
  to   space 8704K,   0% used [0x00000000e4480000, 0x00000000e4480000, 0x00000000e4d00000)
 tenured generation   total 174784K, used 33432K [0x00000000eaaa0000, 0x00000000f5550000, 0x0000000100000000)
   the space 174784K,  19% used [0x00000000eaaa0000, 0x00000000ecb46388, 0x00000000ecb46400, 0x00000000f5550000)
 Metaspace       used 58124K, committed 58816K, reserved 278528K
  class space    used 8197K, committed 8512K, reserved 212992K
}
Event: 15.101 GC heap after
{Heap after GC invocations=10 (full 2):
 def new generation   total 78848K, used 8704K [0x00000000e0000000, 0x00000000e5580000, 0x00000000eaaa0000)
  eden space 70144K,   0% used [0x00000000e0000000, 0x00000000e0000000, 0x00000000e4480000)
  from space 8704K, 100% used [0x00000000e4480000, 0x00000000e4d00000, 0x00000000e4d00000)
  to   space 8704K,   0% used [0x00000000e4d00000, 0x00000000e4d00000, 0x00000000e5580000)
 tenured generation   total 174784K, used 37107K [0x00000000eaaa0000, 0x00000000f5550000, 0x0000000100000000)
   the space 174784K,  21% used [0x00000000eaaa0000, 0x00000000ecedcc08, 0x00000000ecedce00, 0x00000000f5550000)
 Metaspace       used 58124K, committed 58816K, reserved 278528K
  class space    used 8197K, committed 8512K, reserved 212992K
}
Event: 16.013 GC heap before
{Heap before GC invocations=10 (full 2):
 def new generation   total 78848K, used 47456K [0x00000000e0000000, 0x00000000e5580000, 0x00000000eaaa0000)
  eden space 70144K,  55% used [0x00000000e0000000, 0x00000000e25d8348, 0x00000000e4480000)
  from space 8704K, 100% used [0x00000000e4480000, 0x00000000e4d00000, 0x00000000e4d00000)
  to   space 8704K,   0% used [0x00000000e4d00000, 0x00000000e4d00000, 0x00000000e5580000)
 tenured generation   total 174784K, used 37107K [0x00000000eaaa0000, 0x00000000f5550000, 0x0000000100000000)
   the space 174784K,  21% used [0x00000000eaaa0000, 0x00000000ecedcc08, 0x00000000ecedce00, 0x00000000f5550000)
 Metaspace       used 59058K, committed 59776K, reserved 278528K
  class space    used 8284K, committed 8640K, reserved 212992K
}
Event: 16.133 GC heap after
{Heap after GC invocations=11 (full 3):
 def new generation   total 78784K, used 0K [0x00000000e0000000, 0x00000000e5570000, 0x00000000eaaa0000)
  eden space 70080K,   0% used [0x00000000e0000000, 0x00000000e0000000, 0x00000000e4470000)
  from space 8704K,   0% used [0x00000000e4470000, 0x00000000e4470000, 0x00000000e4cf0000)
  to   space 8704K,   0% used [0x00000000e4cf0000, 0x00000000e4cf0000, 0x00000000e5570000)
 tenured generation   total 174784K, used 45072K [0x00000000eaaa0000, 0x00000000f5550000, 0x0000000100000000)
   the space 174784K,  25% used [0x00000000eaaa0000, 0x00000000ed6a4168, 0x00000000ed6a4200, 0x00000000f5550000)
 Metaspace       used 59058K, committed 59776K, reserved 278528K
  class space    used 8284K, committed 8640K, reserved 212992K
}

Dll operation events (14 events):
Event: 0.015 Loaded shared library C:\Program Files\Eclipse Adoptium\jdk-17.0.8.7-hotspot\bin\java.dll
Event: 0.035 Loaded shared library C:\Program Files\Eclipse Adoptium\jdk-17.0.8.7-hotspot\bin\jsvml.dll
Event: 0.096 Loaded shared library C:\Program Files\Eclipse Adoptium\jdk-17.0.8.7-hotspot\bin\zip.dll
Event: 0.105 Loaded shared library C:\Program Files\Eclipse Adoptium\jdk-17.0.8.7-hotspot\bin\instrument.dll
Event: 0.110 Loaded shared library C:\Program Files\Eclipse Adoptium\jdk-17.0.8.7-hotspot\bin\net.dll
Event: 0.114 Loaded shared library C:\Program Files\Eclipse Adoptium\jdk-17.0.8.7-hotspot\bin\nio.dll
Event: 0.117 Loaded shared library C:\Program Files\Eclipse Adoptium\jdk-17.0.8.7-hotspot\bin\zip.dll
Event: 0.496 Loaded shared library C:\Program Files\Eclipse Adoptium\jdk-17.0.8.7-hotspot\bin\jimage.dll
Event: 0.718 Loaded shared library C:\Program Files\Eclipse Adoptium\jdk-17.0.8.7-hotspot\bin\verify.dll
Event: 0.880 Loaded shared library C:\Users\jkhong\.gradle\native\c067742578af261105cb4f569cf0c3c89f3d7b1fecec35dd04571415982c5e48\windows-amd64\native-platform.dll
Event: 0.895 Loaded shared library C:\Users\jkhong\.gradle\native\100fb08df4bc3b14c8652ba06237920a3bd2aa13389f12d3474272988ae205f9\windows-amd64\native-platform-file-events.dll
Event: 2.039 Loaded shared library C:\Program Files\Eclipse Adoptium\jdk-17.0.8.7-hotspot\bin\management.dll
Event: 2.043 Loaded shared library C:\Program Files\Eclipse Adoptium\jdk-17.0.8.7-hotspot\bin\management_ext.dll
Event: 5.852 Loaded shared library C:\Program Files\Eclipse Adoptium\jdk-17.0.8.7-hotspot\bin\sunmscapi.dll

Deoptimization events (20 events):
Event: 17.253 Thread 0x000001826f5488a0 Uncommon trap: trap_request=0xffffff45 fr.pc=0x0000018250d7b78c relative=0x00000000000000ec
Event: 17.253 Thread 0x000001826f5488a0 Uncommon trap: reason=unstable_if action=reinterpret pc=0x0000018250d7b78c method=java.lang.ThreadLocal.get()Ljava/lang/Object; @ 11 c2
Event: 17.253 Thread 0x000001826f5488a0 DEOPT PACKING pc=0x0000018250d7b78c sp=0x00000061d43fed70
Event: 17.253 Thread 0x000001826f5488a0 DEOPT UNPACKING pc=0x0000018250779ea3 sp=0x00000061d43fed00 mode 2
Event: 17.257 Thread 0x0000018258766990 Uncommon trap: trap_request=0xffffffbe fr.pc=0x00000182510f46b0 relative=0x0000000000000e70
Event: 17.257 Thread 0x0000018258766990 Uncommon trap: reason=profile_predicate action=maybe_recompile pc=0x00000182510f46b0 method=java.util.TreeMap.put(Ljava/lang/Object;Ljava/lang/Object;Z)Ljava/lang/Object; @ 27 c2
Event: 17.257 Thread 0x0000018258766990 DEOPT PACKING pc=0x00000182510f46b0 sp=0x00000061d3df78f0
Event: 17.257 Thread 0x0000018258766990 DEOPT UNPACKING pc=0x0000018250779ea3 sp=0x00000061d3df7830 mode 2
Event: 17.257 Thread 0x0000018258766990 Uncommon trap: trap_request=0xffffffbe fr.pc=0x00000182510f46b0 relative=0x0000000000000e70
Event: 17.257 Thread 0x0000018258766990 Uncommon trap: reason=profile_predicate action=maybe_recompile pc=0x00000182510f46b0 method=java.util.TreeMap.put(Ljava/lang/Object;Ljava/lang/Object;Z)Ljava/lang/Object; @ 27 c2
Event: 17.257 Thread 0x0000018258766990 DEOPT PACKING pc=0x00000182510f46b0 sp=0x00000061d3df78f0
Event: 17.257 Thread 0x0000018258766990 DEOPT UNPACKING pc=0x0000018250779ea3 sp=0x00000061d3df7830 mode 2
Event: 17.258 Thread 0x0000018258766990 Uncommon trap: trap_request=0xffffffbe fr.pc=0x00000182510f46b0 relative=0x0000000000000e70
Event: 17.258 Thread 0x0000018258766990 Uncommon trap: reason=profile_predicate action=maybe_recompile pc=0x00000182510f46b0 method=java.util.TreeMap.put(Ljava/lang/Object;Ljava/lang/Object;Z)Ljava/lang/Object; @ 27 c2
Event: 17.258 Thread 0x0000018258766990 DEOPT PACKING pc=0x00000182510f46b0 sp=0x00000061d3df78f0
Event: 17.258 Thread 0x0000018258766990 DEOPT UNPACKING pc=0x0000018250779ea3 sp=0x00000061d3df7830 mode 2
Event: 17.258 Thread 0x0000018258766990 Uncommon trap: trap_request=0xffffffbe fr.pc=0x00000182510f663c relative=0x0000000000000f7c
Event: 17.258 Thread 0x0000018258766990 Uncommon trap: reason=profile_predicate action=maybe_recompile pc=0x00000182510f663c method=java.util.TreeMap.put(Ljava/lang/Object;Ljava/lang/Object;Z)Ljava/lang/Object; @ 27 c2
Event: 17.258 Thread 0x0000018258766990 DEOPT PACKING pc=0x00000182510f663c sp=0x00000061d3df7850
Event: 17.258 Thread 0x0000018258766990 DEOPT UNPACKING pc=0x0000018250779ea3 sp=0x00000061d3df7820 mode 2

Classes unloaded (0 events):
No events

Classes redefined (0 events):
No events

Internal exceptions (20 events):
Event: 16.824 Thread 0x0000018258766990 Exception <a 'sun/nio/fs/WindowsException'{0x00000000e16c2ea0}> (0x00000000e16c2ea0) 
thrown [s\src\hotspot\share\prims\jni.cpp, line 516]
Event: 16.824 Thread 0x0000018258766990 Exception <a 'sun/nio/fs/WindowsException'{0x00000000e16c46c0}> (0x00000000e16c46c0) 
thrown [s\src\hotspot\share\prims\jni.cpp, line 516]
Event: 16.872 Thread 0x0000018258766990 Exception <a 'java/lang/ClassNotFoundException'{0x00000000e17d0f58}: org/gradle/api/internal/plugins/DefaultObjectConfigurationActionBeanInfo> (0x00000000e17d0f58) 
thrown [s\src\hotspot\share\classfile\systemDictionary.cpp, line 256]
Event: 16.872 Thread 0x0000018258766990 Exception <a 'java/lang/ClassNotFoundException'{0x00000000e17fe558}: org/gradle/api/internal/plugins/DefaultObjectConfigurationActionCustomizer> (0x00000000e17fe558) 
thrown [s\src\hotspot\share\classfile\systemDictionary.cpp, line 256]
Event: 16.979 Thread 0x0000018258766990 Exception <a 'java/lang/ClassNotFoundException'{0x00000000e1ec8b78}: java/lang/StringBeanInfo> (0x00000000e1ec8b78) 
thrown [s\src\hotspot\share\classfile\systemDictionary.cpp, line 256]
Event: 16.979 Thread 0x0000018258766990 Exception <a 'java/lang/ClassNotFoundException'{0x00000000e1ed3d38}: java/lang/StringCustomizer> (0x00000000e1ed3d38) 
thrown [s\src\hotspot\share\classfile\systemDictionary.cpp, line 256]
Event: 16.983 Thread 0x0000018258766990 Exception <a 'java/lang/ClassNotFoundException'{0x00000000e1f2cf00}: java/io/FileBeanInfo> (0x00000000e1f2cf00) 
thrown [s\src\hotspot\share\classfile\systemDictionary.cpp, line 256]
Event: 16.983 Thread 0x0000018258766990 Exception <a 'java/lang/ClassNotFoundException'{0x00000000e1f37ed8}: java/io/FileCustomizer> (0x00000000e1f37ed8) 
thrown [s\src\hotspot\share\classfile\systemDictionary.cpp, line 256]
Event: 17.014 Thread 0x0000018258766990 Exception <a 'java/lang/ClassNotFoundException'{0x00000000e2098c30}: org/gradle/plugins/ide/eclipse/model/EclipseModel_DecoratedBeanInfo> (0x00000000e2098c30) 
thrown [s\src\hotspot\share\classfile\systemDictionary.cpp, line 256]
Event: 17.015 Thread 0x0000018258766990 Exception <a 'java/lang/ClassNotFoundException'{0x00000000e20af8e8}: org/gradle/plugins/ide/eclipse/model/EclipseModelBeanInfo> (0x00000000e20af8e8) 
thrown [s\src\hotspot\share\classfile\systemDictionary.cpp, line 256]
Event: 17.015 Thread 0x0000018258766990 Exception <a 'java/lang/ClassNotFoundException'{0x00000000e20c6358}: org/gradle/plugins/ide/eclipse/model/EclipseModelCustomizer> (0x00000000e20c6358) 
thrown [s\src\hotspot\share\classfile\systemDictionary.cpp, line 256]
Event: 17.016 Thread 0x0000018258766990 Exception <a 'java/lang/ClassNotFoundException'{0x00000000e20f0220}: org/gradle/plugins/ide/eclipse/model/EclipseModel_DecoratedCustomizer> (0x00000000e20f0220) 
thrown [s\src\hotspot\share\classfile\systemDictionary.cpp, line 256]
Event: 17.029 Thread 0x0000018258766990 Exception <a 'java/lang/ClassNotFoundException'{0x00000000e2154fe8}: org/gradle/plugins/ide/eclipse/model/EclipseProject_DecoratedBeanInfo> (0x00000000e2154fe8) 
thrown [s\src\hotspot\share\classfile\systemDictionary.cpp, line 256]
Event: 17.029 Thread 0x0000018258766990 Exception <a 'java/lang/ClassNotFoundException'{0x00000000e216ba90}: org/gradle/plugins/ide/eclipse/model/EclipseProjectBeanInfo> (0x00000000e216ba90) 
thrown [s\src\hotspot\share\classfile\systemDictionary.cpp, line 256]
Event: 17.032 Thread 0x0000018258766990 Exception <a 'java/lang/ClassNotFoundException'{0x00000000e21827a8}: org/gradle/plugins/ide/eclipse/model/EclipseProjectCustomizer> (0x00000000e21827a8) 
thrown [s\src\hotspot\share\classfile\systemDictionary.cpp, line 256]
Event: 17.034 Thread 0x0000018258766990 Exception <a 'java/lang/ClassNotFoundException'{0x00000000e21b4568}: org/gradle/plugins/ide/eclipse/model/EclipseProject_DecoratedCustomizer> (0x00000000e21b4568) 
thrown [s\src\hotspot\share\classfile\systemDictionary.cpp, line 256]
Event: 17.253 Thread 0x000001826f5488a0 Implicit null exception at 0x0000018250d7b6dd to 0x0000018250d7b778
Event: 17.275 Thread 0x0000018258766990 Exception <a 'java/lang/NoClassDefFoundError'{0x00000000e2b8d600}: org/jetbrains/kotlin/gradle/plugin/KotlinPluginWrapper> (0x00000000e2b8d600) 
thrown [s\src\hotspot\share\oops\constantPool.cpp, line 835]
Event: 17.275 Thread 0x0000018258766990 Exception <a 'java/lang/NoClassDefFoundError'{0x00000000e2b8fc48}: org/graalvm/buildtools/gradle/NativeImagePlugin> (0x00000000e2b8fc48) 
thrown [s\src\hotspot\share\oops\constantPool.cpp, line 835]
Event: 17.275 Thread 0x0000018258766990 Exception <a 'java/lang/NoClassDefFoundError'{0x00000000e2b92280}: org/cyclonedx/gradle/CycloneDxPlugin> (0x00000000e2b92280) 
thrown [s\src\hotspot\share\oops\constantPool.cpp, line 835]

VM Operations (20 events):
Event: 15.910 Executing VM operation: HandshakeAllThreads
Event: 15.910 Executing VM operation: HandshakeAllThreads done
Event: 15.927 Executing VM operation: ICBufferFull
Event: 15.928 Executing VM operation: ICBufferFull done
Event: 16.013 Executing VM operation: CollectForMetadataAllocation
Event: 16.133 Executing VM operation: CollectForMetadataAllocation done
Event: 16.433 Executing VM operation: HandshakeAllThreads
Event: 16.433 Executing VM operation: HandshakeAllThreads done
Event: 16.465 Executing VM operation: HandshakeAllThreads
Event: 16.465 Executing VM operation: HandshakeAllThreads done
Event: 16.466 Executing VM operation: HandshakeAllThreads
Event: 16.466 Executing VM operation: HandshakeAllThreads done
Event: 16.599 Executing VM operation: ICBufferFull
Event: 16.599 Executing VM operation: ICBufferFull done
Event: 17.075 Executing VM operation: ICBufferFull
Event: 17.075 Executing VM operation: ICBufferFull done
Event: 17.151 Executing VM operation: HandshakeAllThreads
Event: 17.152 Executing VM operation: HandshakeAllThreads done
Event: 17.372 Executing VM operation: ICBufferFull
Event: 17.372 Executing VM operation: ICBufferFull done

Events (20 events):
Event: 16.983 loading class java/io/FileBeanInfo
Event: 16.983 loading class java/io/FileBeanInfo done
Event: 16.983 loading class java/io/FileCustomizer
Event: 16.983 loading class java/io/FileCustomizer done
Event: 16.983 loading class java/io/FileCustomizer
Event: 16.983 loading class java/io/FileCustomizer done
Event: 17.153 Thread 0x000001826f54a1f0 Thread added: 0x000001826f54a1f0
Event: 17.154 Thread 0x000001826f54ac10 Thread added: 0x000001826f54ac10
Event: 17.154 Thread 0x000001826f54bb40 Thread added: 0x000001826f54bb40
Event: 17.154 Thread 0x000001826f54ca70 Thread added: 0x000001826f54ca70
Event: 17.154 Thread 0x000001826f5492c0 Thread added: 0x000001826f5492c0
Event: 17.155 Thread 0x000001826f54cf80 Thread added: 0x000001826f54cf80
Event: 17.155 Thread 0x000001826f54d490 Thread added: 0x000001826f54d490
Event: 17.194 Thread 0x000001826f54d9a0 Thread added: 0x000001826f54d9a0
Event: 17.194 Thread 0x00000182589ce930 Thread added: 0x00000182589ce930
Event: 17.195 Thread 0x00000182589ce420 Thread added: 0x00000182589ce420
Event: 17.195 Thread 0x00000182589cee40 Thread added: 0x00000182589cee40
Event: 17.196 Thread 0x00000182589cdf10 Thread added: 0x00000182589cdf10
Event: 17.197 Thread 0x00000182589cf350 Thread added: 0x00000182589cf350
Event: 17.198 Thread 0x00000182589cda00 Thread added: 0x00000182589cda00


Dynamic libraries:
0x00007ff66cb60000 - 0x00007ff66cb6e000 	C:\Program Files\Eclipse Adoptium\jdk-17.0.8.7-hotspot\bin\java.exe
0x00007ffc5fc60000 - 0x00007ffc5fec7000 	C:\WINDOWS\SYSTEM32\ntdll.dll
0x00007ffc5e3b0000 - 0x00007ffc5e479000 	C:\WINDOWS\System32\KERNEL32.DLL
0x00007ffc5d540000 - 0x00007ffc5d930000 	C:\WINDOWS\System32\KERNELBASE.dll
0x00007ffc56710000 - 0x00007ffc567ae000 	C:\WINDOWS\SYSTEM32\apphelp.dll
0x00007ffc5cf70000 - 0x00007ffc5d0bb000 	C:\WINDOWS\System32\ucrtbase.dll
0x00007ffc454d0000 - 0x00007ffc454e7000 	C:\Program Files\Eclipse Adoptium\jdk-17.0.8.7-hotspot\bin\jli.dll
0x00007ffc44860000 - 0x00007ffc44879000 	C:\Program Files\Eclipse Adoptium\jdk-17.0.8.7-hotspot\bin\VCRUNTIME140.dll
0x00007ffc5e180000 - 0x00007ffc5e345000 	C:\WINDOWS\System32\USER32.dll
0x00007ffc5d510000 - 0x00007ffc5d537000 	C:\WINDOWS\System32\win32u.dll
0x00007ffc5f6e0000 - 0x00007ffc5f70b000 	C:\WINDOWS\System32\GDI32.dll
0x00007ffc5ce30000 - 0x00007ffc5cf68000 	C:\WINDOWS\System32\gdi32full.dll
0x00007ffc5d940000 - 0x00007ffc5d9e3000 	C:\WINDOWS\System32\msvcp_win.dll
0x00007ffc44a20000 - 0x00007ffc44cba000 	C:\WINDOWS\WinSxS\amd64_microsoft.windows.common-controls_6595b64144ccf1df_6.0.26100.4768_none_3e0c112ce331287c\COMCTL32.dll
0x00007ffc5f8d0000 - 0x00007ffc5f979000 	C:\WINDOWS\System32\msvcrt.dll
0x00007ffc5f890000 - 0x00007ffc5f8bf000 	C:\WINDOWS\System32\IMM32.DLL
0x00007ffc563f0000 - 0x00007ffc563fc000 	C:\Program Files\Eclipse Adoptium\jdk-17.0.8.7-hotspot\bin\vcruntime140_1.dll
0x00007ffc43f50000 - 0x00007ffc43fe1000 	C:\Program Files\Eclipse Adoptium\jdk-17.0.8.7-hotspot\bin\msvcp140.dll
0x00007ffbee6c0000 - 0x00007ffbef30c000 	C:\Program Files\Eclipse Adoptium\jdk-17.0.8.7-hotspot\bin\server\jvm.dll
0x00007ffc5d9f0000 - 0x00007ffc5daa4000 	C:\WINDOWS\System32\ADVAPI32.dll
0x00007ffc5f980000 - 0x00007ffc5fa26000 	C:\WINDOWS\System32\sechost.dll
0x00007ffc5e060000 - 0x00007ffc5e178000 	C:\WINDOWS\System32\RPCRT4.dll
0x00007ffc5cb40000 - 0x00007ffc5cb9e000 	C:\WINDOWS\SYSTEM32\POWRPROF.dll
0x00007ffc51850000 - 0x00007ffc51885000 	C:\WINDOWS\SYSTEM32\WINMM.dll
0x00007ffc4a1a0000 - 0x00007ffc4a1ab000 	C:\WINDOWS\SYSTEM32\VERSION.dll
0x00007ffc41660000 - 0x00007ffc4166a000 	C:\WINDOWS\SYSTEM32\WSOCK32.dll
0x00007ffc5f810000 - 0x00007ffc5f884000 	C:\WINDOWS\System32\WS2_32.dll
0x00007ffc5cb20000 - 0x00007ffc5cb34000 	C:\WINDOWS\SYSTEM32\UMPDC.dll
0x00007ffc5bb10000 - 0x00007ffc5bb2b000 	C:\WINDOWS\SYSTEM32\kernel.appcore.dll
0x00007ffc4a1b0000 - 0x00007ffc4a1ba000 	C:\Program Files\Eclipse Adoptium\jdk-17.0.8.7-hotspot\bin\jimage.dll
0x00007ffc5a480000 - 0x00007ffc5a6c1000 	C:\WINDOWS\SYSTEM32\DBGHELP.DLL
0x00007ffc5dab0000 - 0x00007ffc5de35000 	C:\WINDOWS\System32\combase.dll
0x00007ffc5fa30000 - 0x00007ffc5fb10000 	C:\WINDOWS\System32\OLEAUT32.dll
0x00007ffc22c30000 - 0x00007ffc22c73000 	C:\WINDOWS\SYSTEM32\dbgcore.DLL
0x00007ffc5cd90000 - 0x00007ffc5ce29000 	C:\WINDOWS\System32\bcryptPrimitives.dll
0x00007ffc43df0000 - 0x00007ffc43dfe000 	C:\Program Files\Eclipse Adoptium\jdk-17.0.8.7-hotspot\bin\instrument.dll
0x00007ffc44830000 - 0x00007ffc44855000 	C:\Program Files\Eclipse Adoptium\jdk-17.0.8.7-hotspot\bin\java.dll
0x00007ffc2e920000 - 0x00007ffc2e9f6000 	C:\Program Files\Eclipse Adoptium\jdk-17.0.8.7-hotspot\bin\jsvml.dll
0x00007ffc5ef00000 - 0x00007ffc5f64d000 	C:\WINDOWS\System32\SHELL32.dll
0x00007ffc5d150000 - 0x00007ffc5d2c3000 	C:\WINDOWS\System32\wintypes.dll
0x00007ffc5a990000 - 0x00007ffc5b1f0000 	C:\WINDOWS\SYSTEM32\windows.storage.dll
0x00007ffc5fb20000 - 0x00007ffc5fc15000 	C:\WINDOWS\System32\SHCORE.dll
0x00007ffc5e790000 - 0x00007ffc5e7fa000 	C:\WINDOWS\System32\shlwapi.dll
0x00007ffc5ccb0000 - 0x00007ffc5ccd9000 	C:\WINDOWS\SYSTEM32\profapi.dll
0x00007ffc44740000 - 0x00007ffc44758000 	C:\Program Files\Eclipse Adoptium\jdk-17.0.8.7-hotspot\bin\zip.dll
0x00007ffc447f0000 - 0x00007ffc44809000 	C:\Program Files\Eclipse Adoptium\jdk-17.0.8.7-hotspot\bin\net.dll
0x00007ffc4b580000 - 0x00007ffc4b69e000 	C:\WINDOWS\SYSTEM32\WINHTTP.dll
0x00007ffc5c0a0000 - 0x00007ffc5c10b000 	C:\WINDOWS\system32\mswsock.dll
0x00007ffc44760000 - 0x00007ffc44775000 	C:\Program Files\Eclipse Adoptium\jdk-17.0.8.7-hotspot\bin\nio.dll
0x00007ffc44820000 - 0x00007ffc44830000 	C:\Program Files\Eclipse Adoptium\jdk-17.0.8.7-hotspot\bin\verify.dll
0x00007ffc46540000 - 0x00007ffc46567000 	C:\Users\jkhong\.gradle\native\c067742578af261105cb4f569cf0c3c89f3d7b1fecec35dd04571415982c5e48\windows-amd64\native-platform.dll
0x00007ffbf1220000 - 0x00007ffbf1364000 	C:\Users\jkhong\.gradle\native\100fb08df4bc3b14c8652ba06237920a3bd2aa13389f12d3474272988ae205f9\windows-amd64\native-platform-file-events.dll
0x00007ffc46570000 - 0x00007ffc46579000 	C:\Program Files\Eclipse Adoptium\jdk-17.0.8.7-hotspot\bin\management.dll
0x00007ffc46400000 - 0x00007ffc4640b000 	C:\Program Files\Eclipse Adoptium\jdk-17.0.8.7-hotspot\bin\management_ext.dll
0x00007ffc5e500000 - 0x00007ffc5e508000 	C:\WINDOWS\System32\PSAPI.DLL
0x00007ffc5c360000 - 0x00007ffc5c37b000 	C:\WINDOWS\SYSTEM32\CRYPTSP.dll
0x00007ffc5ba70000 - 0x00007ffc5baab000 	C:\WINDOWS\system32\rsaenh.dll
0x00007ffc5c140000 - 0x00007ffc5c16b000 	C:\WINDOWS\SYSTEM32\USERENV.dll
0x00007ffc5cc80000 - 0x00007ffc5cca6000 	C:\WINDOWS\SYSTEM32\bcrypt.dll
0x00007ffc5c380000 - 0x00007ffc5c38c000 	C:\WINDOWS\SYSTEM32\CRYPTBASE.dll
0x00007ffc5b680000 - 0x00007ffc5b6b3000 	C:\WINDOWS\SYSTEM32\IPHLPAPI.DLL
0x00007ffc5eef0000 - 0x00007ffc5eefa000 	C:\WINDOWS\System32\NSI.dll
0x00007ffc4b7b0000 - 0x00007ffc4b7cf000 	C:\WINDOWS\SYSTEM32\dhcpcsvc6.DLL
0x00007ffc4b6b0000 - 0x00007ffc4b6d5000 	C:\WINDOWS\SYSTEM32\dhcpcsvc.DLL
0x00007ffc5b6c0000 - 0x00007ffc5b7e6000 	C:\WINDOWS\SYSTEM32\DNSAPI.dll
0x00007ffc463a0000 - 0x00007ffc463ae000 	C:\Program Files\Eclipse Adoptium\jdk-17.0.8.7-hotspot\bin\sunmscapi.dll
0x00007ffc5d2d0000 - 0x00007ffc5d447000 	C:\WINDOWS\System32\CRYPT32.dll
0x00007ffc5c580000 - 0x00007ffc5c5b0000 	C:\WINDOWS\SYSTEM32\ncrypt.dll
0x00007ffc5c530000 - 0x00007ffc5c56f000 	C:\WINDOWS\SYSTEM32\NTASN1.dll
0x00007ffbd4b40000 - 0x00007ffbd4b48000 	C:\WINDOWS\system32\wshunix.dll

dbghelp: loaded successfully - version: 4.0.5 - missing functions: none
symbol engine: initialized successfully - sym options: 0x614 - pdb path: .;C:\Program Files\Eclipse Adoptium\jdk-17.0.8.7-hotspot\bin;C:\WINDOWS\SYSTEM32;C:\WINDOWS\WinSxS\amd64_microsoft.windows.common-controls_6595b64144ccf1df_6.0.26100.4768_none_3e0c112ce331287c;C:\Program Files\Eclipse Adoptium\jdk-17.0.8.7-hotspot\bin\server;C:\Users\jkhong\.gradle\native\c067742578af261105cb4f569cf0c3c89f3d7b1fecec35dd04571415982c5e48\windows-amd64;C:\Users\jkhong\.gradle\native\100fb08df4bc3b14c8652ba06237920a3bd2aa13389f12d3474272988ae205f9\windows-amd64

VM Arguments:
jvm_args: -XX:MaxMetaspaceSize=256m -XX:+UseSerialGC --add-opens=java.base/java.util=ALL-UNNAMED --add-opens=java.base/java.lang=ALL-UNNAMED --add-opens=java.base/java.lang.invoke=ALL-UNNAMED --add-opens=java.prefs/java.util.prefs=ALL-UNNAMED --add-exports=jdk.compiler/com.sun.tools.javac.api=ALL-UNNAMED --add-exports=jdk.compiler/com.sun.tools.javac.util=ALL-UNNAMED --add-opens=java.base/java.nio.charset=ALL-UNNAMED --add-opens=java.base/java.net=ALL-UNNAMED --add-opens=java.base/java.util.concurrent.atomic=ALL-UNNAMED -Xms256m -Xmx512m -Dfile.encoding=UTF-8 -Duser.country=KR -Duser.language=ko -Duser.variant -javaagent:C:\Users\jkhong\.gradle\wrapper\dists\gradle-8.10.2-bin\a04bxjujx95o3nb99gddekhwo\gradle-8.10.2\lib\agents\gradle-instrumentation-agent-8.10.2.jar 
java_command: org.gradle.launcher.daemon.bootstrap.GradleDaemon 8.10.2
java_class_path (initial): C:\Users\jkhong\.gradle\wrapper\dists\gradle-8.10.2-bin\a04bxjujx95o3nb99gddekhwo\gradle-8.10.2\lib\gradle-daemon-main-8.10.2.jar
Launcher Type: SUN_STANDARD

[Global flags]
     intx CICompilerCount                          = 4                                         {product} {ergonomic}
   size_t CompressedClassSpaceSize                 = 218103808                                 {product} {ergonomic}
   size_t InitialHeapSize                          = 268435456                                 {product} {command line}
   size_t MaxHeapSize                              = 536870912                                 {product} {command line}
   size_t MaxMetaspaceSize                         = 268435456                                 {product} {command line}
   size_t MaxNewSize                               = 178913280                                 {product} {ergonomic}
   size_t MinHeapDeltaBytes                        = 196608                                    {product} {ergonomic}
   size_t MinHeapSize                              = 268435456                                 {product} {command line}
   size_t NewSize                                  = 89456640                                  {product} {ergonomic}
    uintx NonNMethodCodeHeapSize                   = 5839372                                {pd product} {ergonomic}
    uintx NonProfiledCodeHeapSize                  = 122909434                              {pd product} {ergonomic}
   size_t OldSize                                  = 178978816                                 {product} {ergonomic}
    uintx ProfiledCodeHeapSize                     = 122909434                              {pd product} {ergonomic}
    uintx ReservedCodeCacheSize                    = 251658240                              {pd product} {ergonomic}
     bool SegmentedCodeCache                       = true                                      {product} {ergonomic}
   size_t SoftMaxHeapSize                          = 536870912                              {manageable} {ergonomic}
     bool UseCompressedClassPointers               = true                           {product lp64_product} {ergonomic}
     bool UseCompressedOops                        = true                           {product lp64_product} {ergonomic}
     bool UseLargePagesIndividualAllocation        = false                                  {pd product} {ergonomic}
     bool UseSerialGC                              = true                                      {product} {command line}

Logging:
Log output configuration:
 #0: stdout all=warning uptime,level,tags
 #1: stderr all=off uptime,level,tags

Environment Variables:
JAVA_HOME=C:\Program Files\Eclipse Adoptium\jdk-17.0.8.7-hotspot
PATH=c:\Dev_Tools\cursor\resources\app\bin;C:\Python312\Scripts\;C:\Python312\;C:\Program Files\Eclipse Adoptium\jdk-17.0.8.7-hotspot\bin;C:\Program Files (x86)\VMware\VMware Player\bin\;C:\Program Files\AdoptOpenJDK\jdk-8.0.292.10-hotspot\bin;C:\Program Files\AdoptOpenJDK\jdk-11.0.11.9-hotspot\bin;C:\WINDOWS\system32;C:\WINDOWS;C:\WINDOWS\System32\Wbem;C:\WINDOWS\System32\WindowsPowerShell\v1.0\;C:\WINDOWS\System32\OpenSSH\;C:\Program Files (x86)\Microsoft SQL Server\150\DTS\Binn\;C:\Program Files\Azure Data Studio\bin;C:\Program Files (x86)\CrSSL\bin;C:\Program Files\Git\cmd;C:\Program Files\dotnet\;C:\Program Files\nodejs\;C:\ProgramData\chocolatey\bin;C:\Dev_Tools\gradle-8.9\bin;C:\Users\jkhong\AppData\Local\Microsoft\WindowsApps;C:\Program Files\Bandizip\;C:\Program Files\JetBrains\IntelliJ IDEA Community Edition 2023.1.1\bin;;C:\Users\jkhong\AppData\Roaming\npm;C:\Program Files\GitHub CLI\;C:\WINDOWS\system32;C:\WINDOWS;C:\WINDOWS\System32\Wbem;C:\WINDOWS\System32\WindowsPowerShell\v1.0\;C:\WINDOWS\System32\OpenSSH\;C:\Users\jkhong\.jbang\bin;C:\Users\jkhong\AppData\Local\Programs\Microsoft VS Code\bin;D:\Dev_Tools\apache-maven-3.9.6\bin;C:\Users\jkhong\.dotnet\tools;C:\Users\jkhong\AppData\Local\Programs\Kiro\bin
USERNAME=jkhong
OS=Windows_NT
PROCESSOR_IDENTIFIER=Intel64 Family 6 Model 140 Stepping 1, GenuineIntel
TMP=C:\Users\jkhong\AppData\Local\Temp
TEMP=C:\Users\jkhong\AppData\Local\Temp



---------------  S Y S T E M  ---------------

OS:
 Windows 11 , 64 bit Build 26100 (10.0.26100.4768)
OS uptime: 1 days 6:13 hours

CPU: total 8 (initial active 8) (4 cores per cpu, 2 threads per core) family 6 model 140 stepping 1 microcode 0xbc, cx8, cmov, fxsr, ht, mmx, 3dnowpref, sse, sse2, sse3, ssse3, sse4.1, sse4.2, popcnt, lzcnt, tsc, tscinvbit, avx, avx2, aes, erms, clmul, bmi1, bmi2, adx, avx512f, avx512dq, avx512cd, avx512bw, avx512vl, sha, fma, vzeroupper, avx512_vpopcntdq, avx512_vpclmulqdq, avx512_vaes, avx512_vnni, clflush, clflushopt, clwb, avx512_vbmi2, avx512_vbmi
Processor Information for all 8 processors :
  Max Mhz: 2803, Current Mhz: 1201, Mhz Limit: 1177

Memory: 4k page, system-wide physical 16103M (4325M free)
TotalPageFile size 18151M (AvailPageFile size 7M)
current process WorkingSet (physical memory assigned to process): 343M, peak: 348M
current process commit charge ("private bytes"): 459M, peak: 465M

vm_info: OpenJDK 64-Bit Server VM (17.0.8+7) for windows-amd64 JRE (17.0.8+7), built on Jul 18 2023 21:02:32 by "admin" with MS VC++ 16.7 (VS2019)

END.
