#
# There is insufficient memory for the Java Runtime Environment to continue.
# Native memory allocation (malloc) failed to allocate 1048576 bytes. Error detail: AllocateHeap
# Possible reasons:
#   The system is out of physical RAM or swap space
#   This process is running with CompressedOops enabled, and the Java Heap may be blocking the growth of the native heap
# Possible solutions:
#   Reduce memory load on the system
#   Increase physical memory or swap space
#   Check if swap backing store is full
#   Decrease Java heap size (-Xmx/-Xms)
#   Decrease number of Java threads
#   Decrease Java thread stack sizes (-Xss)
#   Set larger code cache with -XX:ReservedCodeCacheSize=
#   JVM is running with Unscaled Compressed Oops mode in which the Java heap is
#     placed in the first 4GB address space. The Java Heap base address is the
#     maximum limit for the native heap growth. Please use -XX:HeapBaseMinAddress
#     to set the Java Heap base and to place the Java Heap above 4GB virtual address.
# This output file may be truncated or incomplete.
#
#  Out of Memory Error (allocation.cpp:44), pid=32584, tid=29248
#
# JRE version: OpenJDK Runtime Environment Temurin-21.0.8+9 (21.0.8+9) (build 21.0.8+9-LTS)
# Java VM: OpenJDK 64-Bit Server VM Temurin-21.0.8+9 (21.0.8+9-LTS, mixed mode, sharing, tiered, compressed oops, compressed class ptrs, parallel gc, windows-amd64)
# No core dump will be written. Minidumps are not enabled by default on client versions of Windows
#

---------------  S U M M A R Y ------------

Command Line: --add-modules=ALL-SYSTEM --add-opens=java.base/java.util=ALL-UNNAMED --add-opens=java.base/java.lang=ALL-UNNAMED --add-opens=java.base/sun.nio.fs=ALL-UNNAMED -Declipse.application=org.eclipse.jdt.ls.core.id1 -Dosgi.bundles.defaultStartLevel=4 -Declipse.product=org.eclipse.jdt.ls.core.product -Djava.import.generatesMetadataFilesAtProjectRoot=false -DDetectVMInstallationsJob.disabled=true -Dfile.encoding=utf8 -XX:+UseParallelGC -XX:GCTimeRatio=4 -XX:AdaptiveSizePolicyWeight=90 -Dsun.zip.disableMemoryMapping=true -Xmx2G -Xms100m -Xlog:disable -javaagent:c:\Users\jkhong\.vscode\extensions\redhat.java-1.44.0-win32-x64\lombok\lombok-1.18.39-4050.jar -XX:+HeapDumpOnOutOfMemoryError -XX:HeapDumpPath=c:\Users\jkhong\AppData\Roaming\Code\User\workspaceStorage\789e039bc4c303efc34b37208eec97cc\redhat.java -Daether.dependencyCollector.impl=bf c:\Users\jkhong\.vscode\extensions\redhat.java-1.44.0-win32-x64\server\plugins\org.eclipse.equinox.launcher_1.7.0.v20250519-0528.jar -configuration c:\Users\jkhong\AppData\Roaming\Code\User\globalStorage\redhat.java\1.44.0\config_win -data c:\Users\jkhong\AppData\Roaming\Code\User\workspaceStorage\789e039bc4c303efc34b37208eec97cc\redhat.java\jdt_ws --pipe=\\.\pipe\lsp-7166e921d67d936d3ab8a853bed61dce-sock

Host: 11th Gen Intel(R) Core(TM) i7-1165G7 @ 2.80GHz, 8 cores, 15G,  Windows 11 , 64 bit Build 26100 (10.0.26100.4768)
Time: Fri Aug 29 15:24:20 2025 elapsed time: 21351.424677 seconds (0d 5h 55m 51s)

---------------  T H R E A D  ---------------

Current thread (0x00000236e9dd6f40):  JavaThread "Attach Listener" daemon [_thread_in_vm, id=29248, stack(0x000000db7c300000,0x000000db7c400000) (1024K)]

Stack: [0x000000db7c300000,0x000000db7c400000]
Native frames: (J=compiled Java code, j=interpreted, Vv=VM code, C=native code)
V  [jvm.dll+0x6d2449]
V  [jvm.dll+0x8ae341]
V  [jvm.dll+0x8b08be]
V  [jvm.dll+0x8b0fa3]
V  [jvm.dll+0x280c96]
V  [jvm.dll+0xc0347]
V  [jvm.dll+0x6d2cf9]
V  [jvm.dll+0x131116]
V  [jvm.dll+0x3f2d16]
V  [jvm.dll+0x857e6b]
V  [jvm.dll+0x6d0b0d]
C  [ucrtbase.dll+0x37b0]
C  [KERNEL32.DLL+0x2e8d7]
C  [ntdll.dll+0x3c34c]


---------------  P R O C E S S  ---------------

Threads class SMR info:
_java_thread_list=0x00000236cb8898b0, length=47, elements={
0x00000236e7aa1220, 0x00000236e9dcea10, 0x00000236e9dd19e0, 0x00000236e9dd6070,
0x00000236e9dd6f40, 0x00000236e9dd99a0, 0x00000236e9ddc400, 0x00000236e9ddf240,
0x00000236e9de30f0, 0x00000236fe141520, 0x00000236fe3c85c0, 0x00000236fea8ae70,
0x00000236feaaf2a0, 0x00000236feb378f0, 0x00000236fecc0400, 0x00000236feace000,
0x00000236fede51e0, 0x00000236ff23f0d0, 0x00000236ff23e3b0, 0x00000236ff240b10,
0x00000236c91c00f0, 0x00000236c91c1b30, 0x00000236c91c0780, 0x00000236c91c2850,
0x00000236c91c3c00, 0x00000236c91c4290, 0x00000236c91c0e10, 0x00000236c91c5640,
0x00000236c91c4920, 0x00000236c91c4fb0, 0x00000236c91c21c0, 0x00000236c91c5cd0,
0x00000236c91c3570, 0x00000236fe987c40, 0x00000236fe988960, 0x00000236fe986f20,
0x00000236fe986200, 0x00000236fe9854e0, 0x00000236fe988ff0, 0x00000236fe985b70,
0x00000236ce570860, 0x00000236ce56ee20, 0x00000236ce570ef0, 0x00000236ce572fc0,
0x00000236fe98a3a0, 0x00000236fe98aa30, 0x00000236ce5701d0
}

Java Threads: ( => current thread )
  0x00000236e7aa1220 JavaThread "main"                              [_thread_blocked, id=16992, stack(0x000000db7bc00000,0x000000db7bd00000) (1024K)]
  0x00000236e9dcea10 JavaThread "Reference Handler"          daemon [_thread_blocked, id=32312, stack(0x000000db7c000000,0x000000db7c100000) (1024K)]
  0x00000236e9dd19e0 JavaThread "Finalizer"                  daemon [_thread_blocked, id=10008, stack(0x000000db7c100000,0x000000db7c200000) (1024K)]
  0x00000236e9dd6070 JavaThread "Signal Dispatcher"          daemon [_thread_blocked, id=27744, stack(0x000000db7c200000,0x000000db7c300000) (1024K)]
=>0x00000236e9dd6f40 JavaThread "Attach Listener"            daemon [_thread_in_vm, id=29248, stack(0x000000db7c300000,0x000000db7c400000) (1024K)]
  0x00000236e9dd99a0 JavaThread "Service Thread"             daemon [_thread_blocked, id=34760, stack(0x000000db7c400000,0x000000db7c500000) (1024K)]
  0x00000236e9ddc400 JavaThread "Monitor Deflation Thread"   daemon [_thread_blocked, id=2868, stack(0x000000db7c500000,0x000000db7c600000) (1024K)]
  0x00000236e9ddf240 JavaThread "C2 CompilerThread0"         daemon [_thread_blocked, id=25544, stack(0x000000db7c600000,0x000000db7c700000) (1024K)]
  0x00000236e9de30f0 JavaThread "C1 CompilerThread0"         daemon [_thread_blocked, id=32224, stack(0x000000db7c700000,0x000000db7c800000) (1024K)]
  0x00000236fe141520 JavaThread "Common-Cleaner"             daemon [_thread_blocked, id=12688, stack(0x000000db7c800000,0x000000db7c900000) (1024K)]
  0x00000236fe3c85c0 JavaThread "Notification Thread"        daemon [_thread_blocked, id=1272, stack(0x000000db7c900000,0x000000db7ca00000) (1024K)]
  0x00000236fea8ae70 JavaThread "Active Thread: Equinox Container: 29988506-2e43-4489-a0e9-f49fc0545ee3"        [_thread_blocked, id=22200, stack(0x000000db7d200000,0x000000db7d300000) (1024K)]
  0x00000236feaaf2a0 JavaThread "Refresh Thread: Equinox Container: 29988506-2e43-4489-a0e9-f49fc0545ee3" daemon [_thread_blocked, id=14532, stack(0x000000db7d400000,0x000000db7d500000) (1024K)]
  0x00000236feb378f0 JavaThread "Framework Event Dispatcher: Equinox Container: 29988506-2e43-4489-a0e9-f49fc0545ee3" daemon [_thread_blocked, id=36324, stack(0x000000db7d500000,0x000000db7d600000) (1024K)]
  0x00000236fecc0400 JavaThread "Start Level: Equinox Container: 29988506-2e43-4489-a0e9-f49fc0545ee3" daemon [_thread_blocked, id=26576, stack(0x000000db7d600000,0x000000db7d700000) (1024K)]
  0x00000236feace000 JavaThread "Bundle File Closer"         daemon [_thread_blocked, id=10096, stack(0x000000db7d700000,0x000000db7d800000) (1024K)]
  0x00000236fede51e0 JavaThread "SCR Component Actor"        daemon [_thread_blocked, id=29748, stack(0x000000db7cb00000,0x000000db7cc00000) (1024K)]
  0x00000236ff23f0d0 JavaThread "Worker-JM"                         [_thread_blocked, id=33964, stack(0x000000db7d900000,0x000000db7da00000) (1024K)]
  0x00000236ff23e3b0 JavaThread "Java indexing"              daemon [_thread_blocked, id=4448, stack(0x000000db7de00000,0x000000db7df00000) (1024K)]
  0x00000236ff240b10 JavaThread "JNA Cleaner"                daemon [_thread_blocked, id=26648, stack(0x000000db7e000000,0x000000db7e100000) (1024K)]
  0x00000236c91c00f0 JavaThread "Thread-2"                   daemon [_thread_in_native, id=5156, stack(0x000000db7e500000,0x000000db7e600000) (1024K)]
  0x00000236c91c1b30 JavaThread "Thread-3"                   daemon [_thread_in_native, id=30712, stack(0x000000db7e600000,0x000000db7e700000) (1024K)]
  0x00000236c91c0780 JavaThread "Thread-4"                   daemon [_thread_in_native, id=28380, stack(0x000000db7e700000,0x000000db7e800000) (1024K)]
  0x00000236c91c2850 JavaThread "Thread-5"                   daemon [_thread_in_native, id=30588, stack(0x000000db7e800000,0x000000db7e900000) (1024K)]
  0x00000236c91c3c00 JavaThread "Thread-6"                   daemon [_thread_in_native, id=21076, stack(0x000000db7e900000,0x000000db7ea00000) (1024K)]
  0x00000236c91c4290 JavaThread "Thread-7"                   daemon [_thread_in_native, id=34120, stack(0x000000db7ea00000,0x000000db7eb00000) (1024K)]
  0x00000236c91c0e10 JavaThread "Thread-8"                   daemon [_thread_in_native, id=35156, stack(0x000000db7eb00000,0x000000db7ec00000) (1024K)]
  0x00000236c91c5640 JavaThread "Thread-9"                   daemon [_thread_in_native, id=35516, stack(0x000000db7ec00000,0x000000db7ed00000) (1024K)]
  0x00000236c91c4920 JavaThread "Thread-10"                  daemon [_thread_in_native, id=11612, stack(0x000000db7ed00000,0x000000db7ee00000) (1024K)]
  0x00000236c91c4fb0 JavaThread "pool-2-thread-1"                   [_thread_blocked, id=11576, stack(0x000000db7ee00000,0x000000db7ef00000) (1024K)]
  0x00000236c91c21c0 JavaThread "WorkspaceEventsHandler"            [_thread_blocked, id=22420, stack(0x000000db7f000000,0x000000db7f100000) (1024K)]
  0x00000236c91c5cd0 JavaThread "pool-1-thread-1"                   [_thread_blocked, id=36648, stack(0x000000db7f100000,0x000000db7f200000) (1024K)]
  0x00000236c91c3570 JavaThread "Timer-0"                           [_thread_blocked, id=30448, stack(0x000000db7ba00000,0x000000db7bb00000) (1024K)]
  0x00000236fe987c40 JavaThread "Timer-1"                           [_thread_blocked, id=25072, stack(0x000000db7bb00000,0x000000db7bc00000) (1024K)]
  0x00000236fe988960 JavaThread "Timer-2"                           [_thread_blocked, id=9220, stack(0x000000db7ca00000,0x000000db7cb00000) (1024K)]
  0x00000236fe986f20 JavaThread "Timer-3"                           [_thread_blocked, id=33188, stack(0x000000db7e300000,0x000000db7e400000) (1024K)]
  0x00000236fe986200 JavaThread "Timer-4"                           [_thread_blocked, id=10544, stack(0x000000db7f200000,0x000000db7f300000) (1024K)]
  0x00000236fe9854e0 JavaThread "Timer-5"                           [_thread_blocked, id=35068, stack(0x000000db7df00000,0x000000db7e000000) (1024K)]
  0x00000236fe988ff0 JavaThread "Timer-6"                           [_thread_blocked, id=32644, stack(0x000000db7f300000,0x000000db7f400000) (1024K)]
  0x00000236fe985b70 JavaThread "Timer-7"                           [_thread_blocked, id=33688, stack(0x000000db7f600000,0x000000db7f700000) (1024K)]
  0x00000236ce570860 JavaThread "Java Debug Server"          daemon [_thread_in_native, id=13164, stack(0x000000db00300000,0x000000db00400000) (1024K)]
  0x00000236ce56ee20 JavaThread "RxSchedulerPurge-1"         daemon [_thread_blocked, id=30336, stack(0x000000db00500000,0x000000db00600000) (1024K)]
  0x00000236ce570ef0 JavaThread "RxCachedWorkerPoolEvictor-1" daemon [_thread_blocked, id=8676, stack(0x000000db00600000,0x000000db00700000) (1024K)]
  0x00000236ce572fc0 JavaThread "Cleaner-0"                  daemon [_thread_blocked, id=4668, stack(0x000000db01300000,0x000000db01400000) (1024K)]
  0x00000236fe98a3a0 JavaThread "Worker-23"                         [_thread_blocked, id=35836, stack(0x000000db00000000,0x000000db00100000) (1024K)]
  0x00000236fe98aa30 JavaThread "Worker-24"                         [_thread_blocked, id=18348, stack(0x000000db00200000,0x000000db00300000) (1024K)]
  0x00000236ce5701d0 JavaThread "ForkJoinPool.commonPool-worker-38" daemon [_thread_blocked, id=4952, stack(0x000000db00100000,0x000000db00200000) (1024K)]
Total: 47

Other Threads:
  0x00000236e9dc3a00 VMThread "VM Thread"                           [id=12496, stack(0x000000db7bf00000,0x000000db7c000000) (1024K)]
  0x00000236e9ec6a90 WatcherThread "VM Periodic Task Thread"        [id=33256, stack(0x000000db7be00000,0x000000db7bf00000) (1024K)]
  0x00000236e9e792c0 WorkerThread "GC Thread#0"                     [id=2160, stack(0x000000db7bd00000,0x000000db7be00000) (1024K)]
  0x00000236feb11460 WorkerThread "GC Thread#1"                     [id=31852, stack(0x000000db7cc00000,0x000000db7cd00000) (1024K)]
  0x00000236fec59f40 WorkerThread "GC Thread#2"                     [id=31988, stack(0x000000db7cd00000,0x000000db7ce00000) (1024K)]
  0x00000236fec5a2e0 WorkerThread "GC Thread#3"                     [id=14540, stack(0x000000db7ce00000,0x000000db7cf00000) (1024K)]
  0x00000236fec5a680 WorkerThread "GC Thread#4"                     [id=9008, stack(0x000000db7cf00000,0x000000db7d000000) (1024K)]
  0x00000236fec5aa20 WorkerThread "GC Thread#5"                     [id=31300, stack(0x000000db7d000000,0x000000db7d100000) (1024K)]
  0x00000236fec5adc0 WorkerThread "GC Thread#6"                     [id=30624, stack(0x000000db7d100000,0x000000db7d200000) (1024K)]
  0x00000236fec4d7a0 WorkerThread "GC Thread#7"                     [id=11148, stack(0x000000db7d300000,0x000000db7d400000) (1024K)]
Total: 10

Threads with active compile tasks:
Total: 0

VM state: not at safepoint (normal execution)

VM Mutex/Monitor currently owned by a thread: None

Heap address: 0x0000000080000000, size: 2048 MB, Compressed Oops mode: 32-bit

CDS archive(s) mapped at: [0x0000023684000000-0x0000023684ba0000-0x0000023684ba0000), size 12189696, SharedBaseAddress: 0x0000023684000000, ArchiveRelocationMode: 1.
Compressed class space mapped at: 0x0000023685000000-0x00000236c5000000, reserved size: 1073741824
Narrow klass base: 0x0000023684000000, Narrow klass shift: 0, Narrow klass range: 0x100000000

GC Precious Log:
 CardTable entry size: 512
 CPUs: 8 total, 8 available
 Memory: 16103M
 Large Page Support: Disabled
 NUMA Support: Disabled
 Compressed Oops: Enabled (32-bit)
 Alignments: Space 512K, Generation 512K, Heap 2M
 Heap Min Capacity: 100M
 Heap Initial Capacity: 100M
 Heap Max Capacity: 2G
 Pre-touch: Disabled
 Parallel Workers: 8

Heap:
 PSYoungGen      total 6656K, used 1209K [0x00000000d5580000, 0x00000000d5e00000, 0x0000000100000000)
  eden space 6144K, 11% used [0x00000000d5580000,0x00000000d562e508,0x00000000d5b80000)
  from space 512K, 100% used [0x00000000d5d80000,0x00000000d5e00000,0x00000000d5e00000)
  to   space 1024K, 0% used [0x00000000d5c00000,0x00000000d5c00000,0x00000000d5d00000)
 ParOldGen       total 1020416K, used 264265K [0x0000000080000000, 0x00000000be480000, 0x00000000d5580000)
  object space 1020416K, 25% used [0x0000000080000000,0x0000000090212610,0x00000000be480000)
 Metaspace       used 101541K, committed 103104K, reserved 1179648K
  class space    used 11609K, committed 12288K, reserved 1048576K

Card table byte_map: [0x00000236e97f0000,0x00000236e9c00000] _byte_map_base: 0x00000236e93f0000

Marking Bits: (ParMarkBitMap*) 0x00007ffbc155a340
 Begin Bits: [0x0000023680000000, 0x0000023682000000)
 End Bits:   [0x0000023682000000, 0x0000023684000000)

Polling page: 0x00000236e7d30000

Metaspace:

Usage:
  Non-class:     87.82 MB used.
      Class:     11.34 MB used.
       Both:     99.16 MB used.

Virtual space:
  Non-class space:      128.00 MB reserved,      88.69 MB ( 69%) committed,  2 nodes.
      Class space:        1.00 GB reserved,      12.00 MB (  1%) committed,  1 nodes.
             Both:        1.12 GB reserved,     100.69 MB (  9%) committed. 

Chunk freelists:
   Non-Class:  7.36 MB
       Class:  4.06 MB
        Both:  11.42 MB

MaxMetaspaceSize: unlimited
CompressedClassSpaceSize: 1.00 GB
Initial GC threshold: 21.00 MB
Current GC threshold: 165.00 MB
CDS: on
 - commit_granule_bytes: 65536.
 - commit_granule_words: 8192.
 - virtual_space_node_default_size: 8388608.
 - enlarge_chunks_in_place: 1.
 - use_allocation_guard: 0.


Internal statistics:

num_allocs_failed_limit: 9.
num_arena_births: 2286.
num_arena_deaths: 904.
num_vsnodes_births: 3.
num_vsnodes_deaths: 0.
num_space_committed: 1611.
num_space_uncommitted: 0.
num_chunks_returned_to_freelist: 1130.
num_chunks_taken_from_freelist: 7365.
num_chunk_merges: 344.
num_chunk_splits: 4277.
num_chunks_enlarged: 2508.
num_inconsistent_stats: 0.

CodeHeap 'non-profiled nmethods': size=120000Kb used=21117Kb max_used=23684Kb free=98882Kb
 bounds [0x00000236f4b10000, 0x00000236f6240000, 0x00000236fc040000]
CodeHeap 'profiled nmethods': size=120000Kb used=40362Kb max_used=46779Kb free=79637Kb
 bounds [0x00000236ed040000, 0x00000236efdf0000, 0x00000236f4570000]
CodeHeap 'non-nmethods': size=5760Kb used=1561Kb max_used=1692Kb free=4198Kb
 bounds [0x00000236f4570000, 0x00000236f47e0000, 0x00000236f4b10000]
CodeCache: size=245760Kb, used=63040Kb, max_used=72155Kb, free=182717Kb
 total_blobs=17616, nmethods=16734, adapters=783, full_count=0
Compilation: enabled, stopped_count=0, restarted_count=0

Compilation events (20 events):
Event: 21251.057 Thread 0x00000236e9de30f0 nmethod 21078 0x00000236ee16fa10 code [0x00000236ee170100, 0x00000236ee174940]
Event: 21251.057 Thread 0x00000236e9de30f0 21077   !   3       org.eclipse.jdt.internal.core.NameLookup::acceptType (147 bytes)
Event: 21251.058 Thread 0x00000236e9de30f0 nmethod 21077 0x00000236eedf2210 code [0x00000236eedf2500, 0x00000236eedf35e8]
Event: 21251.058 Thread 0x00000236e9de30f0 21079       3       org.eclipse.jdt.internal.core.BinaryType::isInterface (44 bytes)
Event: 21251.058 Thread 0x00000236e9de30f0 nmethod 21079 0x00000236ee9dbd90 code [0x00000236ee9dbfa0, 0x00000236ee9dc5f8]
Event: 21251.081 Thread 0x00000236e9ddf240 nmethod 21070 0x00000236f534ed10 code [0x00000236f534f0c0, 0x00000236f5350a50]
Event: 21251.088 Thread 0x00000236e9ddf240 21081   !   4       org.eclipse.jdt.internal.codeassist.impl.AssistParser::$SWITCH_TABLE$org$eclipse$jdt$internal$compiler$parser$TerminalToken (2080 bytes)
Event: 21251.091 Thread 0x00000236e9ddf240 nmethod 21081 0x00000236f534ea10 code [0x00000236f534eba0, 0x00000236f534ec38]
Event: 21251.091 Thread 0x00000236e9ddf240 21082       4       org.eclipse.jdt.internal.compiler.parser.Parser::consumeSingleVariableDeclarator (685 bytes)
Event: 21251.093 Thread 0x00000236e9de30f0 21084       3       org.eclipse.jdt.internal.core.SourceTypeElementInfo::getMemberTypeHandles (92 bytes)
Event: 21251.093 Thread 0x00000236e9de30f0 nmethod 21084 0x00000236ee9f9b10 code [0x00000236ee9f9d00, 0x00000236ee9fa530]
Event: 21251.093 Thread 0x00000236e9de30f0 21086   !   3       org.eclipse.jdt.internal.core.SearchableEnvironment::find (389 bytes)
Event: 21251.095 Thread 0x00000236e9de30f0 nmethod 21086 0x00000236ee246490 code [0x00000236ee2469c0, 0x00000236ee249c48]
Event: 21251.095 Thread 0x00000236e9de30f0 21085       3       org.eclipse.jdt.internal.core.SourceTypeElementInfo::getMethodHandles (92 bytes)
Event: 21251.095 Thread 0x00000236e9de30f0 nmethod 21085 0x00000236eed3ef10 code [0x00000236eed3f100, 0x00000236eed3f930]
Event: 21251.106 Thread 0x00000236e9ddf240 nmethod 21082 0x00000236f554cb90 code [0x00000236f554cea0, 0x00000236f554e528]
Event: 21251.106 Thread 0x00000236e9ddf240 21087       4       org.eclipse.jdt.internal.core.BinaryType::equals (22 bytes)
Event: 21251.108 Thread 0x00000236e9ddf240 nmethod 21087 0x00000236f5149910 code [0x00000236f5149ac0, 0x00000236f5149de8]
Event: 21251.108 Thread 0x00000236e9ddf240 21083       4       org.eclipse.jdt.internal.compiler.lookup.PackageBinding::addNotFoundType (44 bytes)
Event: 21251.112 Thread 0x00000236e9ddf240 nmethod 21083 0x00000236f5159d90 code [0x00000236f5159fc0, 0x00000236f515a9a0]

GC Heap History (20 events):
Event: 21235.880 GC heap before
{Heap before GC invocations=1938 (full 5):
 PSYoungGen      total 6656K, used 6273K [0x00000000d5580000, 0x00000000d5e80000, 0x0000000100000000)
  eden space 6144K, 97% used [0x00000000d5580000,0x00000000d5b58730,0x00000000d5b80000)
  from space 512K, 56% used [0x00000000d5e00000,0x00000000d5e48000,0x00000000d5e80000)
  to   space 512K, 0% used [0x00000000d5d80000,0x00000000d5d80000,0x00000000d5e00000)
 ParOldGen       total 1020416K, used 258887K [0x0000000080000000, 0x00000000be480000, 0x00000000d5580000)
  object space 1020416K, 25% used [0x0000000080000000,0x000000008fcd1cd0,0x00000000be480000)
 Metaspace       used 101336K, committed 102848K, reserved 1179648K
  class space    used 11586K, committed 12224K, reserved 1048576K
}
Event: 21235.881 GC heap after
{Heap after GC invocations=1938 (full 5):
 PSYoungGen      total 6656K, used 256K [0x00000000d5580000, 0x00000000d5e80000, 0x0000000100000000)
  eden space 6144K, 0% used [0x00000000d5580000,0x00000000d5580000,0x00000000d5b80000)
  from space 512K, 50% used [0x00000000d5d80000,0x00000000d5dc0000,0x00000000d5e00000)
  to   space 512K, 0% used [0x00000000d5e00000,0x00000000d5e00000,0x00000000d5e80000)
 ParOldGen       total 1020416K, used 258927K [0x0000000080000000, 0x00000000be480000, 0x00000000d5580000)
  object space 1020416K, 25% used [0x0000000080000000,0x000000008fcdbcd0,0x00000000be480000)
 Metaspace       used 101336K, committed 102848K, reserved 1179648K
  class space    used 11586K, committed 12224K, reserved 1048576K
}
Event: 21235.894 GC heap before
{Heap before GC invocations=1939 (full 5):
 PSYoungGen      total 6656K, used 6311K [0x00000000d5580000, 0x00000000d5e80000, 0x0000000100000000)
  eden space 6144K, 98% used [0x00000000d5580000,0x00000000d5b69d28,0x00000000d5b80000)
  from space 512K, 50% used [0x00000000d5d80000,0x00000000d5dc0000,0x00000000d5e00000)
  to   space 512K, 0% used [0x00000000d5e00000,0x00000000d5e00000,0x00000000d5e80000)
 ParOldGen       total 1020416K, used 258927K [0x0000000080000000, 0x00000000be480000, 0x00000000d5580000)
  object space 1020416K, 25% used [0x0000000080000000,0x000000008fcdbcd0,0x00000000be480000)
 Metaspace       used 101336K, committed 102848K, reserved 1179648K
  class space    used 11586K, committed 12224K, reserved 1048576K
}
Event: 21235.895 GC heap after
{Heap after GC invocations=1939 (full 5):
 PSYoungGen      total 6656K, used 485K [0x00000000d5580000, 0x00000000d5e80000, 0x0000000100000000)
  eden space 6144K, 0% used [0x00000000d5580000,0x00000000d5580000,0x00000000d5b80000)
  from space 512K, 94% used [0x00000000d5e00000,0x00000000d5e794a8,0x00000000d5e80000)
  to   space 1024K, 0% used [0x00000000d5c80000,0x00000000d5c80000,0x00000000d5d80000)
 ParOldGen       total 1020416K, used 258951K [0x0000000080000000, 0x00000000be480000, 0x00000000d5580000)
  object space 1020416K, 25% used [0x0000000080000000,0x000000008fce1cd0,0x00000000be480000)
 Metaspace       used 101336K, committed 102848K, reserved 1179648K
  class space    used 11586K, committed 12224K, reserved 1048576K
}
Event: 21235.901 GC heap before
{Heap before GC invocations=1940 (full 5):
 PSYoungGen      total 6656K, used 6629K [0x00000000d5580000, 0x00000000d5e80000, 0x0000000100000000)
  eden space 6144K, 100% used [0x00000000d5580000,0x00000000d5b80000,0x00000000d5b80000)
  from space 512K, 94% used [0x00000000d5e00000,0x00000000d5e794a8,0x00000000d5e80000)
  to   space 1024K, 0% used [0x00000000d5c80000,0x00000000d5c80000,0x00000000d5d80000)
 ParOldGen       total 1020416K, used 258951K [0x0000000080000000, 0x00000000be480000, 0x00000000d5580000)
  object space 1020416K, 25% used [0x0000000080000000,0x000000008fce1cd0,0x00000000be480000)
 Metaspace       used 101336K, committed 102848K, reserved 1179648K
  class space    used 11586K, committed 12224K, reserved 1048576K
}
Event: 21235.902 GC heap after
{Heap after GC invocations=1940 (full 5):
 PSYoungGen      total 7168K, used 448K [0x00000000d5580000, 0x00000000d5e80000, 0x0000000100000000)
  eden space 6144K, 0% used [0x00000000d5580000,0x00000000d5580000,0x00000000d5b80000)
  from space 1024K, 43% used [0x00000000d5c80000,0x00000000d5cf0000,0x00000000d5d80000)
  to   space 512K, 0% used [0x00000000d5e00000,0x00000000d5e00000,0x00000000d5e80000)
 ParOldGen       total 1020416K, used 259292K [0x0000000080000000, 0x00000000be480000, 0x00000000d5580000)
  object space 1020416K, 25% used [0x0000000080000000,0x000000008fd37178,0x00000000be480000)
 Metaspace       used 101336K, committed 102848K, reserved 1179648K
  class space    used 11586K, committed 12224K, reserved 1048576K
}
Event: 21235.914 GC heap before
{Heap before GC invocations=1941 (full 5):
 PSYoungGen      total 7168K, used 6541K [0x00000000d5580000, 0x00000000d5e80000, 0x0000000100000000)
  eden space 6144K, 99% used [0x00000000d5580000,0x00000000d5b734a0,0x00000000d5b80000)
  from space 1024K, 43% used [0x00000000d5c80000,0x00000000d5cf0000,0x00000000d5d80000)
  to   space 512K, 0% used [0x00000000d5e00000,0x00000000d5e00000,0x00000000d5e80000)
 ParOldGen       total 1020416K, used 259292K [0x0000000080000000, 0x00000000be480000, 0x00000000d5580000)
  object space 1020416K, 25% used [0x0000000080000000,0x000000008fd37178,0x00000000be480000)
 Metaspace       used 101336K, committed 102848K, reserved 1179648K
  class space    used 11586K, committed 12224K, reserved 1048576K
}
Event: 21235.918 GC heap after
{Heap after GC invocations=1941 (full 5):
 PSYoungGen      total 6656K, used 510K [0x00000000d5580000, 0x00000000d5e80000, 0x0000000100000000)
  eden space 6144K, 0% used [0x00000000d5580000,0x00000000d5580000,0x00000000d5b80000)
  from space 512K, 99% used [0x00000000d5e00000,0x00000000d5e7fa90,0x00000000d5e80000)
  to   space 1024K, 0% used [0x00000000d5c80000,0x00000000d5c80000,0x00000000d5d80000)
 ParOldGen       total 1020416K, used 262652K [0x0000000080000000, 0x00000000be480000, 0x00000000d5580000)
  object space 1020416K, 25% used [0x0000000080000000,0x000000009007f1a8,0x00000000be480000)
 Metaspace       used 101336K, committed 102848K, reserved 1179648K
  class space    used 11586K, committed 12224K, reserved 1048576K
}
Event: 21235.926 GC heap before
{Heap before GC invocations=1942 (full 5):
 PSYoungGen      total 6656K, used 6654K [0x00000000d5580000, 0x00000000d5e80000, 0x0000000100000000)
  eden space 6144K, 100% used [0x00000000d5580000,0x00000000d5b80000,0x00000000d5b80000)
  from space 512K, 99% used [0x00000000d5e00000,0x00000000d5e7fa90,0x00000000d5e80000)
  to   space 1024K, 0% used [0x00000000d5c80000,0x00000000d5c80000,0x00000000d5d80000)
 ParOldGen       total 1020416K, used 262652K [0x0000000080000000, 0x00000000be480000, 0x00000000d5580000)
  object space 1020416K, 25% used [0x0000000080000000,0x000000009007f1a8,0x00000000be480000)
 Metaspace       used 101337K, committed 102848K, reserved 1179648K
  class space    used 11586K, committed 12224K, reserved 1048576K
}
Event: 21235.927 GC heap after
{Heap after GC invocations=1942 (full 5):
 PSYoungGen      total 7168K, used 416K [0x00000000d5580000, 0x00000000d5e80000, 0x0000000100000000)
  eden space 6144K, 0% used [0x00000000d5580000,0x00000000d5580000,0x00000000d5b80000)
  from space 1024K, 40% used [0x00000000d5c80000,0x00000000d5ce8000,0x00000000d5d80000)
  to   space 512K, 0% used [0x00000000d5e00000,0x00000000d5e00000,0x00000000d5e80000)
 ParOldGen       total 1020416K, used 263030K [0x0000000080000000, 0x00000000be480000, 0x00000000d5580000)
  object space 1020416K, 25% used [0x0000000080000000,0x00000000900dd958,0x00000000be480000)
 Metaspace       used 101337K, committed 102848K, reserved 1179648K
  class space    used 11586K, committed 12224K, reserved 1048576K
}
Event: 21235.952 GC heap before
{Heap before GC invocations=1943 (full 5):
 PSYoungGen      total 7168K, used 6560K [0x00000000d5580000, 0x00000000d5e80000, 0x0000000100000000)
  eden space 6144K, 100% used [0x00000000d5580000,0x00000000d5b80000,0x00000000d5b80000)
  from space 1024K, 40% used [0x00000000d5c80000,0x00000000d5ce8000,0x00000000d5d80000)
  to   space 512K, 0% used [0x00000000d5e00000,0x00000000d5e00000,0x00000000d5e80000)
 ParOldGen       total 1020416K, used 263030K [0x0000000080000000, 0x00000000be480000, 0x00000000d5580000)
  object space 1020416K, 25% used [0x0000000080000000,0x00000000900dd958,0x00000000be480000)
 Metaspace       used 101360K, committed 102848K, reserved 1179648K
  class space    used 11586K, committed 12224K, reserved 1048576K
}
Event: 21235.953 GC heap after
{Heap after GC invocations=1943 (full 5):
 PSYoungGen      total 6656K, used 506K [0x00000000d5580000, 0x00000000d5e80000, 0x0000000100000000)
  eden space 6144K, 0% used [0x00000000d5580000,0x00000000d5580000,0x00000000d5b80000)
  from space 512K, 98% used [0x00000000d5e00000,0x00000000d5e7e900,0x00000000d5e80000)
  to   space 1536K, 0% used [0x00000000d5b80000,0x00000000d5b80000,0x00000000d5d00000)
 ParOldGen       total 1020416K, used 263485K [0x0000000080000000, 0x00000000be480000, 0x00000000d5580000)
  object space 1020416K, 25% used [0x0000000080000000,0x000000009014f600,0x00000000be480000)
 Metaspace       used 101360K, committed 102848K, reserved 1179648K
  class space    used 11586K, committed 12224K, reserved 1048576K
}
Event: 21235.960 GC heap before
{Heap before GC invocations=1944 (full 5):
 PSYoungGen      total 6656K, used 6650K [0x00000000d5580000, 0x00000000d5e80000, 0x0000000100000000)
  eden space 6144K, 100% used [0x00000000d5580000,0x00000000d5b80000,0x00000000d5b80000)
  from space 512K, 98% used [0x00000000d5e00000,0x00000000d5e7e900,0x00000000d5e80000)
  to   space 1536K, 0% used [0x00000000d5b80000,0x00000000d5b80000,0x00000000d5d00000)
 ParOldGen       total 1020416K, used 263485K [0x0000000080000000, 0x00000000be480000, 0x00000000d5580000)
  object space 1020416K, 25% used [0x0000000080000000,0x000000009014f600,0x00000000be480000)
 Metaspace       used 101360K, committed 102848K, reserved 1179648K
  class space    used 11586K, committed 12224K, reserved 1048576K
}
Event: 21235.962 GC heap after
{Heap after GC invocations=1944 (full 5):
 PSYoungGen      total 7680K, used 768K [0x00000000d5580000, 0x00000000d5e80000, 0x0000000100000000)
  eden space 6144K, 0% used [0x00000000d5580000,0x00000000d5580000,0x00000000d5b80000)
  from space 1536K, 50% used [0x00000000d5b80000,0x00000000d5c40000,0x00000000d5d00000)
  to   space 1024K, 0% used [0x00000000d5d80000,0x00000000d5d80000,0x00000000d5e80000)
 ParOldGen       total 1020416K, used 263933K [0x0000000080000000, 0x00000000be480000, 0x00000000d5580000)
  object space 1020416K, 25% used [0x0000000080000000,0x00000000901bf410,0x00000000be480000)
 Metaspace       used 101360K, committed 102848K, reserved 1179648K
  class space    used 11586K, committed 12224K, reserved 1048576K
}
Event: 21251.050 GC heap before
{Heap before GC invocations=1945 (full 5):
 PSYoungGen      total 7680K, used 6912K [0x00000000d5580000, 0x00000000d5e80000, 0x0000000100000000)
  eden space 6144K, 100% used [0x00000000d5580000,0x00000000d5b80000,0x00000000d5b80000)
  from space 1536K, 50% used [0x00000000d5b80000,0x00000000d5c40000,0x00000000d5d00000)
  to   space 1024K, 0% used [0x00000000d5d80000,0x00000000d5d80000,0x00000000d5e80000)
 ParOldGen       total 1020416K, used 263933K [0x0000000080000000, 0x00000000be480000, 0x00000000d5580000)
  object space 1020416K, 25% used [0x0000000080000000,0x00000000901bf410,0x00000000be480000)
 Metaspace       used 101463K, committed 102912K, reserved 1179648K
  class space    used 11599K, committed 12224K, reserved 1048576K
}
Event: 21251.051 GC heap after
{Heap after GC invocations=1945 (full 5):
 PSYoungGen      total 7168K, used 666K [0x00000000d5580000, 0x00000000d5e80000, 0x0000000100000000)
  eden space 6144K, 0% used [0x00000000d5580000,0x00000000d5580000,0x00000000d5b80000)
  from space 1024K, 65% used [0x00000000d5d80000,0x00000000d5e26900,0x00000000d5e80000)
  to   space 1024K, 0% used [0x00000000d5c80000,0x00000000d5c80000,0x00000000d5d80000)
 ParOldGen       total 1020416K, used 263957K [0x0000000080000000, 0x00000000be480000, 0x00000000d5580000)
  object space 1020416K, 25% used [0x0000000080000000,0x00000000901c5410,0x00000000be480000)
 Metaspace       used 101463K, committed 102912K, reserved 1179648K
  class space    used 11599K, committed 12224K, reserved 1048576K
}
Event: 21251.090 GC heap before
{Heap before GC invocations=1946 (full 5):
 PSYoungGen      total 7168K, used 6810K [0x00000000d5580000, 0x00000000d5e80000, 0x0000000100000000)
  eden space 6144K, 100% used [0x00000000d5580000,0x00000000d5b80000,0x00000000d5b80000)
  from space 1024K, 65% used [0x00000000d5d80000,0x00000000d5e26900,0x00000000d5e80000)
  to   space 1024K, 0% used [0x00000000d5c80000,0x00000000d5c80000,0x00000000d5d80000)
 ParOldGen       total 1020416K, used 263957K [0x0000000080000000, 0x00000000be480000, 0x00000000d5580000)
  object space 1020416K, 25% used [0x0000000080000000,0x00000000901c5410,0x00000000be480000)
 Metaspace       used 101541K, committed 103104K, reserved 1179648K
  class space    used 11609K, committed 12288K, reserved 1048576K
}
Event: 21251.091 GC heap after
{Heap after GC invocations=1946 (full 5):
 PSYoungGen      total 7168K, used 308K [0x00000000d5580000, 0x00000000d5e00000, 0x0000000100000000)
  eden space 6144K, 0% used [0x00000000d5580000,0x00000000d5580000,0x00000000d5b80000)
  from space 1024K, 30% used [0x00000000d5c80000,0x00000000d5ccd200,0x00000000d5d80000)
  to   space 512K, 0% used [0x00000000d5d80000,0x00000000d5d80000,0x00000000d5e00000)
 ParOldGen       total 1020416K, used 264013K [0x0000000080000000, 0x00000000be480000, 0x00000000d5580000)
  object space 1020416K, 25% used [0x0000000080000000,0x00000000901d3410,0x00000000be480000)
 Metaspace       used 101541K, committed 103104K, reserved 1179648K
  class space    used 11609K, committed 12288K, reserved 1048576K
}
Event: 21251.096 GC heap before
{Heap before GC invocations=1947 (full 5):
 PSYoungGen      total 7168K, used 6452K [0x00000000d5580000, 0x00000000d5e00000, 0x0000000100000000)
  eden space 6144K, 100% used [0x00000000d5580000,0x00000000d5b80000,0x00000000d5b80000)
  from space 1024K, 30% used [0x00000000d5c80000,0x00000000d5ccd200,0x00000000d5d80000)
  to   space 512K, 0% used [0x00000000d5d80000,0x00000000d5d80000,0x00000000d5e00000)
 ParOldGen       total 1020416K, used 264013K [0x0000000080000000, 0x00000000be480000, 0x00000000d5580000)
  object space 1020416K, 25% used [0x0000000080000000,0x00000000901d3410,0x00000000be480000)
 Metaspace       used 101541K, committed 103104K, reserved 1179648K
  class space    used 11609K, committed 12288K, reserved 1048576K
}
Event: 21251.097 GC heap after
{Heap after GC invocations=1947 (full 5):
 PSYoungGen      total 6656K, used 512K [0x00000000d5580000, 0x00000000d5e00000, 0x0000000100000000)
  eden space 6144K, 0% used [0x00000000d5580000,0x00000000d5580000,0x00000000d5b80000)
  from space 512K, 100% used [0x00000000d5d80000,0x00000000d5e00000,0x00000000d5e00000)
  to   space 1024K, 0% used [0x00000000d5c00000,0x00000000d5c00000,0x00000000d5d00000)
 ParOldGen       total 1020416K, used 264265K [0x0000000080000000, 0x00000000be480000, 0x00000000d5580000)
  object space 1020416K, 25% used [0x0000000080000000,0x0000000090212610,0x00000000be480000)
 Metaspace       used 101541K, committed 103104K, reserved 1179648K
  class space    used 11609K, committed 12288K, reserved 1048576K
}

Dll operation events (15 events):
Event: 0.035 Loaded shared library c:\Users\jkhong\.vscode\extensions\redhat.java-1.44.0-win32-x64\jre\21.0.8-win32-x86_64\bin\java.dll
Event: 0.087 Loaded shared library c:\Users\jkhong\.vscode\extensions\redhat.java-1.44.0-win32-x64\jre\21.0.8-win32-x86_64\bin\zip.dll
Event: 0.175 Loaded shared library C:\Users\jkhong\.vscode\extensions\redhat.java-1.44.0-win32-x64\jre\21.0.8-win32-x86_64\bin\instrument.dll
Event: 0.182 Loaded shared library C:\Users\jkhong\.vscode\extensions\redhat.java-1.44.0-win32-x64\jre\21.0.8-win32-x86_64\bin\net.dll
Event: 0.188 Loaded shared library C:\Users\jkhong\.vscode\extensions\redhat.java-1.44.0-win32-x64\jre\21.0.8-win32-x86_64\bin\nio.dll
Event: 0.194 Loaded shared library C:\Users\jkhong\.vscode\extensions\redhat.java-1.44.0-win32-x64\jre\21.0.8-win32-x86_64\bin\zip.dll
Event: 0.214 Loaded shared library C:\Users\jkhong\.vscode\extensions\redhat.java-1.44.0-win32-x64\jre\21.0.8-win32-x86_64\bin\jimage.dll
Event: 0.325 Loaded shared library c:\Users\jkhong\.vscode\extensions\redhat.java-1.44.0-win32-x64\jre\21.0.8-win32-x86_64\bin\verify.dll
Event: 1.715 Loaded shared library C:\Users\jkhong\AppData\Roaming\Code\User\globalStorage\redhat.java\1.44.0\config_win\org.eclipse.equinox.launcher\org.eclipse.equinox.launcher.win32.win32.x86_64_1.2.1400.v20250730-1736\eclipse_11913.dll
Event: 4.227 Loaded shared library C:\Users\jkhong\.vscode\extensions\redhat.java-1.44.0-win32-x64\jre\21.0.8-win32-x86_64\bin\management.dll
Event: 4.235 Loaded shared library C:\Users\jkhong\.vscode\extensions\redhat.java-1.44.0-win32-x64\jre\21.0.8-win32-x86_64\bin\management_ext.dll
Event: 7.600 Loaded shared library C:\Users\jkhong\AppData\Local\Temp\jna--1158252095\jna12394821450843500448.dll
Event: 8.103 Loaded shared library C:\Users\jkhong\.vscode\extensions\redhat.java-1.44.0-win32-x64\jre\21.0.8-win32-x86_64\bin\sunmscapi.dll
Event: 8.629 Loaded shared library C:\Users\jkhong\.vscode\extensions\redhat.java-1.44.0-win32-x64\jre\21.0.8-win32-x86_64\bin\extnet.dll
Event: 72.559 Loaded shared library C:\Users\jkhong\.gradle\native\c067742578af261105cb4f569cf0c3c89f3d7b1fecec35dd04571415982c5e48\windows-amd64\native-platform.dll

Deoptimization events (20 events):
Event: 21251.040 Thread 0x00000236ce572930 Uncommon trap: trap_request=0xffffffcc fr.pc=0x00000236f4c61cbc relative=0x00000000000004dc
Event: 21251.040 Thread 0x00000236ce572930 Uncommon trap: reason=intrinsic_or_type_checked_inlining action=make_not_entrant pc=0x00000236f4c61cbc method=org.eclipse.jdt.internal.compiler.parser.Parser.consumeMethodDeclaration(ZZ)V @ 114 c2
Event: 21251.040 Thread 0x00000236ce572930 DEOPT PACKING pc=0x00000236f4c61cbc sp=0x000000db00dfd9b0
Event: 21251.040 Thread 0x00000236ce572930 DEOPT UNPACKING pc=0x00000236f45c6da2 sp=0x000000db00dfd938 mode 2
Event: 21251.041 Thread 0x00000236ce572930 Uncommon trap: trap_request=0xffffff45 fr.pc=0x00000236f5d972c0 relative=0x0000000000001d80
Event: 21251.041 Thread 0x00000236ce572930 Uncommon trap: reason=unstable_if action=reinterpret pc=0x00000236f5d972c0 method=org.eclipse.jdt.internal.core.SearchableEnvironment.find(Ljava/lang/String;Ljava/lang/String;[Lorg/eclipse/jdt/core/IPackageFragmentRoot;)Lorg/eclipse/jdt/internal/compiler/
Event: 21251.041 Thread 0x00000236ce572930 DEOPT PACKING pc=0x00000236f5d972c0 sp=0x000000db00dfd890
Event: 21251.041 Thread 0x00000236ce572930 DEOPT UNPACKING pc=0x00000236f45c6da2 sp=0x000000db00dfd868 mode 2
Event: 21251.056 Thread 0x00000236ce572930 Uncommon trap: trap_request=0xffffffde fr.pc=0x00000236f5d34bec relative=0x00000000000005ec
Event: 21251.056 Thread 0x00000236ce572930 Uncommon trap: reason=class_check action=maybe_recompile pc=0x00000236f5d34bec method=org.eclipse.jdt.internal.core.BinaryType.equals(Ljava/lang/Object;)Z @ 8 c2
Event: 21251.056 Thread 0x00000236ce572930 DEOPT PACKING pc=0x00000236f5d34bec sp=0x000000db00dfdbb0
Event: 21251.056 Thread 0x00000236ce572930 DEOPT UNPACKING pc=0x00000236f45c6da2 sp=0x000000db00dfdb60 mode 2
Event: 21251.057 Thread 0x00000236ce572930 Uncommon trap: trap_request=0xffffffde fr.pc=0x00000236f5d34bec relative=0x00000000000005ec
Event: 21251.057 Thread 0x00000236ce572930 Uncommon trap: reason=class_check action=maybe_recompile pc=0x00000236f5d34bec method=org.eclipse.jdt.internal.core.BinaryType.equals(Ljava/lang/Object;)Z @ 8 c2
Event: 21251.057 Thread 0x00000236ce572930 DEOPT PACKING pc=0x00000236f5d34bec sp=0x000000db00dfe470
Event: 21251.057 Thread 0x00000236ce572930 DEOPT UNPACKING pc=0x00000236f45c6da2 sp=0x000000db00dfe410 mode 2
Event: 21251.058 Thread 0x00000236ce572930 Uncommon trap: trap_request=0xffffffc6 fr.pc=0x00000236f4fa0a20 relative=0x00000000000000e0
Event: 21251.058 Thread 0x00000236ce572930 Uncommon trap: reason=bimorphic_or_optimized_type_check action=maybe_recompile pc=0x00000236f4fa0a20 method=java.util.LinkedHashMap.afterNodeInsertion(Z)V @ 15 c2
Event: 21251.058 Thread 0x00000236ce572930 DEOPT PACKING pc=0x00000236f4fa0a20 sp=0x000000db00dfe2a0
Event: 21251.058 Thread 0x00000236ce572930 DEOPT UNPACKING pc=0x00000236f45c6da2 sp=0x000000db00dfe218 mode 2

Classes loaded (20 events):
Event: 3325.020 Loading class java/util/concurrent/CompletableFuture$UniRelay
Event: 3325.020 Loading class java/util/concurrent/CompletableFuture$UniRelay done
Event: 3325.891 Loading class java/util/concurrent/ScheduledThreadPoolExecutor$DelayedWorkQueue$Itr
Event: 3325.891 Loading class java/util/concurrent/ScheduledThreadPoolExecutor$DelayedWorkQueue$Itr done
Event: 3326.340 Loading class java/lang/ProcessHandleImpl$ExitCompletion
Event: 3326.341 Loading class java/lang/ProcessHandleImpl$ExitCompletion done
Event: 3326.341 Loading class java/lang/ProcessHandleImpl$1
Event: 3326.341 Loading class java/lang/ProcessHandleImpl$1 done
Event: 3326.341 Loading class java/util/concurrent/CompletableFuture$UniHandle
Event: 3326.342 Loading class java/util/concurrent/CompletableFuture$UniHandle done
Event: 7207.048 Loading class jdk/internal/event/SecurityPropertyModificationEvent
Event: 7207.048 Loading class jdk/internal/event/SecurityPropertyModificationEvent done
Event: 7207.108 Loading class java/util/zip/GZIPInputStream$1
Event: 7207.108 Loading class java/util/zip/GZIPInputStream$1 done
Event: 9684.846 Loading class jdk/internal/ref/CleanerImpl$InnocuousThreadFactory
Event: 9684.864 Loading class jdk/internal/ref/CleanerImpl$InnocuousThreadFactory done
Event: 20172.879 Loading class java/io/CharArrayReader
Event: 20172.879 Loading class java/io/CharArrayReader done
Event: 20172.879 Loading class java/util/regex/Pattern$Bound
Event: 20172.879 Loading class java/util/regex/Pattern$Bound done

Classes unloaded (20 events):
Event: 20220.990 Thread 0x00000236e9dc3a00 Unloading class 0x0000023685b20400 'java/lang/invoke/LambdaForm$MH+0x0000023685b20400'
Event: 20220.990 Thread 0x00000236e9dc3a00 Unloading class 0x0000023685b21400 'java/lang/invoke/LambdaForm$MH+0x0000023685b21400'
Event: 20220.990 Thread 0x00000236e9dc3a00 Unloading class 0x0000023685b28000 'java/lang/invoke/LambdaForm$MH+0x0000023685b28000'
Event: 20220.990 Thread 0x00000236e9dc3a00 Unloading class 0x0000023685b3ac00 'java/lang/invoke/LambdaForm$MH+0x0000023685b3ac00'
Event: 20220.990 Thread 0x00000236e9dc3a00 Unloading class 0x0000023685b3a800 'java/lang/invoke/LambdaForm$MH+0x0000023685b3a800'
Event: 20220.990 Thread 0x00000236e9dc3a00 Unloading class 0x0000023685b3a400 'java/lang/invoke/LambdaForm$MH+0x0000023685b3a400'
Event: 20220.990 Thread 0x00000236e9dc3a00 Unloading class 0x0000023685b39800 'java/lang/invoke/LambdaForm$MH+0x0000023685b39800'
Event: 20220.990 Thread 0x00000236e9dc3a00 Unloading class 0x0000023685b39000 'java/lang/invoke/LambdaForm$MH+0x0000023685b39000'
Event: 20220.990 Thread 0x00000236e9dc3a00 Unloading class 0x0000023685ac5000 'java/lang/invoke/LambdaForm$MH+0x0000023685ac5000'
Event: 20220.990 Thread 0x00000236e9dc3a00 Unloading class 0x0000023685449c00 'java/lang/invoke/LambdaForm$MH+0x0000023685449c00'
Event: 20220.990 Thread 0x00000236e9dc3a00 Unloading class 0x0000023685212000 'java/lang/invoke/LambdaForm$MH+0x0000023685212000'
Event: 20220.990 Thread 0x00000236e9dc3a00 Unloading class 0x0000023685201c00 'java/lang/invoke/LambdaForm$MH+0x0000023685201c00'
Event: 20220.990 Thread 0x00000236e9dc3a00 Unloading class 0x0000023685201800 'java/lang/invoke/LambdaForm$MH+0x0000023685201800'
Event: 20220.990 Thread 0x00000236e9dc3a00 Unloading class 0x0000023685201400 'java/lang/invoke/LambdaForm$MH+0x0000023685201400'
Event: 20220.990 Thread 0x00000236e9dc3a00 Unloading class 0x0000023685019400 'java/lang/invoke/LambdaForm$MH+0x0000023685019400'
Event: 20220.990 Thread 0x00000236e9dc3a00 Unloading class 0x0000023685018800 'java/lang/invoke/LambdaForm$MH+0x0000023685018800'
Event: 20220.990 Thread 0x00000236e9dc3a00 Unloading class 0x0000023685018400 'java/lang/invoke/LambdaForm$MH+0x0000023685018400'
Event: 20220.990 Thread 0x00000236e9dc3a00 Unloading class 0x0000023685018000 'java/lang/invoke/LambdaForm$MH+0x0000023685018000'
Event: 20220.990 Thread 0x00000236e9dc3a00 Unloading class 0x0000023685017400 'java/lang/invoke/LambdaForm$MH+0x0000023685017400'
Event: 20220.990 Thread 0x00000236e9dc3a00 Unloading class 0x0000023685016400 'java/lang/invoke/LambdaForm$MH+0x0000023685016400'

Classes redefined (0 events):
No events

Internal exceptions (20 events):
Event: 20220.734 Thread 0x00000236c91c7710 Implicit null exception at 0x00000236ef337bc9 to 0x00000236ef338e11
Event: 20220.734 Thread 0x00000236c91c7710 Exception <a 'java/lang/NullPointerException'{0x00000000d5923990}> (0x00000000d5923990) 
thrown [s\src\hotspot\share\runtime\sharedRuntime.cpp, line 625]
Event: 20220.759 Thread 0x00000236ff23e3b0 Exception <a 'sun/nio/fs/WindowsException'{0x00000000d57ef008}> (0x00000000d57ef008) 
thrown [s\src\hotspot\share\prims\jni.cpp, line 520]
Event: 20221.229 Thread 0x00000236fe9875b0 Exception <a 'java/lang/NoSuchMethodError'{0x00000000d586db68}: 'int java.lang.invoke.DirectMethodHandle$Holder.invokeVirtual(java.lang.Object, java.lang.Object, java.lang.Object, int)'> (0x00000000d586db68) 
thrown [s\src\hotspot\share\interpreter\linkResolver.cpp, line 773]
Event: 20221.269 Thread 0x00000236fe98a3a0 Exception <a 'sun/nio/fs/WindowsException'{0x00000000d55f3400}> (0x00000000d55f3400) 
thrown [s\src\hotspot\share\prims\jni.cpp, line 520]
Event: 20221.282 Thread 0x00000236ff23e3b0 Implicit null exception at 0x00000236ef337bc9 to 0x00000236ef338e11
Event: 20221.283 Thread 0x00000236ff23e3b0 Exception <a 'java/lang/NullPointerException'{0x00000000d58cc468}> (0x00000000d58cc468) 
thrown [s\src\hotspot\share\runtime\sharedRuntime.cpp, line 625]
Event: 20221.284 Thread 0x00000236ff23e3b0 Implicit null exception at 0x00000236ef337bc9 to 0x00000236ef338e11
Event: 20221.284 Thread 0x00000236ff23e3b0 Exception <a 'java/lang/NullPointerException'{0x00000000d59175f8}> (0x00000000d59175f8) 
thrown [s\src\hotspot\share\runtime\sharedRuntime.cpp, line 625]
Event: 20992.947 Thread 0x00000236fe98bde0 Exception <a 'java/lang/ClassNotFoundException'{0x00000000d5650a98}: sun/net/www/protocol/jdt/Handler> (0x00000000d5650a98) 
thrown [s\src\hotspot\share\classfile\systemDictionary.cpp, line 312]
Event: 20992.947 Thread 0x00000236fe98bde0 Exception <a 'java/lang/ClassNotFoundException'{0x00000000d5653490}: sun/net/www/protocol/jdt/Handler> (0x00000000d5653490) 
thrown [s\src\hotspot\share\classfile\systemDictionary.cpp, line 312]
Event: 20992.947 Thread 0x00000236fe98bde0 Exception <a 'java/lang/ClassNotFoundException'{0x00000000d5655e88}: sun/net/www/protocol/jdt/Handler> (0x00000000d5655e88) 
thrown [s\src\hotspot\share\classfile\systemDictionary.cpp, line 312]
Event: 21235.942 Thread 0x00000236ce572930 Exception <a 'java/lang/ClassNotFoundException'{0x00000000d5a4a078}: sun/net/www/protocol/jdt/Handler> (0x00000000d5a4a078) 
thrown [s\src\hotspot\share\classfile\systemDictionary.cpp, line 312]
Event: 21235.943 Thread 0x00000236ce572930 Exception <a 'java/lang/ClassNotFoundException'{0x00000000d5a4cdc0}: sun/net/www/protocol/jdt/Handler> (0x00000000d5a4cdc0) 
thrown [s\src\hotspot\share\classfile\systemDictionary.cpp, line 312]
Event: 21235.943 Thread 0x00000236ce572930 Exception <a 'java/lang/ClassNotFoundException'{0x00000000d5a51df0}: sun/net/www/protocol/jdt/Handler> (0x00000000d5a51df0) 
thrown [s\src\hotspot\share\classfile\systemDictionary.cpp, line 312]
Event: 21235.943 Thread 0x00000236ce572930 Exception <a 'java/lang/ClassNotFoundException'{0x00000000d5a565c8}: sun/net/www/protocol/jdt/Handler> (0x00000000d5a565c8) 
thrown [s\src\hotspot\share\classfile\systemDictionary.cpp, line 312]
Event: 21235.943 Thread 0x00000236ce572930 Exception <a 'java/lang/ClassNotFoundException'{0x00000000d5a58e20}: sun/net/www/protocol/jdt/Handler> (0x00000000d5a58e20) 
thrown [s\src\hotspot\share\classfile\systemDictionary.cpp, line 312]
Event: 21235.943 Thread 0x00000236ce572930 Exception <a 'java/lang/ClassNotFoundException'{0x00000000d5a5b6b8}: sun/net/www/protocol/jdt/Handler> (0x00000000d5a5b6b8) 
thrown [s\src\hotspot\share\classfile\systemDictionary.cpp, line 312]
Event: 21235.944 Thread 0x00000236ce572930 Exception <a 'java/lang/ClassNotFoundException'{0x00000000d5a5df78}: sun/net/www/protocol/jdt/Handler> (0x00000000d5a5df78) 
thrown [s\src\hotspot\share\classfile\systemDictionary.cpp, line 312]
Event: 21251.058 Thread 0x00000236ce572930 Exception <a 'java/lang/NoSuchMethodError'{0x00000000d58e1568}: 'java.lang.Object java.lang.invoke.DirectMethodHandle$Holder.invokeStatic(java.lang.Object, int, java.lang.Object)'> (0x00000000d58e1568) 
thrown [s\src\hotspot\share\interpreter\linkResolver.cpp, line 773]

ZGC Phase Switch (0 events):
No events

VM Operations (20 events):
Event: 21251.046 Executing VM operation: HandshakeAllThreads (Deoptimize)
Event: 21251.046 Executing VM operation: HandshakeAllThreads (Deoptimize) done
Event: 21251.046 Executing VM operation: Cleanup
Event: 21251.046 Executing VM operation: Cleanup done
Event: 21251.050 Executing VM operation: ParallelGCFailedAllocation (Allocation Failure)
Event: 21251.051 Executing VM operation: ParallelGCFailedAllocation (Allocation Failure) done
Event: 21251.090 Executing VM operation: ParallelGCFailedAllocation (Allocation Failure)
Event: 21251.091 Executing VM operation: ParallelGCFailedAllocation (Allocation Failure) done
Event: 21251.096 Executing VM operation: ParallelGCFailedAllocation (Allocation Failure)
Event: 21251.097 Executing VM operation: ParallelGCFailedAllocation (Allocation Failure) done
Event: 21252.098 Executing VM operation: Cleanup
Event: 21252.098 Executing VM operation: Cleanup done
Event: 21288.239 Executing VM operation: HandshakeAllThreads (HandshakeForDeflation)
Event: 21288.239 Executing VM operation: HandshakeAllThreads (HandshakeForDeflation) done
Event: 21288.239 Executing VM operation: RendezvousGCThreads
Event: 21288.239 Executing VM operation: RendezvousGCThreads done
Event: 21348.367 Executing VM operation: HandshakeAllThreads (HandshakeForDeflation)
Event: 21348.367 Executing VM operation: HandshakeAllThreads (HandshakeForDeflation) done
Event: 21348.367 Executing VM operation: RendezvousGCThreads
Event: 21348.367 Executing VM operation: RendezvousGCThreads done

Memory protections (0 events):
No events

Nmethod flushes (20 events):
Event: 20221.084 Thread 0x00000236e9dc3a00 flushing  nmethod 0x00000236eedb6410
Event: 20221.084 Thread 0x00000236e9dc3a00 flushing  nmethod 0x00000236eedbbc10
Event: 20221.084 Thread 0x00000236e9dc3a00 flushing  nmethod 0x00000236eedbcd90
Event: 20221.084 Thread 0x00000236e9dc3a00 flushing osr nmethod 0x00000236eedf0490
Event: 20221.084 Thread 0x00000236e9dc3a00 flushing  nmethod 0x00000236eedf2210
Event: 20221.084 Thread 0x00000236e9dc3a00 flushing  nmethod 0x00000236eee18910
Event: 20221.084 Thread 0x00000236e9dc3a00 flushing  nmethod 0x00000236eee18c90
Event: 20221.084 Thread 0x00000236e9dc3a00 flushing osr nmethod 0x00000236eee1cf90
Event: 20221.084 Thread 0x00000236e9dc3a00 flushing  nmethod 0x00000236eee1e490
Event: 20221.084 Thread 0x00000236e9dc3a00 flushing  nmethod 0x00000236eee1f510
Event: 20221.084 Thread 0x00000236e9dc3a00 flushing  nmethod 0x00000236eee20b10
Event: 20221.084 Thread 0x00000236e9dc3a00 flushing  nmethod 0x00000236eee21190
Event: 20221.084 Thread 0x00000236e9dc3a00 flushing  nmethod 0x00000236eee23010
Event: 20221.084 Thread 0x00000236e9dc3a00 flushing  nmethod 0x00000236eee32410
Event: 20221.084 Thread 0x00000236e9dc3a00 flushing  nmethod 0x00000236eee34b90
Event: 20221.084 Thread 0x00000236e9dc3a00 flushing  nmethod 0x00000236eee35810
Event: 20221.084 Thread 0x00000236e9dc3a00 flushing  nmethod 0x00000236eee4a290
Event: 20221.084 Thread 0x00000236e9dc3a00 flushing  nmethod 0x00000236eee6d510
Event: 20221.084 Thread 0x00000236e9dc3a00 flushing osr nmethod 0x00000236eef88010
Event: 20221.084 Thread 0x00000236e9dc3a00 flushing  nmethod 0x00000236ef9e7290

Events (20 events):
Event: 20862.929 Thread 0x00000236ddbb55a0 Thread exited: 0x00000236ddbb55a0
Event: 20863.230 Thread 0x00000236ddbb6340 Thread exited: 0x00000236ddbb6340
Event: 20877.192 Thread 0x00000236ce571580 Thread added: 0x00000236ce56e100
Event: 20877.256 Thread 0x00000236fe9875b0 Thread added: 0x00000236ce572930
Event: 20937.199 Thread 0x00000236ce5701d0 Thread exited: 0x00000236ce5701d0
Event: 20937.199 Thread 0x00000236fe98b0c0 Thread exited: 0x00000236fe98b0c0
Event: 20937.675 Thread 0x00000236ce571580 Thread exited: 0x00000236ce571580
Event: 20942.299 Thread 0x00000236fe9875b0 Thread exited: 0x00000236fe9875b0
Event: 20992.912 Thread 0x00000236e9de30f0 Thread added: 0x00000236ddbb6340
Event: 20997.676 Thread 0x00000236ce56e100 Thread exited: 0x00000236ce56e100
Event: 20997.676 Thread 0x00000236ddbb6340 Thread exited: 0x00000236ddbb6340
Event: 21055.357 Thread 0x00000236fe98bde0 Thread exited: 0x00000236fe98bde0
Event: 21115.357 Thread 0x00000236fe989d10 Thread exited: 0x00000236fe989d10
Event: 21175.358 Thread 0x00000236fe98cb00 Thread exited: 0x00000236fe98cb00
Event: 21235.621 Thread 0x00000236ce572930 Thread added: 0x00000236ce5701d0
Event: 21235.761 Thread 0x00000236e9de30f0 Thread added: 0x00000236ddbb6340
Event: 21235.761 Thread 0x00000236e9de30f0 Thread added: 0x00000236ddbb3390
Event: 21240.956 Thread 0x00000236ddbb3390 Thread exited: 0x00000236ddbb3390
Event: 21245.955 Thread 0x00000236ddbb6340 Thread exited: 0x00000236ddbb6340
Event: 21311.098 Thread 0x00000236ce572930 Thread exited: 0x00000236ce572930


Dynamic libraries:
0x00007ff6f9b90000 - 0x00007ff6f9b9e000 	c:\Users\jkhong\.vscode\extensions\redhat.java-1.44.0-win32-x64\jre\21.0.8-win32-x86_64\bin\java.exe
0x00007ffc5fc60000 - 0x00007ffc5fec7000 	C:\WINDOWS\SYSTEM32\ntdll.dll
0x00007ffc5e3b0000 - 0x00007ffc5e479000 	C:\WINDOWS\System32\KERNEL32.DLL
0x00007ffc5d540000 - 0x00007ffc5d930000 	C:\WINDOWS\System32\KERNELBASE.dll
0x00007ffc56710000 - 0x00007ffc567ae000 	C:\WINDOWS\SYSTEM32\apphelp.dll
0x00007ffc5cf70000 - 0x00007ffc5d0bb000 	C:\WINDOWS\System32\ucrtbase.dll
0x00007ffc44630000 - 0x00007ffc44648000 	c:\Users\jkhong\.vscode\extensions\redhat.java-1.44.0-win32-x64\jre\21.0.8-win32-x86_64\bin\jli.dll
0x00007ffc5e180000 - 0x00007ffc5e345000 	C:\WINDOWS\System32\USER32.dll
0x00007ffc5d510000 - 0x00007ffc5d537000 	C:\WINDOWS\System32\win32u.dll
0x00007ffc5f6e0000 - 0x00007ffc5f70b000 	C:\WINDOWS\System32\GDI32.dll
0x00007ffc5ce30000 - 0x00007ffc5cf68000 	C:\WINDOWS\System32\gdi32full.dll
0x00007ffc5d940000 - 0x00007ffc5d9e3000 	C:\WINDOWS\System32\msvcp_win.dll
0x00007ffc44610000 - 0x00007ffc4462e000 	c:\Users\jkhong\.vscode\extensions\redhat.java-1.44.0-win32-x64\jre\21.0.8-win32-x86_64\bin\VCRUNTIME140.dll
0x00007ffc44a20000 - 0x00007ffc44cba000 	C:\WINDOWS\WinSxS\amd64_microsoft.windows.common-controls_6595b64144ccf1df_6.0.26100.4768_none_3e0c112ce331287c\COMCTL32.dll
0x00007ffc5f8d0000 - 0x00007ffc5f979000 	C:\WINDOWS\System32\msvcrt.dll
0x00007ffc5f890000 - 0x00007ffc5f8bf000 	C:\WINDOWS\System32\IMM32.DLL
0x00007ffc46e00000 - 0x00007ffc46e0c000 	c:\Users\jkhong\.vscode\extensions\redhat.java-1.44.0-win32-x64\jre\21.0.8-win32-x86_64\bin\vcruntime140_1.dll
0x00007ffc33040000 - 0x00007ffc330cd000 	c:\Users\jkhong\.vscode\extensions\redhat.java-1.44.0-win32-x64\jre\21.0.8-win32-x86_64\bin\msvcp140.dll
0x00007ffbc08a0000 - 0x00007ffbc1637000 	c:\Users\jkhong\.vscode\extensions\redhat.java-1.44.0-win32-x64\jre\21.0.8-win32-x86_64\bin\server\jvm.dll
0x00007ffc5d9f0000 - 0x00007ffc5daa4000 	C:\WINDOWS\System32\ADVAPI32.dll
0x00007ffc5f980000 - 0x00007ffc5fa26000 	C:\WINDOWS\System32\sechost.dll
0x00007ffc5e060000 - 0x00007ffc5e178000 	C:\WINDOWS\System32\RPCRT4.dll
0x00007ffc5f810000 - 0x00007ffc5f884000 	C:\WINDOWS\System32\WS2_32.dll
0x00007ffc5cb40000 - 0x00007ffc5cb9e000 	C:\WINDOWS\SYSTEM32\POWRPROF.dll
0x00007ffc51850000 - 0x00007ffc51885000 	C:\WINDOWS\SYSTEM32\WINMM.dll
0x00007ffc4a1a0000 - 0x00007ffc4a1ab000 	C:\WINDOWS\SYSTEM32\VERSION.dll
0x00007ffc5cb20000 - 0x00007ffc5cb34000 	C:\WINDOWS\SYSTEM32\UMPDC.dll
0x00007ffc5bb10000 - 0x00007ffc5bb2b000 	C:\WINDOWS\SYSTEM32\kernel.appcore.dll
0x00007ffc46690000 - 0x00007ffc4669a000 	c:\Users\jkhong\.vscode\extensions\redhat.java-1.44.0-win32-x64\jre\21.0.8-win32-x86_64\bin\jimage.dll
0x00007ffc5a480000 - 0x00007ffc5a6c1000 	C:\WINDOWS\SYSTEM32\DBGHELP.DLL
0x00007ffc5dab0000 - 0x00007ffc5de35000 	C:\WINDOWS\System32\combase.dll
0x00007ffc5fa30000 - 0x00007ffc5fb10000 	C:\WINDOWS\System32\OLEAUT32.dll
0x00007ffc22c30000 - 0x00007ffc22c73000 	C:\WINDOWS\SYSTEM32\dbgcore.DLL
0x00007ffc5cd90000 - 0x00007ffc5ce29000 	C:\WINDOWS\System32\bcryptPrimitives.dll
0x00007ffc464d0000 - 0x00007ffc464df000 	c:\Users\jkhong\.vscode\extensions\redhat.java-1.44.0-win32-x64\jre\21.0.8-win32-x86_64\bin\instrument.dll
0x00007ffc443b0000 - 0x00007ffc443cf000 	c:\Users\jkhong\.vscode\extensions\redhat.java-1.44.0-win32-x64\jre\21.0.8-win32-x86_64\bin\java.dll
0x00007ffc5ef00000 - 0x00007ffc5f64d000 	C:\WINDOWS\System32\SHELL32.dll
0x00007ffc5d150000 - 0x00007ffc5d2c3000 	C:\WINDOWS\System32\wintypes.dll
0x00007ffc5a990000 - 0x00007ffc5b1f0000 	C:\WINDOWS\SYSTEM32\windows.storage.dll
0x00007ffc5fb20000 - 0x00007ffc5fc15000 	C:\WINDOWS\System32\SHCORE.dll
0x00007ffc5e790000 - 0x00007ffc5e7fa000 	C:\WINDOWS\System32\shlwapi.dll
0x00007ffc5ccb0000 - 0x00007ffc5ccd9000 	C:\WINDOWS\SYSTEM32\profapi.dll
0x00007ffc441b0000 - 0x00007ffc441c8000 	c:\Users\jkhong\.vscode\extensions\redhat.java-1.44.0-win32-x64\jre\21.0.8-win32-x86_64\bin\zip.dll
0x00007ffc46330000 - 0x00007ffc46340000 	C:\Users\jkhong\.vscode\extensions\redhat.java-1.44.0-win32-x64\jre\21.0.8-win32-x86_64\bin\net.dll
0x00007ffc4b580000 - 0x00007ffc4b69e000 	C:\WINDOWS\SYSTEM32\WINHTTP.dll
0x00007ffc5c0a0000 - 0x00007ffc5c10b000 	C:\WINDOWS\system32\mswsock.dll
0x00007ffc44190000 - 0x00007ffc441a6000 	C:\Users\jkhong\.vscode\extensions\redhat.java-1.44.0-win32-x64\jre\21.0.8-win32-x86_64\bin\nio.dll
0x00007ffc45490000 - 0x00007ffc454a0000 	c:\Users\jkhong\.vscode\extensions\redhat.java-1.44.0-win32-x64\jre\21.0.8-win32-x86_64\bin\verify.dll
0x00007ffc43e40000 - 0x00007ffc43e85000 	C:\Users\jkhong\AppData\Roaming\Code\User\globalStorage\redhat.java\1.44.0\config_win\org.eclipse.equinox.launcher\org.eclipse.equinox.launcher.win32.win32.x86_64_1.2.1400.v20250730-1736\eclipse_11913.dll
0x00007ffc5ed00000 - 0x00007ffc5eea0000 	C:\WINDOWS\System32\ole32.dll
0x00007ffc540c0000 - 0x00007ffc540ca000 	C:\Users\jkhong\.vscode\extensions\redhat.java-1.44.0-win32-x64\jre\21.0.8-win32-x86_64\bin\management.dll
0x00007ffc466b0000 - 0x00007ffc466bb000 	C:\Users\jkhong\.vscode\extensions\redhat.java-1.44.0-win32-x64\jre\21.0.8-win32-x86_64\bin\management_ext.dll
0x00007ffc5e500000 - 0x00007ffc5e508000 	C:\WINDOWS\System32\PSAPI.DLL
0x00007ffc5c360000 - 0x00007ffc5c37b000 	C:\WINDOWS\SYSTEM32\CRYPTSP.dll
0x00007ffc5ba70000 - 0x00007ffc5baab000 	C:\WINDOWS\system32\rsaenh.dll
0x00007ffc5c140000 - 0x00007ffc5c16b000 	C:\WINDOWS\SYSTEM32\USERENV.dll
0x00007ffc5cc80000 - 0x00007ffc5cca6000 	C:\WINDOWS\SYSTEM32\bcrypt.dll
0x00007ffc5c380000 - 0x00007ffc5c38c000 	C:\WINDOWS\SYSTEM32\CRYPTBASE.dll
0x00007ffc5b680000 - 0x00007ffc5b6b3000 	C:\WINDOWS\SYSTEM32\IPHLPAPI.DLL
0x00007ffc5eef0000 - 0x00007ffc5eefa000 	C:\WINDOWS\System32\NSI.dll
0x00007ffc44460000 - 0x00007ffc444a9000 	C:\Users\jkhong\AppData\Local\Temp\jna--1158252095\jna12394821450843500448.dll
0x00007ffc4b7b0000 - 0x00007ffc4b7cf000 	C:\WINDOWS\SYSTEM32\dhcpcsvc6.DLL
0x00007ffc4b6b0000 - 0x00007ffc4b6d5000 	C:\WINDOWS\SYSTEM32\dhcpcsvc.DLL
0x00007ffc466a0000 - 0x00007ffc466ae000 	C:\Users\jkhong\.vscode\extensions\redhat.java-1.44.0-win32-x64\jre\21.0.8-win32-x86_64\bin\sunmscapi.dll
0x00007ffc5d2d0000 - 0x00007ffc5d447000 	C:\WINDOWS\System32\CRYPT32.dll
0x00007ffc5c580000 - 0x00007ffc5c5b0000 	C:\WINDOWS\SYSTEM32\ncrypt.dll
0x00007ffc5c530000 - 0x00007ffc5c56f000 	C:\WINDOWS\SYSTEM32\NTASN1.dll
0x00007ffc5b6c0000 - 0x00007ffc5b7e6000 	C:\WINDOWS\SYSTEM32\DNSAPI.dll
0x00007ffc4b230000 - 0x00007ffc4b23b000 	C:\Windows\System32\rasadhlp.dll
0x00007ffc516c0000 - 0x00007ffc51746000 	C:\WINDOWS\System32\fwpuclnt.dll
0x00007ffc465c0000 - 0x00007ffc465c9000 	C:\Users\jkhong\.vscode\extensions\redhat.java-1.44.0-win32-x64\jre\21.0.8-win32-x86_64\bin\extnet.dll
0x00007ffc46540000 - 0x00007ffc46567000 	C:\Users\jkhong\.gradle\native\c067742578af261105cb4f569cf0c3c89f3d7b1fecec35dd04571415982c5e48\windows-amd64\native-platform.dll
0x00007ffbd4b40000 - 0x00007ffbd4b48000 	C:\WINDOWS\system32\wshunix.dll

JVMTI agents:
c:\Users\jkhong\.vscode\extensions\redhat.java-1.44.0-win32-x64\lombok\lombok-1.18.39-4050.jar path:c:\Users\jkhong\.vscode\extensions\redhat.java-1.44.0-win32-x64\jre\21.0.8-win32-x86_64\bin\instrument.dll, loaded, initialized, instrumentlib options:none

dbghelp: loaded successfully - version: 4.0.5 - missing functions: none
symbol engine: initialized successfully - sym options: 0x614 - pdb path: .;c:\Users\jkhong\.vscode\extensions\redhat.java-1.44.0-win32-x64\jre\21.0.8-win32-x86_64\bin;C:\WINDOWS\SYSTEM32;C:\WINDOWS\WinSxS\amd64_microsoft.windows.common-controls_6595b64144ccf1df_6.0.26100.4768_none_3e0c112ce331287c;c:\Users\jkhong\.vscode\extensions\redhat.java-1.44.0-win32-x64\jre\21.0.8-win32-x86_64\bin\server;C:\Users\jkhong\AppData\Roaming\Code\User\globalStorage\redhat.java\1.44.0\config_win\org.eclipse.equinox.launcher\org.eclipse.equinox.launcher.win32.win32.x86_64_1.2.1400.v20250730-1736;C:\Users\jkhong\AppData\Local\Temp\jna--1158252095;C:\Users\jkhong\.gradle\native\c067742578af261105cb4f569cf0c3c89f3d7b1fecec35dd04571415982c5e48\windows-amd64

VM Arguments:
jvm_args: --add-modules=ALL-SYSTEM --add-opens=java.base/java.util=ALL-UNNAMED --add-opens=java.base/java.lang=ALL-UNNAMED --add-opens=java.base/sun.nio.fs=ALL-UNNAMED -Declipse.application=org.eclipse.jdt.ls.core.id1 -Dosgi.bundles.defaultStartLevel=4 -Declipse.product=org.eclipse.jdt.ls.core.product -Djava.import.generatesMetadataFilesAtProjectRoot=false -DDetectVMInstallationsJob.disabled=true -Dfile.encoding=utf8 -XX:+UseParallelGC -XX:GCTimeRatio=4 -XX:AdaptiveSizePolicyWeight=90 -Dsun.zip.disableMemoryMapping=true -Xmx2G -Xms100m -Xlog:disable -javaagent:c:\Users\jkhong\.vscode\extensions\redhat.java-1.44.0-win32-x64\lombok\lombok-1.18.39-4050.jar -XX:+HeapDumpOnOutOfMemoryError -XX:HeapDumpPath=c:\Users\jkhong\AppData\Roaming\Code\User\workspaceStorage\789e039bc4c303efc34b37208eec97cc\redhat.java -Daether.dependencyCollector.impl=bf 
java_command: c:\Users\jkhong\.vscode\extensions\redhat.java-1.44.0-win32-x64\server\plugins\org.eclipse.equinox.launcher_1.7.0.v20250519-0528.jar -configuration c:\Users\jkhong\AppData\Roaming\Code\User\globalStorage\redhat.java\1.44.0\config_win -data c:\Users\jkhong\AppData\Roaming\Code\User\workspaceStorage\789e039bc4c303efc34b37208eec97cc\redhat.java\jdt_ws --pipe=\\.\pipe\lsp-7166e921d67d936d3ab8a853bed61dce-sock
java_class_path (initial): c:\Users\jkhong\.vscode\extensions\redhat.java-1.44.0-win32-x64\server\plugins\org.eclipse.equinox.launcher_1.7.0.v20250519-0528.jar
Launcher Type: SUN_STANDARD

[Global flags]
    uintx AdaptiveSizePolicyWeight                 = 90                                        {product} {command line}
     intx CICompilerCount                          = 4                                         {product} {ergonomic}
    uintx GCTimeRatio                              = 4                                         {product} {command line}
     bool HeapDumpOnOutOfMemoryError               = true                                   {manageable} {command line}
    ccstr HeapDumpPath                             = c:\Users\jkhong\AppData\Roaming\Code\User\workspaceStorage\789e039bc4c303efc34b37208eec97cc\redhat.java         {manageable} {command line}
   size_t InitialHeapSize                          = 104857600                                 {product} {command line}
   size_t MaxHeapSize                              = 2147483648                                {product} {command line}
   size_t MaxNewSize                               = 715653120                                 {product} {ergonomic}
   size_t MinHeapDeltaBytes                        = 524288                                    {product} {ergonomic}
   size_t MinHeapSize                              = 104857600                                 {product} {command line}
   size_t NewSize                                  = 34603008                                  {product} {ergonomic}
    uintx NonNMethodCodeHeapSize                   = 5839372                                {pd product} {ergonomic}
    uintx NonProfiledCodeHeapSize                  = 122909434                              {pd product} {ergonomic}
   size_t OldSize                                  = 70254592                                  {product} {ergonomic}
    uintx ProfiledCodeHeapSize                     = 122909434                              {pd product} {ergonomic}
    uintx ReservedCodeCacheSize                    = 251658240                              {pd product} {ergonomic}
     bool SegmentedCodeCache                       = true                                      {product} {ergonomic}
   size_t SoftMaxHeapSize                          = 2147483648                             {manageable} {ergonomic}
     bool UseCompressedOops                        = true                           {product lp64_product} {ergonomic}
     bool UseLargePagesIndividualAllocation        = false                                  {pd product} {ergonomic}
     bool UseParallelGC                            = true                                      {product} {command line}

Logging:
Log output configuration:
 #0: stdout all=off uptime,level,tags foldmultilines=false
 #1: stderr all=off uptime,level,tags foldmultilines=false

Environment Variables:
JAVA_HOME=C:\Program Files\Eclipse Adoptium\jdk-17.0.8.7-hotspot
PATH=c:\Dev_Tools\cursor\resources\app\bin;C:\Python312\Scripts\;C:\Python312\;C:\Program Files\Eclipse Adoptium\jdk-17.0.8.7-hotspot\bin;C:\Program Files (x86)\VMware\VMware Player\bin\;C:\Program Files\AdoptOpenJDK\jdk-8.0.292.10-hotspot\bin;C:\Program Files\AdoptOpenJDK\jdk-11.0.11.9-hotspot\bin;C:\WINDOWS\system32;C:\WINDOWS;C:\WINDOWS\System32\Wbem;C:\WINDOWS\System32\WindowsPowerShell\v1.0\;C:\WINDOWS\System32\OpenSSH\;C:\Program Files (x86)\Microsoft SQL Server\150\DTS\Binn\;C:\Program Files\Azure Data Studio\bin;C:\Program Files (x86)\CrSSL\bin;C:\Program Files\Git\cmd;C:\Program Files\dotnet\;C:\Program Files\nodejs\;C:\ProgramData\chocolatey\bin;C:\Dev_Tools\gradle-8.9\bin;C:\Users\jkhong\AppData\Local\Microsoft\WindowsApps;C:\Program Files\Bandizip\;C:\Program Files\JetBrains\IntelliJ IDEA Community Edition 2023.1.1\bin;;C:\Users\jkhong\AppData\Roaming\npm;C:\Program Files\GitHub CLI\;C:\WINDOWS\system32;C:\WINDOWS;C:\WINDOWS\System32\Wbem;C:\WINDOWS\System32\WindowsPowerShell\v1.0\;C:\WINDOWS\System32\OpenSSH\;C:\Users\jkhong\.jbang\bin;C:\Users\jkhong\AppData\Local\Programs\Microsoft VS Code\bin;D:\Dev_Tools\apache-maven-3.9.6\bin;C:\Users\jkhong\.dotnet\tools;C:\Users\jkhong\AppData\Local\Programs\Kiro\bin
USERNAME=jkhong
OS=Windows_NT
PROCESSOR_IDENTIFIER=Intel64 Family 6 Model 140 Stepping 1, GenuineIntel
TMP=C:\Users\jkhong\AppData\Local\Temp
TEMP=C:\Users\jkhong\AppData\Local\Temp




Periodic native trim disabled

---------------  S Y S T E M  ---------------

OS:
 Windows 11 , 64 bit Build 26100 (10.0.26100.4768)
OS uptime: 1 days 6:11 hours

CPU: total 8 (initial active 8) (4 cores per cpu, 2 threads per core) family 6 model 140 stepping 1 microcode 0xbc, cx8, cmov, fxsr, ht, mmx, 3dnowpref, sse, sse2, sse3, ssse3, sse4.1, sse4.2, popcnt, lzcnt, tsc, tscinvbit, avx, avx2, aes, erms, clmul, bmi1, bmi2, adx, avx512f, avx512dq, avx512cd, avx512bw, avx512vl, sha, fma, vzeroupper, avx512_vpopcntdq, avx512_vpclmulqdq, avx512_vaes, avx512_vnni, clflush, clflushopt, clwb, avx512_vbmi2, avx512_vbmi, rdtscp, rdpid, fsrm, gfni, avx512_bitalg, f16c, pku, cet_ibt, cet_ss, avx512_ifma
Processor Information for the first 8 processors :
  Max Mhz: 2803, Current Mhz: 1201, Mhz Limit: 1177

Memory: 4k page, system-wide physical 16103M (4397M free)
TotalPageFile size 18151M (AvailPageFile size 133M)
current process WorkingSet (physical memory assigned to process): 697M, peak: 1334M
current process commit charge ("private bytes"): 1443M, peak: 1568M

vm_info: OpenJDK 64-Bit Server VM (21.0.8+9-LTS) for windows-amd64 JRE (21.0.8+9-LTS), built on 2025-07-15T00:00:00Z by "admin" with MS VC++ 17.7 (VS2022)

END.
