#
# There is insufficient memory for the Java Runtime Environment to continue.
# Native memory allocation (malloc) failed to allocate 1048576 bytes. Error detail: AllocateHeap
# Possible reasons:
#   The system is out of physical RAM or swap space
#   This process is running with CompressedOops enabled, and the Java Heap may be blocking the growth of the native heap
# Possible solutions:
#   Reduce memory load on the system
#   Increase physical memory or swap space
#   Check if swap backing store is full
#   Decrease Java heap size (-Xmx/-Xms)
#   Decrease number of Java threads
#   Decrease Java thread stack sizes (-Xss)
#   Set larger code cache with -XX:ReservedCodeCacheSize=
#   JVM is running with Unscaled Compressed Oops mode in which the Java heap is
#     placed in the first 4GB address space. The Java Heap base address is the
#     maximum limit for the native heap growth. Please use -XX:HeapBaseMinAddress
#     to set the Java Heap base and to place the Java Heap above 4GB virtual address.
# This output file may be truncated or incomplete.
#
#  Out of Memory Error (allocation.cpp:44), pid=10804, tid=1828
#
# JRE version: OpenJDK Runtime Environment Temurin-21.0.8+9 (21.0.8+9) (build 21.0.8+9-LTS)
# Java VM: OpenJDK 64-Bit Server VM Temurin-21.0.8+9 (21.0.8+9-LTS, mixed mode, sharing, tiered, compressed oops, compressed class ptrs, parallel gc, windows-amd64)
# No core dump will be written. Minidumps are not enabled by default on client versions of Windows
#

---------------  S U M M A R Y ------------

Command Line: --add-modules=ALL-SYSTEM --add-opens=java.base/java.util=ALL-UNNAMED --add-opens=java.base/java.lang=ALL-UNNAMED --add-opens=java.base/sun.nio.fs=ALL-UNNAMED -Declipse.application=org.eclipse.jdt.ls.core.id1 -Dosgi.bundles.defaultStartLevel=4 -Declipse.product=org.eclipse.jdt.ls.core.product -Djava.import.generatesMetadataFilesAtProjectRoot=false -DDetectVMInstallationsJob.disabled=true -Dfile.encoding=utf8 -XX:+UseParallelGC -XX:GCTimeRatio=4 -XX:AdaptiveSizePolicyWeight=90 -Dsun.zip.disableMemoryMapping=true -Xmx2G -Xms100m -Xlog:disable -javaagent:c:\Users\jkhong\.vscode\extensions\redhat.java-1.44.0-win32-x64\lombok\lombok-1.18.39-4050.jar -XX:+HeapDumpOnOutOfMemoryError -XX:HeapDumpPath=c:\Users\jkhong\AppData\Roaming\Code\User\workspaceStorage\490a220237a72c4506f0462ee91a1d7a\redhat.java -Daether.dependencyCollector.impl=bf c:\Users\jkhong\.vscode\extensions\redhat.java-1.44.0-win32-x64\server\plugins\org.eclipse.equinox.launcher_1.7.0.v20250519-0528.jar -configuration c:\Users\jkhong\AppData\Roaming\Code\User\globalStorage\redhat.java\1.44.0\config_win -data c:\Users\jkhong\AppData\Roaming\Code\User\workspaceStorage\490a220237a72c4506f0462ee91a1d7a\redhat.java\jdt_ws --pipe=\\.\pipe\lsp-92d7074b1a06de67d56b8ca423b647c8-sock

Host: 11th Gen Intel(R) Core(TM) i7-1165G7 @ 2.80GHz, 8 cores, 15G,  Windows 11 , 64 bit Build 26100 (10.0.26100.4768)
Time: Tue Sep  2 12:03:22 2025 elapsed time: 60.625994 seconds (0d 0h 1m 0s)

---------------  T H R E A D  ---------------

Current thread (0x00000200cb673620):  JavaThread "Attach Listener" daemon [_thread_in_vm, id=1828, stack(0x0000009738500000,0x0000009738600000) (1024K)]

Stack: [0x0000009738500000,0x0000009738600000]
Native frames: (J=compiled Java code, j=interpreted, Vv=VM code, C=native code)
V  [jvm.dll+0x6d2449]
V  [jvm.dll+0x8ae341]
V  [jvm.dll+0x8b08be]
V  [jvm.dll+0x8b0fa3]
V  [jvm.dll+0x280c96]
V  [jvm.dll+0xc0347]
V  [jvm.dll+0x6d2cf9]
V  [jvm.dll+0x131116]
V  [jvm.dll+0x3f2d16]
V  [jvm.dll+0x857e6b]
V  [jvm.dll+0x6d0b0d]
C  [ucrtbase.dll+0x37b0]
C  [KERNEL32.DLL+0x2e8d7]
C  [ntdll.dll+0x3c34c]


---------------  P R O C E S S  ---------------

Threads class SMR info:
_java_thread_list=0x00000201221b3860, length=82, elements={
0x00000200b29c0990, 0x00000200cb66ab90, 0x00000200cb66de70, 0x00000200cb670570,
0x00000200cb673620, 0x00000200cb678cd0, 0x00000200cb681170, 0x00000200cb683630,
0x000002010e018120, 0x000002010e0f13d0, 0x000002010e2a0480, 0x0000020113043ab0,
0x000002010e57dad0, 0x000002010eb7a960, 0x000002010eb94c60, 0x000002010eb437c0,
0x00000201133c7580, 0x00000201133e0440, 0x00000201133e1160, 0x00000201133e17f0,
0x00000201133e1e80, 0x00000201133df090, 0x00000201133dfdb0, 0x00000201164a5650,
0x00000201164a8440, 0x00000201164a8ad0, 0x00000201164a7090, 0x00000201164a6a00,
0x00000201164a9160, 0x00000201164a7db0, 0x00000201164a7720, 0x00000201164a5ce0,
0x00000201164a97f0, 0x00000201164a6370, 0x00000201164a9e80, 0x00000201164aa510,
0x00000201164acc70, 0x00000201164ab230, 0x00000201164ac5e0, 0x00000201164ab8c0,
0x0000020113f27a90, 0x0000020113f24610, 0x0000020113f266e0, 0x0000020113f28120,
0x0000020113f2af10, 0x0000020113f294d0, 0x0000020113f2bc30, 0x0000020113f29b60,
0x0000020113f28e40, 0x0000020113f2a1f0, 0x0000020113f2a880, 0x0000020113f2b5a0,
0x00000201133e2510, 0x0000020116b87e10, 0x0000020116b856b0, 0x0000020116b88b30,
0x0000020116b884a0, 0x0000020116b86a60, 0x0000020114313550, 0x0000020114312ec0,
0x00000201143100d0, 0x00000201143121a0, 0x0000020114311480, 0x0000020114313be0,
0x0000020114312830, 0x0000020114314270, 0x0000020114314f90, 0x0000020114311b10,
0x0000020114317060, 0x0000020114315620, 0x00000201143176f0, 0x0000020114315cb0,
0x0000020114316340, 0x0000020113f27400, 0x000002011583e780, 0x000002011583cd40,
0x000002011583ee10, 0x0000020115840850, 0x000002011583d3d0, 0x0000020115841570,
0x0000020115840ee0, 0x000002011583e0f0
}

Java Threads: ( => current thread )
  0x00000200b29c0990 JavaThread "main"                              [_thread_blocked, id=14568, stack(0x0000009737e00000,0x0000009737f00000) (1024K)]
  0x00000200cb66ab90 JavaThread "Reference Handler"          daemon [_thread_blocked, id=11152, stack(0x0000009738200000,0x0000009738300000) (1024K)]
  0x00000200cb66de70 JavaThread "Finalizer"                  daemon [_thread_blocked, id=35060, stack(0x0000009738300000,0x0000009738400000) (1024K)]
  0x00000200cb670570 JavaThread "Signal Dispatcher"          daemon [_thread_blocked, id=30536, stack(0x0000009738400000,0x0000009738500000) (1024K)]
=>0x00000200cb673620 JavaThread "Attach Listener"            daemon [_thread_in_vm, id=1828, stack(0x0000009738500000,0x0000009738600000) (1024K)]
  0x00000200cb678cd0 JavaThread "Service Thread"             daemon [_thread_blocked, id=30648, stack(0x0000009738600000,0x0000009738700000) (1024K)]
  0x00000200cb681170 JavaThread "Monitor Deflation Thread"   daemon [_thread_blocked, id=29632, stack(0x0000009738700000,0x0000009738800000) (1024K)]
  0x00000200cb683630 JavaThread "C2 CompilerThread0"         daemon [_thread_blocked, id=25272, stack(0x0000009738800000,0x0000009738900000) (1024K)]
  0x000002010e018120 JavaThread "C1 CompilerThread0"         daemon [_thread_blocked, id=21716, stack(0x0000009738900000,0x0000009738a00000) (1024K)]
  0x000002010e0f13d0 JavaThread "Common-Cleaner"             daemon [_thread_blocked, id=15444, stack(0x0000009738a00000,0x0000009738b00000) (1024K)]
  0x000002010e2a0480 JavaThread "Notification Thread"        daemon [_thread_blocked, id=13432, stack(0x0000009738c00000,0x0000009738d00000) (1024K)]
  0x0000020113043ab0 JavaThread "Active Thread: Equinox Container: 1790d2b6-6b8a-40e3-92b7-9b34572233f5"        [_thread_blocked, id=20700, stack(0x0000009739300000,0x0000009739400000) (1024K)]
  0x000002010e57dad0 JavaThread "Refresh Thread: Equinox Container: 1790d2b6-6b8a-40e3-92b7-9b34572233f5" daemon [_thread_blocked, id=24716, stack(0x0000009739500000,0x0000009739600000) (1024K)]
  0x000002010eb7a960 JavaThread "Framework Event Dispatcher: Equinox Container: 1790d2b6-6b8a-40e3-92b7-9b34572233f5" daemon [_thread_blocked, id=16436, stack(0x0000009739600000,0x0000009739700000) (1024K)]
  0x000002010eb94c60 JavaThread "Start Level: Equinox Container: 1790d2b6-6b8a-40e3-92b7-9b34572233f5" daemon [_thread_blocked, id=10484, stack(0x0000009739700000,0x0000009739800000) (1024K)]
  0x000002010eb437c0 JavaThread "Bundle File Closer"         daemon [_thread_blocked, id=23884, stack(0x0000009739800000,0x0000009739900000) (1024K)]
  0x00000201133c7580 JavaThread "SCR Component Actor"        daemon [_thread_blocked, id=28252, stack(0x0000009738b00000,0x0000009738c00000) (1024K)]
  0x00000201133e0440 JavaThread "Worker-JM"                         [_thread_blocked, id=34620, stack(0x0000009739a00000,0x0000009739b00000) (1024K)]
  0x00000201133e1160 JavaThread "JNA Cleaner"                daemon [_thread_blocked, id=34592, stack(0x0000009739b00000,0x0000009739c00000) (1024K)]
  0x00000201133e17f0 JavaThread "Worker-0"                          [_thread_blocked, id=28384, stack(0x0000009739c00000,0x0000009739d00000) (1024K)]
  0x00000201133e1e80 JavaThread "Worker-1"                          [_thread_blocked, id=4800, stack(0x0000009739d00000,0x0000009739e00000) (1024K)]
  0x00000201133df090 JavaThread "Worker-2"                          [_thread_blocked, id=17048, stack(0x0000009739e00000,0x0000009739f00000) (1024K)]
  0x00000201133dfdb0 JavaThread "Worker-3"                          [_thread_blocked, id=2996, stack(0x0000009739f00000,0x000000973a000000) (1024K)]
  0x00000201164a5650 JavaThread "Java indexing"              daemon [_thread_blocked, id=3912, stack(0x000000973a200000,0x000000973a300000) (1024K)]
  0x00000201164a8440 JavaThread "Worker-4: Updating workspace"        [_thread_blocked, id=10200, stack(0x000000973a300000,0x000000973a400000) (1024K)]
  0x00000201164a8ad0 JavaThread "Worker-5: Initialize workspace"        [_thread_blocked, id=11708, stack(0x000000973a600000,0x000000973a700000) (1024K)]
  0x00000201164a7090 JavaThread "Worker-6: Building"                [_thread_blocked, id=29960, stack(0x000000973a700000,0x000000973a800000) (1024K)]
  0x00000201164a6a00 JavaThread "Worker-7"                          [_thread_blocked, id=5032, stack(0x000000973a800000,0x000000973a900000) (1024K)]
  0x00000201164a9160 JavaThread "Thread-2"                   daemon [_thread_in_native, id=17060, stack(0x000000973a900000,0x000000973aa00000) (1024K)]
  0x00000201164a7db0 JavaThread "Thread-3"                   daemon [_thread_in_native, id=31260, stack(0x000000973aa00000,0x000000973ab00000) (1024K)]
  0x00000201164a7720 JavaThread "Thread-4"                   daemon [_thread_in_native, id=29160, stack(0x000000973ab00000,0x000000973ac00000) (1024K)]
  0x00000201164a5ce0 JavaThread "Thread-5"                   daemon [_thread_in_native, id=16096, stack(0x000000973ac00000,0x000000973ad00000) (1024K)]
  0x00000201164a97f0 JavaThread "Thread-6"                   daemon [_thread_in_native, id=34928, stack(0x000000973ad00000,0x000000973ae00000) (1024K)]
  0x00000201164a6370 JavaThread "Thread-7"                   daemon [_thread_in_native, id=11636, stack(0x000000973ae00000,0x000000973af00000) (1024K)]
  0x00000201164a9e80 JavaThread "Thread-8"                   daemon [_thread_in_native, id=20056, stack(0x000000973af00000,0x000000973b000000) (1024K)]
  0x00000201164aa510 JavaThread "Thread-9"                   daemon [_thread_in_native, id=28424, stack(0x000000973b000000,0x000000973b100000) (1024K)]
  0x00000201164acc70 JavaThread "Thread-10"                  daemon [_thread_in_native, id=20864, stack(0x000000973b100000,0x000000973b200000) (1024K)]
  0x00000201164ab230 JavaThread "pool-2-thread-1"                   [_thread_blocked, id=16124, stack(0x000000973b200000,0x000000973b300000) (1024K)]
  0x00000201164ac5e0 JavaThread "Worker-8"                          [_thread_blocked, id=34068, stack(0x000000973b300000,0x000000973b400000) (1024K)]
  0x00000201164ab8c0 JavaThread "Timer-0"                           [_thread_blocked, id=1300, stack(0x000000973b400000,0x000000973b500000) (1024K)]
  0x0000020113f27a90 JavaThread "Timer-1"                           [_thread_blocked, id=35216, stack(0x000000973b500000,0x000000973b600000) (1024K)]
  0x0000020113f24610 JavaThread "WorkspaceEventsHandler"            [_thread_blocked, id=14452, stack(0x000000973b700000,0x000000973b800000) (1024K)]
  0x0000020113f266e0 JavaThread "pool-1-thread-1"                   [_thread_blocked, id=15756, stack(0x000000973b800000,0x000000973b900000) (1024K)]
  0x0000020113f28120 JavaThread "Worker-9"                          [_thread_blocked, id=29520, stack(0x000000973b900000,0x000000973ba00000) (1024K)]
  0x0000020113f2af10 JavaThread "LocalFile Deleter"          daemon [_thread_blocked, id=14724, stack(0x0000009739900000,0x0000009739a00000) (1024K)]
  0x0000020113f294d0 JavaThread "LocalFile Deleter"          daemon [_thread_blocked, id=25392, stack(0x000000973ba00000,0x000000973bb00000) (1024K)]
  0x0000020113f2bc30 JavaThread "LocalFile Deleter"          daemon [_thread_blocked, id=6360, stack(0x000000973bb00000,0x000000973bc00000) (1024K)]
  0x0000020113f29b60 JavaThread "LocalFile Deleter"          daemon [_thread_blocked, id=11416, stack(0x000000973bc00000,0x000000973bd00000) (1024K)]
  0x0000020113f28e40 JavaThread "LocalFile Deleter"          daemon [_thread_blocked, id=15600, stack(0x000000973bd00000,0x000000973be00000) (1024K)]
  0x0000020113f2a1f0 JavaThread "LocalFile Deleter"          daemon [_thread_blocked, id=32292, stack(0x000000973be00000,0x000000973bf00000) (1024K)]
  0x0000020113f2a880 JavaThread "LocalFile Deleter"          daemon [_thread_blocked, id=29332, stack(0x000000973bf00000,0x000000973c000000) (1024K)]
  0x0000020113f2b5a0 JavaThread "LocalFile Deleter"          daemon [_thread_blocked, id=30800, stack(0x000000973c000000,0x000000973c100000) (1024K)]
  0x00000201133e2510 JavaThread "Compiler Source File Reader" daemon [_thread_blocked, id=32620, stack(0x000000973c100000,0x000000973c200000) (1024K)]
  0x0000020116b87e10 JavaThread "Compiler Source File Reader" daemon [_thread_blocked, id=30576, stack(0x000000973c200000,0x000000973c300000) (1024K)]
  0x0000020116b856b0 JavaThread "Compiler Source File Reader" daemon [_thread_blocked, id=26988, stack(0x000000973c300000,0x000000973c400000) (1024K)]
  0x0000020116b88b30 JavaThread "Compiler Source File Reader" daemon [_thread_blocked, id=21316, stack(0x000000973c400000,0x000000973c500000) (1024K)]
  0x0000020116b884a0 JavaThread "Compiler Source File Reader" daemon [_thread_blocked, id=31292, stack(0x000000973c500000,0x000000973c600000) (1024K)]
  0x0000020116b86a60 JavaThread "Compiler Source File Reader" daemon [_thread_blocked, id=30328, stack(0x000000973c600000,0x000000973c700000) (1024K)]
  0x0000020114313550 JavaThread "Compiler Processing Task"   daemon [_thread_blocked, id=20256, stack(0x000000973c700000,0x000000973c800000) (1024K)]
  0x0000020114312ec0 JavaThread "Compiler Class File Writer" daemon [_thread_blocked, id=3852, stack(0x000000973c800000,0x000000973c900000) (1024K)]
  0x00000201143100d0 JavaThread "Compiler Class File Writer" daemon [_thread_blocked, id=10444, stack(0x000000973c900000,0x000000973ca00000) (1024K)]
  0x00000201143121a0 JavaThread "Compiler Class File Writer" daemon [_thread_blocked, id=19520, stack(0x000000973ca00000,0x000000973cb00000) (1024K)]
  0x0000020114311480 JavaThread "Compiler Class File Writer" daemon [_thread_blocked, id=26288, stack(0x000000973cb00000,0x000000973cc00000) (1024K)]
  0x0000020114313be0 JavaThread "Compiler Class File Writer" daemon [_thread_blocked, id=12116, stack(0x000000973cc00000,0x000000973cd00000) (1024K)]
  0x0000020114312830 JavaThread "Compiler Class File Writer" daemon [_thread_blocked, id=18392, stack(0x000000973cd00000,0x000000973ce00000) (1024K)]
  0x0000020114314270 JavaThread "Exec process"                      [_thread_blocked, id=15224, stack(0x000000973ce00000,0x000000973cf00000) (1024K)]
  0x0000020114314f90 JavaThread "Exec process Thread 2"             [_thread_blocked, id=5464, stack(0x000000973cf00000,0x000000973d000000) (1024K)]
  0x0000020114311b10 JavaThread "Exec process Thread 3"             [_thread_blocked, id=30680, stack(0x000000973d000000,0x000000973d100000) (1024K)]
  0x0000020114317060 JavaThread "Timer-2"                           [_thread_blocked, id=22904, stack(0x000000973d100000,0x000000973d200000) (1024K)]
  0x0000020114315620 JavaThread "Timer-3"                           [_thread_blocked, id=11288, stack(0x000000973b600000,0x000000973b700000) (1024K)]
  0x00000201143176f0 JavaThread "Timer-4"                           [_thread_blocked, id=30012, stack(0x000000973d200000,0x000000973d300000) (1024K)]
  0x0000020114315cb0 JavaThread "Timer-5"                           [_thread_blocked, id=33064, stack(0x000000973d300000,0x000000973d400000) (1024K)]
  0x0000020114316340 JavaThread "Timer-6"                           [_thread_blocked, id=15704, stack(0x000000973d400000,0x000000973d500000) (1024K)]
  0x0000020113f27400 JavaThread "Timer-7"                           [_thread_blocked, id=16428, stack(0x000000973d500000,0x000000973d600000) (1024K)]
  0x000002011583e780 JavaThread "ForkJoinPool.commonPool-worker-1" daemon [_thread_blocked, id=35836, stack(0x000000973d900000,0x000000973da00000) (1024K)]
  0x000002011583cd40 JavaThread "Timer-8"                           [_thread_blocked, id=34984, stack(0x000000973a000000,0x000000973a100000) (1024K)]
  0x000002011583ee10 JavaThread "Timer-9"                           [_thread_blocked, id=29056, stack(0x000000973d600000,0x000000973d700000) (1024K)]
  0x0000020115840850 JavaThread "Timer-10"                          [_thread_blocked, id=23068, stack(0x000000973d700000,0x000000973d800000) (1024K)]
  0x000002011583d3d0 JavaThread "Timer-11"                          [_thread_blocked, id=34124, stack(0x000000973da00000,0x000000973db00000) (1024K)]
  0x0000020115841570 JavaThread "Timer-12"                          [_thread_blocked, id=3376, stack(0x000000973dc00000,0x000000973dd00000) (1024K)]
  0x0000020115840ee0 JavaThread "Timer-13"                          [_thread_blocked, id=31088, stack(0x000000973db00000,0x000000973dc00000) (1024K)]
  0x000002011583e0f0 JavaThread "Timer-14"                          [_thread_blocked, id=26168, stack(0x000000973d800000,0x000000973d900000) (1024K)]
Total: 82

Other Threads:
  0x00000200cb663a00 VMThread "VM Thread"                           [id=28784, stack(0x0000009738100000,0x0000009738200000) (1024K)] _threads_hazard_ptr=0x00000201221b3860
  0x00000200b4c7dbf0 WatcherThread "VM Periodic Task Thread"        [id=27904, stack(0x0000009738000000,0x0000009738100000) (1024K)]
  0x00000200b4c2e400 WorkerThread "GC Thread#0"                     [id=29188, stack(0x0000009737f00000,0x0000009738000000) (1024K)]
  0x000002010e349e20 WorkerThread "GC Thread#1"                     [id=12000, stack(0x0000009738d00000,0x0000009738e00000) (1024K)]
  0x000002010e5d83e0 WorkerThread "GC Thread#2"                     [id=18760, stack(0x0000009738e00000,0x0000009738f00000) (1024K)]
  0x000002010e5d9b80 WorkerThread "GC Thread#3"                     [id=24516, stack(0x0000009738f00000,0x0000009739000000) (1024K)]
  0x000002010e726b90 WorkerThread "GC Thread#4"                     [id=21492, stack(0x0000009739000000,0x0000009739100000) (1024K)]
  0x000002010e726f30 WorkerThread "GC Thread#5"                     [id=10668, stack(0x0000009739100000,0x0000009739200000) (1024K)]
  0x000002010e7272d0 WorkerThread "GC Thread#6"                     [id=9980, stack(0x0000009739200000,0x0000009739300000) (1024K)]
  0x000002010e94f4b0 WorkerThread "GC Thread#7"                     [id=23472, stack(0x0000009739400000,0x0000009739500000) (1024K)]
Total: 10

Threads with active compile tasks:
C2 CompilerThread0  60712 13290       4       org.eclipse.jdt.internal.compiler.lookup.LookupEnvironment::getTypeFromTypeVariable (68 bytes)
Total: 1

VM state: synchronizing (normal execution)

VM Mutex/Monitor currently owned by a thread:  ([mutex/lock_event])
[0x00007fff12575458] Threads_lock - owner thread: 0x00000200cb663a00
[0x00007fff12575558] Heap_lock - owner thread: 0x00000201164a5650

Heap address: 0x0000000080000000, size: 2048 MB, Compressed Oops mode: 32-bit

CDS archive(s) mapped at: [0x00000200cc000000-0x00000200ccba0000-0x00000200ccba0000), size 12189696, SharedBaseAddress: 0x00000200cc000000, ArchiveRelocationMode: 1.
Compressed class space mapped at: 0x00000200cd000000-0x000002010d000000, reserved size: 1073741824
Narrow klass base: 0x00000200cc000000, Narrow klass shift: 0, Narrow klass range: 0x100000000

GC Precious Log:
 CardTable entry size: 512
 CPUs: 8 total, 8 available
 Memory: 16103M
 Large Page Support: Disabled
 NUMA Support: Disabled
 Compressed Oops: Enabled (32-bit)
 Alignments: Space 512K, Generation 512K, Heap 2M
 Heap Min Capacity: 100M
 Heap Initial Capacity: 100M
 Heap Max Capacity: 2G
 Pre-touch: Disabled
 Parallel Workers: 8

Heap:
 PSYoungGen      total 3072K, used 2593K [0x00000000d5580000, 0x00000000d5b00000, 0x0000000100000000)
  eden space 2048K, 98% used [0x00000000d5580000,0x00000000d5777928,0x00000000d5780000)
  from space 1024K, 56% used [0x00000000d5a00000,0x00000000d5a90c40,0x00000000d5b00000)
  to   space 1024K, 0% used [0x00000000d5900000,0x00000000d5900000,0x00000000d5a00000)
 ParOldGen       total 489472K, used 489074K [0x0000000080000000, 0x000000009de00000, 0x00000000d5580000)
  object space 489472K, 99% used [0x0000000080000000,0x000000009dd9ca20,0x000000009de00000)
 Metaspace       used 81213K, committed 82816K, reserved 1179648K
  class space    used 9672K, committed 10368K, reserved 1048576K

Card table byte_map: [0x00000200b45d0000,0x00000200b49e0000] _byte_map_base: 0x00000200b41d0000

Marking Bits: (ParMarkBitMap*) 0x00007fff1257a340
 Begin Bits: [0x00000200c70a0000, 0x00000200c90a0000)
 End Bits:   [0x00000200c90a0000, 0x00000200cb0a0000)

Polling page: 0x00000200b43c0000

Metaspace:

Usage:
  Non-class:     69.86 MB used.
      Class:      9.45 MB used.
       Both:     79.31 MB used.

Virtual space:
  Non-class space:      128.00 MB reserved,      70.75 MB ( 55%) committed,  2 nodes.
      Class space:        1.00 GB reserved,      10.12 MB ( <1%) committed,  1 nodes.
             Both:        1.12 GB reserved,      80.88 MB (  7%) committed. 

Chunk freelists:
   Non-Class:  9.07 MB
       Class:  5.86 MB
        Both:  14.93 MB

MaxMetaspaceSize: unlimited
CompressedClassSpaceSize: 1.00 GB
Initial GC threshold: 21.00 MB
Current GC threshold: 97.31 MB
CDS: on
 - commit_granule_bytes: 65536.
 - commit_granule_words: 8192.
 - virtual_space_node_default_size: 8388608.
 - enlarge_chunks_in_place: 1.
 - use_allocation_guard: 0.


Internal statistics:

num_allocs_failed_limit: 9.
num_arena_births: 1552.
num_arena_deaths: 14.
num_vsnodes_births: 3.
num_vsnodes_deaths: 0.
num_space_committed: 1294.
num_space_uncommitted: 0.
num_chunks_returned_to_freelist: 23.
num_chunks_taken_from_freelist: 5645.
num_chunk_merges: 15.
num_chunk_splits: 3335.
num_chunks_enlarged: 1727.
num_inconsistent_stats: 0.

CodeHeap 'non-profiled nmethods': size=120000Kb used=12631Kb max_used=12631Kb free=107368Kb
 bounds [0x00000200bf8c0000, 0x00000200c0520000, 0x00000200c6df0000]
CodeHeap 'profiled nmethods': size=120000Kb used=29623Kb max_used=29623Kb free=90376Kb
 bounds [0x00000200b7df0000, 0x00000200b9ae0000, 0x00000200bf320000]
CodeHeap 'non-nmethods': size=5760Kb used=1462Kb max_used=1543Kb free=4297Kb
 bounds [0x00000200bf320000, 0x00000200bf590000, 0x00000200bf8c0000]
CodeCache: size=245760Kb, used=43716Kb, max_used=43797Kb, free=202041Kb
 total_blobs=13272, nmethods=12500, adapters=676, full_count=0
Compilation: enabled, stopped_count=0, restarted_count=0

Compilation events (20 events):
Event: 59.619 Thread 0x000002010e018120 13296       3       org.eclipse.jdt.internal.compiler.env.NameEnvironmentAnswer::isBinaryType (11 bytes)
Event: 59.619 Thread 0x000002010e018120 nmethod 13296 0x00000200b9ad8310 code [0x00000200b9ad84c0, 0x00000200b9ad8630]
Event: 59.620 Thread 0x000002010e018120 13297       3       org.eclipse.jdt.internal.compiler.lookup.LookupEnvironment$$Lambda/0x00000200cd70c400::<init> (15 bytes)
Event: 59.620 Thread 0x000002010e018120 nmethod 13297 0x00000200b9ad8710 code [0x00000200b9ad88c0, 0x00000200b9ad8a58]
Event: 59.620 Thread 0x000002010e018120 13298       3       org.eclipse.jdt.internal.compiler.lookup.LookupEnvironment$$Lambda/0x00000200cd70c400::apply (16 bytes)
Event: 59.620 Thread 0x000002010e018120 nmethod 13298 0x00000200b9ad8b10 code [0x00000200b9ad8ce0, 0x00000200b9ad90e8]
Event: 59.621 Thread 0x000002010e018120 13299       3       org.eclipse.jdt.internal.compiler.lookup.LookupEnvironment::lambda$0 (12 bytes)
Event: 59.621 Thread 0x000002010e018120 nmethod 13299 0x00000200b9ad9210 code [0x00000200b9ad93e0, 0x00000200b9ad9670]
Event: 60.090 Thread 0x000002010e018120 13300       3       org.eclipse.core.runtime.SubMonitor::convert (8 bytes)
Event: 60.091 Thread 0x000002010e018120 nmethod 13300 0x00000200b9ad9790 code [0x00000200b9ad9940, 0x00000200b9ad9a68]
Event: 60.092 Thread 0x000002010e018120 13301       3       org.eclipse.core.internal.dtree.NodeComparison::asReverseComparison (67 bytes)
Event: 60.092 Thread 0x000002010e018120 nmethod 13301 0x00000200b9ad9b10 code [0x00000200b9ad9cc0, 0x00000200b9ad9f18]
Event: 60.094 Thread 0x000002010e018120 13302       3       org.eclipse.core.internal.events.NodeIDMap::put (287 bytes)
Event: 60.096 Thread 0x000002010e018120 nmethod 13302 0x00000200b9ada010 code [0x00000200b9ada320, 0x00000200b9adb948]
Event: 60.112 Thread 0x000002010e018120 13304       3       org.eclipse.jdt.internal.core.DeltaProcessor::externalPath (23 bytes)
Event: 60.113 Thread 0x000002010e018120 nmethod 13304 0x00000200b9adc010 code [0x00000200b9adc200, 0x00000200b9adc6d8]
Event: 60.116 Thread 0x000002010e018120 13307       3       org.eclipse.core.internal.resources.Resource::checkLocal (38 bytes)
Event: 60.117 Thread 0x000002010e018120 nmethod 13307 0x00000200b9adc910 code [0x00000200b9adcb20, 0x00000200b9add198]
Event: 60.119 Thread 0x000002010e018120 13308   !   3       jdk.internal.ref.Cleaner::clean (35 bytes)
Event: 60.120 Thread 0x000002010e018120 nmethod 13308 0x00000200b9add390 code [0x00000200b9add5c0, 0x00000200b9addbb0]

GC Heap History (20 events):
Event: 58.786 GC heap before
{Heap before GC invocations=660 (full 3):
 PSYoungGen      total 5120K, used 4512K [0x00000000d5580000, 0x00000000d5b80000, 0x0000000100000000)
  eden space 4608K, 91% used [0x00000000d5580000,0x00000000d59a0118,0x00000000d5a00000)
  from space 512K, 56% used [0x00000000d5b00000,0x00000000d5b48000,0x00000000d5b80000)
  to   space 512K, 0% used [0x00000000d5a00000,0x00000000d5a00000,0x00000000d5a80000)
 ParOldGen       total 480768K, used 480370K [0x0000000080000000, 0x000000009d580000, 0x00000000d5580000)
  object space 480768K, 99% used [0x0000000080000000,0x000000009d51ca80,0x000000009d580000)
 Metaspace       used 81122K, committed 82688K, reserved 1179648K
  class space    used 9670K, committed 10304K, reserved 1048576K
}
Event: 58.788 GC heap after
{Heap after GC invocations=660 (full 3):
 PSYoungGen      total 5120K, used 340K [0x00000000d5580000, 0x00000000d5b80000, 0x0000000100000000)
  eden space 4608K, 0% used [0x00000000d5580000,0x00000000d5580000,0x00000000d5a00000)
  from space 512K, 66% used [0x00000000d5a00000,0x00000000d5a55200,0x00000000d5a80000)
  to   space 512K, 0% used [0x00000000d5b00000,0x00000000d5b00000,0x00000000d5b80000)
 ParOldGen       total 480768K, used 480490K [0x0000000080000000, 0x000000009d580000, 0x00000000d5580000)
  object space 480768K, 99% used [0x0000000080000000,0x000000009d53aa80,0x000000009d580000)
 Metaspace       used 81122K, committed 82688K, reserved 1179648K
  class space    used 9670K, committed 10304K, reserved 1048576K
}
Event: 58.881 GC heap before
{Heap before GC invocations=661 (full 3):
 PSYoungGen      total 5120K, used 4948K [0x00000000d5580000, 0x00000000d5b80000, 0x0000000100000000)
  eden space 4608K, 100% used [0x00000000d5580000,0x00000000d5a00000,0x00000000d5a00000)
  from space 512K, 66% used [0x00000000d5a00000,0x00000000d5a55200,0x00000000d5a80000)
  to   space 512K, 0% used [0x00000000d5b00000,0x00000000d5b00000,0x00000000d5b80000)
 ParOldGen       total 480768K, used 480490K [0x0000000080000000, 0x000000009d580000, 0x00000000d5580000)
  object space 480768K, 99% used [0x0000000080000000,0x000000009d53aa80,0x000000009d580000)
 Metaspace       used 81138K, committed 82816K, reserved 1179648K
  class space    used 9671K, committed 10368K, reserved 1048576K
}
Event: 58.884 GC heap after
{Heap after GC invocations=661 (full 3):
 PSYoungGen      total 5120K, used 485K [0x00000000d5580000, 0x00000000d5c00000, 0x0000000100000000)
  eden space 4608K, 0% used [0x00000000d5580000,0x00000000d5580000,0x00000000d5a00000)
  from space 512K, 94% used [0x00000000d5b00000,0x00000000d5b796b8,0x00000000d5b80000)
  to   space 1024K, 0% used [0x00000000d5a00000,0x00000000d5a00000,0x00000000d5b00000)
 ParOldGen       total 481280K, used 480904K [0x0000000080000000, 0x000000009d600000, 0x00000000d5580000)
  object space 481280K, 99% used [0x0000000080000000,0x000000009d5a2130,0x000000009d600000)
 Metaspace       used 81138K, committed 82816K, reserved 1179648K
  class space    used 9671K, committed 10368K, reserved 1048576K
}
Event: 58.948 GC heap before
{Heap before GC invocations=662 (full 3):
 PSYoungGen      total 5120K, used 4340K [0x00000000d5580000, 0x00000000d5c00000, 0x0000000100000000)
  eden space 4608K, 83% used [0x00000000d5580000,0x00000000d5943c00,0x00000000d5a00000)
  from space 512K, 94% used [0x00000000d5b00000,0x00000000d5b796b8,0x00000000d5b80000)
  to   space 1024K, 0% used [0x00000000d5a00000,0x00000000d5a00000,0x00000000d5b00000)
 ParOldGen       total 481280K, used 480904K [0x0000000080000000, 0x000000009d600000, 0x00000000d5580000)
  object space 481280K, 99% used [0x0000000080000000,0x000000009d5a2130,0x000000009d600000)
 Metaspace       used 81145K, committed 82816K, reserved 1179648K
  class space    used 9671K, committed 10368K, reserved 1048576K
}
Event: 58.950 GC heap after
{Heap after GC invocations=662 (full 3):
 PSYoungGen      total 5632K, used 1003K [0x00000000d5580000, 0x00000000d5e00000, 0x0000000100000000)
  eden space 4608K, 0% used [0x00000000d5580000,0x00000000d5580000,0x00000000d5a00000)
  from space 1024K, 98% used [0x00000000d5a00000,0x00000000d5afae20,0x00000000d5b00000)
  to   space 2048K, 0% used [0x00000000d5c00000,0x00000000d5c00000,0x00000000d5e00000)
 ParOldGen       total 481792K, used 481436K [0x0000000080000000, 0x000000009d680000, 0x00000000d5580000)
  object space 481792K, 99% used [0x0000000080000000,0x000000009d627188,0x000000009d680000)
 Metaspace       used 81145K, committed 82816K, reserved 1179648K
  class space    used 9671K, committed 10368K, reserved 1048576K
}
Event: 58.990 GC heap before
{Heap before GC invocations=663 (full 3):
 PSYoungGen      total 5632K, used 5588K [0x00000000d5580000, 0x00000000d5e00000, 0x0000000100000000)
  eden space 4608K, 99% used [0x00000000d5580000,0x00000000d59fa3b0,0x00000000d5a00000)
  from space 1024K, 98% used [0x00000000d5a00000,0x00000000d5afae20,0x00000000d5b00000)
  to   space 2048K, 0% used [0x00000000d5c00000,0x00000000d5c00000,0x00000000d5e00000)
 ParOldGen       total 481792K, used 481436K [0x0000000080000000, 0x000000009d680000, 0x00000000d5580000)
  object space 481792K, 99% used [0x0000000080000000,0x000000009d627188,0x000000009d680000)
 Metaspace       used 81145K, committed 82816K, reserved 1179648K
  class space    used 9671K, committed 10368K, reserved 1048576K
}
Event: 58.993 GC heap after
{Heap after GC invocations=663 (full 3):
 PSYoungGen      total 6144K, used 1328K [0x00000000d5580000, 0x00000000d5d80000, 0x0000000100000000)
  eden space 4608K, 0% used [0x00000000d5580000,0x00000000d5580000,0x00000000d5a00000)
  from space 1536K, 86% used [0x00000000d5c00000,0x00000000d5d4c268,0x00000000d5d80000)
  to   space 1536K, 0% used [0x00000000d5a80000,0x00000000d5a80000,0x00000000d5c00000)
 ParOldGen       total 482816K, used 482397K [0x0000000080000000, 0x000000009d780000, 0x00000000d5580000)
  object space 482816K, 99% used [0x0000000080000000,0x000000009d717710,0x000000009d780000)
 Metaspace       used 81145K, committed 82816K, reserved 1179648K
  class space    used 9671K, committed 10368K, reserved 1048576K
}
Event: 59.072 GC heap before
{Heap before GC invocations=664 (full 3):
 PSYoungGen      total 6144K, used 5936K [0x00000000d5580000, 0x00000000d5d80000, 0x0000000100000000)
  eden space 4608K, 100% used [0x00000000d5580000,0x00000000d5a00000,0x00000000d5a00000)
  from space 1536K, 86% used [0x00000000d5c00000,0x00000000d5d4c268,0x00000000d5d80000)
  to   space 1536K, 0% used [0x00000000d5a80000,0x00000000d5a80000,0x00000000d5c00000)
 ParOldGen       total 482816K, used 482397K [0x0000000080000000, 0x000000009d780000, 0x00000000d5580000)
  object space 482816K, 99% used [0x0000000080000000,0x000000009d717710,0x000000009d780000)
 Metaspace       used 81153K, committed 82816K, reserved 1179648K
  class space    used 9671K, committed 10368K, reserved 1048576K
}
Event: 59.075 GC heap after
{Heap after GC invocations=664 (full 3):
 PSYoungGen      total 6144K, used 1433K [0x00000000d5580000, 0x00000000d5d00000, 0x0000000100000000)
  eden space 4608K, 0% used [0x00000000d5580000,0x00000000d5580000,0x00000000d5a00000)
  from space 1536K, 93% used [0x00000000d5a80000,0x00000000d5be65a8,0x00000000d5c00000)
  to   space 1024K, 0% used [0x00000000d5c00000,0x00000000d5c00000,0x00000000d5d00000)
 ParOldGen       total 484352K, used 483609K [0x0000000080000000, 0x000000009d900000, 0x00000000d5580000)
  object space 484352K, 99% used [0x0000000080000000,0x000000009d8466c8,0x000000009d900000)
 Metaspace       used 81153K, committed 82816K, reserved 1179648K
  class space    used 9671K, committed 10368K, reserved 1048576K
}
Event: 59.160 GC heap before
{Heap before GC invocations=665 (full 3):
 PSYoungGen      total 6144K, used 6041K [0x00000000d5580000, 0x00000000d5d00000, 0x0000000100000000)
  eden space 4608K, 100% used [0x00000000d5580000,0x00000000d5a00000,0x00000000d5a00000)
  from space 1536K, 93% used [0x00000000d5a80000,0x00000000d5be65a8,0x00000000d5c00000)
  to   space 1024K, 0% used [0x00000000d5c00000,0x00000000d5c00000,0x00000000d5d00000)
 ParOldGen       total 484352K, used 483609K [0x0000000080000000, 0x000000009d900000, 0x00000000d5580000)
  object space 484352K, 99% used [0x0000000080000000,0x000000009d8466c8,0x000000009d900000)
 Metaspace       used 81155K, committed 82816K, reserved 1179648K
  class space    used 9671K, committed 10368K, reserved 1048576K
}
Event: 59.162 GC heap after
{Heap after GC invocations=665 (full 3):
 PSYoungGen      total 3072K, used 1014K [0x00000000d5580000, 0x00000000d6300000, 0x0000000100000000)
  eden space 2048K, 0% used [0x00000000d5580000,0x00000000d5580000,0x00000000d5780000)
  from space 1024K, 99% used [0x00000000d5c00000,0x00000000d5cfd948,0x00000000d5d00000)
  to   space 4608K, 0% used [0x00000000d5780000,0x00000000d5780000,0x00000000d5c00000)
 ParOldGen       total 486912K, used 486734K [0x0000000080000000, 0x000000009db80000, 0x00000000d5580000)
  object space 486912K, 99% used [0x0000000080000000,0x000000009db539c0,0x000000009db80000)
 Metaspace       used 81155K, committed 82816K, reserved 1179648K
  class space    used 9671K, committed 10368K, reserved 1048576K
}
Event: 59.168 GC heap before
{Heap before GC invocations=666 (full 3):
 PSYoungGen      total 3072K, used 3062K [0x00000000d5580000, 0x00000000d6300000, 0x0000000100000000)
  eden space 2048K, 100% used [0x00000000d5580000,0x00000000d5780000,0x00000000d5780000)
  from space 1024K, 99% used [0x00000000d5c00000,0x00000000d5cfd948,0x00000000d5d00000)
  to   space 4608K, 0% used [0x00000000d5780000,0x00000000d5780000,0x00000000d5c00000)
 ParOldGen       total 486912K, used 486734K [0x0000000080000000, 0x000000009db80000, 0x00000000d5580000)
  object space 486912K, 99% used [0x0000000080000000,0x000000009db539c0,0x000000009db80000)
 Metaspace       used 81155K, committed 82816K, reserved 1179648K
  class space    used 9671K, committed 10368K, reserved 1048576K
}
Event: 59.170 GC heap after
{Heap after GC invocations=666 (full 3):
 PSYoungGen      total 2560K, used 160K [0x00000000d5580000, 0x00000000d5c80000, 0x0000000100000000)
  eden space 2048K, 0% used [0x00000000d5580000,0x00000000d5580000,0x00000000d5780000)
  from space 512K, 31% used [0x00000000d5780000,0x00000000d57a8000,0x00000000d5800000)
  to   space 2048K, 0% used [0x00000000d5a80000,0x00000000d5a80000,0x00000000d5c80000)
 ParOldGen       total 487936K, used 487779K [0x0000000080000000, 0x000000009dc80000, 0x00000000d5580000)
  object space 487936K, 99% used [0x0000000080000000,0x000000009dc58f20,0x000000009dc80000)
 Metaspace       used 81155K, committed 82816K, reserved 1179648K
  class space    used 9671K, committed 10368K, reserved 1048576K
}
Event: 59.292 GC heap before
{Heap before GC invocations=667 (full 3):
 PSYoungGen      total 2560K, used 2208K [0x00000000d5580000, 0x00000000d5c80000, 0x0000000100000000)
  eden space 2048K, 100% used [0x00000000d5580000,0x00000000d5780000,0x00000000d5780000)
  from space 512K, 31% used [0x00000000d5780000,0x00000000d57a8000,0x00000000d5800000)
  to   space 2048K, 0% used [0x00000000d5a80000,0x00000000d5a80000,0x00000000d5c80000)
 ParOldGen       total 487936K, used 487779K [0x0000000080000000, 0x000000009dc80000, 0x00000000d5580000)
  object space 487936K, 99% used [0x0000000080000000,0x000000009dc58f20,0x000000009dc80000)
 Metaspace       used 81167K, committed 82816K, reserved 1179648K
  class space    used 9671K, committed 10368K, reserved 1048576K
}
Event: 59.295 GC heap after
{Heap after GC invocations=667 (full 3):
 PSYoungGen      total 3072K, used 927K [0x00000000d5580000, 0x00000000d5b80000, 0x0000000100000000)
  eden space 2048K, 0% used [0x00000000d5580000,0x00000000d5580000,0x00000000d5780000)
  from space 1024K, 90% used [0x00000000d5a80000,0x00000000d5b67db0,0x00000000d5b80000)
  to   space 1536K, 0% used [0x00000000d5880000,0x00000000d5880000,0x00000000d5a00000)
 ParOldGen       total 487936K, used 487819K [0x0000000080000000, 0x000000009dc80000, 0x00000000d5580000)
  object space 487936K, 99% used [0x0000000080000000,0x000000009dc62f20,0x000000009dc80000)
 Metaspace       used 81167K, committed 82816K, reserved 1179648K
  class space    used 9671K, committed 10368K, reserved 1048576K
}
Event: 59.499 GC heap before
{Heap before GC invocations=668 (full 3):
 PSYoungGen      total 3072K, used 2975K [0x00000000d5580000, 0x00000000d5b80000, 0x0000000100000000)
  eden space 2048K, 100% used [0x00000000d5580000,0x00000000d5780000,0x00000000d5780000)
  from space 1024K, 90% used [0x00000000d5a80000,0x00000000d5b67db0,0x00000000d5b80000)
  to   space 1536K, 0% used [0x00000000d5880000,0x00000000d5880000,0x00000000d5a00000)
 ParOldGen       total 487936K, used 487819K [0x0000000080000000, 0x000000009dc80000, 0x00000000d5580000)
  object space 487936K, 99% used [0x0000000080000000,0x000000009dc62f20,0x000000009dc80000)
 Metaspace       used 81196K, committed 82816K, reserved 1179648K
  class space    used 9671K, committed 10368K, reserved 1048576K
}
Event: 59.504 GC heap after
{Heap after GC invocations=668 (full 3):
 PSYoungGen      total 3584K, used 640K [0x00000000d5580000, 0x00000000d5b00000, 0x0000000100000000)
  eden space 2048K, 0% used [0x00000000d5580000,0x00000000d5580000,0x00000000d5780000)
  from space 1536K, 41% used [0x00000000d5880000,0x00000000d5920000,0x00000000d5a00000)
  to   space 1024K, 0% used [0x00000000d5a00000,0x00000000d5a00000,0x00000000d5b00000)
 ParOldGen       total 488960K, used 488594K [0x0000000080000000, 0x000000009dd80000, 0x00000000d5580000)
  object space 488960K, 99% used [0x0000000080000000,0x000000009dd24a20,0x000000009dd80000)
 Metaspace       used 81196K, committed 82816K, reserved 1179648K
  class space    used 9671K, committed 10368K, reserved 1048576K
}
Event: 59.602 GC heap before
{Heap before GC invocations=669 (full 3):
 PSYoungGen      total 3584K, used 2688K [0x00000000d5580000, 0x00000000d5b00000, 0x0000000100000000)
  eden space 2048K, 100% used [0x00000000d5580000,0x00000000d5780000,0x00000000d5780000)
  from space 1536K, 41% used [0x00000000d5880000,0x00000000d5920000,0x00000000d5a00000)
  to   space 1024K, 0% used [0x00000000d5a00000,0x00000000d5a00000,0x00000000d5b00000)
 ParOldGen       total 488960K, used 488594K [0x0000000080000000, 0x000000009dd80000, 0x00000000d5580000)
  object space 488960K, 99% used [0x0000000080000000,0x000000009dd24a20,0x000000009dd80000)
 Metaspace       used 81200K, committed 82816K, reserved 1179648K
  class space    used 9671K, committed 10368K, reserved 1048576K
}
Event: 59.605 GC heap after
{Heap after GC invocations=669 (full 3):
 PSYoungGen      total 3072K, used 579K [0x00000000d5580000, 0x00000000d5b00000, 0x0000000100000000)
  eden space 2048K, 0% used [0x00000000d5580000,0x00000000d5580000,0x00000000d5780000)
  from space 1024K, 56% used [0x00000000d5a00000,0x00000000d5a90c40,0x00000000d5b00000)
  to   space 1024K, 0% used [0x00000000d5900000,0x00000000d5900000,0x00000000d5a00000)
 ParOldGen       total 489472K, used 489074K [0x0000000080000000, 0x000000009de00000, 0x00000000d5580000)
  object space 489472K, 99% used [0x0000000080000000,0x000000009dd9ca20,0x000000009de00000)
 Metaspace       used 81200K, committed 82816K, reserved 1179648K
  class space    used 9671K, committed 10368K, reserved 1048576K
}

Dll operation events (15 events):
Event: 0.060 Loaded shared library c:\Users\jkhong\.vscode\extensions\redhat.java-1.44.0-win32-x64\jre\21.0.8-win32-x86_64\bin\java.dll
Event: 0.187 Loaded shared library c:\Users\jkhong\.vscode\extensions\redhat.java-1.44.0-win32-x64\jre\21.0.8-win32-x86_64\bin\zip.dll
Event: 0.364 Loaded shared library C:\Users\jkhong\.vscode\extensions\redhat.java-1.44.0-win32-x64\jre\21.0.8-win32-x86_64\bin\instrument.dll
Event: 0.372 Loaded shared library C:\Users\jkhong\.vscode\extensions\redhat.java-1.44.0-win32-x64\jre\21.0.8-win32-x86_64\bin\net.dll
Event: 0.376 Loaded shared library C:\Users\jkhong\.vscode\extensions\redhat.java-1.44.0-win32-x64\jre\21.0.8-win32-x86_64\bin\nio.dll
Event: 0.380 Loaded shared library C:\Users\jkhong\.vscode\extensions\redhat.java-1.44.0-win32-x64\jre\21.0.8-win32-x86_64\bin\zip.dll
Event: 0.427 Loaded shared library C:\Users\jkhong\.vscode\extensions\redhat.java-1.44.0-win32-x64\jre\21.0.8-win32-x86_64\bin\jimage.dll
Event: 0.639 Loaded shared library c:\Users\jkhong\.vscode\extensions\redhat.java-1.44.0-win32-x64\jre\21.0.8-win32-x86_64\bin\verify.dll
Event: 3.540 Loaded shared library C:\Users\jkhong\AppData\Roaming\Code\User\globalStorage\redhat.java\1.44.0\config_win\org.eclipse.equinox.launcher\org.eclipse.equinox.launcher.win32.win32.x86_64_1.2.1400.v20250730-1736\eclipse_11913.dll
Event: 7.284 Loaded shared library C:\Users\jkhong\AppData\Local\Temp\jna--1158252095\jna3547695883809292435.dll
Event: 14.720 Loaded shared library C:\Users\jkhong\.gradle\native\c067742578af261105cb4f569cf0c3c89f3d7b1fecec35dd04571415982c5e48\windows-amd64\native-platform.dll
Event: 20.572 Loaded shared library C:\Users\jkhong\.vscode\extensions\redhat.java-1.44.0-win32-x64\jre\21.0.8-win32-x86_64\bin\management.dll
Event: 20.625 Loaded shared library C:\Users\jkhong\.vscode\extensions\redhat.java-1.44.0-win32-x64\jre\21.0.8-win32-x86_64\bin\management_ext.dll
Event: 30.775 Loaded shared library C:\Users\jkhong\.vscode\extensions\redhat.java-1.44.0-win32-x64\jre\21.0.8-win32-x86_64\bin\extnet.dll
Event: 30.906 Loaded shared library C:\Users\jkhong\.vscode\extensions\redhat.java-1.44.0-win32-x64\jre\21.0.8-win32-x86_64\bin\sunmscapi.dll

Deoptimization events (20 events):
Event: 58.325 Thread 0x000002011583e780 DEOPT PACKING pc=0x00000200bfc64168 sp=0x000000973d9fe980
Event: 58.325 Thread 0x000002011583e780 DEOPT UNPACKING pc=0x00000200bf376da2 sp=0x000000973d9fe918 mode 2
Event: 58.398 Thread 0x00000201164a8ad0 DEOPT PACKING pc=0x00000200b96363e7 sp=0x000000973a6fdf30
Event: 58.398 Thread 0x00000201164a8ad0 DEOPT UNPACKING pc=0x00000200bf3778e2 sp=0x000000973a6fd4a0 mode 0
Event: 58.407 Thread 0x00000201164a8ad0 DEOPT PACKING pc=0x00000200b96363e7 sp=0x000000973a6fdf30
Event: 58.407 Thread 0x00000201164a8ad0 DEOPT UNPACKING pc=0x00000200bf3778e2 sp=0x000000973a6fd4a0 mode 0
Event: 58.471 Thread 0x00000201164a7090 DEOPT PACKING pc=0x00000200b8798fc8 sp=0x000000973a7fdb20
Event: 58.471 Thread 0x00000201164a7090 DEOPT UNPACKING pc=0x00000200bf3778e2 sp=0x000000973a7fcfd8 mode 0
Event: 58.488 Thread 0x00000201164a8ad0 DEOPT PACKING pc=0x00000200b96363e7 sp=0x000000973a6fdf30
Event: 58.488 Thread 0x00000201164a8ad0 DEOPT UNPACKING pc=0x00000200bf3778e2 sp=0x000000973a6fd4a0 mode 0
Event: 58.569 Thread 0x00000201164a8ad0 DEOPT PACKING pc=0x00000200b96363e7 sp=0x000000973a6fdf30
Event: 58.569 Thread 0x00000201164a8ad0 DEOPT UNPACKING pc=0x00000200bf3778e2 sp=0x000000973a6fd4a0 mode 0
Event: 58.805 Thread 0x00000201164a7090 Uncommon trap: trap_request=0xffffff45 fr.pc=0x00000200c0435ce0 relative=0x00000000000025c0
Event: 58.805 Thread 0x00000201164a7090 Uncommon trap: reason=unstable_if action=reinterpret pc=0x00000200c0435ce0 method=org.eclipse.jdt.internal.compiler.parser.Scanner.getNextToken0()Lorg/eclipse/jdt/internal/compiler/parser/TerminalToken; @ 493 c2
Event: 58.805 Thread 0x00000201164a7090 DEOPT PACKING pc=0x00000200c0435ce0 sp=0x000000973a7fe300
Event: 58.805 Thread 0x00000201164a7090 DEOPT UNPACKING pc=0x00000200bf376da2 sp=0x000000973a7fe248 mode 2
Event: 58.881 Thread 0x00000201164a8ad0 DEOPT PACKING pc=0x00000200b8e476d5 sp=0x000000973a6fe330
Event: 58.881 Thread 0x00000201164a8ad0 DEOPT UNPACKING pc=0x00000200bf3778e2 sp=0x000000973a6fd7a8 mode 0
Event: 59.238 Thread 0x00000201164a7090 DEOPT PACKING pc=0x00000200b92e374a sp=0x000000973a7fe160
Event: 59.238 Thread 0x00000201164a7090 DEOPT UNPACKING pc=0x00000200bf3778e2 sp=0x000000973a7fd680 mode 0

Classes loaded (20 events):
Event: 38.842 Loading class java/security/DigestInputStream
Event: 38.842 Loading class java/security/DigestInputStream done
Event: 40.499 Loading class java/util/Collections$SynchronizedRandomAccessList
Event: 40.499 Loading class java/util/Collections$SynchronizedList
Event: 40.499 Loading class java/util/Collections$SynchronizedList done
Event: 40.499 Loading class java/util/Collections$SynchronizedRandomAccessList done
Event: 40.502 Loading class java/util/concurrent/CompletableFuture$Signaller
Event: 40.502 Loading class java/util/concurrent/CompletableFuture$Signaller done
Event: 41.099 Loading class java/io/SequenceInputStream
Event: 41.099 Loading class java/io/SequenceInputStream done
Event: 41.424 Loading class java/util/concurrent/CompletableFuture$UniApply
Event: 41.424 Loading class java/util/concurrent/CompletableFuture$UniApply done
Event: 41.425 Loading class java/util/concurrent/CompletableFuture$UniExceptionally
Event: 41.430 Loading class java/util/concurrent/CompletableFuture$UniExceptionally done
Event: 58.294 Loading class java/util/stream/DistinctOps
Event: 58.296 Loading class java/util/stream/DistinctOps done
Event: 58.296 Loading class java/util/stream/DistinctOps$1
Event: 58.300 Loading class java/util/stream/DistinctOps$1 done
Event: 58.304 Loading class java/util/stream/DistinctOps$1$2
Event: 58.304 Loading class java/util/stream/DistinctOps$1$2 done

Classes unloaded (7 events):
Event: 8.522 Thread 0x00000200cb663a00 Unloading class 0x00000200cd1a6c00 'java/lang/invoke/LambdaForm$MH+0x00000200cd1a6c00'
Event: 8.522 Thread 0x00000200cb663a00 Unloading class 0x00000200cd1a6800 'java/lang/invoke/LambdaForm$MH+0x00000200cd1a6800'
Event: 8.522 Thread 0x00000200cb663a00 Unloading class 0x00000200cd1a6400 'java/lang/invoke/LambdaForm$MH+0x00000200cd1a6400'
Event: 8.522 Thread 0x00000200cb663a00 Unloading class 0x00000200cd1a6000 'java/lang/invoke/LambdaForm$MH+0x00000200cd1a6000'
Event: 8.522 Thread 0x00000200cb663a00 Unloading class 0x00000200cd1a5c00 'java/lang/invoke/LambdaForm$BMH+0x00000200cd1a5c00'
Event: 8.522 Thread 0x00000200cb663a00 Unloading class 0x00000200cd1a5800 'java/lang/invoke/LambdaForm$DMH+0x00000200cd1a5800'
Event: 8.522 Thread 0x00000200cb663a00 Unloading class 0x00000200cd1a4800 'java/lang/invoke/LambdaForm$DMH+0x00000200cd1a4800'

Classes redefined (0 events):
No events

Internal exceptions (20 events):
Event: 58.562 Thread 0x00000201164a7090 Exception <a 'sun/nio/fs/WindowsException'{0x00000000d583d100}> (0x00000000d583d100) 
thrown [s\src\hotspot\share\prims\jni.cpp, line 520]
Event: 58.562 Thread 0x00000201164a7090 Exception <a 'sun/nio/fs/WindowsException'{0x00000000d583dd28}> (0x00000000d583dd28) 
thrown [s\src\hotspot\share\prims\jni.cpp, line 520]
Event: 58.597 Thread 0x00000201164a7090 Exception <a 'sun/nio/fs/WindowsException'{0x00000000d571fb98}> (0x00000000d571fb98) 
thrown [s\src\hotspot\share\prims\jni.cpp, line 520]
Event: 58.597 Thread 0x0000020113f294d0 Exception <a 'sun/nio/fs/WindowsException'{0x00000000d572c230}> (0x00000000d572c230) 
thrown [s\src\hotspot\share\prims\jni.cpp, line 520]
Event: 58.654 Thread 0x0000020113f2af10 Exception <a 'sun/nio/fs/WindowsException'{0x00000000d572daa8}> (0x00000000d572daa8) 
thrown [s\src\hotspot\share\prims\jni.cpp, line 520]
Event: 58.657 Thread 0x0000020113f28e40 Exception <a 'sun/nio/fs/WindowsException'{0x00000000d5730bd0}> (0x00000000d5730bd0) 
thrown [s\src\hotspot\share\prims\jni.cpp, line 520]
Event: 58.658 Thread 0x0000020113f2b5a0 Exception <a 'sun/nio/fs/WindowsException'{0x00000000d5731e58}> (0x00000000d5731e58) 
thrown [s\src\hotspot\share\prims\jni.cpp, line 520]
Event: 58.661 Thread 0x0000020113f2a880 Exception <a 'sun/nio/fs/WindowsException'{0x00000000d5730378}> (0x00000000d5730378) 
thrown [s\src\hotspot\share\prims\jni.cpp, line 520]
Event: 58.668 Thread 0x0000020113f2a880 Exception <a 'sun/nio/fs/WindowsException'{0x00000000d575a130}> (0x00000000d575a130) 
thrown [s\src\hotspot\share\prims\jni.cpp, line 520]
Event: 58.669 Thread 0x0000020113f2b5a0 Exception <a 'sun/nio/fs/WindowsException'{0x00000000d5737520}> (0x00000000d5737520) 
thrown [s\src\hotspot\share\prims\jni.cpp, line 520]
Event: 58.671 Thread 0x0000020113f29b60 Exception <a 'sun/nio/fs/WindowsException'{0x00000000d57359c0}> (0x00000000d57359c0) 
thrown [s\src\hotspot\share\prims\jni.cpp, line 520]
Event: 58.674 Thread 0x0000020113f2b5a0 Exception <a 'sun/nio/fs/WindowsException'{0x00000000d575cb18}> (0x00000000d575cb18) 
thrown [s\src\hotspot\share\prims\jni.cpp, line 520]
Event: 58.691 Thread 0x00000201164a7090 Exception <a 'sun/nio/fs/WindowsException'{0x00000000d57b1f78}> (0x00000000d57b1f78) 
thrown [s\src\hotspot\share\prims\jni.cpp, line 520]
Event: 58.693 Thread 0x00000201164a7090 Exception <a 'sun/nio/fs/WindowsException'{0x00000000d57c83a8}> (0x00000000d57c83a8) 
thrown [s\src\hotspot\share\prims\jni.cpp, line 520]
Event: 58.717 Thread 0x00000201164a7090 Exception <a 'sun/nio/fs/WindowsException'{0x00000000d57ee1e0}> (0x00000000d57ee1e0) 
thrown [s\src\hotspot\share\prims\jni.cpp, line 520]
Event: 58.757 Thread 0x00000201164a7090 Exception <a 'sun/nio/fs/WindowsException'{0x00000000d5801898}> (0x00000000d5801898) 
thrown [s\src\hotspot\share\prims\jni.cpp, line 520]
Event: 58.766 Thread 0x00000201164a7090 Exception <a 'sun/nio/fs/WindowsException'{0x00000000d5817548}> (0x00000000d5817548) 
thrown [s\src\hotspot\share\prims\jni.cpp, line 520]
Event: 58.773 Thread 0x00000201164a7090 Exception <a 'sun/nio/fs/WindowsException'{0x00000000d5890178}> (0x00000000d5890178) 
thrown [s\src\hotspot\share\prims\jni.cpp, line 520]
Event: 58.778 Thread 0x00000201164a7090 Exception <a 'sun/nio/fs/WindowsException'{0x00000000d58e5348}> (0x00000000d58e5348) 
thrown [s\src\hotspot\share\prims\jni.cpp, line 520]
Event: 58.784 Thread 0x00000201164a7090 Exception <a 'sun/nio/fs/WindowsException'{0x00000000d59709f8}> (0x00000000d59709f8) 
thrown [s\src\hotspot\share\prims\jni.cpp, line 520]

ZGC Phase Switch (0 events):
No events

VM Operations (20 events):
Event: 58.788 Executing VM operation: ParallelGCFailedAllocation (Allocation Failure) done
Event: 58.881 Executing VM operation: ParallelGCFailedAllocation (Allocation Failure)
Event: 58.884 Executing VM operation: ParallelGCFailedAllocation (Allocation Failure) done
Event: 58.948 Executing VM operation: ParallelGCFailedAllocation (Allocation Failure)
Event: 58.950 Executing VM operation: ParallelGCFailedAllocation (Allocation Failure) done
Event: 58.990 Executing VM operation: ParallelGCFailedAllocation (Allocation Failure)
Event: 58.993 Executing VM operation: ParallelGCFailedAllocation (Allocation Failure) done
Event: 59.072 Executing VM operation: ParallelGCFailedAllocation (Allocation Failure)
Event: 59.075 Executing VM operation: ParallelGCFailedAllocation (Allocation Failure) done
Event: 59.160 Executing VM operation: ParallelGCFailedAllocation (Allocation Failure)
Event: 59.162 Executing VM operation: ParallelGCFailedAllocation (Allocation Failure) done
Event: 59.168 Executing VM operation: ParallelGCFailedAllocation (Allocation Failure)
Event: 59.170 Executing VM operation: ParallelGCFailedAllocation (Allocation Failure) done
Event: 59.292 Executing VM operation: ParallelGCFailedAllocation (Allocation Failure)
Event: 59.295 Executing VM operation: ParallelGCFailedAllocation (Allocation Failure) done
Event: 59.499 Executing VM operation: ParallelGCFailedAllocation (Allocation Failure)
Event: 59.504 Executing VM operation: ParallelGCFailedAllocation (Allocation Failure) done
Event: 59.602 Executing VM operation: ParallelGCFailedAllocation (Allocation Failure)
Event: 59.605 Executing VM operation: ParallelGCFailedAllocation (Allocation Failure) done
Event: 60.121 Executing VM operation: ParallelGCFailedAllocation (Allocation Failure)

Memory protections (0 events):
No events

Nmethod flushes (20 events):
Event: 19.558 Thread 0x00000200cb663a00 flushing  nmethod 0x00000200b8764f90
Event: 19.558 Thread 0x00000200cb663a00 flushing  nmethod 0x00000200b8765410
Event: 19.558 Thread 0x00000200cb663a00 flushing  nmethod 0x00000200b8766610
Event: 19.558 Thread 0x00000200cb663a00 flushing  nmethod 0x00000200b8767610
Event: 19.558 Thread 0x00000200cb663a00 flushing  nmethod 0x00000200b8779390
Event: 19.558 Thread 0x00000200cb663a00 flushing  nmethod 0x00000200b877a010
Event: 19.558 Thread 0x00000200cb663a00 flushing  nmethod 0x00000200b8781890
Event: 19.558 Thread 0x00000200cb663a00 flushing osr nmethod 0x00000200b8786510
Event: 19.558 Thread 0x00000200cb663a00 flushing  nmethod 0x00000200b87bba10
Event: 19.558 Thread 0x00000200cb663a00 flushing  nmethod 0x00000200b87c2f90
Event: 19.558 Thread 0x00000200cb663a00 flushing  nmethod 0x00000200b87c8190
Event: 19.558 Thread 0x00000200cb663a00 flushing  nmethod 0x00000200b87c8a90
Event: 19.558 Thread 0x00000200cb663a00 flushing  nmethod 0x00000200b87c9990
Event: 19.558 Thread 0x00000200cb663a00 flushing  nmethod 0x00000200b87ca390
Event: 19.558 Thread 0x00000200cb663a00 flushing  nmethod 0x00000200b87ca990
Event: 19.558 Thread 0x00000200cb663a00 flushing  nmethod 0x00000200b87cb210
Event: 19.558 Thread 0x00000200cb663a00 flushing  nmethod 0x00000200b87cd110
Event: 19.558 Thread 0x00000200cb663a00 flushing  nmethod 0x00000200b87cd490
Event: 19.558 Thread 0x00000200cb663a00 flushing  nmethod 0x00000200b87cf110
Event: 19.558 Thread 0x00000200cb663a00 flushing  nmethod 0x00000200b87d1510

Events (20 events):
Event: 47.080 Thread 0x00000201155ff3f0 Thread exited: 0x00000201155ff3f0
Event: 47.588 Thread 0x000002010e018120 Thread added: 0x00000201155ff3f0
Event: 47.895 Thread 0x000002010e018120 Thread added: 0x00000201155ffac0
Event: 51.526 Thread 0x00000201155ffac0 Thread exited: 0x00000201155ffac0
Event: 52.654 Thread 0x00000201155ff3f0 Thread exited: 0x00000201155ff3f0
Event: 53.517 Thread 0x0000020115842fb0 Thread exited: 0x0000020115842fb0
Event: 53.522 Thread 0x000002011583e0f0 Thread exited: 0x000002011583e0f0
Event: 53.524 Thread 0x00000201164a6a00 Thread added: 0x000002011583e0f0
Event: 53.526 Thread 0x00000201164a6a00 Thread added: 0x0000020115842920
Event: 53.670 Thread 0x0000020115842920 Thread added: 0x0000020115842fb0
Event: 57.626 Thread 0x0000020115842fb0 Thread exited: 0x0000020115842fb0
Event: 57.688 Thread 0x0000020115842920 Thread exited: 0x0000020115842920
Event: 58.322 Thread 0x000002010e018120 Thread added: 0x00000201155fcb10
Event: 58.557 Thread 0x000002010e018120 Thread added: 0x00000201155ff3f0
Event: 59.058 Thread 0x00000201155ff3f0 Thread exited: 0x00000201155ff3f0
Event: 59.216 Thread 0x00000201155fcb10 Thread exited: 0x00000201155fcb10
Event: 59.305 Thread 0x000002010e018120 Thread added: 0x00000201155ff3f0
Event: 59.432 Thread 0x000002010e018120 Thread added: 0x0000020115600190
Event: 60.090 Thread 0x0000020115600190 Thread exited: 0x0000020115600190
Event: 60.092 Thread 0x00000201155ff3f0 Thread exited: 0x00000201155ff3f0


Dynamic libraries:
0x00007ff6f1dc0000 - 0x00007ff6f1dce000 	c:\Users\jkhong\.vscode\extensions\redhat.java-1.44.0-win32-x64\jre\21.0.8-win32-x86_64\bin\java.exe
0x00007fff9e620000 - 0x00007fff9e887000 	C:\WINDOWS\SYSTEM32\ntdll.dll
0x00007fff9d830000 - 0x00007fff9d8f9000 	C:\WINDOWS\System32\KERNEL32.DLL
0x00007fff9bdd0000 - 0x00007fff9c1c0000 	C:\WINDOWS\System32\KERNELBASE.dll
0x00007fff98220000 - 0x00007fff982be000 	C:\WINDOWS\SYSTEM32\apphelp.dll
0x00007fff9c260000 - 0x00007fff9c3ab000 	C:\WINDOWS\System32\ucrtbase.dll
0x00007fff82fc0000 - 0x00007fff82fde000 	c:\Users\jkhong\.vscode\extensions\redhat.java-1.44.0-win32-x64\jre\21.0.8-win32-x86_64\bin\VCRUNTIME140.dll
0x00007fff82c70000 - 0x00007fff82c88000 	c:\Users\jkhong\.vscode\extensions\redhat.java-1.44.0-win32-x64\jre\21.0.8-win32-x86_64\bin\jli.dll
0x00007fff9cb50000 - 0x00007fff9cd15000 	C:\WINDOWS\System32\USER32.dll
0x00007fff9bda0000 - 0x00007fff9bdc7000 	C:\WINDOWS\System32\win32u.dll
0x00007fff9d7a0000 - 0x00007fff9d7cb000 	C:\WINDOWS\System32\GDI32.dll
0x00007fff9b750000 - 0x00007fff9b888000 	C:\WINDOWS\System32\gdi32full.dll
0x00007fff81ab0000 - 0x00007fff81d4a000 	C:\WINDOWS\WinSxS\amd64_microsoft.windows.common-controls_6595b64144ccf1df_6.0.26100.4768_none_3e0c112ce331287c\COMCTL32.dll
0x00007fff9ba10000 - 0x00007fff9bab3000 	C:\WINDOWS\System32\msvcp_win.dll
0x00007fff9c460000 - 0x00007fff9c509000 	C:\WINDOWS\System32\msvcrt.dll
0x00007fff9dfe0000 - 0x00007fff9e00f000 	C:\WINDOWS\System32\IMM32.DLL
0x00007fff88170000 - 0x00007fff8817c000 	c:\Users\jkhong\.vscode\extensions\redhat.java-1.44.0-win32-x64\jre\21.0.8-win32-x86_64\bin\vcruntime140_1.dll
0x00007fff6aee0000 - 0x00007fff6af6d000 	c:\Users\jkhong\.vscode\extensions\redhat.java-1.44.0-win32-x64\jre\21.0.8-win32-x86_64\bin\msvcp140.dll
0x00007fff118c0000 - 0x00007fff12657000 	c:\Users\jkhong\.vscode\extensions\redhat.java-1.44.0-win32-x64\jre\21.0.8-win32-x86_64\bin\server\jvm.dll
0x00007fff9e520000 - 0x00007fff9e5d4000 	C:\WINDOWS\System32\ADVAPI32.dll
0x00007fff9d5c0000 - 0x00007fff9d666000 	C:\WINDOWS\System32\sechost.dll
0x00007fff9d670000 - 0x00007fff9d788000 	C:\WINDOWS\System32\RPCRT4.dll
0x00007fff9cdb0000 - 0x00007fff9ce24000 	C:\WINDOWS\System32\WS2_32.dll
0x00007fff9b5b0000 - 0x00007fff9b60e000 	C:\WINDOWS\SYSTEM32\POWRPROF.dll
0x00007fff8fc50000 - 0x00007fff8fc85000 	C:\WINDOWS\SYSTEM32\WINMM.dll
0x00007fff88dd0000 - 0x00007fff88ddb000 	C:\WINDOWS\SYSTEM32\VERSION.dll
0x00007fff9b590000 - 0x00007fff9b5a4000 	C:\WINDOWS\SYSTEM32\UMPDC.dll
0x00007fff9a4d0000 - 0x00007fff9a4eb000 	C:\WINDOWS\SYSTEM32\kernel.appcore.dll
0x00007fff87df0000 - 0x00007fff87dfa000 	c:\Users\jkhong\.vscode\extensions\redhat.java-1.44.0-win32-x64\jre\21.0.8-win32-x86_64\bin\jimage.dll
0x00007fff98680000 - 0x00007fff988c1000 	C:\WINDOWS\SYSTEM32\DBGHELP.DLL
0x00007fff9e190000 - 0x00007fff9e515000 	C:\WINDOWS\System32\combase.dll
0x00007fff9de80000 - 0x00007fff9df60000 	C:\WINDOWS\System32\OLEAUT32.dll
0x00007fff68a80000 - 0x00007fff68ac3000 	C:\WINDOWS\SYSTEM32\dbgcore.DLL
0x00007fff9bd00000 - 0x00007fff9bd99000 	C:\WINDOWS\System32\bcryptPrimitives.dll
0x00007fff81940000 - 0x00007fff8194f000 	c:\Users\jkhong\.vscode\extensions\redhat.java-1.44.0-win32-x64\jre\21.0.8-win32-x86_64\bin\instrument.dll
0x00007fff82630000 - 0x00007fff8264f000 	c:\Users\jkhong\.vscode\extensions\redhat.java-1.44.0-win32-x64\jre\21.0.8-win32-x86_64\bin\java.dll
0x00007fff9ce70000 - 0x00007fff9d5bd000 	C:\WINDOWS\System32\SHELL32.dll
0x00007fff9bac0000 - 0x00007fff9bc33000 	C:\WINDOWS\System32\wintypes.dll
0x00007fff99350000 - 0x00007fff99bb0000 	C:\WINDOWS\SYSTEM32\windows.storage.dll
0x00007fff9dd30000 - 0x00007fff9de25000 	C:\WINDOWS\System32\SHCORE.dll
0x00007fff9df70000 - 0x00007fff9dfda000 	C:\WINDOWS\System32\shlwapi.dll
0x00007fff9b670000 - 0x00007fff9b699000 	C:\WINDOWS\SYSTEM32\profapi.dll
0x00007fff81d60000 - 0x00007fff81d78000 	c:\Users\jkhong\.vscode\extensions\redhat.java-1.44.0-win32-x64\jre\21.0.8-win32-x86_64\bin\zip.dll
0x00007fff83840000 - 0x00007fff83850000 	C:\Users\jkhong\.vscode\extensions\redhat.java-1.44.0-win32-x64\jre\21.0.8-win32-x86_64\bin\net.dll
0x00007fff89f20000 - 0x00007fff8a03e000 	C:\WINDOWS\SYSTEM32\WINHTTP.dll
0x00007fff9aa60000 - 0x00007fff9aacb000 	C:\WINDOWS\system32\mswsock.dll
0x00007fff81770000 - 0x00007fff81786000 	C:\Users\jkhong\.vscode\extensions\redhat.java-1.44.0-win32-x64\jre\21.0.8-win32-x86_64\bin\nio.dll
0x00007fff81930000 - 0x00007fff81940000 	c:\Users\jkhong\.vscode\extensions\redhat.java-1.44.0-win32-x64\jre\21.0.8-win32-x86_64\bin\verify.dll
0x00007fff81860000 - 0x00007fff818a5000 	C:\Users\jkhong\AppData\Roaming\Code\User\globalStorage\redhat.java\1.44.0\config_win\org.eclipse.equinox.launcher\org.eclipse.equinox.launcher.win32.win32.x86_64_1.2.1400.v20250730-1736\eclipse_11913.dll
0x00007fff9c9a0000 - 0x00007fff9cb40000 	C:\WINDOWS\System32\ole32.dll
0x00007fff9ad20000 - 0x00007fff9ad3b000 	C:\WINDOWS\SYSTEM32\CRYPTSP.dll
0x00007fff9a430000 - 0x00007fff9a46b000 	C:\WINDOWS\system32\rsaenh.dll
0x00007fff9ab00000 - 0x00007fff9ab2b000 	C:\WINDOWS\SYSTEM32\USERENV.dll
0x00007fff9b640000 - 0x00007fff9b666000 	C:\WINDOWS\SYSTEM32\bcrypt.dll
0x00007fff9ad40000 - 0x00007fff9ad4c000 	C:\WINDOWS\SYSTEM32\CRYPTBASE.dll
0x00007fff99f90000 - 0x00007fff99fc3000 	C:\WINDOWS\SYSTEM32\IPHLPAPI.DLL
0x00007fff9cda0000 - 0x00007fff9cdaa000 	C:\WINDOWS\System32\NSI.dll
0x00007fff81810000 - 0x00007fff81859000 	C:\Users\jkhong\AppData\Local\Temp\jna--1158252095\jna3547695883809292435.dll
0x00007fff9d790000 - 0x00007fff9d798000 	C:\WINDOWS\System32\PSAPI.DLL
0x00007fff8a180000 - 0x00007fff8a19f000 	C:\WINDOWS\SYSTEM32\dhcpcsvc6.DLL
0x00007fff8a0c0000 - 0x00007fff8a0e5000 	C:\WINDOWS\SYSTEM32\dhcpcsvc.DLL
0x00007fff811f0000 - 0x00007fff81217000 	C:\Users\jkhong\.gradle\native\c067742578af261105cb4f569cf0c3c89f3d7b1fecec35dd04571415982c5e48\windows-amd64\native-platform.dll
0x00007fff82f50000 - 0x00007fff82f5a000 	C:\Users\jkhong\.vscode\extensions\redhat.java-1.44.0-win32-x64\jre\21.0.8-win32-x86_64\bin\management.dll
0x00007fff82e50000 - 0x00007fff82e5b000 	C:\Users\jkhong\.vscode\extensions\redhat.java-1.44.0-win32-x64\jre\21.0.8-win32-x86_64\bin\management_ext.dll
0x00007fff82520000 - 0x00007fff82529000 	C:\Users\jkhong\.vscode\extensions\redhat.java-1.44.0-win32-x64\jre\21.0.8-win32-x86_64\bin\extnet.dll
0x00007fff82de0000 - 0x00007fff82dee000 	C:\Users\jkhong\.vscode\extensions\redhat.java-1.44.0-win32-x64\jre\21.0.8-win32-x86_64\bin\sunmscapi.dll
0x00007fff9b890000 - 0x00007fff9ba07000 	C:\WINDOWS\System32\CRYPT32.dll
0x00007fff9af40000 - 0x00007fff9af70000 	C:\WINDOWS\SYSTEM32\ncrypt.dll
0x00007fff9aef0000 - 0x00007fff9af2f000 	C:\WINDOWS\SYSTEM32\NTASN1.dll
0x00007fff5e1d0000 - 0x00007fff5e1d8000 	C:\WINDOWS\system32\wshunix.dll

JVMTI agents:
c:\Users\jkhong\.vscode\extensions\redhat.java-1.44.0-win32-x64\lombok\lombok-1.18.39-4050.jar path:c:\Users\jkhong\.vscode\extensions\redhat.java-1.44.0-win32-x64\jre\21.0.8-win32-x86_64\bin\instrument.dll, loaded, initialized, instrumentlib options:none

dbghelp: loaded successfully - version: 4.0.5 - missing functions: none
symbol engine: initialized successfully - sym options: 0x614 - pdb path: .;c:\Users\jkhong\.vscode\extensions\redhat.java-1.44.0-win32-x64\jre\21.0.8-win32-x86_64\bin;C:\WINDOWS\SYSTEM32;C:\WINDOWS\WinSxS\amd64_microsoft.windows.common-controls_6595b64144ccf1df_6.0.26100.4768_none_3e0c112ce331287c;c:\Users\jkhong\.vscode\extensions\redhat.java-1.44.0-win32-x64\jre\21.0.8-win32-x86_64\bin\server;C:\Users\jkhong\AppData\Roaming\Code\User\globalStorage\redhat.java\1.44.0\config_win\org.eclipse.equinox.launcher\org.eclipse.equinox.launcher.win32.win32.x86_64_1.2.1400.v20250730-1736;C:\Users\jkhong\AppData\Local\Temp\jna--1158252095;C:\Users\jkhong\.gradle\native\c067742578af261105cb4f569cf0c3c89f3d7b1fecec35dd04571415982c5e48\windows-amd64

VM Arguments:
jvm_args: --add-modules=ALL-SYSTEM --add-opens=java.base/java.util=ALL-UNNAMED --add-opens=java.base/java.lang=ALL-UNNAMED --add-opens=java.base/sun.nio.fs=ALL-UNNAMED -Declipse.application=org.eclipse.jdt.ls.core.id1 -Dosgi.bundles.defaultStartLevel=4 -Declipse.product=org.eclipse.jdt.ls.core.product -Djava.import.generatesMetadataFilesAtProjectRoot=false -DDetectVMInstallationsJob.disabled=true -Dfile.encoding=utf8 -XX:+UseParallelGC -XX:GCTimeRatio=4 -XX:AdaptiveSizePolicyWeight=90 -Dsun.zip.disableMemoryMapping=true -Xmx2G -Xms100m -Xlog:disable -javaagent:c:\Users\jkhong\.vscode\extensions\redhat.java-1.44.0-win32-x64\lombok\lombok-1.18.39-4050.jar -XX:+HeapDumpOnOutOfMemoryError -XX:HeapDumpPath=c:\Users\jkhong\AppData\Roaming\Code\User\workspaceStorage\490a220237a72c4506f0462ee91a1d7a\redhat.java -Daether.dependencyCollector.impl=bf 
java_command: c:\Users\jkhong\.vscode\extensions\redhat.java-1.44.0-win32-x64\server\plugins\org.eclipse.equinox.launcher_1.7.0.v20250519-0528.jar -configuration c:\Users\jkhong\AppData\Roaming\Code\User\globalStorage\redhat.java\1.44.0\config_win -data c:\Users\jkhong\AppData\Roaming\Code\User\workspaceStorage\490a220237a72c4506f0462ee91a1d7a\redhat.java\jdt_ws --pipe=\\.\pipe\lsp-92d7074b1a06de67d56b8ca423b647c8-sock
java_class_path (initial): c:\Users\jkhong\.vscode\extensions\redhat.java-1.44.0-win32-x64\server\plugins\org.eclipse.equinox.launcher_1.7.0.v20250519-0528.jar
Launcher Type: SUN_STANDARD

[Global flags]
    uintx AdaptiveSizePolicyWeight                 = 90                                        {product} {command line}
     intx CICompilerCount                          = 4                                         {product} {ergonomic}
    uintx GCTimeRatio                              = 4                                         {product} {command line}
     bool HeapDumpOnOutOfMemoryError               = true                                   {manageable} {command line}
    ccstr HeapDumpPath                             = c:\Users\jkhong\AppData\Roaming\Code\User\workspaceStorage\490a220237a72c4506f0462ee91a1d7a\redhat.java         {manageable} {command line}
   size_t InitialHeapSize                          = 104857600                                 {product} {command line}
   size_t MaxHeapSize                              = 2147483648                                {product} {command line}
   size_t MaxNewSize                               = 715653120                                 {product} {ergonomic}
   size_t MinHeapDeltaBytes                        = 524288                                    {product} {ergonomic}
   size_t MinHeapSize                              = 104857600                                 {product} {command line}
   size_t NewSize                                  = 34603008                                  {product} {ergonomic}
    uintx NonNMethodCodeHeapSize                   = 5839372                                {pd product} {ergonomic}
    uintx NonProfiledCodeHeapSize                  = 122909434                              {pd product} {ergonomic}
   size_t OldSize                                  = 70254592                                  {product} {ergonomic}
    uintx ProfiledCodeHeapSize                     = 122909434                              {pd product} {ergonomic}
    uintx ReservedCodeCacheSize                    = 251658240                              {pd product} {ergonomic}
     bool SegmentedCodeCache                       = true                                      {product} {ergonomic}
   size_t SoftMaxHeapSize                          = 2147483648                             {manageable} {ergonomic}
     bool UseCompressedOops                        = true                           {product lp64_product} {ergonomic}
     bool UseLargePagesIndividualAllocation        = false                                  {pd product} {ergonomic}
     bool UseParallelGC                            = true                                      {product} {command line}

Logging:
Log output configuration:
 #0: stdout all=off uptime,level,tags foldmultilines=false
 #1: stderr all=off uptime,level,tags foldmultilines=false

Environment Variables:
JAVA_HOME=C:\Program Files\Eclipse Adoptium\jdk-17.0.8.7-hotspot
PATH=c:\Dev_Tools\cursor\resources\app\bin;C:\Python312\Scripts\;C:\Python312\;C:\Program Files\Eclipse Adoptium\jdk-17.0.8.7-hotspot\bin;C:\Program Files (x86)\VMware\VMware Player\bin\;C:\Program Files\AdoptOpenJDK\jdk-8.0.292.10-hotspot\bin;C:\Program Files\AdoptOpenJDK\jdk-11.0.11.9-hotspot\bin;C:\WINDOWS\system32;C:\WINDOWS;C:\WINDOWS\System32\Wbem;C:\WINDOWS\System32\WindowsPowerShell\v1.0\;C:\WINDOWS\System32\OpenSSH\;C:\Program Files (x86)\Microsoft SQL Server\150\DTS\Binn\;C:\Program Files\Azure Data Studio\bin;C:\Program Files (x86)\CrSSL\bin;C:\Program Files\Git\cmd;C:\Program Files\dotnet\;C:\Program Files\nodejs\;C:\ProgramData\chocolatey\bin;C:\Dev_Tools\gradle-8.9\bin;C:\Users\jkhong\AppData\Local\Microsoft\WindowsApps;C:\Program Files\Bandizip\;C:\Program Files\JetBrains\IntelliJ IDEA Community Edition 2023.1.1\bin;;C:\Users\jkhong\AppData\Roaming\npm;C:\Program Files\GitHub CLI\;C:\WINDOWS\system32;C:\WINDOWS;C:\WINDOWS\System32\Wbem;C:\WINDOWS\System32\WindowsPowerShell\v1.0\;C:\WINDOWS\System32\OpenSSH\;C:\Users\jkhong\.jbang\bin;C:\Users\jkhong\AppData\Local\Programs\Microsoft VS Code\bin;D:\Dev_Tools\apache-maven-3.9.6\bin;C:\Users\jkhong\.dotnet\tools;C:\Users\jkhong\AppData\Local\Programs\Kiro\bin
USERNAME=jkhong
OS=Windows_NT
PROCESSOR_IDENTIFIER=Intel64 Family 6 Model 140 Stepping 1, GenuineIntel
TMP=C:\Users\jkhong\AppData\Local\Temp
TEMP=C:\Users\jkhong\AppData\Local\Temp




Periodic native trim disabled

---------------  S Y S T E M  ---------------

OS:
 Windows 11 , 64 bit Build 26100 (10.0.26100.4768)
OS uptime: 1 days 0:33 hours

CPU: total 8 (initial active 8) (4 cores per cpu, 2 threads per core) family 6 model 140 stepping 1 microcode 0xbc, cx8, cmov, fxsr, ht, mmx, 3dnowpref, sse, sse2, sse3, ssse3, sse4.1, sse4.2, popcnt, lzcnt, tsc, tscinvbit, avx, avx2, aes, erms, clmul, bmi1, bmi2, adx, avx512f, avx512dq, avx512cd, avx512bw, avx512vl, sha, fma, vzeroupper, avx512_vpopcntdq, avx512_vpclmulqdq, avx512_vaes, avx512_vnni, clflush, clflushopt, clwb, avx512_vbmi2, avx512_vbmi, rdtscp, rdpid, fsrm, gfni, avx512_bitalg, f16c, pku, cet_ibt, cet_ss, avx512_ifma
Processor Information for the first 8 processors :
  Max Mhz: 2803, Current Mhz: 1201, Mhz Limit: 1177

Memory: 4k page, system-wide physical 16103M (3420M free)
TotalPageFile size 18151M (AvailPageFile size 9M)
current process WorkingSet (physical memory assigned to process): 888M, peak: 888M
current process commit charge ("private bytes"): 844M, peak: 850M

vm_info: OpenJDK 64-Bit Server VM (21.0.8+9-LTS) for windows-amd64 JRE (21.0.8+9-LTS), built on 2025-07-15T00:00:00Z by "admin" with MS VC++ 17.7 (VS2022)

END.
