#
# There is insufficient memory for the Java Runtime Environment to continue.
# Native memory allocation (malloc) failed to allocate 1791520 bytes for Chunk::new
# Possible reasons:
#   The system is out of physical RAM or swap space
#   The process is running with CompressedOops enabled, and the Java Heap may be blocking the growth of the native heap
# Possible solutions:
#   Reduce memory load on the system
#   Increase physical memory or swap space
#   Check if swap backing store is full
#   Decrease Java heap size (-Xmx/-Xms)
#   Decrease number of Java threads
#   Decrease Java thread stack sizes (-Xss)
#   Set larger code cache with -XX:ReservedCodeCacheSize=
#   JVM is running with Unscaled Compressed Oops mode in which the Java heap is
#     placed in the first 4GB address space. The Java Heap base address is the
#     maximum limit for the native heap growth. Please use -XX:HeapBaseMinAddress
#     to set the Java Heap base and to place the Java Heap above 4GB virtual address.
# This output file may be truncated or incomplete.
#
#  Out of Memory Error (arena.cpp:189), pid=29180, tid=12080
#
# JRE version: OpenJDK Runtime Environment Temurin-17.0.8+7 (17.0.8+7) (build 17.0.8+7)
# Java VM: OpenJDK 64-Bit Server VM Temurin-17.0.8+7 (17.0.8+7, mixed mode, sharing, tiered, compressed oops, compressed class ptrs, serial gc, windows-amd64)
# No core dump will be written. Minidumps are not enabled by default on client versions of Windows
#

---------------  S U M M A R Y ------------

Command Line: -XX:MaxMetaspaceSize=256m -XX:+UseSerialGC --add-opens=java.base/java.util=ALL-UNNAMED --add-opens=java.base/java.lang=ALL-UNNAMED --add-opens=java.base/java.lang.invoke=ALL-UNNAMED --add-opens=java.prefs/java.util.prefs=ALL-UNNAMED --add-exports=jdk.compiler/com.sun.tools.javac.api=ALL-UNNAMED --add-exports=jdk.compiler/com.sun.tools.javac.util=ALL-UNNAMED --add-opens=java.base/java.nio.charset=ALL-UNNAMED --add-opens=java.base/java.net=ALL-UNNAMED --add-opens=java.base/java.util.concurrent.atomic=ALL-UNNAMED -Xms256m -Xmx512m -Dfile.encoding=UTF-8 -Duser.country=KR -Duser.language=ko -Duser.variant -javaagent:C:\Users\jkhong\.gradle\wrapper\dists\gradle-8.10.2-bin\a04bxjujx95o3nb99gddekhwo\gradle-8.10.2\lib\agents\gradle-instrumentation-agent-8.10.2.jar org.gradle.launcher.daemon.bootstrap.GradleDaemon 8.10.2

Host: 11th Gen Intel(R) Core(TM) i7-1165G7 @ 2.80GHz, 8 cores, 15G,  Windows 11 , 64 bit Build 26100 (10.0.26100.4768)
Time: Fri Aug 29 15:27:10 2025  Windows 11 , 64 bit Build 26100 (10.0.26100.4768) elapsed time: 16.096884 seconds (0d 0h 0m 16s)

---------------  T H R E A D  ---------------

Current thread (0x0000015316b4da20):  JavaThread "C2 CompilerThread0" daemon [_thread_in_native, id=12080, stack(0x00000011baa00000,0x00000011bab00000)]


Current CompileTask:
C2:  16097 7025       4       java.net.URLClassLoader$1::run (5 bytes)

Stack: [0x00000011baa00000,0x00000011bab00000]
Native frames: (J=compiled Java code, j=interpreted, Vv=VM code, C=native code)
V  [jvm.dll+0x678b0a]
V  [jvm.dll+0x835e84]
V  [jvm.dll+0x83762e]
V  [jvm.dll+0x837c93]
V  [jvm.dll+0x24746f]
V  [jvm.dll+0xac20c]
V  [jvm.dll+0xac7dc]
V  [jvm.dll+0x365ca7]
V  [jvm.dll+0x3301a1]
V  [jvm.dll+0x32f64a]
V  [jvm.dll+0x219bf1]
V  [jvm.dll+0x219011]
V  [jvm.dll+0x1a534d]
V  [jvm.dll+0x228d8a]
V  [jvm.dll+0x226dcc]
V  [jvm.dll+0x7ec09b]
V  [jvm.dll+0x7e64ca]
V  [jvm.dll+0x677955]
C  [ucrtbase.dll+0x37b0]
C  [KERNEL32.DLL+0x2e8d7]
C  [ntdll.dll+0x3c34c]


---------------  P R O C E S S  ---------------

Threads class SMR info:
_java_thread_list=0x000001532e3d7840, length=65, elements={
0x000001537cff0210, 0x000001537d065d60, 0x000001537d069cc0, 0x0000015316b417d0,
0x0000015316b420a0, 0x0000015316b435e0, 0x0000015316b4b2f0, 0x0000015316b4da20,
0x0000015316b4eed0, 0x0000015316b80af0, 0x0000015329008ff0, 0x000001532900bd80,
0x0000015329009500, 0x0000015329009a10, 0x000001532900a430, 0x000001532900b360,
0x000001532900b870, 0x000001532900c7a0, 0x000001532900a940, 0x000001532b1759c0,
0x000001532b1768f0, 0x000001532b174070, 0x000001532b174580, 0x000001532b1754b0,
0x000001532b177d30, 0x000001532b176e00, 0x000001532b177310, 0x000001532b177820,
0x000001532b175ed0, 0x000001532b174a90, 0x000001532b179170, 0x000001532b179680,
0x000001532b17afd0, 0x000001532b17b4e0, 0x000001532b179b90, 0x000001532b17a0a0,
0x000001532b17b9f0, 0x000001532b178c60, 0x000001532ce8b050, 0x000001532ce89c10,
0x000001532ce88ce0, 0x000001532ce887d0, 0x000001532ce8c490, 0x000001532ce8a120,
0x000001532ce8c9a0, 0x000001532ce8ceb0, 0x000001532ce89700, 0x000001532ce8d3c0,
0x000001532ce8d8d0, 0x000001532ce8a630, 0x000001532ce8dde0, 0x000001532ce8ab40,
0x000001532ce8e2f0, 0x000001532ce8e800, 0x000001532ce8ed10, 0x000001532ce8b560,
0x000001532ce8f220, 0x000001532ce8fc40, 0x000001532ce8f730, 0x000001532eb2f3d0,
0x000001532eb2fdf0, 0x000001532eb2df90, 0x000001532eb2e4a0, 0x0000015329e0cbd0,
0x0000015329e0ebb0
}

Java Threads: ( => current thread )
  0x000001537cff0210 JavaThread "main" [_thread_blocked, id=10404, stack(0x00000011ba200000,0x00000011ba300000)]
  0x000001537d065d60 JavaThread "Reference Handler" daemon [_thread_blocked, id=32108, stack(0x00000011ba400000,0x00000011ba500000)]
  0x000001537d069cc0 JavaThread "Finalizer" daemon [_thread_blocked, id=32808, stack(0x00000011ba500000,0x00000011ba600000)]
  0x0000015316b417d0 JavaThread "Signal Dispatcher" daemon [_thread_blocked, id=36548, stack(0x00000011ba600000,0x00000011ba700000)]
  0x0000015316b420a0 JavaThread "Attach Listener" daemon [_thread_blocked, id=21488, stack(0x00000011ba700000,0x00000011ba800000)]
  0x0000015316b435e0 JavaThread "Service Thread" daemon [_thread_blocked, id=4300, stack(0x00000011ba800000,0x00000011ba900000)]
  0x0000015316b4b2f0 JavaThread "Monitor Deflation Thread" daemon [_thread_blocked, id=31280, stack(0x00000011ba900000,0x00000011baa00000)]
=>0x0000015316b4da20 JavaThread "C2 CompilerThread0" daemon [_thread_in_native, id=12080, stack(0x00000011baa00000,0x00000011bab00000)]
  0x0000015316b4eed0 JavaThread "C1 CompilerThread0" daemon [_thread_blocked, id=27112, stack(0x00000011bab00000,0x00000011bac00000)]
  0x0000015316b80af0 JavaThread "Sweeper thread" daemon [_thread_blocked, id=34944, stack(0x00000011bac00000,0x00000011bad00000)]
  0x0000015329008ff0 JavaThread "Common-Cleaner" daemon [_thread_blocked, id=20820, stack(0x00000011bad00000,0x00000011bae00000)]
  0x000001532900bd80 JavaThread "Notification Thread" daemon [_thread_blocked, id=21888, stack(0x00000011bae00000,0x00000011baf00000)]
  0x0000015329009500 JavaThread "Daemon health stats" [_thread_blocked, id=24252, stack(0x00000011bb100000,0x00000011bb200000)]
  0x0000015329009a10 JavaThread "Incoming local TCP Connector on port 14761" [_thread_in_native, id=28224, stack(0x00000011bb000000,0x00000011bb100000)]
  0x000001532900a430 JavaThread "Daemon periodic checks" [_thread_blocked, id=6984, stack(0x00000011bb200000,0x00000011bb300000)]
  0x000001532900b360 JavaThread "Daemon" [_thread_blocked, id=34892, stack(0x00000011bb300000,0x00000011bb400000)]
  0x000001532900b870 JavaThread "Handler for socket connection from /127.0.0.1:14761 to /127.0.0.1:14762" [_thread_in_native, id=20784, stack(0x00000011bb400000,0x00000011bb500000)]
  0x000001532900c7a0 JavaThread "Cancel handler" [_thread_blocked, id=36320, stack(0x00000011bb500000,0x00000011bb600000)]
  0x000001532900a940 JavaThread "Daemon worker" [_thread_in_vm, id=33604, stack(0x00000011bb600000,0x00000011bb700000)]
  0x000001532b1759c0 JavaThread "Asynchronous log dispatcher for DefaultDaemonConnection: socket connection from /127.0.0.1:14761 to /127.0.0.1:14762" [_thread_blocked, id=31560, stack(0x00000011bb700000,0x00000011bb800000)]
  0x000001532b1768f0 JavaThread "Stdin handler" [_thread_blocked, id=3948, stack(0x00000011bb800000,0x00000011bb900000)]
  0x000001532b174070 JavaThread "Daemon client event forwarder" [_thread_blocked, id=34520, stack(0x00000011bb900000,0x00000011bba00000)]
  0x000001532b174580 JavaThread "Cache worker for journal cache (C:\Users\jkhong\.gradle\caches\journal-1)" [_thread_blocked, id=19196, stack(0x00000011bba00000,0x00000011bbb00000)]
  0x000001532b1754b0 JavaThread "File lock request listener" [_thread_in_native, id=35784, stack(0x00000011bbb00000,0x00000011bbc00000)]
  0x000001532b177d30 JavaThread "Cache worker for file hash cache (C:\Users\jkhong\.gradle\caches\8.10.2\fileHashes)" [_thread_blocked, id=30112, stack(0x00000011bbc00000,0x00000011bbd00000)]
  0x000001532b176e00 JavaThread "Cache worker for file hash cache (D:\ws2\BP_Sample14\.gradle\8.10.2\fileHashes)" [_thread_blocked, id=32916, stack(0x00000011bbf00000,0x00000011bc000000)]
  0x000001532b177310 JavaThread "Cache worker for Build Output Cleanup Cache (D:\ws2\BP_Sample14\.gradle\buildOutputCleanup)" [_thread_blocked, id=31296, stack(0x00000011bc000000,0x00000011bc100000)]
  0x000001532b177820 JavaThread "File watcher server" daemon [_thread_in_native, id=16960, stack(0x00000011bc100000,0x00000011bc200000)]
  0x000001532b175ed0 JavaThread "File watcher consumer" daemon [_thread_blocked, id=1812, stack(0x00000011bc200000,0x00000011bc300000)]
  0x000001532b174a90 JavaThread "jar transforms" [_thread_blocked, id=21248, stack(0x00000011bc300000,0x00000011bc400000)]
  0x000001532b179170 JavaThread "jar transforms Thread 2" [_thread_blocked, id=36364, stack(0x00000011bc400000,0x00000011bc500000)]
  0x000001532b179680 JavaThread "jar transforms Thread 3" [_thread_blocked, id=16216, stack(0x00000011bc500000,0x00000011bc600000)]
  0x000001532b17afd0 JavaThread "Cache worker for checksums cache (D:\ws2\BP_Sample14\.gradle\8.10.2\checksums)" [_thread_blocked, id=16036, stack(0x00000011bc600000,0x00000011bc700000)]
  0x000001532b17b4e0 JavaThread "Cache worker for file content cache (C:\Users\jkhong\.gradle\caches\8.10.2\fileContent)" [_thread_blocked, id=14772, stack(0x00000011bc700000,0x00000011bc800000)]
  0x000001532b179b90 JavaThread "Cache worker for cache directory md-rule (C:\Users\jkhong\.gradle\caches\8.10.2\md-rule)" [_thread_blocked, id=14688, stack(0x00000011bc800000,0x00000011bc900000)]
  0x000001532b17a0a0 JavaThread "Cache worker for cache directory md-supplier (C:\Users\jkhong\.gradle\caches\8.10.2\md-supplier)" [_thread_blocked, id=15376, stack(0x00000011bc900000,0x00000011bca00000)]
  0x000001532b17b9f0 JavaThread "jar transforms Thread 4" [_thread_blocked, id=11932, stack(0x00000011bca00000,0x00000011bcb00000)]
  0x000001532b178c60 JavaThread "jar transforms Thread 5" [_thread_blocked, id=9448, stack(0x00000011bcb00000,0x00000011bcc00000)]
  0x000001532ce8b050 JavaThread "jar transforms Thread 6" [_thread_blocked, id=27680, stack(0x00000011bcc00000,0x00000011bcd00000)]
  0x000001532ce89c10 JavaThread "jar transforms Thread 7" [_thread_blocked, id=20444, stack(0x00000011bcd00000,0x00000011bce00000)]
  0x000001532ce88ce0 JavaThread "jar transforms Thread 8" [_thread_blocked, id=29972, stack(0x00000011bce00000,0x00000011bcf00000)]
  0x000001532ce887d0 JavaThread "Unconstrained build operations" [_thread_blocked, id=14664, stack(0x00000011bcf00000,0x00000011bd000000)]
  0x000001532ce8c490 JavaThread "Unconstrained build operations Thread 2" [_thread_blocked, id=35432, stack(0x00000011bd000000,0x00000011bd100000)]
  0x000001532ce8a120 JavaThread "Unconstrained build operations Thread 3" [_thread_blocked, id=28548, stack(0x00000011bd100000,0x00000011bd200000)]
  0x000001532ce8c9a0 JavaThread "Unconstrained build operations Thread 4" [_thread_blocked, id=13948, stack(0x00000011bd200000,0x00000011bd300000)]
  0x000001532ce8ceb0 JavaThread "Unconstrained build operations Thread 5" [_thread_blocked, id=17236, stack(0x00000011bd300000,0x00000011bd400000)]
  0x000001532ce89700 JavaThread "Unconstrained build operations Thread 6" [_thread_blocked, id=30492, stack(0x00000011bd400000,0x00000011bd500000)]
  0x000001532ce8d3c0 JavaThread "Unconstrained build operations Thread 7" [_thread_blocked, id=14408, stack(0x00000011bd500000,0x00000011bd600000)]
  0x000001532ce8d8d0 JavaThread "Unconstrained build operations Thread 8" [_thread_blocked, id=23576, stack(0x00000011bd600000,0x00000011bd700000)]
  0x000001532ce8a630 JavaThread "Unconstrained build operations Thread 9" [_thread_blocked, id=9608, stack(0x00000011bd700000,0x00000011bd800000)]
  0x000001532ce8dde0 JavaThread "Unconstrained build operations Thread 10" [_thread_blocked, id=29168, stack(0x00000011bd800000,0x00000011bd900000)]
  0x000001532ce8ab40 JavaThread "Unconstrained build operations Thread 11" [_thread_blocked, id=31460, stack(0x00000011bd900000,0x00000011bda00000)]
  0x000001532ce8e2f0 JavaThread "Unconstrained build operations Thread 12" [_thread_blocked, id=16976, stack(0x00000011bda00000,0x00000011bdb00000)]
  0x000001532ce8e800 JavaThread "Unconstrained build operations Thread 13" [_thread_blocked, id=27772, stack(0x00000011bdb00000,0x00000011bdc00000)]
  0x000001532ce8ed10 JavaThread "Unconstrained build operations Thread 14" [_thread_blocked, id=10952, stack(0x00000011bdc00000,0x00000011bdd00000)]
  0x000001532ce8b560 JavaThread "Unconstrained build operations Thread 15" [_thread_blocked, id=29712, stack(0x00000011bdd00000,0x00000011bde00000)]
  0x000001532ce8f220 JavaThread "Unconstrained build operations Thread 16" [_thread_blocked, id=30388, stack(0x00000011bde00000,0x00000011bdf00000)]
  0x000001532ce8fc40 JavaThread "Unconstrained build operations Thread 17" [_thread_blocked, id=15072, stack(0x00000011bdf00000,0x00000011be000000)]
  0x000001532ce8f730 JavaThread "Unconstrained build operations Thread 18" [_thread_blocked, id=20940, stack(0x00000011be000000,0x00000011be100000)]
  0x000001532eb2f3d0 JavaThread "Unconstrained build operations Thread 19" [_thread_blocked, id=7928, stack(0x00000011be100000,0x00000011be200000)]
  0x000001532eb2fdf0 JavaThread "Unconstrained build operations Thread 20" [_thread_blocked, id=36208, stack(0x00000011be200000,0x00000011be300000)]
  0x000001532eb2df90 JavaThread "Unconstrained build operations Thread 21" [_thread_blocked, id=22248, stack(0x00000011be300000,0x00000011be400000)]
  0x000001532eb2e4a0 JavaThread "Memory manager" [_thread_blocked, id=13508, stack(0x00000011be400000,0x00000011be500000)]
  0x0000015329e0cbd0 JavaThread "C2 CompilerThread1" daemon [_thread_in_native, id=29044, stack(0x00000011bbd00000,0x00000011bbe00000)]
  0x0000015329e0ebb0 JavaThread "C2 CompilerThread2" daemon [_thread_in_native, id=34276, stack(0x00000011bbe00000,0x00000011bbf00000)]

Other Threads:
  0x000001537d05fd30 VMThread "VM Thread" [stack: 0x00000011ba300000,0x00000011ba400000] [id=29776]
  0x00000153291198d0 WatcherThread [stack: 0x00000011baf00000,0x00000011bb000000] [id=6672]

Threads with active compile tasks:
C2 CompilerThread0    17142 7025       4       java.net.URLClassLoader$1::run (5 bytes)
C2 CompilerThread1    17142 6919   !   4       java.net.URLClassLoader::findClass (47 bytes)
C2 CompilerThread2    17142 7029       4       org.objectweb.asm.Frame::execute (2303 bytes)

VM state: not at safepoint (normal execution)

VM Mutex/Monitor currently owned by a thread:  ([mutex/lock_event])
[0x000001537ad394e0] Metaspace_lock - owner thread: 0x000001532900a940

Heap address: 0x00000000e0000000, size: 512 MB, Compressed Oops mode: 32-bit

CDS archive(s) mapped at: [0x0000015317000000-0x0000015317bd0000-0x0000015317bd0000), size 12386304, SharedBaseAddress: 0x0000015317000000, ArchiveRelocationMode: 1.
Compressed class space mapped at: 0x0000015318000000-0x0000015325000000, reserved size: 218103808
Narrow klass base: 0x0000015317000000, Narrow klass shift: 0, Narrow klass range: 0x100000000

GC Precious Log:
 CPUs: 8 total, 8 available
 Memory: 16103M
 Large Page Support: Disabled
 NUMA Support: Disabled
 Compressed Oops: Enabled (32-bit)
 Heap Min Capacity: 256M
 Heap Initial Capacity: 256M
 Heap Max Capacity: 512M
 Pre-touch: Disabled

Heap:
 def new generation   total 78912K, used 20167K [0x00000000e0000000, 0x00000000e55a0000, 0x00000000eaaa0000)
  eden space 70144K,  28% used [0x00000000e0000000, 0x00000000e13b1df8, 0x00000000e4480000)
  from space 8768K,   0% used [0x00000000e4480000, 0x00000000e4480000, 0x00000000e4d10000)
  to   space 8768K,   0% used [0x00000000e4d10000, 0x00000000e4d10000, 0x00000000e55a0000)
 tenured generation   total 174784K, used 45749K [0x00000000eaaa0000, 0x00000000f5550000, 0x0000000100000000)
   the space 174784K,  26% used [0x00000000eaaa0000, 0x00000000ed74d670, 0x00000000ed74d800, 0x00000000f5550000)
 Metaspace       used 60850K, committed 61440K, reserved 278528K
  class space    used 8594K, committed 8896K, reserved 212992K

Card table byte_map: [0x000001537c970000,0x000001537ca80000] _byte_map_base: 0x000001537c270000

Polling page: 0x000001537b150000

Metaspace:

Usage:
  Non-class:     51.03 MB used.
      Class:      8.39 MB used.
       Both:     59.42 MB used.

Virtual space:
  Non-class space:       64.00 MB reserved,      51.31 MB ( 80%) committed,  1 nodes.
      Class space:      208.00 MB reserved,       8.69 MB (  4%) committed,  1 nodes.
             Both:      272.00 MB reserved,      60.00 MB ( 22%) committed. 

Chunk freelists:
   Non-Class:  12.48 MB
       Class:  7.20 MB
        Both:  19.69 MB

MaxMetaspaceSize: 256.00 MB
CompressedClassSpaceSize: 208.00 MB
Initial GC threshold: 21.00 MB
Current GC threshold: 97.31 MB
CDS: on
MetaspaceReclaimPolicy: balanced
 - commit_granule_bytes: 65536.
 - commit_granule_words: 8192.
 - virtual_space_node_default_size: 8388608.
 - enlarge_chunks_in_place: 1.
 - new_chunks_are_fully_committed: 0.
 - uncommit_free_chunks: 1.
 - use_allocation_guard: 0.
 - handle_deallocations: 1.


Internal statistics:

num_allocs_failed_limit: 9.
num_arena_births: 812.
num_arena_deaths: 0.
num_vsnodes_births: 2.
num_vsnodes_deaths: 0.
num_space_committed: 960.
num_space_uncommitted: 0.
num_chunks_returned_to_freelist: 9.
num_chunks_taken_from_freelist: 3346.
num_chunk_merges: 9.
num_chunk_splits: 2180.
num_chunks_enlarged: 1425.
num_inconsistent_stats: 0.

CodeHeap 'non-profiled nmethods': size=120000Kb used=3701Kb max_used=3701Kb free=116298Kb
 bounds [0x000001530f500000, 0x000001530f8a0000, 0x0000015316a30000]
CodeHeap 'profiled nmethods': size=120000Kb used=12329Kb max_used=12329Kb free=107670Kb
 bounds [0x0000015307a30000, 0x0000015308640000, 0x000001530ef60000]
CodeHeap 'non-nmethods': size=5760Kb used=2361Kb max_used=2396Kb free=3398Kb
 bounds [0x000001530ef60000, 0x000001530f1d0000, 0x000001530f500000]
 total_blobs=7195 nmethods=6320 adapters=789
 compilation: enabled
              stopped_count=0, restarted_count=0
 full_count=0

Compilation events (20 events):
Event: 14.071 Thread 0x0000015316b4eed0 nmethod 7093 0x0000015308628a90 code [0x0000015308628d40, 0x0000015308629798]
Event: 14.071 Thread 0x0000015316b4eed0 7094       3       io.spring.gradle.dependencymanagement.org.codehaus.plexus.util.xml.pull.MXParser::nextTag (83 bytes)
Event: 14.072 Thread 0x0000015316b4eed0 nmethod 7094 0x0000015308629c10 code [0x0000015308629ea0, 0x000001530862a848]
Event: 14.072 Thread 0x0000015316b4eed0 7096       3       io.spring.gradle.dependencymanagement.org.codehaus.plexus.util.xml.pull.MXParser::newString (11 bytes)
Event: 14.072 Thread 0x0000015316b4eed0 nmethod 7096 0x000001530862ab90 code [0x000001530862ad40, 0x000001530862aee8]
Event: 14.072 Thread 0x0000015316b4eed0 7090       3       sun.nio.cs.StreamDecoder::implRead (243 bytes)
Event: 14.073 Thread 0x0000015316b4eed0 nmethod 7090 0x000001530862b010 code [0x000001530862b2c0, 0x000001530862c138]
Event: 14.073 Thread 0x0000015316b4eed0 7095       3       io.spring.gradle.dependencymanagement.org.codehaus.plexus.util.xml.pull.MXParser::ensureElementsCapacity (265 bytes)
Event: 14.073 Thread 0x0000015316b4eed0 nmethod 7095 0x000001530862c590 code [0x000001530862c7e0, 0x000001530862d708]
Event: 14.073 Thread 0x0000015316b4eed0 7085       1       io.spring.gradle.dependencymanagement.org.codehaus.plexus.util.xml.pull.MXParser::getEventType (5 bytes)
Event: 14.073 Thread 0x0000015316b4eed0 nmethod 7085 0x000001530f89c010 code [0x000001530f89c1a0, 0x000001530f89c278]
Event: 14.073 Thread 0x0000015316b4eed0 7100       3       io.spring.gradle.dependencymanagement.org.codehaus.plexus.util.xml.pull.MXParser::nextText (107 bytes)
Event: 14.074 Thread 0x0000015316b4eed0 nmethod 7100 0x000001530862da10 code [0x000001530862dce0, 0x000001530862e8c8]
Event: 14.074 Thread 0x0000015316b4eed0 7101       3       io.spring.gradle.dependencymanagement.org.codehaus.plexus.util.xml.pull.MXParser::getText (125 bytes)
Event: 14.075 Thread 0x0000015316b4eed0 nmethod 7101 0x000001530862ed10 code [0x000001530862eee0, 0x000001530862f3b8]
Event: 14.075 Thread 0x0000015316b4eed0 7103       3       io.spring.gradle.dependencymanagement.org.apache.maven.model.io.xpp3.MavenXpp3Reader::interpolatedTrimmed (16 bytes)
Event: 14.075 Thread 0x0000015316b4eed0 nmethod 7103 0x000001530862f490 code [0x000001530862f640, 0x000001530862f8c8]
Event: 14.075 Thread 0x0000015316b4eed0 7104       3       io.spring.gradle.dependencymanagement.org.apache.maven.model.io.xpp3.MavenXpp3Reader$1::transform (2 bytes)
Event: 14.075 Thread 0x0000015316b4eed0 nmethod 7104 0x000001530862fa90 code [0x000001530862fc20, 0x000001530862fd38]
Event: 14.075 Thread 0x0000015316b4eed0 7105       3       io.spring.gradle.dependencymanagement.org.apache.maven.model.io.xpp3.MavenXpp3Reader::getTrimmedValue (11 bytes)

GC Heap History (20 events):
Event: 4.130 GC heap before
{Heap before GC invocations=1 (full 0):
 def new generation   total 78656K, used 78655K [0x00000000e0000000, 0x00000000e5550000, 0x00000000eaaa0000)
  eden space 69952K, 100% used [0x00000000e0000000, 0x00000000e4450000, 0x00000000e4450000)
  from space 8704K,  99% used [0x00000000e4cd0000, 0x00000000e554fff8, 0x00000000e5550000)
  to   space 8704K,   0% used [0x00000000e4450000, 0x00000000e4450000, 0x00000000e4cd0000)
 tenured generation   total 174784K, used 2245K [0x00000000eaaa0000, 0x00000000f5550000, 0x0000000100000000)
   the space 174784K,   1% used [0x00000000eaaa0000, 0x00000000eacd1410, 0x00000000eacd1600, 0x00000000f5550000)
 Metaspace       used 11454K, committed 11648K, reserved 278528K
  class space    used 1528K, committed 1600K, reserved 212992K
}
Event: 4.144 GC heap after
{Heap after GC invocations=2 (full 0):
 def new generation   total 78656K, used 8206K [0x00000000e0000000, 0x00000000e5550000, 0x00000000eaaa0000)
  eden space 69952K,   0% used [0x00000000e0000000, 0x00000000e0000000, 0x00000000e4450000)
  from space 8704K,  94% used [0x00000000e4450000, 0x00000000e4c538e0, 0x00000000e4cd0000)
  to   space 8704K,   0% used [0x00000000e4cd0000, 0x00000000e4cd0000, 0x00000000e5550000)
 tenured generation   total 174784K, used 10815K [0x00000000eaaa0000, 0x00000000f5550000, 0x0000000100000000)
   the space 174784K,   6% used [0x00000000eaaa0000, 0x00000000eb52ff10, 0x00000000eb530000, 0x00000000f5550000)
 Metaspace       used 11454K, committed 11648K, reserved 278528K
  class space    used 1528K, committed 1600K, reserved 212992K
}
Event: 4.796 GC heap before
{Heap before GC invocations=2 (full 0):
 def new generation   total 78656K, used 78158K [0x00000000e0000000, 0x00000000e5550000, 0x00000000eaaa0000)
  eden space 69952K, 100% used [0x00000000e0000000, 0x00000000e4450000, 0x00000000e4450000)
  from space 8704K,  94% used [0x00000000e4450000, 0x00000000e4c538e0, 0x00000000e4cd0000)
  to   space 8704K,   0% used [0x00000000e4cd0000, 0x00000000e4cd0000, 0x00000000e5550000)
 tenured generation   total 174784K, used 10815K [0x00000000eaaa0000, 0x00000000f5550000, 0x0000000100000000)
   the space 174784K,   6% used [0x00000000eaaa0000, 0x00000000eb52ff10, 0x00000000eb530000, 0x00000000f5550000)
 Metaspace       used 20672K, committed 21056K, reserved 278528K
  class space    used 3002K, committed 3200K, reserved 212992K
}
Event: 4.811 GC heap after
{Heap after GC invocations=3 (full 0):
 def new generation   total 78656K, used 3791K [0x00000000e0000000, 0x00000000e5550000, 0x00000000eaaa0000)
  eden space 69952K,   0% used [0x00000000e0000000, 0x00000000e0000000, 0x00000000e4450000)
  from space 8704K,  43% used [0x00000000e4cd0000, 0x00000000e5083ea8, 0x00000000e5550000)
  to   space 8704K,   0% used [0x00000000e4450000, 0x00000000e4450000, 0x00000000e4cd0000)
 tenured generation   total 174784K, used 18888K [0x00000000eaaa0000, 0x00000000f5550000, 0x0000000100000000)
   the space 174784K,  10% used [0x00000000eaaa0000, 0x00000000ebd121b0, 0x00000000ebd12200, 0x00000000f5550000)
 Metaspace       used 20672K, committed 21056K, reserved 278528K
  class space    used 3002K, committed 3200K, reserved 212992K
}
Event: 4.849 GC heap before
{Heap before GC invocations=3 (full 0):
 def new generation   total 78656K, used 9384K [0x00000000e0000000, 0x00000000e5550000, 0x00000000eaaa0000)
  eden space 69952K,   7% used [0x00000000e0000000, 0x00000000e0576550, 0x00000000e4450000)
  from space 8704K,  43% used [0x00000000e4cd0000, 0x00000000e5083ea8, 0x00000000e5550000)
  to   space 8704K,   0% used [0x00000000e4450000, 0x00000000e4450000, 0x00000000e4cd0000)
 tenured generation   total 174784K, used 18888K [0x00000000eaaa0000, 0x00000000f5550000, 0x0000000100000000)
   the space 174784K,  10% used [0x00000000eaaa0000, 0x00000000ebd121b0, 0x00000000ebd12200, 0x00000000f5550000)
 Metaspace       used 21186K, committed 21504K, reserved 278528K
  class space    used 3087K, committed 3264K, reserved 212992K
}
Event: 4.872 GC heap after
{Heap after GC invocations=4 (full 1):
 def new generation   total 78784K, used 0K [0x00000000e0000000, 0x00000000e5570000, 0x00000000eaaa0000)
  eden space 70080K,   0% used [0x00000000e0000000, 0x00000000e0000000, 0x00000000e4470000)
  from space 8704K,   0% used [0x00000000e4470000, 0x00000000e4470000, 0x00000000e4cf0000)
  to   space 8704K,   0% used [0x00000000e4cf0000, 0x00000000e4cf0000, 0x00000000e5570000)
 tenured generation   total 174784K, used 22775K [0x00000000eaaa0000, 0x00000000f5550000, 0x0000000100000000)
   the space 174784K,  13% used [0x00000000eaaa0000, 0x00000000ec0ddc80, 0x00000000ec0dde00, 0x00000000f5550000)
 Metaspace       used 21186K, committed 21504K, reserved 278528K
  class space    used 3087K, committed 3264K, reserved 212992K
}
Event: 5.529 GC heap before
{Heap before GC invocations=4 (full 1):
 def new generation   total 78784K, used 70080K [0x00000000e0000000, 0x00000000e5570000, 0x00000000eaaa0000)
  eden space 70080K, 100% used [0x00000000e0000000, 0x00000000e4470000, 0x00000000e4470000)
  from space 8704K,   0% used [0x00000000e4470000, 0x00000000e4470000, 0x00000000e4cf0000)
  to   space 8704K,   0% used [0x00000000e4cf0000, 0x00000000e4cf0000, 0x00000000e5570000)
 tenured generation   total 174784K, used 22775K [0x00000000eaaa0000, 0x00000000f5550000, 0x0000000100000000)
   the space 174784K,  13% used [0x00000000eaaa0000, 0x00000000ec0ddc80, 0x00000000ec0dde00, 0x00000000f5550000)
 Metaspace       used 29697K, committed 30080K, reserved 278528K
  class space    used 4370K, committed 4544K, reserved 212992K
}
Event: 5.538 GC heap after
{Heap after GC invocations=5 (full 1):
 def new generation   total 78784K, used 4263K [0x00000000e0000000, 0x00000000e5570000, 0x00000000eaaa0000)
  eden space 70080K,   0% used [0x00000000e0000000, 0x00000000e0000000, 0x00000000e4470000)
  from space 8704K,  48% used [0x00000000e4cf0000, 0x00000000e5119d00, 0x00000000e5570000)
  to   space 8704K,   0% used [0x00000000e4470000, 0x00000000e4470000, 0x00000000e4cf0000)
 tenured generation   total 174784K, used 22775K [0x00000000eaaa0000, 0x00000000f5550000, 0x0000000100000000)
   the space 174784K,  13% used [0x00000000eaaa0000, 0x00000000ec0ddc80, 0x00000000ec0dde00, 0x00000000f5550000)
 Metaspace       used 29697K, committed 30080K, reserved 278528K
  class space    used 4370K, committed 4544K, reserved 212992K
}
Event: 5.864 GC heap before
{Heap before GC invocations=5 (full 1):
 def new generation   total 78784K, used 36816K [0x00000000e0000000, 0x00000000e5570000, 0x00000000eaaa0000)
  eden space 70080K,  46% used [0x00000000e0000000, 0x00000000e1fca3d0, 0x00000000e4470000)
  from space 8704K,  48% used [0x00000000e4cf0000, 0x00000000e5119d00, 0x00000000e5570000)
  to   space 8704K,   0% used [0x00000000e4470000, 0x00000000e4470000, 0x00000000e4cf0000)
 tenured generation   total 174784K, used 22775K [0x00000000eaaa0000, 0x00000000f5550000, 0x0000000100000000)
   the space 174784K,  13% used [0x00000000eaaa0000, 0x00000000ec0ddc80, 0x00000000ec0dde00, 0x00000000f5550000)
 Metaspace       used 35385K, committed 35840K, reserved 278528K
  class space    used 5036K, committed 5248K, reserved 212992K
}
Event: 5.900 GC heap after
{Heap after GC invocations=6 (full 2):
 def new generation   total 78848K, used 0K [0x00000000e0000000, 0x00000000e5580000, 0x00000000eaaa0000)
  eden space 70144K,   0% used [0x00000000e0000000, 0x00000000e0000000, 0x00000000e4480000)
  from space 8704K,   0% used [0x00000000e4480000, 0x00000000e4480000, 0x00000000e4d00000)
  to   space 8704K,   0% used [0x00000000e4d00000, 0x00000000e4d00000, 0x00000000e5580000)
 tenured generation   total 174784K, used 29758K [0x00000000eaaa0000, 0x00000000f5550000, 0x0000000100000000)
   the space 174784K,  17% used [0x00000000eaaa0000, 0x00000000ec7afab8, 0x00000000ec7afc00, 0x00000000f5550000)
 Metaspace       used 35385K, committed 35840K, reserved 278528K
  class space    used 5036K, committed 5248K, reserved 212992K
}
Event: 6.419 GC heap before
{Heap before GC invocations=6 (full 2):
 def new generation   total 78848K, used 70144K [0x00000000e0000000, 0x00000000e5580000, 0x00000000eaaa0000)
  eden space 70144K, 100% used [0x00000000e0000000, 0x00000000e4480000, 0x00000000e4480000)
  from space 8704K,   0% used [0x00000000e4480000, 0x00000000e4480000, 0x00000000e4d00000)
  to   space 8704K,   0% used [0x00000000e4d00000, 0x00000000e4d00000, 0x00000000e5580000)
 tenured generation   total 174784K, used 29758K [0x00000000eaaa0000, 0x00000000f5550000, 0x0000000100000000)
   the space 174784K,  17% used [0x00000000eaaa0000, 0x00000000ec7afab8, 0x00000000ec7afc00, 0x00000000f5550000)
 Metaspace       used 40380K, committed 40896K, reserved 278528K
  class space    used 5627K, committed 5888K, reserved 212992K
}
Event: 6.431 GC heap after
{Heap after GC invocations=7 (full 2):
 def new generation   total 78848K, used 6143K [0x00000000e0000000, 0x00000000e5580000, 0x00000000eaaa0000)
  eden space 70144K,   0% used [0x00000000e0000000, 0x00000000e0000000, 0x00000000e4480000)
  from space 8704K,  70% used [0x00000000e4d00000, 0x00000000e52ffe40, 0x00000000e5580000)
  to   space 8704K,   0% used [0x00000000e4480000, 0x00000000e4480000, 0x00000000e4d00000)
 tenured generation   total 174784K, used 29758K [0x00000000eaaa0000, 0x00000000f5550000, 0x0000000100000000)
   the space 174784K,  17% used [0x00000000eaaa0000, 0x00000000ec7afab8, 0x00000000ec7afc00, 0x00000000f5550000)
 Metaspace       used 40380K, committed 40896K, reserved 278528K
  class space    used 5627K, committed 5888K, reserved 212992K
}
Event: 6.919 GC heap before
{Heap before GC invocations=7 (full 2):
 def new generation   total 78848K, used 76287K [0x00000000e0000000, 0x00000000e5580000, 0x00000000eaaa0000)
  eden space 70144K, 100% used [0x00000000e0000000, 0x00000000e4480000, 0x00000000e4480000)
  from space 8704K,  70% used [0x00000000e4d00000, 0x00000000e52ffe40, 0x00000000e5580000)
  to   space 8704K,   0% used [0x00000000e4480000, 0x00000000e4480000, 0x00000000e4d00000)
 tenured generation   total 174784K, used 29758K [0x00000000eaaa0000, 0x00000000f5550000, 0x0000000100000000)
   the space 174784K,  17% used [0x00000000eaaa0000, 0x00000000ec7afab8, 0x00000000ec7afc00, 0x00000000f5550000)
 Metaspace       used 45315K, committed 45888K, reserved 278528K
  class space    used 6334K, committed 6592K, reserved 212992K
}
Event: 6.932 GC heap after
{Heap after GC invocations=8 (full 2):
 def new generation   total 78848K, used 2205K [0x00000000e0000000, 0x00000000e5580000, 0x00000000eaaa0000)
  eden space 70144K,   0% used [0x00000000e0000000, 0x00000000e0000000, 0x00000000e4480000)
  from space 8704K,  25% used [0x00000000e4480000, 0x00000000e46a7690, 0x00000000e4d00000)
  to   space 8704K,   0% used [0x00000000e4d00000, 0x00000000e4d00000, 0x00000000e5580000)
 tenured generation   total 174784K, used 35871K [0x00000000eaaa0000, 0x00000000f5550000, 0x0000000100000000)
   the space 174784K,  20% used [0x00000000eaaa0000, 0x00000000ecda7c68, 0x00000000ecda7e00, 0x00000000f5550000)
 Metaspace       used 45315K, committed 45888K, reserved 278528K
  class space    used 6334K, committed 6592K, reserved 212992K
}
Event: 7.581 GC heap before
{Heap before GC invocations=8 (full 2):
 def new generation   total 78848K, used 72349K [0x00000000e0000000, 0x00000000e5580000, 0x00000000eaaa0000)
  eden space 70144K, 100% used [0x00000000e0000000, 0x00000000e4480000, 0x00000000e4480000)
  from space 8704K,  25% used [0x00000000e4480000, 0x00000000e46a7690, 0x00000000e4d00000)
  to   space 8704K,   0% used [0x00000000e4d00000, 0x00000000e4d00000, 0x00000000e5580000)
 tenured generation   total 174784K, used 35871K [0x00000000eaaa0000, 0x00000000f5550000, 0x0000000100000000)
   the space 174784K,  20% used [0x00000000eaaa0000, 0x00000000ecda7c68, 0x00000000ecda7e00, 0x00000000f5550000)
 Metaspace       used 50773K, committed 51456K, reserved 278528K
  class space    used 7173K, committed 7488K, reserved 212992K
}
Event: 7.591 GC heap after
{Heap after GC invocations=9 (full 2):
 def new generation   total 78848K, used 5156K [0x00000000e0000000, 0x00000000e5580000, 0x00000000eaaa0000)
  eden space 70144K,   0% used [0x00000000e0000000, 0x00000000e0000000, 0x00000000e4480000)
  from space 8704K,  59% used [0x00000000e4d00000, 0x00000000e52092e8, 0x00000000e5580000)
  to   space 8704K,   0% used [0x00000000e4480000, 0x00000000e4480000, 0x00000000e4d00000)
 tenured generation   total 174784K, used 35871K [0x00000000eaaa0000, 0x00000000f5550000, 0x0000000100000000)
   the space 174784K,  20% used [0x00000000eaaa0000, 0x00000000ecda7c68, 0x00000000ecda7e00, 0x00000000f5550000)
 Metaspace       used 50773K, committed 51456K, reserved 278528K
  class space    used 7173K, committed 7488K, reserved 212992K
}
Event: 8.310 GC heap before
{Heap before GC invocations=9 (full 2):
 def new generation   total 78848K, used 75300K [0x00000000e0000000, 0x00000000e5580000, 0x00000000eaaa0000)
  eden space 70144K, 100% used [0x00000000e0000000, 0x00000000e4480000, 0x00000000e4480000)
  from space 8704K,  59% used [0x00000000e4d00000, 0x00000000e52092e8, 0x00000000e5580000)
  to   space 8704K,   0% used [0x00000000e4480000, 0x00000000e4480000, 0x00000000e4d00000)
 tenured generation   total 174784K, used 35871K [0x00000000eaaa0000, 0x00000000f5550000, 0x0000000100000000)
   the space 174784K,  20% used [0x00000000eaaa0000, 0x00000000ecda7c68, 0x00000000ecda7e00, 0x00000000f5550000)
 Metaspace       used 57674K, committed 58304K, reserved 278528K
  class space    used 8155K, committed 8448K, reserved 212992K
}
Event: 8.335 GC heap after
{Heap after GC invocations=10 (full 2):
 def new generation   total 78848K, used 6776K [0x00000000e0000000, 0x00000000e5580000, 0x00000000eaaa0000)
  eden space 70144K,   0% used [0x00000000e0000000, 0x00000000e0000000, 0x00000000e4480000)
  from space 8704K,  77% used [0x00000000e4480000, 0x00000000e4b1e1a0, 0x00000000e4d00000)
  to   space 8704K,   0% used [0x00000000e4d00000, 0x00000000e4d00000, 0x00000000e5580000)
 tenured generation   total 174784K, used 37976K [0x00000000eaaa0000, 0x00000000f5550000, 0x0000000100000000)
   the space 174784K,  21% used [0x00000000eaaa0000, 0x00000000ecfb6200, 0x00000000ecfb6200, 0x00000000f5550000)
 Metaspace       used 57674K, committed 58304K, reserved 278528K
  class space    used 8155K, committed 8448K, reserved 212992K
}
Event: 10.614 GC heap before
{Heap before GC invocations=10 (full 2):
 def new generation   total 78848K, used 24139K [0x00000000e0000000, 0x00000000e5580000, 0x00000000eaaa0000)
  eden space 70144K,  24% used [0x00000000e0000000, 0x00000000e10f4aa0, 0x00000000e4480000)
  from space 8704K,  77% used [0x00000000e4480000, 0x00000000e4b1e1a0, 0x00000000e4d00000)
  to   space 8704K,   0% used [0x00000000e4d00000, 0x00000000e4d00000, 0x00000000e5580000)
 tenured generation   total 174784K, used 37976K [0x00000000eaaa0000, 0x00000000f5550000, 0x0000000100000000)
   the space 174784K,  21% used [0x00000000eaaa0000, 0x00000000ecfb6200, 0x00000000ecfb6200, 0x00000000f5550000)
 Metaspace       used 59101K, committed 59776K, reserved 278528K
  class space    used 8376K, committed 8704K, reserved 212992K
}
Event: 10.734 GC heap after
{Heap after GC invocations=11 (full 3):
 def new generation   total 78912K, used 0K [0x00000000e0000000, 0x00000000e55a0000, 0x00000000eaaa0000)
  eden space 70144K,   0% used [0x00000000e0000000, 0x00000000e0000000, 0x00000000e4480000)
  from space 8768K,   0% used [0x00000000e4480000, 0x00000000e4480000, 0x00000000e4d10000)
  to   space 8768K,   0% used [0x00000000e4d10000, 0x00000000e4d10000, 0x00000000e55a0000)
 tenured generation   total 174784K, used 45749K [0x00000000eaaa0000, 0x00000000f5550000, 0x0000000100000000)
   the space 174784K,  26% used [0x00000000eaaa0000, 0x00000000ed74d670, 0x00000000ed74d800, 0x00000000f5550000)
 Metaspace       used 59101K, committed 59776K, reserved 278528K
  class space    used 8376K, committed 8704K, reserved 212992K
}

Dll operation events (14 events):
Event: 0.016 Loaded shared library C:\Program Files\Eclipse Adoptium\jdk-17.0.8.7-hotspot\bin\java.dll
Event: 0.038 Loaded shared library C:\Program Files\Eclipse Adoptium\jdk-17.0.8.7-hotspot\bin\jsvml.dll
Event: 0.082 Loaded shared library C:\Program Files\Eclipse Adoptium\jdk-17.0.8.7-hotspot\bin\zip.dll
Event: 0.087 Loaded shared library C:\Program Files\Eclipse Adoptium\jdk-17.0.8.7-hotspot\bin\instrument.dll
Event: 0.091 Loaded shared library C:\Program Files\Eclipse Adoptium\jdk-17.0.8.7-hotspot\bin\net.dll
Event: 0.093 Loaded shared library C:\Program Files\Eclipse Adoptium\jdk-17.0.8.7-hotspot\bin\nio.dll
Event: 0.095 Loaded shared library C:\Program Files\Eclipse Adoptium\jdk-17.0.8.7-hotspot\bin\zip.dll
Event: 0.294 Loaded shared library C:\Program Files\Eclipse Adoptium\jdk-17.0.8.7-hotspot\bin\jimage.dll
Event: 0.423 Loaded shared library C:\Program Files\Eclipse Adoptium\jdk-17.0.8.7-hotspot\bin\verify.dll
Event: 0.519 Loaded shared library C:\Users\jkhong\.gradle\native\c067742578af261105cb4f569cf0c3c89f3d7b1fecec35dd04571415982c5e48\windows-amd64\native-platform.dll
Event: 0.533 Loaded shared library C:\Users\jkhong\.gradle\native\100fb08df4bc3b14c8652ba06237920a3bd2aa13389f12d3474272988ae205f9\windows-amd64\native-platform-file-events.dll
Event: 1.291 Loaded shared library C:\Program Files\Eclipse Adoptium\jdk-17.0.8.7-hotspot\bin\management.dll
Event: 1.293 Loaded shared library C:\Program Files\Eclipse Adoptium\jdk-17.0.8.7-hotspot\bin\management_ext.dll
Event: 4.013 Loaded shared library C:\Program Files\Eclipse Adoptium\jdk-17.0.8.7-hotspot\bin\sunmscapi.dll

Deoptimization events (20 events):
Event: 14.034 Thread 0x000001532900a940 Uncommon trap: trap_request=0xffffff45 fr.pc=0x000001530f714b84 relative=0x00000000000009e4
Event: 14.034 Thread 0x000001532900a940 Uncommon trap: reason=unstable_if action=reinterpret pc=0x000001530f714b84 method=java.io.BufferedInputStream.read([BII)I @ 31 c2
Event: 14.034 Thread 0x000001532900a940 DEOPT PACKING pc=0x000001530f714b84 sp=0x00000011bb6f7dc0
Event: 14.034 Thread 0x000001532900a940 DEOPT UNPACKING pc=0x000001530efb9ea3 sp=0x00000011bb6f7d98 mode 2
Event: 14.034 Thread 0x000001532900a940 Uncommon trap: trap_request=0xffffffde fr.pc=0x000001530f771a0c relative=0x00000000000006cc
Event: 14.034 Thread 0x000001532900a940 Uncommon trap: reason=class_check action=maybe_recompile pc=0x000001530f771a0c method=java.util.regex.Matcher.getTextLength()I @ 4 c2
Event: 14.034 Thread 0x000001532900a940 DEOPT PACKING pc=0x000001530f771a0c sp=0x00000011bb6f7e00
Event: 14.034 Thread 0x000001532900a940 DEOPT UNPACKING pc=0x000001530efb9ea3 sp=0x00000011bb6f7c70 mode 2
Event: 14.034 Thread 0x000001532900a940 Uncommon trap: trap_request=0xffffffde fr.pc=0x000001530f73e720 relative=0x0000000000000160
Event: 14.034 Thread 0x000001532900a940 Uncommon trap: reason=class_check action=maybe_recompile pc=0x000001530f73e720 method=java.util.regex.Pattern$BmpCharProperty.match(Ljava/util/regex/Matcher;ILjava/lang/CharSequence;)Z @ 14 c2
Event: 14.034 Thread 0x000001532900a940 DEOPT PACKING pc=0x000001530f73e720 sp=0x00000011bb6f7b30
Event: 14.034 Thread 0x000001532900a940 DEOPT UNPACKING pc=0x000001530efb9ea3 sp=0x00000011bb6f7ad0 mode 2
Event: 14.034 Thread 0x000001532900a940 Uncommon trap: trap_request=0xffffffde fr.pc=0x000001530f73e720 relative=0x0000000000000160
Event: 14.034 Thread 0x000001532900a940 Uncommon trap: reason=class_check action=maybe_recompile pc=0x000001530f73e720 method=java.util.regex.Pattern$BmpCharProperty.match(Ljava/util/regex/Matcher;ILjava/lang/CharSequence;)Z @ 14 c2
Event: 14.034 Thread 0x000001532900a940 DEOPT PACKING pc=0x000001530f73e720 sp=0x00000011bb6f78f0
Event: 14.034 Thread 0x000001532900a940 DEOPT UNPACKING pc=0x000001530efb9ea3 sp=0x00000011bb6f7890 mode 2
Event: 14.034 Thread 0x000001532900a940 Uncommon trap: trap_request=0xffffffde fr.pc=0x000001530f73e720 relative=0x0000000000000160
Event: 14.034 Thread 0x000001532900a940 Uncommon trap: reason=class_check action=maybe_recompile pc=0x000001530f73e720 method=java.util.regex.Pattern$BmpCharProperty.match(Ljava/util/regex/Matcher;ILjava/lang/CharSequence;)Z @ 14 c2
Event: 14.034 Thread 0x000001532900a940 DEOPT PACKING pc=0x000001530f73e720 sp=0x00000011bb6f7740
Event: 14.034 Thread 0x000001532900a940 DEOPT UNPACKING pc=0x000001530efb9ea3 sp=0x00000011bb6f76e0 mode 2

Classes unloaded (0 events):
No events

Classes redefined (0 events):
No events

Internal exceptions (20 events):
Event: 7.789 Thread 0x000001532900a940 Exception <a 'java/lang/NoClassDefFoundError'{0x00000000e13b4d28}: org/jetbrains/kotlin/gradle/plugin/KotlinPluginWrapper> (0x00000000e13b4d28) 
thrown [s\src\hotspot\share\classfile\systemDictionary.cpp, line 245]
Event: 7.789 Thread 0x000001532900a940 Exception <a 'java/lang/NoClassDefFoundError'{0x00000000e13bb398}: org/graalvm/buildtools/gradle/NativeImagePlugin> (0x00000000e13bb398) 
thrown [s\src\hotspot\share\classfile\systemDictionary.cpp, line 245]
Event: 7.789 Thread 0x000001532900a940 Exception <a 'java/lang/NoClassDefFoundError'{0x00000000e13c1928}: org/cyclonedx/gradle/CycloneDxPlugin> (0x00000000e13c1928) 
thrown [s\src\hotspot\share\classfile\systemDictionary.cpp, line 245]
Event: 7.801 Thread 0x000001532900a940 Exception <a 'java/lang/ClassNotFoundException'{0x00000000e159ad38}: io/spring/gradle/dependencymanagement/internal/dsl/StandardDependencyManagementExtensionBeanInfo> (0x00000000e159ad38) 
thrown [s\src\hotspot\share\classfile\systemDictionary.cpp, line 256]
Event: 7.801 Thread 0x000001532900a940 Exception <a 'java/lang/ClassNotFoundException'{0x00000000e15a58f0}: io/spring/gradle/dependencymanagement/internal/dsl/StandardDependencyManagementExtensionCustomizer> (0x00000000e15a58f0) 
thrown [s\src\hotspot\share\classfile\systemDictionary.cpp, line 256]
Event: 7.833 Thread 0x000001532900a940 Exception <a 'java/lang/ClassNotFoundException'{0x00000000e195b3e8}: io/spring/gradle/dependencymanagement/internal/dsl/StandardImportsHandlerBeanInfo> (0x00000000e195b3e8) 
thrown [s\src\hotspot\share\classfile\systemDictionary.cpp, line 256]
Event: 7.833 Thread 0x000001532900a940 Exception <a 'java/lang/ClassNotFoundException'{0x00000000e1965da0}: io/spring/gradle/dependencymanagement/internal/dsl/StandardImportsHandlerCustomizer> (0x00000000e1965da0) 
thrown [s\src\hotspot\share\classfile\systemDictionary.cpp, line 256]
Event: 8.465 Thread 0x000001532900a940 Exception <a 'java/lang/ClassNotFoundException'{0x00000000e090ff78}: java/util/ArraysBeanInfo> (0x00000000e090ff78) 
thrown [s\src\hotspot\share\classfile\systemDictionary.cpp, line 256]
Event: 8.465 Thread 0x000001532900a940 Exception <a 'java/lang/ClassNotFoundException'{0x00000000e0918278}: java/util/ArraysCustomizer> (0x00000000e0918278) 
thrown [s\src\hotspot\share\classfile\systemDictionary.cpp, line 256]
Event: 8.470 Thread 0x000001532900a940 Exception <a 'java/lang/ClassNotFoundException'{0x00000000e09c7218}: ProtobufPatchPluginBeanInfo> (0x00000000e09c7218) 
thrown [s\src\hotspot\share\classfile\systemDictionary.cpp, line 256]
Event: 8.471 Thread 0x000001532900a940 Exception <a 'java/lang/ClassNotFoundException'{0x00000000e09d2ae8}: ProtobufPatchPluginCustomizer> (0x00000000e09d2ae8) 
thrown [s\src\hotspot\share\classfile\systemDictionary.cpp, line 256]
Event: 8.476 Thread 0x000001532900a940 Exception <a 'java/lang/ClassNotFoundException'{0x00000000e0a3e288}: groovy/lang/ReferenceBeanInfo> (0x00000000e0a3e288) 
thrown [s\src\hotspot\share\classfile\systemDictionary.cpp, line 256]
Event: 8.478 Thread 0x000001532900a940 Exception <a 'java/lang/ClassNotFoundException'{0x00000000e0a616f8}: groovy/lang/ReferenceCustomizer> (0x00000000e0a616f8) 
thrown [s\src\hotspot\share\classfile\systemDictionary.cpp, line 256]
Event: 8.499 Thread 0x000001532900a940 Exception <a 'java/lang/NoSuchMethodError'{0x00000000e0b04f10}: 'long java.lang.invoke.DirectMethodHandle$Holder.invokeVirtual(java.lang.Object, java.lang.Object)'> (0x00000000e0b04f10) 
thrown [s\src\hotspot\share\interpreter\linkResolver.cpp, line 759]
Event: 8.503 Thread 0x000001532b174070 Exception <a 'java/lang/NoSuchMethodError'{0x00000000e0c1aec8}: static Lorg/gradle/internal/build/event/types/DefaultProjectConfigurationSuccessResult;.<clinit>()V> (0x00000000e0c1aec8) 
thrown [s\src\hotspot\share\prims\jni.cpp, line 1107]
Event: 8.503 Thread 0x000001532b174070 Exception <a 'java/lang/NoSuchMethodError'{0x00000000e0c1bf98}: static Lorg/gradle/internal/build/event/types/AbstractProjectConfigurationResult;.<clinit>()V> (0x00000000e0c1bf98) 
thrown [s\src\hotspot\share\prims\jni.cpp, line 1107]
Event: 8.504 Thread 0x000001532b174070 Exception <a 'java/lang/NoSuchMethodError'{0x00000000e0c25d70}: static Lorg/gradle/internal/build/event/types/DefaultPluginApplicationResult;.<clinit>()V> (0x00000000e0c25d70) 
thrown [s\src\hotspot\share\prims\jni.cpp, line 1107]
Event: 8.506 Thread 0x000001532b174070 Exception <a 'java/lang/NoSuchMethodError'{0x00000000e0c30420}: static Lorg/gradle/internal/build/event/types/DefaultBinaryPluginIdentifier;.<clinit>()V> (0x00000000e0c30420) 
thrown [s\src\hotspot\share\prims\jni.cpp, line 1107]
Event: 8.509 Thread 0x000001532b174070 Exception <a 'java/lang/NoSuchMethodError'{0x00000000e0c45700}: static Lorg/gradle/internal/build/event/types/DefaultScriptPluginIdentifier;.<clinit>()V> (0x00000000e0c45700) 
thrown [s\src\hotspot\share\prims\jni.cpp, line 1107]
Event: 10.781 Thread 0x000001532900a940 Exception <a 'java/lang/NoSuchMethodError'{0x00000000e027e290}: 'int java.lang.invoke.DirectMethodHandle$Holder.invokeSpecialIFC(java.lang.Object, java.lang.Object, java.lang.Object, java.lang.Object, java.lang.Object)'> (0x00000000e027e290) 
thrown [s\src\hotspot\share\interpreter\linkResolver.cpp, line 759]

VM Operations (20 events):
Event: 7.840 Executing VM operation: ICBufferFull done
Event: 8.310 Executing VM operation: GenCollectForAllocation
Event: 8.335 Executing VM operation: GenCollectForAllocation done
Event: 8.442 Executing VM operation: HandshakeAllThreads
Event: 8.442 Executing VM operation: HandshakeAllThreads done
Event: 8.450 Executing VM operation: HandshakeAllThreads
Event: 8.450 Executing VM operation: HandshakeAllThreads done
Event: 8.503 Executing VM operation: ICBufferFull
Event: 8.503 Executing VM operation: ICBufferFull done
Event: 9.512 Executing VM operation: Cleanup
Event: 9.512 Executing VM operation: Cleanup done
Event: 10.614 Executing VM operation: CollectForMetadataAllocation
Event: 10.734 Executing VM operation: CollectForMetadataAllocation done
Event: 11.738 Executing VM operation: Cleanup
Event: 11.922 Executing VM operation: Cleanup done
Event: 14.018 Executing VM operation: HandshakeAllThreads
Event: 14.018 Executing VM operation: HandshakeAllThreads done
Event: 14.018 Executing VM operation: Cleanup
Event: 14.018 Executing VM operation: Cleanup done
Event: 15.020 Executing VM operation: Cleanup

Events (20 events):
Event: 8.465 loading class java/util/ArraysBeanInfo done
Event: 8.465 loading class java/util/ArraysCustomizer
Event: 8.465 loading class java/util/ArraysCustomizer done
Event: 8.465 loading class java/util/ArraysCustomizer
Event: 8.465 loading class java/util/ArraysCustomizer done
Event: 8.500 loading class java/util/stream/SortedOps$RefSortingSink
Event: 8.500 loading class java/util/stream/SortedOps$RefSortingSink done
Event: 8.507 loading class java/time/Ser
Event: 8.507 loading class java/time/Ser done
Event: 8.516 loading class java/lang/AbstractMethodError
Event: 8.516 loading class java/lang/AbstractMethodError done
Event: 10.850 Thread 0x0000015329e0ebb0 Thread added: 0x0000015329e0ebb0
Event: 14.007 loading class java/util/concurrent/LinkedBlockingDeque$Itr
Event: 14.007 loading class java/util/concurrent/LinkedBlockingDeque$AbstractItr
Event: 14.007 loading class java/util/concurrent/LinkedBlockingDeque$AbstractItr done
Event: 14.007 loading class java/util/concurrent/LinkedBlockingDeque$Itr done
Event: 14.032 loading class java/io/FileReader
Event: 14.032 loading class java/io/FileReader done
Event: 14.033 loading class java/text/MessageFormat
Event: 14.034 loading class java/text/MessageFormat done


Dynamic libraries:
0x00007ff66cb60000 - 0x00007ff66cb6e000 	C:\Program Files\Eclipse Adoptium\jdk-17.0.8.7-hotspot\bin\java.exe
0x00007ffc5fc60000 - 0x00007ffc5fec7000 	C:\WINDOWS\SYSTEM32\ntdll.dll
0x00007ffc5e3b0000 - 0x00007ffc5e479000 	C:\WINDOWS\System32\KERNEL32.DLL
0x00007ffc5d540000 - 0x00007ffc5d930000 	C:\WINDOWS\System32\KERNELBASE.dll
0x00007ffc56710000 - 0x00007ffc567ae000 	C:\WINDOWS\SYSTEM32\apphelp.dll
0x00007ffc5cf70000 - 0x00007ffc5d0bb000 	C:\WINDOWS\System32\ucrtbase.dll
0x00007ffc454d0000 - 0x00007ffc454e7000 	C:\Program Files\Eclipse Adoptium\jdk-17.0.8.7-hotspot\bin\jli.dll
0x00007ffc44860000 - 0x00007ffc44879000 	C:\Program Files\Eclipse Adoptium\jdk-17.0.8.7-hotspot\bin\VCRUNTIME140.dll
0x00007ffc5e180000 - 0x00007ffc5e345000 	C:\WINDOWS\System32\USER32.dll
0x00007ffc5d510000 - 0x00007ffc5d537000 	C:\WINDOWS\System32\win32u.dll
0x00007ffc5f6e0000 - 0x00007ffc5f70b000 	C:\WINDOWS\System32\GDI32.dll
0x00007ffc5ce30000 - 0x00007ffc5cf68000 	C:\WINDOWS\System32\gdi32full.dll
0x00007ffc44a20000 - 0x00007ffc44cba000 	C:\WINDOWS\WinSxS\amd64_microsoft.windows.common-controls_6595b64144ccf1df_6.0.26100.4768_none_3e0c112ce331287c\COMCTL32.dll
0x00007ffc5d940000 - 0x00007ffc5d9e3000 	C:\WINDOWS\System32\msvcp_win.dll
0x00007ffc5f8d0000 - 0x00007ffc5f979000 	C:\WINDOWS\System32\msvcrt.dll
0x00007ffc5f890000 - 0x00007ffc5f8bf000 	C:\WINDOWS\System32\IMM32.DLL
0x00007ffc563f0000 - 0x00007ffc563fc000 	C:\Program Files\Eclipse Adoptium\jdk-17.0.8.7-hotspot\bin\vcruntime140_1.dll
0x00007ffc43f50000 - 0x00007ffc43fe1000 	C:\Program Files\Eclipse Adoptium\jdk-17.0.8.7-hotspot\bin\msvcp140.dll
0x00007ffbee6c0000 - 0x00007ffbef30c000 	C:\Program Files\Eclipse Adoptium\jdk-17.0.8.7-hotspot\bin\server\jvm.dll
0x00007ffc5d9f0000 - 0x00007ffc5daa4000 	C:\WINDOWS\System32\ADVAPI32.dll
0x00007ffc5f980000 - 0x00007ffc5fa26000 	C:\WINDOWS\System32\sechost.dll
0x00007ffc5e060000 - 0x00007ffc5e178000 	C:\WINDOWS\System32\RPCRT4.dll
0x00007ffc51850000 - 0x00007ffc51885000 	C:\WINDOWS\SYSTEM32\WINMM.dll
0x00007ffc41660000 - 0x00007ffc4166a000 	C:\WINDOWS\SYSTEM32\WSOCK32.dll
0x00007ffc5f810000 - 0x00007ffc5f884000 	C:\WINDOWS\System32\WS2_32.dll
0x00007ffc5cb40000 - 0x00007ffc5cb9e000 	C:\WINDOWS\SYSTEM32\POWRPROF.dll
0x00007ffc4a1a0000 - 0x00007ffc4a1ab000 	C:\WINDOWS\SYSTEM32\VERSION.dll
0x00007ffc5cb20000 - 0x00007ffc5cb34000 	C:\WINDOWS\SYSTEM32\UMPDC.dll
0x00007ffc5bb10000 - 0x00007ffc5bb2b000 	C:\WINDOWS\SYSTEM32\kernel.appcore.dll
0x00007ffc4a1b0000 - 0x00007ffc4a1ba000 	C:\Program Files\Eclipse Adoptium\jdk-17.0.8.7-hotspot\bin\jimage.dll
0x00007ffc5a480000 - 0x00007ffc5a6c1000 	C:\WINDOWS\SYSTEM32\DBGHELP.DLL
0x00007ffc5dab0000 - 0x00007ffc5de35000 	C:\WINDOWS\System32\combase.dll
0x00007ffc5fa30000 - 0x00007ffc5fb10000 	C:\WINDOWS\System32\OLEAUT32.dll
0x00007ffc22c30000 - 0x00007ffc22c73000 	C:\WINDOWS\SYSTEM32\dbgcore.DLL
0x00007ffc5cd90000 - 0x00007ffc5ce29000 	C:\WINDOWS\System32\bcryptPrimitives.dll
0x00007ffc43df0000 - 0x00007ffc43dfe000 	C:\Program Files\Eclipse Adoptium\jdk-17.0.8.7-hotspot\bin\instrument.dll
0x00007ffc44830000 - 0x00007ffc44855000 	C:\Program Files\Eclipse Adoptium\jdk-17.0.8.7-hotspot\bin\java.dll
0x00007ffc2e920000 - 0x00007ffc2e9f6000 	C:\Program Files\Eclipse Adoptium\jdk-17.0.8.7-hotspot\bin\jsvml.dll
0x00007ffc5ef00000 - 0x00007ffc5f64d000 	C:\WINDOWS\System32\SHELL32.dll
0x00007ffc5d150000 - 0x00007ffc5d2c3000 	C:\WINDOWS\System32\wintypes.dll
0x00007ffc5a990000 - 0x00007ffc5b1f0000 	C:\WINDOWS\SYSTEM32\windows.storage.dll
0x00007ffc5fb20000 - 0x00007ffc5fc15000 	C:\WINDOWS\System32\SHCORE.dll
0x00007ffc5e790000 - 0x00007ffc5e7fa000 	C:\WINDOWS\System32\shlwapi.dll
0x00007ffc5ccb0000 - 0x00007ffc5ccd9000 	C:\WINDOWS\SYSTEM32\profapi.dll
0x00007ffc44740000 - 0x00007ffc44758000 	C:\Program Files\Eclipse Adoptium\jdk-17.0.8.7-hotspot\bin\zip.dll
0x00007ffc447f0000 - 0x00007ffc44809000 	C:\Program Files\Eclipse Adoptium\jdk-17.0.8.7-hotspot\bin\net.dll
0x00007ffc4b580000 - 0x00007ffc4b69e000 	C:\WINDOWS\SYSTEM32\WINHTTP.dll
0x00007ffc5c0a0000 - 0x00007ffc5c10b000 	C:\WINDOWS\system32\mswsock.dll
0x00007ffc44760000 - 0x00007ffc44775000 	C:\Program Files\Eclipse Adoptium\jdk-17.0.8.7-hotspot\bin\nio.dll
0x00007ffc44820000 - 0x00007ffc44830000 	C:\Program Files\Eclipse Adoptium\jdk-17.0.8.7-hotspot\bin\verify.dll
0x00007ffc46540000 - 0x00007ffc46567000 	C:\Users\jkhong\.gradle\native\c067742578af261105cb4f569cf0c3c89f3d7b1fecec35dd04571415982c5e48\windows-amd64\native-platform.dll
0x00007ffc316c0000 - 0x00007ffc31804000 	C:\Users\jkhong\.gradle\native\100fb08df4bc3b14c8652ba06237920a3bd2aa13389f12d3474272988ae205f9\windows-amd64\native-platform-file-events.dll
0x00007ffc46570000 - 0x00007ffc46579000 	C:\Program Files\Eclipse Adoptium\jdk-17.0.8.7-hotspot\bin\management.dll
0x00007ffc46400000 - 0x00007ffc4640b000 	C:\Program Files\Eclipse Adoptium\jdk-17.0.8.7-hotspot\bin\management_ext.dll
0x00007ffc5e500000 - 0x00007ffc5e508000 	C:\WINDOWS\System32\PSAPI.DLL
0x00007ffc5c360000 - 0x00007ffc5c37b000 	C:\WINDOWS\SYSTEM32\CRYPTSP.dll
0x00007ffc5ba70000 - 0x00007ffc5baab000 	C:\WINDOWS\system32\rsaenh.dll
0x00007ffc5c140000 - 0x00007ffc5c16b000 	C:\WINDOWS\SYSTEM32\USERENV.dll
0x00007ffc5cc80000 - 0x00007ffc5cca6000 	C:\WINDOWS\SYSTEM32\bcrypt.dll
0x00007ffc5c380000 - 0x00007ffc5c38c000 	C:\WINDOWS\SYSTEM32\CRYPTBASE.dll
0x00007ffc5b680000 - 0x00007ffc5b6b3000 	C:\WINDOWS\SYSTEM32\IPHLPAPI.DLL
0x00007ffc5eef0000 - 0x00007ffc5eefa000 	C:\WINDOWS\System32\NSI.dll
0x00007ffc4b7b0000 - 0x00007ffc4b7cf000 	C:\WINDOWS\SYSTEM32\dhcpcsvc6.DLL
0x00007ffc4b6b0000 - 0x00007ffc4b6d5000 	C:\WINDOWS\SYSTEM32\dhcpcsvc.DLL
0x00007ffc5b6c0000 - 0x00007ffc5b7e6000 	C:\WINDOWS\SYSTEM32\DNSAPI.dll
0x00007ffc463a0000 - 0x00007ffc463ae000 	C:\Program Files\Eclipse Adoptium\jdk-17.0.8.7-hotspot\bin\sunmscapi.dll
0x00007ffc5d2d0000 - 0x00007ffc5d447000 	C:\WINDOWS\System32\CRYPT32.dll
0x00007ffc5c580000 - 0x00007ffc5c5b0000 	C:\WINDOWS\SYSTEM32\ncrypt.dll
0x00007ffc5c530000 - 0x00007ffc5c56f000 	C:\WINDOWS\SYSTEM32\NTASN1.dll
0x00007ffbd4b40000 - 0x00007ffbd4b48000 	C:\WINDOWS\system32\wshunix.dll

dbghelp: loaded successfully - version: 4.0.5 - missing functions: none
symbol engine: initialized successfully - sym options: 0x614 - pdb path: .;C:\Program Files\Eclipse Adoptium\jdk-17.0.8.7-hotspot\bin;C:\WINDOWS\SYSTEM32;C:\WINDOWS\WinSxS\amd64_microsoft.windows.common-controls_6595b64144ccf1df_6.0.26100.4768_none_3e0c112ce331287c;C:\Program Files\Eclipse Adoptium\jdk-17.0.8.7-hotspot\bin\server;C:\Users\jkhong\.gradle\native\c067742578af261105cb4f569cf0c3c89f3d7b1fecec35dd04571415982c5e48\windows-amd64;C:\Users\jkhong\.gradle\native\100fb08df4bc3b14c8652ba06237920a3bd2aa13389f12d3474272988ae205f9\windows-amd64

VM Arguments:
jvm_args: -XX:MaxMetaspaceSize=256m -XX:+UseSerialGC --add-opens=java.base/java.util=ALL-UNNAMED --add-opens=java.base/java.lang=ALL-UNNAMED --add-opens=java.base/java.lang.invoke=ALL-UNNAMED --add-opens=java.prefs/java.util.prefs=ALL-UNNAMED --add-exports=jdk.compiler/com.sun.tools.javac.api=ALL-UNNAMED --add-exports=jdk.compiler/com.sun.tools.javac.util=ALL-UNNAMED --add-opens=java.base/java.nio.charset=ALL-UNNAMED --add-opens=java.base/java.net=ALL-UNNAMED --add-opens=java.base/java.util.concurrent.atomic=ALL-UNNAMED -Xms256m -Xmx512m -Dfile.encoding=UTF-8 -Duser.country=KR -Duser.language=ko -Duser.variant -javaagent:C:\Users\jkhong\.gradle\wrapper\dists\gradle-8.10.2-bin\a04bxjujx95o3nb99gddekhwo\gradle-8.10.2\lib\agents\gradle-instrumentation-agent-8.10.2.jar 
java_command: org.gradle.launcher.daemon.bootstrap.GradleDaemon 8.10.2
java_class_path (initial): C:\Users\jkhong\.gradle\wrapper\dists\gradle-8.10.2-bin\a04bxjujx95o3nb99gddekhwo\gradle-8.10.2\lib\gradle-daemon-main-8.10.2.jar
Launcher Type: SUN_STANDARD

[Global flags]
     intx CICompilerCount                          = 4                                         {product} {ergonomic}
   size_t CompressedClassSpaceSize                 = 218103808                                 {product} {ergonomic}
   size_t InitialHeapSize                          = 268435456                                 {product} {command line}
   size_t MaxHeapSize                              = 536870912                                 {product} {command line}
   size_t MaxMetaspaceSize                         = 268435456                                 {product} {command line}
   size_t MaxNewSize                               = 178913280                                 {product} {ergonomic}
   size_t MinHeapDeltaBytes                        = 196608                                    {product} {ergonomic}
   size_t MinHeapSize                              = 268435456                                 {product} {command line}
   size_t NewSize                                  = 89456640                                  {product} {ergonomic}
    uintx NonNMethodCodeHeapSize                   = 5839372                                {pd product} {ergonomic}
    uintx NonProfiledCodeHeapSize                  = 122909434                              {pd product} {ergonomic}
   size_t OldSize                                  = 178978816                                 {product} {ergonomic}
    uintx ProfiledCodeHeapSize                     = 122909434                              {pd product} {ergonomic}
    uintx ReservedCodeCacheSize                    = 251658240                              {pd product} {ergonomic}
     bool SegmentedCodeCache                       = true                                      {product} {ergonomic}
   size_t SoftMaxHeapSize                          = 536870912                              {manageable} {ergonomic}
     bool UseCompressedClassPointers               = true                           {product lp64_product} {ergonomic}
     bool UseCompressedOops                        = true                           {product lp64_product} {ergonomic}
     bool UseLargePagesIndividualAllocation        = false                                  {pd product} {ergonomic}
     bool UseSerialGC                              = true                                      {product} {command line}

Logging:
Log output configuration:
 #0: stdout all=warning uptime,level,tags
 #1: stderr all=off uptime,level,tags

Environment Variables:
JAVA_HOME=C:\Program Files\Eclipse Adoptium\jdk-17.0.8.7-hotspot
PATH=c:\Dev_Tools\cursor\resources\app\bin;C:\Python312\Scripts\;C:\Python312\;C:\Program Files\Eclipse Adoptium\jdk-17.0.8.7-hotspot\bin;C:\Program Files (x86)\VMware\VMware Player\bin\;C:\Program Files\AdoptOpenJDK\jdk-8.0.292.10-hotspot\bin;C:\Program Files\AdoptOpenJDK\jdk-11.0.11.9-hotspot\bin;C:\WINDOWS\system32;C:\WINDOWS;C:\WINDOWS\System32\Wbem;C:\WINDOWS\System32\WindowsPowerShell\v1.0\;C:\WINDOWS\System32\OpenSSH\;C:\Program Files (x86)\Microsoft SQL Server\150\DTS\Binn\;C:\Program Files\Azure Data Studio\bin;C:\Program Files (x86)\CrSSL\bin;C:\Program Files\Git\cmd;C:\Program Files\dotnet\;C:\Program Files\nodejs\;C:\ProgramData\chocolatey\bin;C:\Dev_Tools\gradle-8.9\bin;C:\Users\jkhong\AppData\Local\Microsoft\WindowsApps;C:\Program Files\Bandizip\;C:\Program Files\JetBrains\IntelliJ IDEA Community Edition 2023.1.1\bin;;C:\Users\jkhong\AppData\Roaming\npm;C:\Program Files\GitHub CLI\;C:\WINDOWS\system32;C:\WINDOWS;C:\WINDOWS\System32\Wbem;C:\WINDOWS\System32\WindowsPowerShell\v1.0\;C:\WINDOWS\System32\OpenSSH\;C:\Users\jkhong\.jbang\bin;C:\Users\jkhong\AppData\Local\Programs\Microsoft VS Code\bin;D:\Dev_Tools\apache-maven-3.9.6\bin;C:\Users\jkhong\.dotnet\tools;C:\Users\jkhong\AppData\Local\Programs\Kiro\bin
USERNAME=jkhong
OS=Windows_NT
PROCESSOR_IDENTIFIER=Intel64 Family 6 Model 140 Stepping 1, GenuineIntel
TMP=C:\Users\jkhong\AppData\Local\Temp
TEMP=C:\Users\jkhong\AppData\Local\Temp



---------------  S Y S T E M  ---------------

OS:
 Windows 11 , 64 bit Build 26100 (10.0.26100.4768)
OS uptime: 1 days 6:13 hours

CPU: total 8 (initial active 8) (4 cores per cpu, 2 threads per core) family 6 model 140 stepping 1 microcode 0xbc, cx8, cmov, fxsr, ht, mmx, 3dnowpref, sse, sse2, sse3, ssse3, sse4.1, sse4.2, popcnt, lzcnt, tsc, tscinvbit, avx, avx2, aes, erms, clmul, bmi1, bmi2, adx, avx512f, avx512dq, avx512cd, avx512bw, avx512vl, sha, fma, vzeroupper, avx512_vpopcntdq, avx512_vpclmulqdq, avx512_vaes, avx512_vnni, clflush, clflushopt, clwb, avx512_vbmi2, avx512_vbmi
Processor Information for all 8 processors :
  Max Mhz: 2803, Current Mhz: 1201, Mhz Limit: 1177

Memory: 4k page, system-wide physical 16103M (4304M free)
TotalPageFile size 18151M (AvailPageFile size 4M)
current process WorkingSet (physical memory assigned to process): 347M, peak: 351M
current process commit charge ("private bytes"): 465M, peak: 469M

vm_info: OpenJDK 64-Bit Server VM (17.0.8+7) for windows-amd64 JRE (17.0.8+7), built on Jul 18 2023 21:02:32 by "admin" with MS VC++ 16.7 (VS2019)

END.
